randomForest 4.6-12
Type rfNews() to see new features/changes/bug fixes.
randomForest 4.6-12
Type rfNews() to see new features/changes/bug fixes.

Attaching package: ‘randomForest’

The following object is masked from ‘package:dplyr’:

    combine


Attaching package: ‘randomForest’

The following object is masked from ‘package:dplyr’:

    combine

Error in AUROC(Yp, Yt) : could not find function "calcAuroc"
In addition: Warning messages:
1: package ‘dplyr’ was built under R version 3.1.3 
2: package ‘e1071’ was built under R version 3.1.3 
3: package ‘randomForest’ was built under R version 3.1.3 
Error in AUROC(Yp, Yt) : could not find function "calcAuroc"
In addition: Warning messages:
1: package ‘dplyr’ was built under R version 3.1.3 
2: package ‘e1071’ was built under R version 3.1.3 
3: package ‘randomForest’ was built under R version 3.1.3 
Error in AUROC(Yp, Yt) : could not find function "calcAuroc"
Error in AUROC(Yp, Yt) : could not find function "calcAuroc"
Loading required package: Matrix
Error in AUROC(Yp, Yt) : could not find function "calcAuroc"

Attaching package: ‘Matrix’

The following objects are masked from ‘package:base’:

    crossprod, tcrossprod

Loading required package: foreach
Loaded glmnet 2.0-2

Error : length(res) == sum(foldIdx == i) is not TRUE
In addition: Warning messages:
1: package ‘glmnet’ was built under R version 3.1.3 
2: package ‘Matrix’ was built under R version 3.1.3 
3: package ‘foreach’ was built under R version 3.1.3 
Error : length(res) == sum(foldIdx == i) is not TRUE
In addition: Warning messages:
1: In randomForest.default(Xtrain, Ytrain, Xtest) :
  The response has five or fewer unique values.  Are you sure you want to do regression?
2: In randomForest.default(Xtrain, Ytrain, Xtest) :
  The response has five or fewer unique values.  Are you sure you want to do regression?
3: In randomForest.default(Xtrain, Ytrain, Xtest) :
  The response has five or fewer unique values.  Are you sure you want to do regression?
Error : length(res) == sum(foldIdx == i) is not TRUE
In addition: Warning messages:
1: In randomForest.default(Xtrain, Ytrain, Xtest, mtry = floor(sqrt(ncol(Xtest)))) :
  The response has five or fewer unique values.  Are you sure you want to do regression?
2: In randomForest.default(Xtrain, Ytrain, Xtest, mtry = floor(sqrt(ncol(Xtest)))) :
  The response has five or fewer unique values.  Are you sure you want to do regression?
3: In randomForest.default(Xtrain, Ytrain, Xtest, mtry = floor(sqrt(ncol(Xtest)))) :
  The response has five or fewer unique values.  Are you sure you want to do regression?
Error : length(res) == sum(foldIdx == i) is not TRUE
Error in AUROC(Yp, Yt) : could not find function "calcAuroc"
Error in AUROC(Yp, Yt) : could not find function "calcAuroc"
Error in AUROC(Yp, Yt) : could not find function "calcAuroc"
Error : length(res) == sum(foldIdx == i) is not TRUE
Error in FUN(X[[1L]], ...) : could not find function "calcAuroc"
Error : length(res) == sum(foldIdx == i) is not TRUE
Loading required package: Matrix

Attaching package: ‘Matrix’

The following objects are masked from ‘package:base’:

    crossprod, tcrossprod

Loading required package: foreach
Loaded glmnet 2.0-2

Error : length(res) == sum(foldIdx == i) is not TRUE
Error in FUN(X[[1L]], ...) : could not find function "calcAuroc"
Error : length(res) == sum(foldIdx == i) is not TRUE
Error : length(res) == sum(foldIdx == i) is not TRUE
In addition: Warning messages:
1: package ‘glmnet’ was built under R version 3.1.3 
2: package ‘Matrix’ was built under R version 3.1.3 
3: package ‘foreach’ was built under R version 3.1.3 
Error : length(res) == sum(foldIdx == i) is not TRUE
In addition: Warning messages:
1: In randomForest.default(Xtrain, Ytrain, Xtest) :
  The response has five or fewer unique values.  Are you sure you want to do regression?
2: In randomForest.default(Xtrain, Ytrain, Xtest) :
  The response has five or fewer unique values.  Are you sure you want to do regression?
3: In randomForest.default(Xtrain, Ytrain, Xtest) :
  The response has five or fewer unique values.  Are you sure you want to do regression?
Error : length(res) == sum(foldIdx == i) is not TRUE
Error : length(res) == sum(foldIdx == i) is not TRUE
In addition: Warning messages:
1: In randomForest.default(Xtrain, Ytrain, Xtest, mtry = floor(sqrt(ncol(Xtest)))) :
  The response has five or fewer unique values.  Are you sure you want to do regression?
2: In randomForest.default(Xtrain, Ytrain, Xtest, mtry = floor(sqrt(ncol(Xtest)))) :
  The response has five or fewer unique values.  Are you sure you want to do regression?
3: In randomForest.default(Xtrain, Ytrain, Xtest, mtry = floor(sqrt(ncol(Xtest)))) :
  The response has five or fewer unique values.  Are you sure you want to do regression?
Error : length(res) == sum(foldIdx == i) is not TRUE
In addition: Warning messages:
1: In randomForest.default(Xtrain, Ytrain, Xtest) :
  The response has five or fewer unique values.  Are you sure you want to do regression?
2: In randomForest.default(Xtrain, Ytrain, Xtest) :
  The response has five or fewer unique values.  Are you sure you want to do regression?
3: In randomForest.default(Xtrain, Ytrain, Xtest) :
  The response has five or fewer unique values.  Are you sure you want to do regression?
Error : length(res) == sum(foldIdx == i) is not TRUE
Error in AUROC(Yp, Yt) : could not find function "calcAuroc"
Error : length(res) == sum(foldIdx == i) is not TRUE
In addition: Warning messages:
1: In randomForest.default(Xtrain, Ytrain, Xtest, mtry = floor(sqrt(ncol(Xtest)))) :
  The response has five or fewer unique values.  Are you sure you want to do regression?
2: In randomForest.default(Xtrain, Ytrain, Xtest, mtry = floor(sqrt(ncol(Xtest)))) :
  The response has five or fewer unique values.  Are you sure you want to do regression?
3: In randomForest.default(Xtrain, Ytrain, Xtest, mtry = floor(sqrt(ncol(Xtest)))) :
  The response has five or fewer unique values.  Are you sure you want to do regression?
Error in AUROC(Yp, Yt) : could not find function "calcAuroc"
Error in AUROC(Yp, Yt) : could not find function "calcAuroc"
Error : length(res) == sum(foldIdx == i) is not TRUE
Error in AUROC(Yp, Yt) : could not find function "calcAuroc"
Error in AUROC(Yp, Yt) : could not find function "calcAuroc"
Error in AUROC(Yp, Yt) : could not find function "calcAuroc"
Error : length(res) == sum(foldIdx == i) is not TRUE
Error in FUN(X[[1L]], ...) : could not find function "calcAuroc"
Error : length(res) == sum(foldIdx == i) is not TRUE
Error : length(res) == sum(foldIdx == i) is not TRUE
Error : length(res) == sum(foldIdx == i) is not TRUE
In addition: Warning messages:
1: In randomForest.default(Xtrain, Ytrain, Xtest) :
  The response has five or fewer unique values.  Are you sure you want to do regression?
2: In randomForest.default(Xtrain, Ytrain, Xtest) :
  The response has five or fewer unique values.  Are you sure you want to do regression?
3: In randomForest.default(Xtrain, Ytrain, Xtest) :
  The response has five or fewer unique values.  Are you sure you want to do regression?
Error : length(res) == sum(foldIdx == i) is not TRUE
In addition: Warning messages:
1: In randomForest.default(Xtrain, Ytrain, Xtest, mtry = floor(sqrt(ncol(Xtest)))) :
  The response has five or fewer unique values.  Are you sure you want to do regression?
2: In randomForest.default(Xtrain, Ytrain, Xtest, mtry = floor(sqrt(ncol(Xtest)))) :
  The response has five or fewer unique values.  Are you sure you want to do regression?
3: In randomForest.default(Xtrain, Ytrain, Xtest, mtry = floor(sqrt(ncol(Xtest)))) :
  The response has five or fewer unique values.  Are you sure you want to do regression?
Error : length(res) == sum(foldIdx == i) is not TRUE
Error in AUROC(Yp, Yt) : could not find function "calcAuroc"
Error in AUROC(Yp, Yt) : could not find function "calcAuroc"
Error in AUROC(Yp, Yt) : could not find function "calcAuroc"
Error : length(res) == sum(foldIdx == i) is not TRUE
Error in FUN(X[[1L]], ...) : could not find function "calcAuroc"
Error : length(res) == sum(foldIdx == i) is not TRUE
Error : length(res) == sum(foldIdx == i) is not TRUE
Error : length(res) == sum(foldIdx == i) is not TRUE
In addition: Warning messages:
1: In randomForest.default(Xtrain, Ytrain, Xtest) :
  The response has five or fewer unique values.  Are you sure you want to do regression?
2: In randomForest.default(Xtrain, Ytrain, Xtest) :
  The response has five or fewer unique values.  Are you sure you want to do regression?
3: In randomForest.default(Xtrain, Ytrain, Xtest) :
  The response has five or fewer unique values.  Are you sure you want to do regression?
Error : length(res) == sum(foldIdx == i) is not TRUE
In addition: Warning messages:
1: In randomForest.default(Xtrain, Ytrain, Xtest, mtry = floor(sqrt(ncol(Xtest)))) :
  The response has five or fewer unique values.  Are you sure you want to do regression?
2: In randomForest.default(Xtrain, Ytrain, Xtest, mtry = floor(sqrt(ncol(Xtest)))) :
  The response has five or fewer unique values.  Are you sure you want to do regression?
3: In randomForest.default(Xtrain, Ytrain, Xtest, mtry = floor(sqrt(ncol(Xtest)))) :
  The response has five or fewer unique values.  Are you sure you want to do regression?
Error : length(res) == sum(foldIdx == i) is not TRUE
Error in AUROC(Yp, Yt) : could not find function "calcAuroc"
Error in AUROC(Yp, Yt) : could not find function "calcAuroc"
Error in AUROC(Yp, Yt) : could not find function "calcAuroc"
Error : length(res) == sum(foldIdx == i) is not TRUE
Error in FUN(X[[1L]], ...) : could not find function "calcAuroc"
Error : length(res) == sum(foldIdx == i) is not TRUE
Error : length(res) == sum(foldIdx == i) is not TRUE
Error in FUN(X[[1L]], ...) : could not find function "calcAuroc"
Error : length(res) == sum(foldIdx == i) is not TRUE
