randomForest 4.6-12
Type rfNews() to see new features/changes/bug fixes.

Attaching package: ‘randomForest’

The following object is masked from ‘package:ggplot2’:

    margin

The following object is masked from ‘package:dplyr’:

    combine

Error : length(res) == sum(foldIdx == i) is not TRUE
In addition: There were 13 warnings (use warnings() to see them)
Error in ROCR::prediction(preds, labels) : 
  Number of classes is not equal to 2.
ROCR currently supports only evaluation of binary classification tasks.
Error : length(res) == sum(foldIdx == i) is not TRUE
Error : length(res) == sum(foldIdx == i) is not TRUE
Error : length(res) == sum(foldIdx == i) is not TRUE
Error : length(res) == sum(foldIdx == i) is not TRUE
Error : length(res) == sum(foldIdx == i) is not TRUE
Error : length(res) == sum(foldIdx == i) is not TRUE
Loading required package: Matrix

Attaching package: ‘Matrix’

The following object is masked from ‘package:tidyr’:

    expand

The following objects are masked from ‘package:base’:

    crossprod, tcrossprod

Loaded glmnet 2.0-2

Error : length(res) == sum(foldIdx == i) is not TRUE
In addition: Warning messages:
1: package ‘glmnet’ was built under R version 3.1.3 
2: package ‘Matrix’ was built under R version 3.1.3 
Error : length(res) == sum(foldIdx == i) is not TRUE
In addition: Warning messages:
1: In randomForest.default(Xtrain, Ytrain, Xtest) :
  The response has five or fewer unique values.  Are you sure you want to do regression?
2: In randomForest.default(Xtrain, Ytrain, Xtest) :
  The response has five or fewer unique values.  Are you sure you want to do regression?
3: In randomForest.default(Xtrain, Ytrain, Xtest) :
  The response has five or fewer unique values.  Are you sure you want to do regression?
Error : length(res) == sum(foldIdx == i) is not TRUE
In addition: Warning messages:
1: In randomForest.default(Xtrain, Ytrain, Xtest, mtry = floor(sqrt(ncol(Xtest)))) :
  The response has five or fewer unique values.  Are you sure you want to do regression?
2: In randomForest.default(Xtrain, Ytrain, Xtest, mtry = floor(sqrt(ncol(Xtest)))) :
  The response has five or fewer unique values.  Are you sure you want to do regression?
3: In randomForest.default(Xtrain, Ytrain, Xtest, mtry = floor(sqrt(ncol(Xtest)))) :
  The response has five or fewer unique values.  Are you sure you want to do regression?
Error : length(res) == sum(foldIdx == i) is not TRUE
Error : length(res) == sum(foldIdx == i) is not TRUE
Error : length(res) == sum(foldIdx == i) is not TRUE
Error : length(res) == sum(foldIdx == i) is not TRUE
Error : length(res) == sum(foldIdx == i) is not TRUE
Error : length(res) == sum(foldIdx == i) is not TRUE
Error : length(res) == sum(foldIdx == i) is not TRUE
Error : length(res) == sum(foldIdx == i) is not TRUE
Error : length(res) == sum(foldIdx == i) is not TRUE
In addition: Warning messages:
1: In randomForest.default(Xtrain, Ytrain, Xtest) :
  The response has five or fewer unique values.  Are you sure you want to do regression?
2: In randomForest.default(Xtrain, Ytrain, Xtest) :
  The response has five or fewer unique values.  Are you sure you want to do regression?
3: In randomForest.default(Xtrain, Ytrain, Xtest) :
  The response has five or fewer unique values.  Are you sure you want to do regression?
Error : length(res) == sum(foldIdx == i) is not TRUE
In addition: Warning messages:
1: In randomForest.default(Xtrain, Ytrain, Xtest, mtry = floor(sqrt(ncol(Xtest)))) :
  The response has five or fewer unique values.  Are you sure you want to do regression?
2: In randomForest.default(Xtrain, Ytrain, Xtest, mtry = floor(sqrt(ncol(Xtest)))) :
  The response has five or fewer unique values.  Are you sure you want to do regression?
3: In randomForest.default(Xtrain, Ytrain, Xtest, mtry = floor(sqrt(ncol(Xtest)))) :
  The response has five or fewer unique values.  Are you sure you want to do regression?
Error : length(res) == sum(foldIdx == i) is not TRUE
Error in .performance.auc(fpr.stop = 1, predictions = structure(c(0.196,  : 
  Not enough distinct predictions to compute area under the ROC curve.
Error : length(res) == sum(foldIdx == i) is not TRUE
Error in .performance.auc(fpr.stop = 1, predictions = structure(c(0.100812716869836,  : 
  Not enough distinct predictions to compute area under the ROC curve.
Error : length(res) == sum(foldIdx == i) is not TRUE
Error : length(res) == sum(foldIdx == i) is not TRUE
Error : length(res) == sum(foldIdx == i) is not TRUE
Error : length(res) == sum(foldIdx == i) is not TRUE
Error : length(res) == sum(foldIdx == i) is not TRUE
In addition: Warning messages:
1: In randomForest.default(Xtrain, Ytrain, Xtest) :
  The response has five or fewer unique values.  Are you sure you want to do regression?
2: In randomForest.default(Xtrain, Ytrain, Xtest) :
  The response has five or fewer unique values.  Are you sure you want to do regression?
3: In randomForest.default(Xtrain, Ytrain, Xtest) :
  The response has five or fewer unique values.  Are you sure you want to do regression?
Error : length(res) == sum(foldIdx == i) is not TRUE
In addition: Warning messages:
1: In randomForest.default(Xtrain, Ytrain, Xtest, mtry = floor(sqrt(ncol(Xtest)))) :
  The response has five or fewer unique values.  Are you sure you want to do regression?
2: In randomForest.default(Xtrain, Ytrain, Xtest, mtry = floor(sqrt(ncol(Xtest)))) :
  The response has five or fewer unique values.  Are you sure you want to do regression?
3: In randomForest.default(Xtrain, Ytrain, Xtest, mtry = floor(sqrt(ncol(Xtest)))) :
  The response has five or fewer unique values.  Are you sure you want to do regression?
Error : length(res) == sum(foldIdx == i) is not TRUE
Error : length(res) == sum(foldIdx == i) is not TRUE
Error : length(res) == sum(foldIdx == i) is not TRUE
Error : length(res) == sum(foldIdx == i) is not TRUE
Error : length(res) == sum(foldIdx == i) is not TRUE
Error : length(res) == sum(foldIdx == i) is not TRUE
Error : length(res) == sum(foldIdx == i) is not TRUE
Error : length(res) == sum(foldIdx == i) is not TRUE
Error : length(res) == sum(foldIdx == i) is not TRUE
In addition: Warning messages:
1: In randomForest.default(Xtrain, Ytrain, Xtest) :
  The response has five or fewer unique values.  Are you sure you want to do regression?
2: In randomForest.default(Xtrain, Ytrain, Xtest) :
  The response has five or fewer unique values.  Are you sure you want to do regression?
3: In randomForest.default(Xtrain, Ytrain, Xtest) :
  The response has five or fewer unique values.  Are you sure you want to do regression?
Error : length(res) == sum(foldIdx == i) is not TRUE
In addition: Warning messages:
1: In randomForest.default(Xtrain, Ytrain, Xtest, mtry = floor(sqrt(ncol(Xtest)))) :
  The response has five or fewer unique values.  Are you sure you want to do regression?
2: In randomForest.default(Xtrain, Ytrain, Xtest, mtry = floor(sqrt(ncol(Xtest)))) :
  The response has five or fewer unique values.  Are you sure you want to do regression?
3: In randomForest.default(Xtrain, Ytrain, Xtest, mtry = floor(sqrt(ncol(Xtest)))) :
  The response has five or fewer unique values.  Are you sure you want to do regression?
Error : length(res) == sum(foldIdx == i) is not TRUE
Error : length(res) == sum(foldIdx == i) is not TRUE
Error : length(res) == sum(foldIdx == i) is not TRUE
Error : length(res) == sum(foldIdx == i) is not TRUE
Error : length(res) == sum(foldIdx == i) is not TRUE
Error : length(res) == sum(foldIdx == i) is not TRUE
Error : length(res) == sum(foldIdx == i) is not TRUE
Error : length(res) == sum(foldIdx == i) is not TRUE
Error : length(res) == sum(foldIdx == i) is not TRUE
In addition: Warning messages:
1: In randomForest.default(Xtrain, Ytrain, Xtest) :
  The response has five or fewer unique values.  Are you sure you want to do regression?
2: In randomForest.default(Xtrain, Ytrain, Xtest) :
  The response has five or fewer unique values.  Are you sure you want to do regression?
3: In randomForest.default(Xtrain, Ytrain, Xtest) :
  The response has five or fewer unique values.  Are you sure you want to do regression?
Error : length(res) == sum(foldIdx == i) is not TRUE
In addition: Warning messages:
1: In randomForest.default(Xtrain, Ytrain, Xtest, mtry = floor(sqrt(ncol(Xtest)))) :
  The response has five or fewer unique values.  Are you sure you want to do regression?
2: In randomForest.default(Xtrain, Ytrain, Xtest, mtry = floor(sqrt(ncol(Xtest)))) :
  The response has five or fewer unique values.  Are you sure you want to do regression?
3: In randomForest.default(Xtrain, Ytrain, Xtest, mtry = floor(sqrt(ncol(Xtest)))) :
  The response has five or fewer unique values.  Are you sure you want to do regression?
Error : length(res) == sum(foldIdx == i) is not TRUE
Error : length(res) == sum(foldIdx == i) is not TRUE
Error : length(res) == sum(foldIdx == i) is not TRUE
Error : length(res) == sum(foldIdx == i) is not TRUE
Error : length(res) == sum(foldIdx == i) is not TRUE
Error : length(res) == sum(foldIdx == i) is not TRUE
Error : length(res) == sum(foldIdx == i) is not TRUE
