2022-11-07 13:54:55: ###### Treating group of Categories: Cl
2022-11-07 13:54:55: Selected columns:
Clinical.ATM, Clinical.OpticNeuritis, Clinical.INO, Clinical.MotorWeakness, Clinical.SensoryDisturbance, Clinical.Ataxia, Clinical.BladderDisturbance, Clinical.BowelDisturbance, Clinical.Myelopathy, Clinical.CogDisturbance, Clinical.VisualLoss
2022-11-07 13:54:55: Already run predictor 'GLM' on group 'Cl', skipping...
2022-11-07 13:54:55: Already run predictor 'RF' on group 'Cl', skipping...
2022-11-07 13:54:55: Already run predictor 'RF2' on group 'Cl', skipping...
2022-11-07 13:54:55: Already run predictor 'RF3' on group 'Cl', skipping...
2022-11-07 13:54:55: Already run predictor 'RFO' on group 'Cl', skipping...
2022-11-07 13:54:55: Already run predictor 'RP' on group 'Cl', skipping...
2022-11-07 13:54:55: Already run predictor 'SVM' on group 'Cl', skipping...
2022-11-07 13:54:55: Already run predictor 'NB' on group 'Cl', skipping...
2022-11-07 13:54:55: Already run predictor 'KNN' on group 'Cl', skipping...
2022-11-07 13:54:55: Already run predictor 'KNNC' on group 'Cl', skipping...
2022-11-07 13:54:55: Already run predictor 'XGB' on group 'Cl', skipping...
2022-11-07 13:54:55: ## Ran group 'Cl' in 0.00 minutes.

2022-11-07 13:54:55: ###### Treating group of Categories: ClLi
2022-11-07 13:54:55: Selected columns:
Clinical.ATM, Clinical.OpticNeuritis, Clinical.INO, Clinical.MotorWeakness, Clinical.SensoryDisturbance, Clinical.Ataxia, Clinical.BladderDisturbance, Clinical.BowelDisturbance, Clinical.Myelopathy, Clinical.CogDisturbance, Clinical.VisualLoss, Life.CaffeineFreq, Life.MemoryConcerns, Life.Smoking
2022-11-07 13:54:55: Already run predictor 'GLM' on group 'ClLi', skipping...
2022-11-07 13:54:55: Already run predictor 'RF' on group 'ClLi', skipping...
2022-11-07 13:54:55: Already run predictor 'RF2' on group 'ClLi', skipping...
2022-11-07 13:54:55: Already run predictor 'RF3' on group 'ClLi', skipping...
2022-11-07 13:54:55: Already run predictor 'RFO' on group 'ClLi', skipping...
2022-11-07 13:54:55: Already run predictor 'RP' on group 'ClLi', skipping...
2022-11-07 13:54:55: Already run predictor 'SVM' on group 'ClLi', skipping...
2022-11-07 13:54:55: Already run predictor 'NB' on group 'ClLi', skipping...
2022-11-07 13:54:55: Already run predictor 'KNN' on group 'ClLi', skipping...
2022-11-07 13:54:55: Already run predictor 'KNNC' on group 'ClLi', skipping...
2022-11-07 13:54:55: Already run predictor 'XGB' on group 'ClLi', skipping...
2022-11-07 13:54:55: ## Ran group 'ClLi' in 0.00 minutes.

2022-11-07 13:54:55: ###### Treating group of Categories: ClMS
Warning: closing unused connection 7 (RunData/Subj-3-2-1914_2022-08-22_10-53/logs/run_2022-11-07_13-54_396.log)
Warning: closing unused connection 5 (RunData/Subj-3-2-1914_2022-08-22_10-53/logs/run_2022-11-07_13-54_396.log)
2022-11-07 13:54:55: Selected columns:
Clinical.ATM, Clinical.OpticNeuritis, Clinical.INO, Clinical.MotorWeakness, Clinical.SensoryDisturbance, Clinical.Ataxia, Clinical.BladderDisturbance, Clinical.BowelDisturbance, Clinical.Myelopathy, Clinical.CogDisturbance, Clinical.VisualLoss, MSFC.T25FW, MSFC.NHPT
2022-11-07 13:54:55: Already run predictor 'GLM' on group 'ClMS', skipping...
2022-11-07 13:54:55: Already run predictor 'RF' on group 'ClMS', skipping...
2022-11-07 13:54:55: Already run predictor 'RF2' on group 'ClMS', skipping...
2022-11-07 13:54:55: Already run predictor 'RF3' on group 'ClMS', skipping...
2022-11-07 13:54:55: Already run predictor 'RFO' on group 'ClMS', skipping...
2022-11-07 13:54:55: Already run predictor 'RP' on group 'ClMS', skipping...
2022-11-07 13:54:55: Already run predictor 'SVM' on group 'ClMS', skipping...
2022-11-07 13:54:55: Already run predictor 'NB' on group 'ClMS', skipping...
2022-11-07 13:54:55: Already run predictor 'KNN' on group 'ClMS', skipping...
2022-11-07 13:54:55: Already run predictor 'KNNC' on group 'ClMS', skipping...
2022-11-07 13:54:55: Already run predictor 'XGB' on group 'ClMS', skipping...
2022-11-07 13:54:55: ## Ran group 'ClMS' in 0.00 minutes.

2022-11-07 13:54:55: ###### Treating group of Categories: ClQO
2022-11-07 13:54:55: Selected columns:
Clinical.ATM, Clinical.OpticNeuritis, Clinical.INO, Clinical.MotorWeakness, Clinical.SensoryDisturbance, Clinical.Ataxia, Clinical.BladderDisturbance, Clinical.BowelDisturbance, Clinical.Myelopathy, Clinical.CogDisturbance, Clinical.VisualLoss, QOL.LackFocus, QOL.LackEnergy, QOL.PsychoDown, QOL.RelativePain, QOL.NotEnjoyLife
2022-11-07 13:54:55: Already run predictor 'GLM' on group 'ClQO', skipping...
2022-11-07 13:54:55: Already run predictor 'RF' on group 'ClQO', skipping...
2022-11-07 13:54:55: Already run predictor 'RF2' on group 'ClQO', skipping...
2022-11-07 13:54:55: Already run predictor 'RF3' on group 'ClQO', skipping...
2022-11-07 13:54:55: Already run predictor 'RFO' on group 'ClQO', skipping...
2022-11-07 13:54:55: Already run predictor 'RP' on group 'ClQO', skipping...
2022-11-07 13:54:55: Already run predictor 'SVM' on group 'ClQO', skipping...
2022-11-07 13:54:55: Already run predictor 'NB' on group 'ClQO', skipping...
2022-11-07 13:54:55: Already run predictor 'KNN' on group 'ClQO', skipping...
2022-11-07 13:54:55: Already run predictor 'KNNC' on group 'ClQO', skipping...
2022-11-07 13:54:55: Already run predictor 'XGB' on group 'ClQO', skipping...
2022-11-07 13:54:55: ## Ran group 'ClQO' in 0.00 minutes.

2022-11-07 13:54:55: ###### Treating group of Categories: ClCoFS
2022-11-07 13:54:55: Selected columns:
Clinical.ATM, Clinical.OpticNeuritis, Clinical.INO, Clinical.MotorWeakness, Clinical.SensoryDisturbance, Clinical.Ataxia, Clinical.BladderDisturbance, Clinical.BowelDisturbance, Clinical.Myelopathy, Clinical.CogDisturbance, Clinical.VisualLoss, Core.AgeAtExam, Core.EDSS, Core.DiseaseDuration, Core.DiseaseCourse, Core.MSSS, FSSs.Visual, FSSs.Brainstem, FSSs.Pyramidal, FSSs.Cerebellar, FSSs.Sensory, FSSs.Bowel, FSSs.Mental
2022-11-07 13:54:55: Already run predictor 'GLM' on group 'ClCoFS', skipping...
2022-11-07 13:54:55: Already run predictor 'RF' on group 'ClCoFS', skipping...
2022-11-07 13:54:55: Already run predictor 'RF2' on group 'ClCoFS', skipping...
2022-11-07 13:54:55: Already run predictor 'RF3' on group 'ClCoFS', skipping...
2022-11-07 13:54:55: Already run predictor 'RFO' on group 'ClCoFS', skipping...
2022-11-07 13:54:55: Already run predictor 'RP' on group 'ClCoFS', skipping...
2022-11-07 13:54:55: Already run predictor 'SVM' on group 'ClCoFS', skipping...
2022-11-07 13:54:55: Already run predictor 'NB' on group 'ClCoFS', skipping...
2022-11-07 13:54:55: Already run predictor 'KNN' on group 'ClCoFS', skipping...
2022-11-07 13:54:55: Already run predictor 'KNNC' on group 'ClCoFS', skipping...
2022-11-07 13:54:55: Already run predictor 'XGB' on group 'ClCoFS', skipping...
2022-11-07 13:54:55: ## Ran group 'ClCoFS' in 0.00 minutes.

2022-11-07 13:54:55: ###### Treating group of Categories: ClCoMR
2022-11-07 13:54:55: Selected columns:
Clinical.ATM, Clinical.OpticNeuritis, Clinical.INO, Clinical.MotorWeakness, Clinical.SensoryDisturbance, Clinical.Ataxia, Clinical.BladderDisturbance, Clinical.BowelDisturbance, Clinical.Myelopathy, Clinical.CogDisturbance, Clinical.VisualLoss, Core.AgeAtExam, Core.EDSS, Core.DiseaseDuration, Core.DiseaseCourse, Core.MSSS, MRI.CE_Lesion, MRI.GM_Volume, MRI.Siena_PBVC
2022-11-07 13:54:55: Already run predictor 'GLM' on group 'ClCoMR', skipping...
2022-11-07 13:54:55: Already run predictor 'RF' on group 'ClCoMR', skipping...
2022-11-07 13:54:55: Already run predictor 'RF2' on group 'ClCoMR', skipping...
2022-11-07 13:54:55: Already run predictor 'RF3' on group 'ClCoMR', skipping...
2022-11-07 13:54:55: Already run predictor 'RFO' on group 'ClCoMR', skipping...
2022-11-07 13:54:55: Already run predictor 'RP' on group 'ClCoMR', skipping...
2022-11-07 13:54:55: Already run predictor 'SVM' on group 'ClCoMR', skipping...
2022-11-07 13:54:55: Already run predictor 'NB' on group 'ClCoMR', skipping...
2022-11-07 13:54:55: Already run predictor 'KNN' on group 'ClCoMR', skipping...
2022-11-07 13:54:55: Already run predictor 'KNNC' on group 'ClCoMR', skipping...
2022-11-07 13:54:55: Already run predictor 'XGB' on group 'ClCoMR', skipping...
2022-11-07 13:54:55: ## Ran group 'ClCoMR' in 0.00 minutes.

2022-11-07 13:54:55: ###### Treating group of Categories: ClCoPa
2022-11-07 13:54:55: Selected columns:
Clinical.ATM, Clinical.OpticNeuritis, Clinical.INO, Clinical.MotorWeakness, Clinical.SensoryDisturbance, Clinical.Ataxia, Clinical.BladderDisturbance, Clinical.BowelDisturbance, Clinical.Myelopathy, Clinical.CogDisturbance, Clinical.VisualLoss, Core.AgeAtExam, Core.EDSS, Core.DiseaseDuration, Core.DiseaseCourse, Core.MSSS, Patient.AgeOfOnset, Patient.Gender
2022-11-07 13:54:55: Already run predictor 'GLM' on group 'ClCoPa', skipping...
2022-11-07 13:54:55: Already run predictor 'RF' on group 'ClCoPa', skipping...
2022-11-07 13:54:55: Already run predictor 'RF2' on group 'ClCoPa', skipping...
2022-11-07 13:54:55: Already run predictor 'RF3' on group 'ClCoPa', skipping...
2022-11-07 13:54:55: Already run predictor 'RFO' on group 'ClCoPa', skipping...
2022-11-07 13:54:55: Already run predictor 'RP' on group 'ClCoPa', skipping...
2022-11-07 13:54:55: Already run predictor 'SVM' on group 'ClCoPa', skipping...
2022-11-07 13:54:55: Already run predictor 'NB' on group 'ClCoPa', skipping...
2022-11-07 13:54:55: Already run predictor 'KNN' on group 'ClCoPa', skipping...
2022-11-07 13:54:55: Already run predictor 'KNNC' on group 'ClCoPa', skipping...
2022-11-07 13:54:55: Already run predictor 'XGB' on group 'ClCoPa', skipping...
2022-11-07 13:54:55: ## Ran group 'ClCoPa' in 0.00 minutes.

2022-11-07 13:54:55: ###### Treating group of Categories: ClCoTr
Warning: closing unused connection 15 (RunData/Subj-3-2-1914_2022-08-22_10-53/logs/run_2022-11-07_13-54_396.log)
Warning: closing unused connection 13 (RunData/Subj-3-2-1914_2022-08-22_10-53/logs/run_2022-11-07_13-54_396.log)
Warning: closing unused connection 11 (RunData/Subj-3-2-1914_2022-08-22_10-53/logs/run_2022-11-07_13-54_396.log)
Warning: closing unused connection 5 (RunData/Subj-3-2-1914_2022-08-22_10-53/logs/run_2022-11-07_13-54_396.log)
2022-11-07 13:54:55: Selected columns:
Clinical.ATM, Clinical.OpticNeuritis, Clinical.INO, Clinical.MotorWeakness, Clinical.SensoryDisturbance, Clinical.Ataxia, Clinical.BladderDisturbance, Clinical.BowelDisturbance, Clinical.Myelopathy, Clinical.CogDisturbance, Clinical.VisualLoss, Core.AgeAtExam, Core.EDSS, Core.DiseaseDuration, Core.DiseaseCourse, Core.MSSS, Treatments.nDMT, Treatments.hasIM, Treatments.hasIS, Treatments.hasMA, Treatments.DMTcategory
2022-11-07 13:54:55: Already run predictor 'GLM' on group 'ClCoTr', skipping...
2022-11-07 13:54:55: Already run predictor 'RF' on group 'ClCoTr', skipping...
2022-11-07 13:54:55: Already run predictor 'RF2' on group 'ClCoTr', skipping...
2022-11-07 13:54:55: Already run predictor 'RF3' on group 'ClCoTr', skipping...
2022-11-07 13:54:55: Already run predictor 'RFO' on group 'ClCoTr', skipping...
2022-11-07 13:54:55: Already run predictor 'RP' on group 'ClCoTr', skipping...
2022-11-07 13:54:55: Already run predictor 'SVM' on group 'ClCoTr', skipping...
2022-11-07 13:54:55: Already run predictor 'NB' on group 'ClCoTr', skipping...
2022-11-07 13:54:55: Already run predictor 'KNN' on group 'ClCoTr', skipping...
2022-11-07 13:54:55: Already run predictor 'KNNC' on group 'ClCoTr', skipping...
2022-11-07 13:54:55: Running predictor 'XGB' for group 'ClCoTr'.
2022-11-07 13:54:55: CV num 1:
Warning: closing unused connection 9 (RunData/Subj-3-2-1914_2022-08-22_10-53/logs/run_2022-11-07_13-54_396.log)
Loading required package: xgboost

Attaching package: ‘xgboost’

The following object is masked from ‘package:dplyr’:

    slice

Loading required package: lattice
Loading required package: ggplot2

2022-11-07 13:55:14: XGB for groups Clinical - Core - Treatments        ( 21 features) -> best nrounds: 200  / eta 0.05 / max_depth 2 [perf: 0.730]

2022-11-07 13:55:28: XGB for groups Clinical - Core - Treatments        ( 21 features) -> best nrounds: 40  / eta 0.10 / max_depth 3 [perf: 0.695]

2022-11-07 13:55:42: XGB for groups Clinical - Core - Treatments        ( 21 features) -> best nrounds: 250  / eta 0.10 / max_depth 1 [perf: 0.694]
2022-11-07 13:55:42: CV num 2:

2022-11-07 13:55:57: XGB for groups Clinical - Core - Treatments        ( 21 features) -> best nrounds: 200  / eta 0.10 / max_depth 1 [perf: 0.690]

2022-11-07 13:56:11: XGB for groups Clinical - Core - Treatments        ( 21 features) -> best nrounds: 150  / eta 0.05 / max_depth 2 [perf: 0.690]

2022-11-07 13:56:26: XGB for groups Clinical - Core - Treatments        ( 21 features) -> best nrounds: 150  / eta 0.10 / max_depth 1 [perf: 0.706]
2022-11-07 13:56:26: Ran predictor 'XGB' for group 'ClCoTr' in 1.51 minutes.
2022-11-07 13:56:26: ## Ran group 'ClCoTr' in 1.51 minutes.

2022-11-07 13:56:26: ###### Treating group of Categories: Co
2022-11-07 13:56:26: Selected columns:
Core.AgeAtExam, Core.EDSS, Core.DiseaseDuration, Core.DiseaseCourse, Core.MSSS
2022-11-07 13:56:26: Already run predictor 'GLM' on group 'Co', skipping...
2022-11-07 13:56:26: Already run predictor 'RF' on group 'Co', skipping...
2022-11-07 13:56:26: Already run predictor 'RF2' on group 'Co', skipping...
2022-11-07 13:56:26: Already run predictor 'RF3' on group 'Co', skipping...
2022-11-07 13:56:26: Already run predictor 'RFO' on group 'Co', skipping...
2022-11-07 13:56:26: Already run predictor 'RP' on group 'Co', skipping...
2022-11-07 13:56:26: Already run predictor 'SVM' on group 'Co', skipping...
2022-11-07 13:56:26: Already run predictor 'NB' on group 'Co', skipping...
2022-11-07 13:56:26: Already run predictor 'KNN' on group 'Co', skipping...
2022-11-07 13:56:26: Already run predictor 'KNNC' on group 'Co', skipping...
2022-11-07 13:56:26: Running predictor 'XGB' for group 'Co'.
2022-11-07 13:56:26: CV num 1:
Warning: closing unused connection 17 (RunData/Subj-3-2-1914_2022-08-22_10-53/logs/run_2022-11-07_13-54_396.log)

2022-11-07 13:56:38: XGB for groups Core                                (  5 features) -> best nrounds: 50  / eta 0.20 / max_depth 1 [perf: 0.710]

2022-11-07 13:56:49: XGB for groups Core                                (  5 features) -> best nrounds: 250  / eta 0.05 / max_depth 1 [perf: 0.690]

2022-11-07 13:57:00: XGB for groups Core                                (  5 features) -> best nrounds: 200  / eta 0.10 / max_depth 1 [perf: 0.675]
2022-11-07 13:57:00: CV num 2:

2022-11-07 13:57:12: XGB for groups Core                                (  5 features) -> best nrounds: 70  / eta 0.20 / max_depth 1 [perf: 0.678]

2022-11-07 13:57:23: XGB for groups Core                                (  5 features) -> best nrounds: 40  / eta 0.05 / max_depth 3 [perf: 0.686]

2022-11-07 13:57:34: XGB for groups Core                                (  5 features) -> best nrounds: 250  / eta 0.05 / max_depth 1 [perf: 0.715]
2022-11-07 13:57:34: Ran predictor 'XGB' for group 'Co' in 1.13 minutes.
2022-11-07 13:57:34: ## Ran group 'Co' in 1.13 minutes.

2022-11-07 13:57:34: ###### Treating group of Categories: CoLi
2022-11-07 13:57:34: Selected columns:
Core.AgeAtExam, Core.EDSS, Core.DiseaseDuration, Core.DiseaseCourse, Core.MSSS, Life.CaffeineFreq, Life.MemoryConcerns, Life.Smoking
2022-11-07 13:57:34: Already run predictor 'GLM' on group 'CoLi', skipping...
2022-11-07 13:57:34: Already run predictor 'RF' on group 'CoLi', skipping...
2022-11-07 13:57:34: Already run predictor 'RF2' on group 'CoLi', skipping...
2022-11-07 13:57:34: Already run predictor 'RF3' on group 'CoLi', skipping...
2022-11-07 13:57:34: Already run predictor 'RFO' on group 'CoLi', skipping...
2022-11-07 13:57:34: Already run predictor 'RP' on group 'CoLi', skipping...
2022-11-07 13:57:34: Already run predictor 'SVM' on group 'CoLi', skipping...
2022-11-07 13:57:34: Already run predictor 'NB' on group 'CoLi', skipping...
2022-11-07 13:57:34: Already run predictor 'KNN' on group 'CoLi', skipping...
2022-11-07 13:57:34: Already run predictor 'KNNC' on group 'CoLi', skipping...
2022-11-07 13:57:34: Running predictor 'XGB' for group 'CoLi'.
2022-11-07 13:57:34: CV num 1:
Warning: closing unused connection 5 (RunData/Subj-3-2-1914_2022-08-22_10-53/logs/run_2022-11-07_13-54_396.log)

2022-11-07 13:57:46: XGB for groups Core - Life                         (  8 features) -> best nrounds: 150  / eta 0.05 / max_depth 2 [perf: 0.699]

2022-11-07 13:57:58: XGB for groups Core - Life                         (  8 features) -> best nrounds: 200  / eta 0.10 / max_depth 1 [perf: 0.688]

2022-11-07 13:58:10: XGB for groups Core - Life                         (  8 features) -> best nrounds: 250  / eta 0.05 / max_depth 1 [perf: 0.675]
2022-11-07 13:58:10: CV num 2:

2022-11-07 13:58:21: XGB for groups Core - Life                         (  8 features) -> best nrounds: 250  / eta 0.05 / max_depth 1 [perf: 0.684]

2022-11-07 13:58:32: XGB for groups Core - Life                         (  8 features) -> best nrounds: 70  / eta 0.10 / max_depth 1 [perf: 0.678]

2022-11-07 13:58:43: XGB for groups Core - Life                         (  8 features) -> best nrounds: 100  / eta 0.05 / max_depth 2 [perf: 0.706]
2022-11-07 13:58:43: Ran predictor 'XGB' for group 'CoLi' in 1.16 minutes.
2022-11-07 13:58:43: ## Ran group 'CoLi' in 1.16 minutes.

2022-11-07 13:58:43: ###### Treating group of Categories: CoMS
2022-11-07 13:58:43: Selected columns:
Core.AgeAtExam, Core.EDSS, Core.DiseaseDuration, Core.DiseaseCourse, Core.MSSS, MSFC.T25FW, MSFC.NHPT
2022-11-07 13:58:43: Already run predictor 'GLM' on group 'CoMS', skipping...
2022-11-07 13:58:43: Already run predictor 'RF' on group 'CoMS', skipping...
2022-11-07 13:58:43: Already run predictor 'RF2' on group 'CoMS', skipping...
2022-11-07 13:58:43: Already run predictor 'RF3' on group 'CoMS', skipping...
2022-11-07 13:58:43: Already run predictor 'RFO' on group 'CoMS', skipping...
2022-11-07 13:58:43: Already run predictor 'RP' on group 'CoMS', skipping...
2022-11-07 13:58:43: Already run predictor 'SVM' on group 'CoMS', skipping...
2022-11-07 13:58:43: Already run predictor 'NB' on group 'CoMS', skipping...
2022-11-07 13:58:43: Already run predictor 'KNN' on group 'CoMS', skipping...
2022-11-07 13:58:43: Already run predictor 'KNNC' on group 'CoMS', skipping...
2022-11-07 13:58:43: Running predictor 'XGB' for group 'CoMS'.
2022-11-07 13:58:43: CV num 1:
Warning: closing unused connection 11 (RunData/Subj-3-2-1914_2022-08-22_10-53/logs/run_2022-11-07_13-54_396.log)

2022-11-07 13:58:55: XGB for groups Core - MSFC                         (  7 features) -> best nrounds: 250  / eta 0.10 / max_depth 1 [perf: 0.753]

2022-11-07 13:59:06: XGB for groups Core - MSFC                         (  7 features) -> best nrounds: 150  / eta 0.05 / max_depth 2 [perf: 0.738]

2022-11-07 13:59:18: XGB for groups Core - MSFC                         (  7 features) -> best nrounds: 200  / eta 0.05 / max_depth 2 [perf: 0.726]
2022-11-07 13:59:18: CV num 2:

2022-11-07 13:59:30: XGB for groups Core - MSFC                         (  7 features) -> best nrounds: 250  / eta 0.10 / max_depth 1 [perf: 0.730]

2022-11-07 13:59:42: XGB for groups Core - MSFC                         (  7 features) -> best nrounds: 150  / eta 0.05 / max_depth 2 [perf: 0.740]

2022-11-07 13:59:53: XGB for groups Core - MSFC                         (  7 features) -> best nrounds: 250  / eta 0.10 / max_depth 1 [perf: 0.751]
2022-11-07 13:59:53: Ran predictor 'XGB' for group 'CoMS' in 1.17 minutes.
2022-11-07 13:59:53: ## Ran group 'CoMS' in 1.17 minutes.

2022-11-07 13:59:53: ###### Treating group of Categories: CoQO
2022-11-07 13:59:53: Selected columns:
Core.AgeAtExam, Core.EDSS, Core.DiseaseDuration, Core.DiseaseCourse, Core.MSSS, QOL.LackFocus, QOL.LackEnergy, QOL.PsychoDown, QOL.RelativePain, QOL.NotEnjoyLife
2022-11-07 13:59:53: Already run predictor 'GLM' on group 'CoQO', skipping...
2022-11-07 13:59:53: Already run predictor 'RF' on group 'CoQO', skipping...
2022-11-07 13:59:53: Already run predictor 'RF2' on group 'CoQO', skipping...
2022-11-07 13:59:53: Already run predictor 'RF3' on group 'CoQO', skipping...
2022-11-07 13:59:53: Already run predictor 'RFO' on group 'CoQO', skipping...
2022-11-07 13:59:53: Already run predictor 'RP' on group 'CoQO', skipping...
2022-11-07 13:59:53: Already run predictor 'SVM' on group 'CoQO', skipping...
2022-11-07 13:59:53: Already run predictor 'NB' on group 'CoQO', skipping...
2022-11-07 13:59:53: Already run predictor 'KNN' on group 'CoQO', skipping...
2022-11-07 13:59:53: Already run predictor 'KNNC' on group 'CoQO', skipping...
2022-11-07 13:59:53: Running predictor 'XGB' for group 'CoQO'.
2022-11-07 13:59:53: CV num 1:
Warning: closing unused connection 5 (RunData/Subj-3-2-1914_2022-08-22_10-53/logs/run_2022-11-07_13-54_396.log)

2022-11-07 14:00:06: XGB for groups Core - QOL                          ( 10 features) -> best nrounds: 150  / eta 0.05 / max_depth 2 [perf: 0.730]

2022-11-07 14:00:19: XGB for groups Core - QOL                          ( 10 features) -> best nrounds: 100  / eta 0.05 / max_depth 1 [perf: 0.694]

2022-11-07 14:00:32: XGB for groups Core - QOL                          ( 10 features) -> best nrounds: 250  / eta 0.05 / max_depth 1 [perf: 0.673]
2022-11-07 14:00:32: CV num 2:

2022-11-07 14:00:44: XGB for groups Core - QOL                          ( 10 features) -> best nrounds: 200  / eta 0.20 / max_depth 1 [perf: 0.694]

2022-11-07 14:00:56: XGB for groups Core - QOL                          ( 10 features) -> best nrounds: 150  / eta 0.05 / max_depth 1 [perf: 0.682]

2022-11-07 14:01:08: XGB for groups Core - QOL                          ( 10 features) -> best nrounds: 250  / eta 0.05 / max_depth 1 [perf: 0.714]
2022-11-07 14:01:08: Ran predictor 'XGB' for group 'CoQO' in 1.25 minutes.
2022-11-07 14:01:08: ## Ran group 'CoQO' in 1.25 minutes.

2022-11-07 14:01:08: ###### Treating group of Categories: CoFSLi
2022-11-07 14:01:08: Selected columns:
Core.AgeAtExam, Core.EDSS, Core.DiseaseDuration, Core.DiseaseCourse, Core.MSSS, FSSs.Visual, FSSs.Brainstem, FSSs.Pyramidal, FSSs.Cerebellar, FSSs.Sensory, FSSs.Bowel, FSSs.Mental, Life.CaffeineFreq, Life.MemoryConcerns, Life.Smoking
2022-11-07 14:01:08: Already run predictor 'GLM' on group 'CoFSLi', skipping...
2022-11-07 14:01:08: Already run predictor 'RF' on group 'CoFSLi', skipping...
2022-11-07 14:01:08: Already run predictor 'RF2' on group 'CoFSLi', skipping...
2022-11-07 14:01:08: Already run predictor 'RF3' on group 'CoFSLi', skipping...
2022-11-07 14:01:08: Already run predictor 'RFO' on group 'CoFSLi', skipping...
2022-11-07 14:01:08: Already run predictor 'RP' on group 'CoFSLi', skipping...
2022-11-07 14:01:08: Already run predictor 'SVM' on group 'CoFSLi', skipping...
2022-11-07 14:01:08: Already run predictor 'NB' on group 'CoFSLi', skipping...
2022-11-07 14:01:08: Already run predictor 'KNN' on group 'CoFSLi', skipping...
2022-11-07 14:01:08: Already run predictor 'KNNC' on group 'CoFSLi', skipping...
2022-11-07 14:01:08: Running predictor 'XGB' for group 'CoFSLi'.
2022-11-07 14:01:08: CV num 1:
Warning: closing unused connection 11 (RunData/Subj-3-2-1914_2022-08-22_10-53/logs/run_2022-11-07_13-54_396.log)

2022-11-07 14:01:22: XGB for groups Core - FSSs - Life                  ( 15 features) -> best nrounds: 150  / eta 0.10 / max_depth 1 [perf: 0.711]

2022-11-07 14:01:39: XGB for groups Core - FSSs - Life                  ( 15 features) -> best nrounds: 250  / eta 0.10 / max_depth 1 [perf: 0.688]

2022-11-07 14:07:09: XGB for groups Core - FSSs - Life                  ( 15 features) -> best nrounds: 250  / eta 0.10 / max_depth 1 [perf: 0.678]
2022-11-07 14:07:09: CV num 2:

2022-11-07 14:07:31: XGB for groups Core - FSSs - Life                  ( 15 features) -> best nrounds: 250  / eta 0.05 / max_depth 1 [perf: 0.681]

2022-11-07 14:12:28: XGB for groups Core - FSSs - Life                  ( 15 features) -> best nrounds: 70  / eta 0.05 / max_depth 2 [perf: 0.690]

2022-11-07 14:12:50: XGB for groups Core - FSSs - Life                  ( 15 features) -> best nrounds: 70  / eta 0.20 / max_depth 1 [perf: 0.704]
2022-11-07 14:12:50: Ran predictor 'XGB' for group 'CoFSLi' in 11.69 minutes.
2022-11-07 14:12:50: ## Ran group 'CoFSLi' in 11.70 minutes.

2022-11-07 14:12:50: ###### Treating group of Categories: CoFSMS
2022-11-07 14:12:50: Selected columns:
Core.AgeAtExam, Core.EDSS, Core.DiseaseDuration, Core.DiseaseCourse, Core.MSSS, FSSs.Visual, FSSs.Brainstem, FSSs.Pyramidal, FSSs.Cerebellar, FSSs.Sensory, FSSs.Bowel, FSSs.Mental, MSFC.T25FW, MSFC.NHPT
2022-11-07 14:12:50: Already run predictor 'GLM' on group 'CoFSMS', skipping...
2022-11-07 14:12:50: Already run predictor 'RF' on group 'CoFSMS', skipping...
2022-11-07 14:12:50: Already run predictor 'RF2' on group 'CoFSMS', skipping...
2022-11-07 14:12:50: Already run predictor 'RF3' on group 'CoFSMS', skipping...
2022-11-07 14:12:50: Already run predictor 'RFO' on group 'CoFSMS', skipping...
2022-11-07 14:12:50: Already run predictor 'RP' on group 'CoFSMS', skipping...
2022-11-07 14:12:50: Already run predictor 'SVM' on group 'CoFSMS', skipping...
2022-11-07 14:12:50: Already run predictor 'NB' on group 'CoFSMS', skipping...
2022-11-07 14:12:50: Already run predictor 'KNN' on group 'CoFSMS', skipping...
2022-11-07 14:12:50: Already run predictor 'KNNC' on group 'CoFSMS', skipping...
2022-11-07 14:12:50: Running predictor 'XGB' for group 'CoFSMS'.
2022-11-07 14:12:50: CV num 1:
Warning: closing unused connection 5 (RunData/Subj-3-2-1914_2022-08-22_10-53/logs/run_2022-11-07_13-54_396.log)

2022-11-07 14:13:13: XGB for groups Core - FSSs - MSFC                  ( 14 features) -> best nrounds: 200  / eta 0.10 / max_depth 1 [perf: 0.747]

2022-11-07 14:28:50: XGB for groups Core - FSSs - MSFC                  ( 14 features) -> best nrounds: 200  / eta 0.10 / max_depth 1 [perf: 0.733]

2022-11-07 14:29:10: XGB for groups Core - FSSs - MSFC                  ( 14 features) -> best nrounds: 70  / eta 0.10 / max_depth 2 [perf: 0.718]
2022-11-07 14:29:10: CV num 2:

2022-11-07 14:29:22: XGB for groups Core - FSSs - MSFC                  ( 14 features) -> best nrounds: 200  / eta 0.10 / max_depth 1 [perf: 0.724]

2022-11-07 14:30:34: XGB for groups Core - FSSs - MSFC                  ( 14 features) -> best nrounds: 250  / eta 0.05 / max_depth 1 [perf: 0.733]

2022-11-07 14:31:33: XGB for groups Core - FSSs - MSFC                  ( 14 features) -> best nrounds: 200  / eta 0.10 / max_depth 1 [perf: 0.741]
2022-11-07 14:31:33: Ran predictor 'XGB' for group 'CoFSMS' in 18.72 minutes.
2022-11-07 14:31:33: ## Ran group 'CoFSMS' in 18.72 minutes.

2022-11-07 14:31:33: ###### Treating group of Categories: CoFSQO
2022-11-07 14:31:33: Selected columns:
Core.AgeAtExam, Core.EDSS, Core.DiseaseDuration, Core.DiseaseCourse, Core.MSSS, FSSs.Visual, FSSs.Brainstem, FSSs.Pyramidal, FSSs.Cerebellar, FSSs.Sensory, FSSs.Bowel, FSSs.Mental, QOL.LackFocus, QOL.LackEnergy, QOL.PsychoDown, QOL.RelativePain, QOL.NotEnjoyLife
2022-11-07 14:31:33: Already run predictor 'GLM' on group 'CoFSQO', skipping...
2022-11-07 14:31:33: Already run predictor 'RF' on group 'CoFSQO', skipping...
2022-11-07 14:31:33: Already run predictor 'RF2' on group 'CoFSQO', skipping...
2022-11-07 14:31:33: Already run predictor 'RF3' on group 'CoFSQO', skipping...
2022-11-07 14:31:33: Already run predictor 'RFO' on group 'CoFSQO', skipping...
2022-11-07 14:31:33: Already run predictor 'RP' on group 'CoFSQO', skipping...
2022-11-07 14:31:33: Already run predictor 'SVM' on group 'CoFSQO', skipping...
2022-11-07 14:31:33: Already run predictor 'NB' on group 'CoFSQO', skipping...
2022-11-07 14:31:33: Already run predictor 'KNN' on group 'CoFSQO', skipping...
2022-11-07 14:31:33: Already run predictor 'KNNC' on group 'CoFSQO', skipping...
2022-11-07 14:31:33: Running predictor 'XGB' for group 'CoFSQO'.
2022-11-07 14:31:33: CV num 1:
Warning: closing unused connection 11 (RunData/Subj-3-2-1914_2022-08-22_10-53/logs/run_2022-11-07_13-54_396.log)

2022-11-07 14:32:10: XGB for groups Core - FSSs - QOL                   ( 17 features) -> best nrounds: 200  / eta 0.10 / max_depth 1 [perf: 0.735]

2022-11-07 14:32:23: XGB for groups Core - FSSs - QOL                   ( 17 features) -> best nrounds: 70  / eta 0.20 / max_depth 1 [perf: 0.696]

2022-11-07 14:32:50: XGB for groups Core - FSSs - QOL                   ( 17 features) -> best nrounds: 200  / eta 0.10 / max_depth 1 [perf: 0.689]
2022-11-07 14:32:50: CV num 2:

2022-11-07 14:33:04: XGB for groups Core - FSSs - QOL                   ( 17 features) -> best nrounds: 200  / eta 0.10 / max_depth 1 [perf: 0.699]

2022-11-07 14:37:00: XGB for groups Core - FSSs - QOL                   ( 17 features) -> best nrounds: 200  / eta 0.05 / max_depth 1 [perf: 0.709]

2022-11-07 14:40:55: XGB for groups Core - FSSs - QOL                   ( 17 features) -> best nrounds: 250  / eta 0.05 / max_depth 1 [perf: 0.713]
2022-11-07 14:40:55: Ran predictor 'XGB' for group 'CoFSQO' in 9.36 minutes.
2022-11-07 14:40:55: ## Ran group 'CoFSQO' in 9.36 minutes.

2022-11-07 14:40:55: ###### Treating group of Categories: CoLiMR
2022-11-07 14:40:55: Selected columns:
Core.AgeAtExam, Core.EDSS, Core.DiseaseDuration, Core.DiseaseCourse, Core.MSSS, Life.CaffeineFreq, Life.MemoryConcerns, Life.Smoking, MRI.CE_Lesion, MRI.GM_Volume, MRI.Siena_PBVC
2022-11-07 14:40:55: Already run predictor 'GLM' on group 'CoLiMR', skipping...
2022-11-07 14:40:55: Already run predictor 'RF' on group 'CoLiMR', skipping...
2022-11-07 14:40:55: Already run predictor 'RF2' on group 'CoLiMR', skipping...
2022-11-07 14:40:55: Already run predictor 'RF3' on group 'CoLiMR', skipping...
2022-11-07 14:40:55: Already run predictor 'RFO' on group 'CoLiMR', skipping...
2022-11-07 14:40:55: Already run predictor 'RP' on group 'CoLiMR', skipping...
2022-11-07 14:40:55: Already run predictor 'SVM' on group 'CoLiMR', skipping...
2022-11-07 14:40:55: Already run predictor 'NB' on group 'CoLiMR', skipping...
2022-11-07 14:40:55: Already run predictor 'KNN' on group 'CoLiMR', skipping...
2022-11-07 14:40:55: Already run predictor 'KNNC' on group 'CoLiMR', skipping...
2022-11-07 14:40:55: Running predictor 'XGB' for group 'CoLiMR'.
2022-11-07 14:40:55: CV num 1:
Warning: closing unused connection 5 (RunData/Subj-3-2-1914_2022-08-22_10-53/logs/run_2022-11-07_13-54_396.log)

2022-11-07 14:44:56: XGB for groups Core - Life - MRI                   ( 11 features) -> best nrounds: 150  / eta 0.20 / max_depth 1 [perf: 0.705]
