2022-11-07 12:06:51: ###### Treating group of Categories: Cl
2022-11-07 12:06:51: Selected columns:
Clinical.ATM, Clinical.OpticNeuritis, Clinical.INO, Clinical.MotorWeakness, Clinical.SensoryDisturbance, Clinical.Ataxia, Clinical.BladderDisturbance, Clinical.BowelDisturbance, Clinical.Myelopathy, Clinical.CogDisturbance, Clinical.VisualLoss
2022-11-07 12:06:51: Already run predictor 'GLM' on group 'Cl', skipping...
2022-11-07 12:06:51: Already run predictor 'RF' on group 'Cl', skipping...
2022-11-07 12:06:51: Already run predictor 'RF2' on group 'Cl', skipping...
2022-11-07 12:06:51: Already run predictor 'RF3' on group 'Cl', skipping...
2022-11-07 12:06:51: Already run predictor 'RFO' on group 'Cl', skipping...
2022-11-07 12:06:51: Already run predictor 'RP' on group 'Cl', skipping...
2022-11-07 12:06:51: Already run predictor 'SVM' on group 'Cl', skipping...
2022-11-07 12:06:51: Already run predictor 'NB' on group 'Cl', skipping...
2022-11-07 12:06:51: Already run predictor 'KNN' on group 'Cl', skipping...
2022-11-07 12:06:51: Already run predictor 'KNNC' on group 'Cl', skipping...
2022-11-07 12:06:51: Already run predictor 'XGB' on group 'Cl', skipping...
2022-11-07 12:06:51: ## Ran group 'Cl' in 0.00 minutes.

2022-11-07 12:06:51: ###### Treating group of Categories: ClFS
Warning: closing unused connection 5 (RunData/Subj-3-2-1914_2022-08-22_10-53/logs/run_2022-11-07_12-06_265.log)
2022-11-07 12:06:51: Selected columns:
Clinical.ATM, Clinical.OpticNeuritis, Clinical.INO, Clinical.MotorWeakness, Clinical.SensoryDisturbance, Clinical.Ataxia, Clinical.BladderDisturbance, Clinical.BowelDisturbance, Clinical.Myelopathy, Clinical.CogDisturbance, Clinical.VisualLoss, FSSs.Visual, FSSs.Brainstem, FSSs.Pyramidal, FSSs.Cerebellar, FSSs.Sensory, FSSs.Bowel, FSSs.Mental
2022-11-07 12:06:51: Already run predictor 'GLM' on group 'ClFS', skipping...
2022-11-07 12:06:51: Already run predictor 'RF' on group 'ClFS', skipping...
2022-11-07 12:06:51: Already run predictor 'RF2' on group 'ClFS', skipping...
2022-11-07 12:06:51: Already run predictor 'RF3' on group 'ClFS', skipping...
2022-11-07 12:06:51: Already run predictor 'RFO' on group 'ClFS', skipping...
2022-11-07 12:06:51: Already run predictor 'RP' on group 'ClFS', skipping...
2022-11-07 12:06:51: Already run predictor 'SVM' on group 'ClFS', skipping...
2022-11-07 12:06:51: Already run predictor 'NB' on group 'ClFS', skipping...
2022-11-07 12:06:51: Already run predictor 'KNN' on group 'ClFS', skipping...
2022-11-07 12:06:51: Already run predictor 'KNNC' on group 'ClFS', skipping...
2022-11-07 12:06:51: Running predictor 'XGB' for group 'ClFS'.
2022-11-07 12:06:51: CV num 1:
Loading required package: xgboost

Attaching package: ‘xgboost’

The following object is masked from ‘package:dplyr’:

    slice

Loading required package: lattice
Loading required package: ggplot2

2022-11-07 12:07:08: XGB for groups Clinical - FSSs                     ( 18 features) -> best nrounds: 50  / eta 0.10 / max_depth 3 [perf: 0.663]
 num [1:645] 0.392 0.356 0.58 0.402 0.191 ...
645
2022-11-07 12:07:21: XGB for groups Clinical - FSSs                     ( 18 features) -> best nrounds: 30  / eta 0.10 / max_depth 3 [perf: 0.664]
 num [1:640] 0.232 0.544 0.221 0.476 0.402 ...
640
2022-11-07 12:07:35: XGB for groups Clinical - FSSs                     ( 18 features) -> best nrounds: 50  / eta 0.10 / max_depth 3 [perf: 0.657]
 num [1:629] 0.51 0.454 0.449 0.438 0.492 ...
6292022-11-07 12:07:35: CV num 2:

2022-11-07 12:07:49: XGB for groups Clinical - FSSs                     ( 18 features) -> best nrounds: 50  / eta 0.10 / max_depth 3 [perf: 0.629]
 num [1:638] 0.526 0.15 0.425 0.329 0.419 ...
638
2022-11-07 12:08:01: XGB for groups Clinical - FSSs                     ( 18 features) -> best nrounds: 50  / eta 0.05 / max_depth 2 [perf: 0.681]
 num [1:664] 0.371 0.273 0.461 0.449 0.435 ...
664
2022-11-07 12:08:15: XGB for groups Clinical - FSSs                     ( 18 features) -> best nrounds: 50  / eta 0.10 / max_depth 3 [perf: 0.677]
 num [1:612] 0.588 0.365 0.575 0.395 0.194 ...
6122022-11-07 12:08:15: Ran predictor 'XGB' for group 'ClFS' in 1.40 minutes.
2022-11-07 12:08:15: ## Ran group 'ClFS' in 1.40 minutes.

2022-11-07 12:08:15: ###### Treating group of Categories: ClMS
2022-11-07 12:08:15: Selected columns:
Clinical.ATM, Clinical.OpticNeuritis, Clinical.INO, Clinical.MotorWeakness, Clinical.SensoryDisturbance, Clinical.Ataxia, Clinical.BladderDisturbance, Clinical.BowelDisturbance, Clinical.Myelopathy, Clinical.CogDisturbance, Clinical.VisualLoss, MSFC.T25FW, MSFC.NHPT
2022-11-07 12:08:15: Already run predictor 'GLM' on group 'ClMS', skipping...
2022-11-07 12:08:15: Already run predictor 'RF' on group 'ClMS', skipping...
2022-11-07 12:08:15: Already run predictor 'RF2' on group 'ClMS', skipping...
2022-11-07 12:08:15: Already run predictor 'RF3' on group 'ClMS', skipping...
2022-11-07 12:08:15: Already run predictor 'RFO' on group 'ClMS', skipping...
2022-11-07 12:08:15: Already run predictor 'RP' on group 'ClMS', skipping...
2022-11-07 12:08:15: Already run predictor 'SVM' on group 'ClMS', skipping...
2022-11-07 12:08:15: Already run predictor 'NB' on group 'ClMS', skipping...
2022-11-07 12:08:15: Already run predictor 'KNN' on group 'ClMS', skipping...
2022-11-07 12:08:15: Already run predictor 'KNNC' on group 'ClMS', skipping...
2022-11-07 12:08:15: Running predictor 'XGB' for group 'ClMS'.
2022-11-07 12:08:15: CV num 1:
Warning: closing unused connection 7 (RunData/Subj-3-2-1914_2022-08-22_10-53/logs/run_2022-11-07_12-06_265.log)

2022-11-07 12:08:28: XGB for groups Clinical - MSFC                     ( 13 features) -> best nrounds: 200  / eta 0.20 / max_depth 1 [perf: 0.564]
 num [1:645] 0.23 0.299 0.267 0.297 0.335 ...
645
2022-11-07 12:08:40: XGB for groups Clinical - MSFC                     ( 13 features) -> best nrounds: 10  / eta 0.20 / max_depth 3 [perf: 0.523]
 num [1:640] 0.405 0.404 0.342 0.438 0.399 ...
640
2022-11-07 12:08:52: XGB for groups Clinical - MSFC                     ( 13 features) -> best nrounds: 20  / eta 0.10 / max_depth 1 [perf: 0.551]
 num [1:629] 0.346 0.357 0.319 0.358 0.397 ...
6292022-11-07 12:08:52: CV num 2:

2022-11-07 12:09:04: XGB for groups Clinical - MSFC                     ( 13 features) -> best nrounds: 70  / eta 0.05 / max_depth 1 [perf: 0.552]
 num [1:638] 0.289 0.385 0.34 0.425 0.343 ...
638
2022-11-07 12:09:16: XGB for groups Clinical - MSFC                     ( 13 features) -> best nrounds: 10  / eta 0.10 / max_depth 1 [perf: 0.548]
 num [1:664] 0.378 0.399 0.385 0.399 0.399 ...
664
2022-11-07 12:09:29: XGB for groups Clinical - MSFC                     ( 13 features) -> best nrounds: 50  / eta 0.10 / max_depth 1 [perf: 0.529]
 num [1:612] 0.458 0.385 0.385 0.362 0.41 ...
6122022-11-07 12:09:29: Ran predictor 'XGB' for group 'ClMS' in 1.23 minutes.
2022-11-07 12:09:29: ## Ran group 'ClMS' in 1.23 minutes.

2022-11-07 12:09:29: ###### Treating group of Categories: ClQO
2022-11-07 12:09:29: Selected columns:
Clinical.ATM, Clinical.OpticNeuritis, Clinical.INO, Clinical.MotorWeakness, Clinical.SensoryDisturbance, Clinical.Ataxia, Clinical.BladderDisturbance, Clinical.BowelDisturbance, Clinical.Myelopathy, Clinical.CogDisturbance, Clinical.VisualLoss, QOL.LackFocus, QOL.LackEnergy, QOL.PsychoDown, QOL.RelativePain, QOL.NotEnjoyLife
2022-11-07 12:09:29: Already run predictor 'GLM' on group 'ClQO', skipping...
2022-11-07 12:09:29: Already run predictor 'RF' on group 'ClQO', skipping...
2022-11-07 12:09:29: Already run predictor 'RF2' on group 'ClQO', skipping...
2022-11-07 12:09:29: Already run predictor 'RF3' on group 'ClQO', skipping...
2022-11-07 12:09:29: Already run predictor 'RFO' on group 'ClQO', skipping...
2022-11-07 12:09:29: Already run predictor 'RP' on group 'ClQO', skipping...
2022-11-07 12:09:29: Already run predictor 'SVM' on group 'ClQO', skipping...
2022-11-07 12:09:29: Already run predictor 'NB' on group 'ClQO', skipping...
2022-11-07 12:09:29: Already run predictor 'KNN' on group 'ClQO', skipping...
2022-11-07 12:09:29: Already run predictor 'KNNC' on group 'ClQO', skipping...
2022-11-07 12:09:29: Running predictor 'XGB' for group 'ClQO'.
2022-11-07 12:09:29: CV num 1:
Warning: closing unused connection 5 (RunData/Subj-3-2-1914_2022-08-22_10-53/logs/run_2022-11-07_12-06_265.log)

2022-11-07 12:09:45: XGB for groups Clinical - QOL                      ( 16 features) -> best nrounds: 30  / eta 0.20 / max_depth 1 [perf: 0.530]
 num [1:645] 0.284 0.383 0.306 0.341 0.295 ...
645
2022-11-07 12:10:00: XGB for groups Clinical - QOL                      ( 16 features) -> best nrounds: 70  / eta 0.05 / max_depth 1 [perf: 0.540]
 num [1:640] 0.379 0.398 0.321 0.383 0.333 ...
640
2022-11-07 12:10:13: XGB for groups Clinical - QOL                      ( 16 features) -> best nrounds: 30  / eta 0.20 / max_depth 2 [perf: 0.518]
 num [1:629] 0.56 0.316 0.27 0.342 0.475 ...
6292022-11-07 12:10:13: CV num 2:

2022-11-07 12:10:27: XGB for groups Clinical - QOL                      ( 16 features) -> best nrounds: 20  / eta 0.10 / max_depth 1 [perf: 0.549]
 num [1:638] 0.404 0.36 0.286 0.322 0.286 ...
638
2022-11-07 12:10:40: XGB for groups Clinical - QOL                      ( 16 features) -> best nrounds: 20  / eta 0.10 / max_depth 1 [perf: 0.502]
 num [1:664] 0.328 0.352 0.324 0.362 0.352 ...
664
2022-11-07 12:10:54: XGB for groups Clinical - QOL                      ( 16 features) -> best nrounds: 250  / eta 0.10 / max_depth 3 [perf: 0.526]
 num [1:612] 0.624 0.296 0.312 0.413 0.247 ...
6122022-11-07 12:10:54: Ran predictor 'XGB' for group 'ClQO' in 1.42 minutes.
2022-11-07 12:10:54: ## Ran group 'ClQO' in 1.42 minutes.

