2022-10-17 23:28:54: ###### Treating group of Categories: ClLi
2022-10-17 23:28:54: Selected columns:
Clinical.ATM, Clinical.OpticNeuritis, Clinical.INO, Clinical.MotorWeakness, Clinical.SensoryDisturbance, Clinical.Ataxia, Clinical.BladderDisturbance, Clinical.BowelDisturbance, Clinical.Myelopathy, Clinical.CogDisturbance, Clinical.VisualLoss, Life.CaffeineFreq, Life.MemoryConcerns, Life.Smoking
2022-10-17 23:28:54: Already run predictor 'GLM' on group 'ClLi', skipping...
2022-10-17 23:28:54: Already run predictor 'RF' on group 'ClLi', skipping...
2022-10-17 23:28:54: Already run predictor 'RF2' on group 'ClLi', skipping...
2022-10-17 23:28:54: Already run predictor 'RF3' on group 'ClLi', skipping...
2022-10-17 23:28:54: Already run predictor 'RFO' on group 'ClLi', skipping...
2022-10-17 23:28:54: Already run predictor 'RP' on group 'ClLi', skipping...
2022-10-17 23:28:54: Already run predictor 'SVM' on group 'ClLi', skipping...
2022-10-17 23:28:54: Already run predictor 'NB' on group 'ClLi', skipping...
2022-10-17 23:28:54: Already run predictor 'KNN' on group 'ClLi', skipping...
2022-10-17 23:28:54: Already run predictor 'KNNC' on group 'ClLi', skipping...
2022-10-17 23:28:54: Running predictor 'XGB' for group 'ClLi'.
2022-10-17 23:28:54: CV num 1:
Loading required package: xgboost

Attaching package: ‘xgboost’

The following object is masked from ‘package:dplyr’:

    slice

Loading required package: plyr
------------------------------------------------------------------------------
You have loaded plyr after dplyr - this is likely to cause problems.
If you need functions from both plyr and dplyr, please load plyr first, then dplyr:
library(plyr); library(dplyr)
------------------------------------------------------------------------------

Attaching package: ‘plyr’

The following objects are masked from ‘package:dplyr’:

    arrange, count, desc, failwith, id, mutate, rename, summarise,
    summarize

Error : nrow(x) == n is not TRUE
2022-10-17 23:28:59: ## Ran group 'ClLi' in 0.08 minutes.

2022-10-17 23:28:59: ###### Treating group of Categories: ClCoPa
2022-10-17 23:28:59: Selected columns:
Clinical.ATM, Clinical.OpticNeuritis, Clinical.INO, Clinical.MotorWeakness, Clinical.SensoryDisturbance, Clinical.Ataxia, Clinical.BladderDisturbance, Clinical.BowelDisturbance, Clinical.Myelopathy, Clinical.CogDisturbance, Clinical.VisualLoss, Core.AgeAtExam, Core.EDSS, Core.DiseaseDuration, Core.DiseaseCourse, Core.MSSS, Patient.AgeOfOnset, Patient.Gender
2022-10-17 23:28:59: Already run predictor 'GLM' on group 'ClCoPa', skipping...
2022-10-17 23:28:59: Already run predictor 'RF' on group 'ClCoPa', skipping...
2022-10-17 23:28:59: Already run predictor 'RF2' on group 'ClCoPa', skipping...
2022-10-17 23:28:59: Already run predictor 'RF3' on group 'ClCoPa', skipping...
2022-10-17 23:28:59: Already run predictor 'RFO' on group 'ClCoPa', skipping...
2022-10-17 23:28:59: Already run predictor 'RP' on group 'ClCoPa', skipping...
2022-10-17 23:28:59: Already run predictor 'SVM' on group 'ClCoPa', skipping...
2022-10-17 23:28:59: Already run predictor 'NB' on group 'ClCoPa', skipping...
2022-10-17 23:28:59: Already run predictor 'KNN' on group 'ClCoPa', skipping...
2022-10-17 23:28:59: Already run predictor 'KNNC' on group 'ClCoPa', skipping...
2022-10-17 23:28:59: Running predictor 'XGB' for group 'ClCoPa'.
2022-10-17 23:28:59: CV num 1:
Error : nrow(x) == n is not TRUE
2022-10-17 23:28:59: ## Ran group 'ClCoPa' in 0.00 minutes.

2022-10-17 23:28:59: ###### Treating group of Categories: CoMR
2022-10-17 23:28:59: Selected columns:
Core.AgeAtExam, Core.EDSS, Core.DiseaseDuration, Core.DiseaseCourse, Core.MSSS, MRI.CE_Lesion, MRI.GM_Volume, MRI.Siena_PBVC
2022-10-17 23:28:59: Already run predictor 'GLM' on group 'CoMR', skipping...
2022-10-17 23:28:59: Already run predictor 'RF' on group 'CoMR', skipping...
2022-10-17 23:28:59: Already run predictor 'RF2' on group 'CoMR', skipping...
2022-10-17 23:28:59: Already run predictor 'RF3' on group 'CoMR', skipping...
2022-10-17 23:28:59: Already run predictor 'RFO' on group 'CoMR', skipping...
2022-10-17 23:28:59: Already run predictor 'RP' on group 'CoMR', skipping...
2022-10-17 23:28:59: Already run predictor 'SVM' on group 'CoMR', skipping...
2022-10-17 23:28:59: Already run predictor 'NB' on group 'CoMR', skipping...
2022-10-17 23:28:59: Already run predictor 'KNN' on group 'CoMR', skipping...
2022-10-17 23:28:59: Already run predictor 'KNNC' on group 'CoMR', skipping...
2022-10-17 23:28:59: Running predictor 'XGB' for group 'CoMR'.
2022-10-17 23:28:59: CV num 1:
Error : nrow(x) == n is not TRUE
2022-10-17 23:28:59: ## Ran group 'CoMR' in 0.00 minutes.

2022-10-17 23:28:59: ###### Treating group of Categories: CoFSMS
2022-10-17 23:28:59: Selected columns:
Core.AgeAtExam, Core.EDSS, Core.DiseaseDuration, Core.DiseaseCourse, Core.MSSS, FSSs.Visual, FSSs.Brainstem, FSSs.Pyramidal, FSSs.Cerebellar, FSSs.Sensory, FSSs.Bowel, FSSs.Mental, MSFC.T25FW, MSFC.NHPT
2022-10-17 23:28:59: Already run predictor 'GLM' on group 'CoFSMS', skipping...
2022-10-17 23:28:59: Already run predictor 'RF' on group 'CoFSMS', skipping...
2022-10-17 23:28:59: Already run predictor 'RF2' on group 'CoFSMS', skipping...
2022-10-17 23:28:59: Already run predictor 'RF3' on group 'CoFSMS', skipping...
2022-10-17 23:28:59: Already run predictor 'RFO' on group 'CoFSMS', skipping...
2022-10-17 23:28:59: Already run predictor 'RP' on group 'CoFSMS', skipping...
2022-10-17 23:28:59: Already run predictor 'SVM' on group 'CoFSMS', skipping...
2022-10-17 23:28:59: Already run predictor 'NB' on group 'CoFSMS', skipping...
2022-10-17 23:28:59: Already run predictor 'KNN' on group 'CoFSMS', skipping...
2022-10-17 23:28:59: Already run predictor 'KNNC' on group 'CoFSMS', skipping...
2022-10-17 23:28:59: Running predictor 'XGB' for group 'CoFSMS'.
2022-10-17 23:28:59: CV num 1:
Error : nrow(x) == n is not TRUE
2022-10-17 23:28:59: ## Ran group 'CoFSMS' in 0.00 minutes.

2022-10-17 23:28:59: ###### Treating group of Categories: CoMRTr
2022-10-17 23:28:59: Selected columns:
Core.AgeAtExam, Core.EDSS, Core.DiseaseDuration, Core.DiseaseCourse, Core.MSSS, MRI.CE_Lesion, MRI.GM_Volume, MRI.Siena_PBVC, Treatments.nDMT, Treatments.hasIM, Treatments.hasIS, Treatments.hasMA, Treatments.DMTcategory
2022-10-17 23:28:59: Already run predictor 'GLM' on group 'CoMRTr', skipping...
2022-10-17 23:28:59: Already run predictor 'RF' on group 'CoMRTr', skipping...
2022-10-17 23:28:59: Already run predictor 'RF2' on group 'CoMRTr', skipping...
2022-10-17 23:28:59: Already run predictor 'RF3' on group 'CoMRTr', skipping...
2022-10-17 23:28:59: Already run predictor 'RFO' on group 'CoMRTr', skipping...
2022-10-17 23:28:59: Already run predictor 'RP' on group 'CoMRTr', skipping...
2022-10-17 23:28:59: Already run predictor 'SVM' on group 'CoMRTr', skipping...
2022-10-17 23:28:59: Already run predictor 'NB' on group 'CoMRTr', skipping...
2022-10-17 23:28:59: Already run predictor 'KNN' on group 'CoMRTr', skipping...
Warning: closing unused connection 11 (RunData/Subj-3-2-1914_2022-08-22_10-53/logs/run_2022-10-17_23-28_7923.log)
Warning: closing unused connection 9 (RunData/Subj-3-2-1914_2022-08-22_10-53/logs/run_2022-10-17_23-28_7923.log)
Warning: closing unused connection 7 (RunData/Subj-3-2-1914_2022-08-22_10-53/logs/run_2022-10-17_23-28_7923.log)
2022-10-17 23:28:59: Already run predictor 'KNNC' on group 'CoMRTr', skipping...
2022-10-17 23:28:59: Running predictor 'XGB' for group 'CoMRTr'.
2022-10-17 23:28:59: CV num 1:
Error : nrow(x) == n is not TRUE
2022-10-17 23:28:59: ## Ran group 'CoMRTr' in 0.00 minutes.

2022-10-17 23:28:59: ###### Treating group of Categories: FSLi
2022-10-17 23:28:59: Selected columns:
FSSs.Visual, FSSs.Brainstem, FSSs.Pyramidal, FSSs.Cerebellar, FSSs.Sensory, FSSs.Bowel, FSSs.Mental, Life.CaffeineFreq, Life.MemoryConcerns, Life.Smoking
2022-10-17 23:28:59: Already run predictor 'GLM' on group 'FSLi', skipping...
2022-10-17 23:28:59: Already run predictor 'RF' on group 'FSLi', skipping...
2022-10-17 23:28:59: Already run predictor 'RF2' on group 'FSLi', skipping...
2022-10-17 23:28:59: Already run predictor 'RF3' on group 'FSLi', skipping...
2022-10-17 23:28:59: Already run predictor 'RFO' on group 'FSLi', skipping...
2022-10-17 23:28:59: Already run predictor 'RP' on group 'FSLi', skipping...
2022-10-17 23:28:59: Already run predictor 'SVM' on group 'FSLi', skipping...
2022-10-17 23:28:59: Already run predictor 'NB' on group 'FSLi', skipping...
2022-10-17 23:28:59: Already run predictor 'KNN' on group 'FSLi', skipping...
2022-10-17 23:28:59: Already run predictor 'KNNC' on group 'FSLi', skipping...
2022-10-17 23:28:59: Running predictor 'XGB' for group 'FSLi'.
2022-10-17 23:28:59: CV num 1:
Error : nrow(x) == n is not TRUE
2022-10-17 23:29:00: ## Ran group 'FSLi' in 0.00 minutes.

2022-10-17 23:29:00: ###### Treating group of Categories: LiTr
2022-10-17 23:29:00: Selected columns:
Life.CaffeineFreq, Life.MemoryConcerns, Life.Smoking, Treatments.nDMT, Treatments.hasIM, Treatments.hasIS, Treatments.hasMA, Treatments.DMTcategory
2022-10-17 23:29:00: Already run predictor 'GLM' on group 'LiTr', skipping...
2022-10-17 23:29:00: Already run predictor 'RF' on group 'LiTr', skipping...
2022-10-17 23:29:00: Already run predictor 'RF2' on group 'LiTr', skipping...
2022-10-17 23:29:00: Already run predictor 'RF3' on group 'LiTr', skipping...
2022-10-17 23:29:00: Already run predictor 'RFO' on group 'LiTr', skipping...
2022-10-17 23:29:00: Already run predictor 'RP' on group 'LiTr', skipping...
2022-10-17 23:29:00: Already run predictor 'SVM' on group 'LiTr', skipping...
2022-10-17 23:29:00: Already run predictor 'NB' on group 'LiTr', skipping...
2022-10-17 23:29:00: Already run predictor 'KNN' on group 'LiTr', skipping...
2022-10-17 23:29:00: Already run predictor 'KNNC' on group 'LiTr', skipping...
2022-10-17 23:29:00: Running predictor 'XGB' for group 'LiTr'.
2022-10-17 23:29:00: CV num 1:
Error : nrow(x) == n is not TRUE
2022-10-17 23:29:00: ## Ran group 'LiTr' in 0.00 minutes.

2022-10-17 23:29:00: ###### Treating group of Categories: Pa
2022-10-17 23:29:00: Selected columns:
Patient.AgeOfOnset, Patient.Gender
2022-10-17 23:29:00: Already run predictor 'GLM' on group 'Pa', skipping...
2022-10-17 23:29:00: Already run predictor 'RF' on group 'Pa', skipping...
2022-10-17 23:29:00: Already run predictor 'RF2' on group 'Pa', skipping...
2022-10-17 23:29:00: Already run predictor 'RF3' on group 'Pa', skipping...
2022-10-17 23:29:00: Already run predictor 'RFO' on group 'Pa', skipping...
2022-10-17 23:29:00: Already run predictor 'RP' on group 'Pa', skipping...
2022-10-17 23:29:00: Already run predictor 'SVM' on group 'Pa', skipping...
2022-10-17 23:29:00: Already run predictor 'NB' on group 'Pa', skipping...
2022-10-17 23:29:00: Already run predictor 'KNN' on group 'Pa', skipping...
2022-10-17 23:29:00: Already run predictor 'KNNC' on group 'Pa', skipping...
2022-10-17 23:29:00: Running predictor 'XGB' for group 'Pa'.
2022-10-17 23:29:00: CV num 1:
Warning: closing unused connection 11 (RunData/Subj-3-2-1914_2022-08-22_10-53/logs/run_2022-10-17_23-28_7923.log)
Warning: closing unused connection 7 (RunData/Subj-3-2-1914_2022-08-22_10-53/logs/run_2022-10-17_23-28_7923.log)
Error : nrow(x) == n is not TRUE
2022-10-17 23:29:00: ## Ran group 'Pa' in 0.00 minutes.

