2022-10-17 23:28:54: ###### Treating group of Categories: ClQO
2022-10-17 23:28:54: Selected columns:
Clinical.ATM, Clinical.OpticNeuritis, Clinical.INO, Clinical.MotorWeakness, Clinical.SensoryDisturbance, Clinical.Ataxia, Clinical.BladderDisturbance, Clinical.BowelDisturbance, Clinical.Myelopathy, Clinical.CogDisturbance, Clinical.VisualLoss, QOL.LackFocus, QOL.LackEnergy, QOL.PsychoDown, QOL.RelativePain, QOL.NotEnjoyLife
2022-10-17 23:28:54: Already run predictor 'GLM' on group 'ClQO', skipping...
2022-10-17 23:28:54: Already run predictor 'RF' on group 'ClQO', skipping...
2022-10-17 23:28:54: Already run predictor 'RF2' on group 'ClQO', skipping...
2022-10-17 23:28:54: Already run predictor 'RF3' on group 'ClQO', skipping...
2022-10-17 23:28:54: Already run predictor 'RFO' on group 'ClQO', skipping...
2022-10-17 23:28:54: Already run predictor 'RP' on group 'ClQO', skipping...
2022-10-17 23:28:54: Already run predictor 'SVM' on group 'ClQO', skipping...
2022-10-17 23:28:54: Already run predictor 'NB' on group 'ClQO', skipping...
2022-10-17 23:28:54: Already run predictor 'KNN' on group 'ClQO', skipping...
2022-10-17 23:28:54: Already run predictor 'KNNC' on group 'ClQO', skipping...
2022-10-17 23:28:54: Running predictor 'XGB' for group 'ClQO'.
2022-10-17 23:28:54: CV num 1:
Loading required package: xgboost

Attaching package: ‘xgboost’

The following object is masked from ‘package:dplyr’:

    slice

Loading required package: plyr
------------------------------------------------------------------------------
You have loaded plyr after dplyr - this is likely to cause problems.
If you need functions from both plyr and dplyr, please load plyr first, then dplyr:
library(plyr); library(dplyr)
------------------------------------------------------------------------------

Attaching package: ‘plyr’

The following objects are masked from ‘package:dplyr’:

    arrange, count, desc, failwith, id, mutate, rename, summarise,
    summarize

Error : nrow(x) == n is not TRUE
2022-10-17 23:28:59: ## Ran group 'ClQO' in 0.08 minutes.

2022-10-17 23:28:59: ###### Treating group of Categories: CoLi
2022-10-17 23:28:59: Selected columns:
Core.AgeAtExam, Core.EDSS, Core.DiseaseDuration, Core.DiseaseCourse, Core.MSSS, Life.CaffeineFreq, Life.MemoryConcerns, Life.Smoking
2022-10-17 23:28:59: Already run predictor 'GLM' on group 'CoLi', skipping...
2022-10-17 23:28:59: Already run predictor 'RF' on group 'CoLi', skipping...
2022-10-17 23:28:59: Already run predictor 'RF2' on group 'CoLi', skipping...
2022-10-17 23:28:59: Already run predictor 'RF3' on group 'CoLi', skipping...
2022-10-17 23:28:59: Already run predictor 'RFO' on group 'CoLi', skipping...
2022-10-17 23:28:59: Already run predictor 'RP' on group 'CoLi', skipping...
2022-10-17 23:28:59: Already run predictor 'SVM' on group 'CoLi', skipping...
2022-10-17 23:28:59: Already run predictor 'NB' on group 'CoLi', skipping...
2022-10-17 23:28:59: Already run predictor 'KNN' on group 'CoLi', skipping...
2022-10-17 23:28:59: Already run predictor 'KNNC' on group 'CoLi', skipping...
2022-10-17 23:28:59: Running predictor 'XGB' for group 'CoLi'.
2022-10-17 23:28:59: CV num 1:
Error : nrow(x) == n is not TRUE
2022-10-17 23:28:59: ## Ran group 'CoLi' in 0.00 minutes.

2022-10-17 23:28:59: ###### Treating group of Categories: CoFSQO
2022-10-17 23:28:59: Selected columns:
Core.AgeAtExam, Core.EDSS, Core.DiseaseDuration, Core.DiseaseCourse, Core.MSSS, FSSs.Visual, FSSs.Brainstem, FSSs.Pyramidal, FSSs.Cerebellar, FSSs.Sensory, FSSs.Bowel, FSSs.Mental, QOL.LackFocus, QOL.LackEnergy, QOL.PsychoDown, QOL.RelativePain, QOL.NotEnjoyLife
2022-10-17 23:28:59: Already run predictor 'GLM' on group 'CoFSQO', skipping...
2022-10-17 23:28:59: Already run predictor 'RF' on group 'CoFSQO', skipping...
2022-10-17 23:28:59: Already run predictor 'RF2' on group 'CoFSQO', skipping...
2022-10-17 23:28:59: Already run predictor 'RF3' on group 'CoFSQO', skipping...
2022-10-17 23:28:59: Already run predictor 'RFO' on group 'CoFSQO', skipping...
2022-10-17 23:28:59: Already run predictor 'RP' on group 'CoFSQO', skipping...
2022-10-17 23:28:59: Already run predictor 'SVM' on group 'CoFSQO', skipping...
2022-10-17 23:28:59: Already run predictor 'NB' on group 'CoFSQO', skipping...
2022-10-17 23:28:59: Already run predictor 'KNN' on group 'CoFSQO', skipping...
2022-10-17 23:28:59: Already run predictor 'KNNC' on group 'CoFSQO', skipping...
2022-10-17 23:28:59: Running predictor 'XGB' for group 'CoFSQO'.
2022-10-17 23:28:59: CV num 1:
Error : nrow(x) == n is not TRUE
2022-10-17 23:28:59: ## Ran group 'CoFSQO' in 0.00 minutes.

2022-10-17 23:28:59: ###### Treating group of Categories: CoMRPa
2022-10-17 23:28:59: Selected columns:
Core.AgeAtExam, Core.EDSS, Core.DiseaseDuration, Core.DiseaseCourse, Core.MSSS, MRI.CE_Lesion, MRI.GM_Volume, MRI.Siena_PBVC, Patient.AgeOfOnset, Patient.Gender
2022-10-17 23:28:59: Already run predictor 'GLM' on group 'CoMRPa', skipping...
2022-10-17 23:28:59: Already run predictor 'RF' on group 'CoMRPa', skipping...
2022-10-17 23:28:59: Already run predictor 'RF2' on group 'CoMRPa', skipping...
2022-10-17 23:28:59: Already run predictor 'RF3' on group 'CoMRPa', skipping...
2022-10-17 23:28:59: Already run predictor 'RFO' on group 'CoMRPa', skipping...
2022-10-17 23:28:59: Already run predictor 'RP' on group 'CoMRPa', skipping...
2022-10-17 23:28:59: Already run predictor 'SVM' on group 'CoMRPa', skipping...
2022-10-17 23:28:59: Already run predictor 'NB' on group 'CoMRPa', skipping...
2022-10-17 23:28:59: Already run predictor 'KNN' on group 'CoMRPa', skipping...
2022-10-17 23:28:59: Already run predictor 'KNNC' on group 'CoMRPa', skipping...
2022-10-17 23:28:59: Running predictor 'XGB' for group 'CoMRPa'.
2022-10-17 23:28:59: CV num 1:
Error : nrow(x) == n is not TRUE
2022-10-17 23:28:59: ## Ran group 'CoMRPa' in 0.00 minutes.

2022-10-17 23:28:59: ###### Treating group of Categories: FSMS
2022-10-17 23:28:59: Selected columns:
FSSs.Visual, FSSs.Brainstem, FSSs.Pyramidal, FSSs.Cerebellar, FSSs.Sensory, FSSs.Bowel, FSSs.Mental, MSFC.T25FW, MSFC.NHPT
2022-10-17 23:28:59: Already run predictor 'GLM' on group 'FSMS', skipping...
2022-10-17 23:28:59: Already run predictor 'RF' on group 'FSMS', skipping...
2022-10-17 23:28:59: Already run predictor 'RF2' on group 'FSMS', skipping...
2022-10-17 23:28:59: Already run predictor 'RF3' on group 'FSMS', skipping...
2022-10-17 23:28:59: Already run predictor 'RFO' on group 'FSMS', skipping...
2022-10-17 23:28:59: Already run predictor 'RP' on group 'FSMS', skipping...
2022-10-17 23:28:59: Already run predictor 'SVM' on group 'FSMS', skipping...
2022-10-17 23:28:59: Already run predictor 'NB' on group 'FSMS', skipping...
2022-10-17 23:28:59: Already run predictor 'KNN' on group 'FSMS', skipping...
2022-10-17 23:28:59: Already run predictor 'KNNC' on group 'FSMS', skipping...
2022-10-17 23:28:59: Running predictor 'XGB' for group 'FSMS'.
2022-10-17 23:28:59: CV num 1:
Warning: closing unused connection 11 (RunData/Subj-3-2-1914_2022-08-22_10-53/logs/run_2022-10-17_23-28_7975.log)
Warning: closing unused connection 9 (RunData/Subj-3-2-1914_2022-08-22_10-53/logs/run_2022-10-17_23-28_7975.log)
Warning: closing unused connection 7 (RunData/Subj-3-2-1914_2022-08-22_10-53/logs/run_2022-10-17_23-28_7975.log)
Error : nrow(x) == n is not TRUE
2022-10-17 23:29:00: ## Ran group 'FSMS' in 0.00 minutes.

2022-10-17 23:29:00: ###### Treating group of Categories: MRMS
2022-10-17 23:29:00: Selected columns:
MRI.CE_Lesion, MRI.GM_Volume, MRI.Siena_PBVC, MSFC.T25FW, MSFC.NHPT
2022-10-17 23:29:00: Already run predictor 'GLM' on group 'MRMS', skipping...
2022-10-17 23:29:00: Already run predictor 'RF' on group 'MRMS', skipping...
2022-10-17 23:29:00: Already run predictor 'RF2' on group 'MRMS', skipping...
2022-10-17 23:29:00: Already run predictor 'RF3' on group 'MRMS', skipping...
2022-10-17 23:29:00: Already run predictor 'RFO' on group 'MRMS', skipping...
2022-10-17 23:29:00: Already run predictor 'RP' on group 'MRMS', skipping...
2022-10-17 23:29:00: Already run predictor 'SVM' on group 'MRMS', skipping...
2022-10-17 23:29:00: Already run predictor 'NB' on group 'MRMS', skipping...
2022-10-17 23:29:00: Already run predictor 'KNN' on group 'MRMS', skipping...
2022-10-17 23:29:00: Already run predictor 'KNNC' on group 'MRMS', skipping...
2022-10-17 23:29:00: Running predictor 'XGB' for group 'MRMS'.
2022-10-17 23:29:00: CV num 1:
Error : nrow(x) == n is not TRUE
2022-10-17 23:29:00: ## Ran group 'MRMS' in 0.00 minutes.

2022-10-17 23:29:00: ###### Treating group of Categories: QO
2022-10-17 23:29:00: Selected columns:
QOL.LackFocus, QOL.LackEnergy, QOL.PsychoDown, QOL.RelativePain, QOL.NotEnjoyLife
2022-10-17 23:29:00: Already run predictor 'GLM' on group 'QO', skipping...
2022-10-17 23:29:00: Already run predictor 'RF' on group 'QO', skipping...
2022-10-17 23:29:00: Already run predictor 'RF2' on group 'QO', skipping...
2022-10-17 23:29:00: Already run predictor 'RF3' on group 'QO', skipping...
2022-10-17 23:29:00: Already run predictor 'RFO' on group 'QO', skipping...
2022-10-17 23:29:00: Already run predictor 'RP' on group 'QO', skipping...
2022-10-17 23:29:00: Already run predictor 'SVM' on group 'QO', skipping...
2022-10-17 23:29:00: Already run predictor 'NB' on group 'QO', skipping...
2022-10-17 23:29:00: Already run predictor 'KNN' on group 'QO', skipping...
2022-10-17 23:29:00: Already run predictor 'KNNC' on group 'QO', skipping...
2022-10-17 23:29:00: Running predictor 'XGB' for group 'QO'.
2022-10-17 23:29:00: CV num 1:
Error : nrow(x) == n is not TRUE
2022-10-17 23:29:00: ## Ran group 'QO' in 0.00 minutes.

