2022-10-17 23:23:54: ###### Treating group of Categories: ClQO
2022-10-17 23:23:54: Selected columns:
Clinical.ATM, Clinical.OpticNeuritis, Clinical.INO, Clinical.MotorWeakness, Clinical.SensoryDisturbance, Clinical.Ataxia, Clinical.BladderDisturbance, Clinical.BowelDisturbance, Clinical.Myelopathy, Clinical.CogDisturbance, Clinical.VisualLoss, QOL.LackFocus, QOL.LackEnergy, QOL.PsychoDown, QOL.RelativePain, QOL.NotEnjoyLife
2022-10-17 23:23:54: Already run predictor 'GLM' on group 'ClQO', skipping...
2022-10-17 23:23:54: Already run predictor 'RF' on group 'ClQO', skipping...
2022-10-17 23:23:54: Already run predictor 'RF2' on group 'ClQO', skipping...
2022-10-17 23:23:54: Already run predictor 'RF3' on group 'ClQO', skipping...
2022-10-17 23:23:54: Already run predictor 'RFO' on group 'ClQO', skipping...
2022-10-17 23:23:54: Already run predictor 'RP' on group 'ClQO', skipping...
2022-10-17 23:23:54: Already run predictor 'SVM' on group 'ClQO', skipping...
2022-10-17 23:23:54: Already run predictor 'NB' on group 'ClQO', skipping...
2022-10-17 23:23:54: Already run predictor 'KNN' on group 'ClQO', skipping...
2022-10-17 23:23:54: Already run predictor 'KNNC' on group 'ClQO', skipping...
2022-10-17 23:23:54: Running predictor 'XGB' for group 'ClQO'.
2022-10-17 23:23:54: CV num 1:
Loading required package: xgboost

Attaching package: ‘xgboost’

The following object is masked from ‘package:dplyr’:

    slice

Loading required package: plyr
------------------------------------------------------------------------------
You have loaded plyr after dplyr - this is likely to cause problems.
If you need functions from both plyr and dplyr, please load plyr first, then dplyr:
library(plyr); library(dplyr)
------------------------------------------------------------------------------

Attaching package: ‘plyr’

The following objects are masked from ‘package:dplyr’:

    arrange, count, desc, failwith, id, mutate, rename, summarise,
    summarize

Error in train.default(Xtrain, factor(Ytrain), method = "xgbTree", trControl = trControl,  : 
  object 'trControl' not found
2022-10-17 23:23:59: ## Ran group 'ClQO' in 0.08 minutes.

2022-10-17 23:23:59: ###### Treating group of Categories: ClCoLi
2022-10-17 23:23:59: Selected columns:
Clinical.ATM, Clinical.OpticNeuritis, Clinical.INO, Clinical.MotorWeakness, Clinical.SensoryDisturbance, Clinical.Ataxia, Clinical.BladderDisturbance, Clinical.BowelDisturbance, Clinical.Myelopathy, Clinical.CogDisturbance, Clinical.VisualLoss, Core.AgeAtExam, Core.EDSS, Core.DiseaseDuration, Core.DiseaseCourse, Core.MSSS, Life.CaffeineFreq, Life.MemoryConcerns, Life.Smoking
2022-10-17 23:23:59: Already run predictor 'GLM' on group 'ClCoLi', skipping...
2022-10-17 23:23:59: Already run predictor 'RF' on group 'ClCoLi', skipping...
2022-10-17 23:23:59: Already run predictor 'RF2' on group 'ClCoLi', skipping...
2022-10-17 23:23:59: Already run predictor 'RF3' on group 'ClCoLi', skipping...
2022-10-17 23:23:59: Already run predictor 'RFO' on group 'ClCoLi', skipping...
2022-10-17 23:23:59: Already run predictor 'RP' on group 'ClCoLi', skipping...
2022-10-17 23:23:59: Already run predictor 'SVM' on group 'ClCoLi', skipping...
2022-10-17 23:23:59: Already run predictor 'NB' on group 'ClCoLi', skipping...
2022-10-17 23:23:59: Already run predictor 'KNN' on group 'ClCoLi', skipping...
2022-10-17 23:23:59: Already run predictor 'KNNC' on group 'ClCoLi', skipping...
2022-10-17 23:23:59: Running predictor 'XGB' for group 'ClCoLi'.
2022-10-17 23:23:59: CV num 1:
Error in train.default(Xtrain, factor(Ytrain), method = "xgbTree", trControl = trControl,  : 
  object 'trControl' not found
2022-10-17 23:23:59: ## Ran group 'ClCoLi' in 0.00 minutes.

2022-10-17 23:23:59: ###### Treating group of Categories: ClCoQO
2022-10-17 23:23:59: Selected columns:
Clinical.ATM, Clinical.OpticNeuritis, Clinical.INO, Clinical.MotorWeakness, Clinical.SensoryDisturbance, Clinical.Ataxia, Clinical.BladderDisturbance, Clinical.BowelDisturbance, Clinical.Myelopathy, Clinical.CogDisturbance, Clinical.VisualLoss, Core.AgeAtExam, Core.EDSS, Core.DiseaseDuration, Core.DiseaseCourse, Core.MSSS, QOL.LackFocus, QOL.LackEnergy, QOL.PsychoDown, QOL.RelativePain, QOL.NotEnjoyLife
2022-10-17 23:23:59: Already run predictor 'GLM' on group 'ClCoQO', skipping...
2022-10-17 23:23:59: Already run predictor 'RF' on group 'ClCoQO', skipping...
2022-10-17 23:23:59: Already run predictor 'RF2' on group 'ClCoQO', skipping...
2022-10-17 23:23:59: Already run predictor 'RF3' on group 'ClCoQO', skipping...
2022-10-17 23:23:59: Already run predictor 'RFO' on group 'ClCoQO', skipping...
2022-10-17 23:23:59: Already run predictor 'RP' on group 'ClCoQO', skipping...
2022-10-17 23:23:59: Already run predictor 'SVM' on group 'ClCoQO', skipping...
2022-10-17 23:23:59: Already run predictor 'NB' on group 'ClCoQO', skipping...
2022-10-17 23:23:59: Already run predictor 'KNN' on group 'ClCoQO', skipping...
2022-10-17 23:23:59: Already run predictor 'KNNC' on group 'ClCoQO', skipping...
2022-10-17 23:23:59: Running predictor 'XGB' for group 'ClCoQO'.
2022-10-17 23:23:59: CV num 1:
Error in train.default(Xtrain, factor(Ytrain), method = "xgbTree", trControl = trControl,  : 
  object 'trControl' not found
2022-10-17 23:23:59: ## Ran group 'ClCoQO' in 0.00 minutes.

2022-10-17 23:23:59: ###### Treating group of Categories: CoTr
2022-10-17 23:23:59: Selected columns:
Core.AgeAtExam, Core.EDSS, Core.DiseaseDuration, Core.DiseaseCourse, Core.MSSS, Treatments.nDMT, Treatments.hasIM, Treatments.hasIS, Treatments.hasMA, Treatments.DMTcategory
2022-10-17 23:23:59: Already run predictor 'GLM' on group 'CoTr', skipping...
2022-10-17 23:23:59: Already run predictor 'RF' on group 'CoTr', skipping...
2022-10-17 23:23:59: Already run predictor 'RF2' on group 'CoTr', skipping...
2022-10-17 23:23:59: Already run predictor 'RF3' on group 'CoTr', skipping...
2022-10-17 23:23:59: Already run predictor 'RFO' on group 'CoTr', skipping...
2022-10-17 23:23:59: Already run predictor 'RP' on group 'CoTr', skipping...
2022-10-17 23:23:59: Already run predictor 'SVM' on group 'CoTr', skipping...
2022-10-17 23:23:59: Already run predictor 'NB' on group 'CoTr', skipping...
2022-10-17 23:23:59: Already run predictor 'KNN' on group 'CoTr', skipping...
2022-10-17 23:23:59: Already run predictor 'KNNC' on group 'CoTr', skipping...
2022-10-17 23:23:59: Running predictor 'XGB' for group 'CoTr'.
2022-10-17 23:23:59: CV num 1:
Error in train.default(Xtrain, factor(Ytrain), method = "xgbTree", trControl = trControl,  : 
  object 'trControl' not found
2022-10-17 23:23:59: ## Ran group 'CoTr' in 0.00 minutes.

2022-10-17 23:23:59: ###### Treating group of Categories: CoLiTr
2022-10-17 23:23:59: Selected columns:
Core.AgeAtExam, Core.EDSS, Core.DiseaseDuration, Core.DiseaseCourse, Core.MSSS, Life.CaffeineFreq, Life.MemoryConcerns, Life.Smoking, Treatments.nDMT, Treatments.hasIM, Treatments.hasIS, Treatments.hasMA, Treatments.DMTcategory
2022-10-17 23:23:59: Already run predictor 'GLM' on group 'CoLiTr', skipping...
2022-10-17 23:23:59: Already run predictor 'RF' on group 'CoLiTr', skipping...
2022-10-17 23:23:59: Already run predictor 'RF2' on group 'CoLiTr', skipping...
2022-10-17 23:23:59: Already run predictor 'RF3' on group 'CoLiTr', skipping...
2022-10-17 23:23:59: Already run predictor 'RFO' on group 'CoLiTr', skipping...
2022-10-17 23:23:59: Already run predictor 'RP' on group 'CoLiTr', skipping...
2022-10-17 23:23:59: Already run predictor 'SVM' on group 'CoLiTr', skipping...
2022-10-17 23:23:59: Already run predictor 'NB' on group 'CoLiTr', skipping...
2022-10-17 23:23:59: Already run predictor 'KNN' on group 'CoLiTr', skipping...
2022-10-17 23:23:59: Already run predictor 'KNNC' on group 'CoLiTr', skipping...
2022-10-17 23:23:59: Running predictor 'XGB' for group 'CoLiTr'.
2022-10-17 23:23:59: CV num 1:
Warning: closing unused connection 11 (RunData/Subj-3-2-1914_2022-08-22_10-53/logs/run_2022-10-17_23-23_7675.log)
Warning: closing unused connection 9 (RunData/Subj-3-2-1914_2022-08-22_10-53/logs/run_2022-10-17_23-23_7675.log)
Warning: closing unused connection 7 (RunData/Subj-3-2-1914_2022-08-22_10-53/logs/run_2022-10-17_23-23_7675.log)
Error in train.default(Xtrain, factor(Ytrain), method = "xgbTree", trControl = trControl,  : 
  object 'trControl' not found
2022-10-17 23:23:59: ## Ran group 'CoLiTr' in 0.00 minutes.

2022-10-17 23:23:59: ###### Treating group of Categories: CoQOTr
2022-10-17 23:23:59: Selected columns:
Core.AgeAtExam, Core.EDSS, Core.DiseaseDuration, Core.DiseaseCourse, Core.MSSS, QOL.LackFocus, QOL.LackEnergy, QOL.PsychoDown, QOL.RelativePain, QOL.NotEnjoyLife, Treatments.nDMT, Treatments.hasIM, Treatments.hasIS, Treatments.hasMA, Treatments.DMTcategory
2022-10-17 23:23:59: Already run predictor 'GLM' on group 'CoQOTr', skipping...
2022-10-17 23:23:59: Already run predictor 'RF' on group 'CoQOTr', skipping...
2022-10-17 23:23:59: Already run predictor 'RF2' on group 'CoQOTr', skipping...
2022-10-17 23:23:59: Already run predictor 'RF3' on group 'CoQOTr', skipping...
2022-10-17 23:23:59: Already run predictor 'RFO' on group 'CoQOTr', skipping...
2022-10-17 23:23:59: Already run predictor 'RP' on group 'CoQOTr', skipping...
2022-10-17 23:23:59: Already run predictor 'SVM' on group 'CoQOTr', skipping...
2022-10-17 23:23:59: Already run predictor 'NB' on group 'CoQOTr', skipping...
2022-10-17 23:23:59: Already run predictor 'KNN' on group 'CoQOTr', skipping...
2022-10-17 23:23:59: Already run predictor 'KNNC' on group 'CoQOTr', skipping...
2022-10-17 23:23:59: Running predictor 'XGB' for group 'CoQOTr'.
2022-10-17 23:23:59: CV num 1:
Error in train.default(Xtrain, factor(Ytrain), method = "xgbTree", trControl = trControl,  : 
  object 'trControl' not found
2022-10-17 23:23:59: ## Ran group 'CoQOTr' in 0.00 minutes.

2022-10-17 23:23:59: ###### Treating group of Categories: LiPa
2022-10-17 23:23:59: Selected columns:
Life.CaffeineFreq, Life.MemoryConcerns, Life.Smoking, Patient.AgeOfOnset, Patient.Gender
2022-10-17 23:23:59: Already run predictor 'GLM' on group 'LiPa', skipping...
2022-10-17 23:23:59: Already run predictor 'RF' on group 'LiPa', skipping...
2022-10-17 23:23:59: Already run predictor 'RF2' on group 'LiPa', skipping...
2022-10-17 23:23:59: Already run predictor 'RF3' on group 'LiPa', skipping...
2022-10-17 23:23:59: Already run predictor 'RFO' on group 'LiPa', skipping...
2022-10-17 23:23:59: Already run predictor 'RP' on group 'LiPa', skipping...
2022-10-17 23:23:59: Already run predictor 'SVM' on group 'LiPa', skipping...
2022-10-17 23:23:59: Already run predictor 'NB' on group 'LiPa', skipping...
2022-10-17 23:23:59: Already run predictor 'KNN' on group 'LiPa', skipping...
2022-10-17 23:23:59: Already run predictor 'KNNC' on group 'LiPa', skipping...
2022-10-17 23:23:59: Running predictor 'XGB' for group 'LiPa'.
2022-10-17 23:23:59: CV num 1:
Error in train.default(Xtrain, factor(Ytrain), method = "xgbTree", trControl = trControl,  : 
  object 'trControl' not found
2022-10-17 23:23:59: ## Ran group 'LiPa' in 0.00 minutes.

2022-10-17 23:23:59: ###### Treating group of Categories: MRQO
2022-10-17 23:23:59: Selected columns:
MRI.CE_Lesion, MRI.GM_Volume, MRI.Siena_PBVC, QOL.LackFocus, QOL.LackEnergy, QOL.PsychoDown, QOL.RelativePain, QOL.NotEnjoyLife
2022-10-17 23:23:59: Already run predictor 'GLM' on group 'MRQO', skipping...
2022-10-17 23:23:59: Already run predictor 'RF' on group 'MRQO', skipping...
2022-10-17 23:23:59: Already run predictor 'RF2' on group 'MRQO', skipping...
2022-10-17 23:23:59: Already run predictor 'RF3' on group 'MRQO', skipping...
2022-10-17 23:23:59: Already run predictor 'RFO' on group 'MRQO', skipping...
2022-10-17 23:23:59: Already run predictor 'RP' on group 'MRQO', skipping...
2022-10-17 23:23:59: Already run predictor 'SVM' on group 'MRQO', skipping...
2022-10-17 23:23:59: Already run predictor 'NB' on group 'MRQO', skipping...
2022-10-17 23:23:59: Already run predictor 'KNN' on group 'MRQO', skipping...
2022-10-17 23:23:59: Already run predictor 'KNNC' on group 'MRQO', skipping...
2022-10-17 23:23:59: Running predictor 'XGB' for group 'MRQO'.
2022-10-17 23:23:59: CV num 1:
Error in train.default(Xtrain, factor(Ytrain), method = "xgbTree", trControl = trControl,  : 
  object 'trControl' not found
2022-10-17 23:24:00: ## Ran group 'MRQO' in 0.00 minutes.

2022-10-17 23:24:00: ###### Treating group of Categories: .
2022-10-17 23:24:00: Selected columns:
Clinical.ATM, Clinical.OpticNeuritis, Clinical.INO, Clinical.MotorWeakness, Clinical.SensoryDisturbance, Clinical.Ataxia, Clinical.BladderDisturbance, Clinical.BowelDisturbance, Clinical.Myelopathy, Clinical.CogDisturbance, Clinical.VisualLoss, Core.AgeAtExam, Core.EDSS, Core.DiseaseDuration, Core.DiseaseCourse, Core.MSSS, FSSs.Visual, FSSs.Brainstem, FSSs.Pyramidal, FSSs.Cerebellar, FSSs.Sensory, FSSs.Bowel, FSSs.Mental, Life.CaffeineFreq, Life.MemoryConcerns, Life.Smoking, MRI.CE_Lesion, MRI.GM_Volume, MRI.Siena_PBVC, MSFC.T25FW, MSFC.NHPT, Patient.AgeOfOnset, Patient.Gender, QOL.LackFocus, QOL.LackEnergy, QOL.PsychoDown, QOL.RelativePain, QOL.NotEnjoyLife, Treatments.nDMT, Treatments.hasIM, Treatments.hasIS, Treatments.hasMA, Treatments.DMTcategory
2022-10-17 23:24:00: Already run predictor 'GLM' on group '.', skipping...
2022-10-17 23:24:00: Already run predictor 'RF' on group '.', skipping...
2022-10-17 23:24:00: Already run predictor 'RF2' on group '.', skipping...
2022-10-17 23:24:00: Already run predictor 'RF3' on group '.', skipping...
2022-10-17 23:24:00: Already run predictor 'RFO' on group '.', skipping...
2022-10-17 23:24:00: Already run predictor 'RP' on group '.', skipping...
2022-10-17 23:24:00: Already run predictor 'SVM' on group '.', skipping...
2022-10-17 23:24:00: Already run predictor 'NB' on group '.', skipping...
2022-10-17 23:24:00: Already run predictor 'KNN' on group '.', skipping...
2022-10-17 23:24:00: Already run predictor 'KNNC' on group '.', skipping...
2022-10-17 23:24:00: Running predictor 'XGB' for group '.'.
Warning: closing unused connection 16 (RunData/Subj-3-2-1914_2022-08-22_10-53/logs/run_2022-10-17_23-23_7675.log)
Warning: closing unused connection 11 (RunData/Subj-3-2-1914_2022-08-22_10-53/logs/run_2022-10-17_23-23_7675.log)
Warning: closing unused connection 7 (RunData/Subj-3-2-1914_2022-08-22_10-53/logs/run_2022-10-17_23-23_7675.log)
2022-10-17 23:24:00: CV num 1:
Error in train.default(Xtrain, factor(Ytrain), method = "xgbTree", trControl = trControl,  : 
  object 'trControl' not found
2022-10-17 23:24:00: ## Ran group '.' in 0.00 minutes.

