2022-10-17 23:28:54: ###### Treating group of Categories: ClPa
2022-10-17 23:28:54: Selected columns:
Clinical.ATM, Clinical.OpticNeuritis, Clinical.INO, Clinical.MotorWeakness, Clinical.SensoryDisturbance, Clinical.Ataxia, Clinical.BladderDisturbance, Clinical.BowelDisturbance, Clinical.Myelopathy, Clinical.CogDisturbance, Clinical.VisualLoss, Patient.AgeOfOnset, Patient.Gender
2022-10-17 23:28:54: Already run predictor 'GLM' on group 'ClPa', skipping...
2022-10-17 23:28:54: Already run predictor 'RF' on group 'ClPa', skipping...
2022-10-17 23:28:54: Already run predictor 'RF2' on group 'ClPa', skipping...
2022-10-17 23:28:54: Already run predictor 'RF3' on group 'ClPa', skipping...
2022-10-17 23:28:54: Already run predictor 'RFO' on group 'ClPa', skipping...
2022-10-17 23:28:54: Already run predictor 'RP' on group 'ClPa', skipping...
2022-10-17 23:28:54: Already run predictor 'SVM' on group 'ClPa', skipping...
2022-10-17 23:28:54: Already run predictor 'NB' on group 'ClPa', skipping...
2022-10-17 23:28:54: Already run predictor 'KNN' on group 'ClPa', skipping...
2022-10-17 23:28:54: Already run predictor 'KNNC' on group 'ClPa', skipping...
2022-10-17 23:28:54: Running predictor 'XGB' for group 'ClPa'.
2022-10-17 23:28:54: CV num 1:
Loading required package: xgboost

Attaching package: ‘xgboost’

The following object is masked from ‘package:dplyr’:

    slice

Loading required package: plyr
------------------------------------------------------------------------------
You have loaded plyr after dplyr - this is likely to cause problems.
If you need functions from both plyr and dplyr, please load plyr first, then dplyr:
library(plyr); library(dplyr)
------------------------------------------------------------------------------

Attaching package: ‘plyr’

The following objects are masked from ‘package:dplyr’:

    arrange, count, desc, failwith, id, mutate, rename, summarise,
    summarize

Error : nrow(x) == n is not TRUE
2022-10-17 23:28:59: ## Ran group 'ClPa' in 0.08 minutes.

2022-10-17 23:28:59: ###### Treating group of Categories: ClCoMS
2022-10-17 23:28:59: Selected columns:
Clinical.ATM, Clinical.OpticNeuritis, Clinical.INO, Clinical.MotorWeakness, Clinical.SensoryDisturbance, Clinical.Ataxia, Clinical.BladderDisturbance, Clinical.BowelDisturbance, Clinical.Myelopathy, Clinical.CogDisturbance, Clinical.VisualLoss, Core.AgeAtExam, Core.EDSS, Core.DiseaseDuration, Core.DiseaseCourse, Core.MSSS, MSFC.T25FW, MSFC.NHPT
2022-10-17 23:28:59: Already run predictor 'GLM' on group 'ClCoMS', skipping...
2022-10-17 23:28:59: Already run predictor 'RF' on group 'ClCoMS', skipping...
2022-10-17 23:28:59: Already run predictor 'RF2' on group 'ClCoMS', skipping...
2022-10-17 23:28:59: Already run predictor 'RF3' on group 'ClCoMS', skipping...
2022-10-17 23:28:59: Already run predictor 'RFO' on group 'ClCoMS', skipping...
2022-10-17 23:28:59: Already run predictor 'RP' on group 'ClCoMS', skipping...
2022-10-17 23:28:59: Already run predictor 'SVM' on group 'ClCoMS', skipping...
2022-10-17 23:28:59: Already run predictor 'NB' on group 'ClCoMS', skipping...
2022-10-17 23:28:59: Already run predictor 'KNN' on group 'ClCoMS', skipping...
2022-10-17 23:28:59: Already run predictor 'KNNC' on group 'ClCoMS', skipping...
2022-10-17 23:28:59: Running predictor 'XGB' for group 'ClCoMS'.
2022-10-17 23:28:59: CV num 1:
Error : nrow(x) == n is not TRUE
2022-10-17 23:28:59: ## Ran group 'ClCoMS' in 0.00 minutes.

2022-10-17 23:28:59: ###### Treating group of Categories: CoFS
2022-10-17 23:28:59: Selected columns:
Core.AgeAtExam, Core.EDSS, Core.DiseaseDuration, Core.DiseaseCourse, Core.MSSS, FSSs.Visual, FSSs.Brainstem, FSSs.Pyramidal, FSSs.Cerebellar, FSSs.Sensory, FSSs.Bowel, FSSs.Mental
2022-10-17 23:28:59: Already run predictor 'GLM' on group 'CoFS', skipping...
2022-10-17 23:28:59: Already run predictor 'RF' on group 'CoFS', skipping...
2022-10-17 23:28:59: Already run predictor 'RF2' on group 'CoFS', skipping...
2022-10-17 23:28:59: Already run predictor 'RF3' on group 'CoFS', skipping...
2022-10-17 23:28:59: Already run predictor 'RFO' on group 'CoFS', skipping...
2022-10-17 23:28:59: Already run predictor 'RP' on group 'CoFS', skipping...
2022-10-17 23:28:59: Already run predictor 'SVM' on group 'CoFS', skipping...
2022-10-17 23:28:59: Already run predictor 'NB' on group 'CoFS', skipping...
2022-10-17 23:28:59: Already run predictor 'KNN' on group 'CoFS', skipping...
2022-10-17 23:28:59: Already run predictor 'KNNC' on group 'CoFS', skipping...
2022-10-17 23:28:59: Running predictor 'XGB' for group 'CoFS'.
2022-10-17 23:28:59: CV num 1:
Error : nrow(x) == n is not TRUE
2022-10-17 23:28:59: ## Ran group 'CoFS' in 0.00 minutes.

2022-10-17 23:28:59: ###### Treating group of Categories: CoFSPa
2022-10-17 23:28:59: Selected columns:
Core.AgeAtExam, Core.EDSS, Core.DiseaseDuration, Core.DiseaseCourse, Core.MSSS, FSSs.Visual, FSSs.Brainstem, FSSs.Pyramidal, FSSs.Cerebellar, FSSs.Sensory, FSSs.Bowel, FSSs.Mental, Patient.AgeOfOnset, Patient.Gender
2022-10-17 23:28:59: Already run predictor 'GLM' on group 'CoFSPa', skipping...
2022-10-17 23:28:59: Already run predictor 'RF' on group 'CoFSPa', skipping...
2022-10-17 23:28:59: Already run predictor 'RF2' on group 'CoFSPa', skipping...
2022-10-17 23:28:59: Already run predictor 'RF3' on group 'CoFSPa', skipping...
2022-10-17 23:28:59: Already run predictor 'RFO' on group 'CoFSPa', skipping...
2022-10-17 23:28:59: Already run predictor 'RP' on group 'CoFSPa', skipping...
2022-10-17 23:28:59: Already run predictor 'SVM' on group 'CoFSPa', skipping...
2022-10-17 23:28:59: Already run predictor 'NB' on group 'CoFSPa', skipping...
2022-10-17 23:28:59: Already run predictor 'KNN' on group 'CoFSPa', skipping...
2022-10-17 23:28:59: Already run predictor 'KNNC' on group 'CoFSPa', skipping...
2022-10-17 23:28:59: Running predictor 'XGB' for group 'CoFSPa'.
2022-10-17 23:28:59: CV num 1:
Error : nrow(x) == n is not TRUE
2022-10-17 23:28:59: ## Ran group 'CoFSPa' in 0.00 minutes.

2022-10-17 23:28:59: ###### Treating group of Categories: CoMSPa
2022-10-17 23:28:59: Selected columns:
Core.AgeAtExam, Core.EDSS, Core.DiseaseDuration, Core.DiseaseCourse, Core.MSSS, MSFC.T25FW, MSFC.NHPT, Patient.AgeOfOnset, Patient.Gender
2022-10-17 23:28:59: Already run predictor 'GLM' on group 'CoMSPa', skipping...
2022-10-17 23:28:59: Already run predictor 'RF' on group 'CoMSPa', skipping...
2022-10-17 23:28:59: Already run predictor 'RF2' on group 'CoMSPa', skipping...
2022-10-17 23:28:59: Already run predictor 'RF3' on group 'CoMSPa', skipping...
2022-10-17 23:28:59: Already run predictor 'RFO' on group 'CoMSPa', skipping...
2022-10-17 23:28:59: Already run predictor 'RP' on group 'CoMSPa', skipping...
2022-10-17 23:28:59: Already run predictor 'SVM' on group 'CoMSPa', skipping...
2022-10-17 23:28:59: Already run predictor 'NB' on group 'CoMSPa', skipping...
2022-10-17 23:28:59: Already run predictor 'KNN' on group 'CoMSPa', skipping...
Warning: closing unused connection 11 (RunData/Subj-3-2-1914_2022-08-22_10-53/logs/run_2022-10-17_23-28_7962.log)
Warning: closing unused connection 9 (RunData/Subj-3-2-1914_2022-08-22_10-53/logs/run_2022-10-17_23-28_7962.log)
Warning: closing unused connection 7 (RunData/Subj-3-2-1914_2022-08-22_10-53/logs/run_2022-10-17_23-28_7962.log)
2022-10-17 23:28:59: Already run predictor 'KNNC' on group 'CoMSPa', skipping...
2022-10-17 23:28:59: Running predictor 'XGB' for group 'CoMSPa'.
2022-10-17 23:28:59: CV num 1:
Error : nrow(x) == n is not TRUE
2022-10-17 23:28:59: ## Ran group 'CoMSPa' in 0.00 minutes.

2022-10-17 23:28:59: ###### Treating group of Categories: Li
2022-10-17 23:28:59: Selected columns:
Life.CaffeineFreq, Life.MemoryConcerns, Life.Smoking
2022-10-17 23:28:59: Already run predictor 'GLM' on group 'Li', skipping...
2022-10-17 23:28:59: Already run predictor 'RF' on group 'Li', skipping...
2022-10-17 23:28:59: Already run predictor 'RF2' on group 'Li', skipping...
2022-10-17 23:28:59: Already run predictor 'RF3' on group 'Li', skipping...
2022-10-17 23:28:59: Already run predictor 'RFO' on group 'Li', skipping...
2022-10-17 23:28:59: Already run predictor 'RP' on group 'Li', skipping...
2022-10-17 23:28:59: Already run predictor 'SVM' on group 'Li', skipping...
2022-10-17 23:28:59: Already run predictor 'NB' on group 'Li', skipping...
2022-10-17 23:28:59: Already run predictor 'KNN' on group 'Li', skipping...
2022-10-17 23:28:59: Already run predictor 'KNNC' on group 'Li', skipping...
2022-10-17 23:28:59: Running predictor 'XGB' for group 'Li'.
2022-10-17 23:28:59: CV num 1:
Error : nrow(x) == n is not TRUE
2022-10-17 23:29:00: ## Ran group 'Li' in 0.00 minutes.

2022-10-17 23:29:00: ###### Treating group of Categories: MRTr
2022-10-17 23:29:00: Selected columns:
MRI.CE_Lesion, MRI.GM_Volume, MRI.Siena_PBVC, Treatments.nDMT, Treatments.hasIM, Treatments.hasIS, Treatments.hasMA, Treatments.DMTcategory
2022-10-17 23:29:00: Already run predictor 'GLM' on group 'MRTr', skipping...
2022-10-17 23:29:00: Already run predictor 'RF' on group 'MRTr', skipping...
2022-10-17 23:29:00: Already run predictor 'RF2' on group 'MRTr', skipping...
2022-10-17 23:29:00: Already run predictor 'RF3' on group 'MRTr', skipping...
2022-10-17 23:29:00: Already run predictor 'RFO' on group 'MRTr', skipping...
2022-10-17 23:29:00: Already run predictor 'RP' on group 'MRTr', skipping...
2022-10-17 23:29:00: Already run predictor 'SVM' on group 'MRTr', skipping...
2022-10-17 23:29:00: Already run predictor 'NB' on group 'MRTr', skipping...
2022-10-17 23:29:00: Already run predictor 'KNN' on group 'MRTr', skipping...
2022-10-17 23:29:00: Already run predictor 'KNNC' on group 'MRTr', skipping...
2022-10-17 23:29:00: Running predictor 'XGB' for group 'MRTr'.
2022-10-17 23:29:00: CV num 1:
Error : nrow(x) == n is not TRUE
2022-10-17 23:29:00: ## Ran group 'MRTr' in 0.00 minutes.

2022-10-17 23:29:00: ###### Treating group of Categories: PaTr
2022-10-17 23:29:00: Selected columns:
Patient.AgeOfOnset, Patient.Gender, Treatments.nDMT, Treatments.hasIM, Treatments.hasIS, Treatments.hasMA, Treatments.DMTcategory
2022-10-17 23:29:00: Already run predictor 'GLM' on group 'PaTr', skipping...
2022-10-17 23:29:00: Already run predictor 'RF' on group 'PaTr', skipping...
2022-10-17 23:29:00: Already run predictor 'RF2' on group 'PaTr', skipping...
2022-10-17 23:29:00: Already run predictor 'RF3' on group 'PaTr', skipping...
2022-10-17 23:29:00: Already run predictor 'RFO' on group 'PaTr', skipping...
2022-10-17 23:29:00: Already run predictor 'RP' on group 'PaTr', skipping...
2022-10-17 23:29:00: Already run predictor 'SVM' on group 'PaTr', skipping...
2022-10-17 23:29:00: Already run predictor 'NB' on group 'PaTr', skipping...
2022-10-17 23:29:00: Already run predictor 'KNN' on group 'PaTr', skipping...
2022-10-17 23:29:00: Already run predictor 'KNNC' on group 'PaTr', skipping...
2022-10-17 23:29:00: Running predictor 'XGB' for group 'PaTr'.
2022-10-17 23:29:00: CV num 1:
Warning: closing unused connection 11 (RunData/Subj-3-2-1914_2022-08-22_10-53/logs/run_2022-10-17_23-28_7962.log)
Warning: closing unused connection 7 (RunData/Subj-3-2-1914_2022-08-22_10-53/logs/run_2022-10-17_23-28_7962.log)
Error : nrow(x) == n is not TRUE
2022-10-17 23:29:00: ## Ran group 'PaTr' in 0.00 minutes.

