2022-10-17 23:27:29: ###### Treating group of Categories: ClPa
2022-10-17 23:27:29: Selected columns:
Clinical.ATM, Clinical.OpticNeuritis, Clinical.INO, Clinical.MotorWeakness, Clinical.SensoryDisturbance, Clinical.Ataxia, Clinical.BladderDisturbance, Clinical.BowelDisturbance, Clinical.Myelopathy, Clinical.CogDisturbance, Clinical.VisualLoss, Patient.AgeOfOnset, Patient.Gender
2022-10-17 23:27:29: Already run predictor 'GLM' on group 'ClPa', skipping...
2022-10-17 23:27:29: Already run predictor 'RF' on group 'ClPa', skipping...
2022-10-17 23:27:29: Already run predictor 'RF2' on group 'ClPa', skipping...
2022-10-17 23:27:29: Already run predictor 'RF3' on group 'ClPa', skipping...
2022-10-17 23:27:29: Already run predictor 'RFO' on group 'ClPa', skipping...
2022-10-17 23:27:29: Already run predictor 'RP' on group 'ClPa', skipping...
2022-10-17 23:27:29: Already run predictor 'SVM' on group 'ClPa', skipping...
2022-10-17 23:27:29: Already run predictor 'NB' on group 'ClPa', skipping...
2022-10-17 23:27:29: Already run predictor 'KNN' on group 'ClPa', skipping...
2022-10-17 23:27:29: Already run predictor 'KNNC' on group 'ClPa', skipping...
2022-10-17 23:27:29: Running predictor 'XGB' for group 'ClPa'.
2022-10-17 23:27:29: CV num 1:
Loading required package: xgboost

Attaching package: ‘xgboost’

The following object is masked from ‘package:dplyr’:

    slice

Loading required package: plyr
------------------------------------------------------------------------------
You have loaded plyr after dplyr - this is likely to cause problems.
If you need functions from both plyr and dplyr, please load plyr first, then dplyr:
library(plyr); library(dplyr)
------------------------------------------------------------------------------

Attaching package: ‘plyr’

The following objects are masked from ‘package:dplyr’:

    arrange, count, desc, failwith, id, mutate, rename, summarise,
    summarize

Error : At least one of the class levels is not a valid R variable name; This will cause errors when class probabilities are generated because the variables names will be converted to  FALSE., TRUE. . Please use factor levels that can be used as valid R variable names  (see ?make.names for help).
2022-10-17 23:27:33: ## Ran group 'ClPa' in 0.08 minutes.

2022-10-17 23:27:33: ###### Treating group of Categories: CoMS
2022-10-17 23:27:33: Selected columns:
Core.AgeAtExam, Core.EDSS, Core.DiseaseDuration, Core.DiseaseCourse, Core.MSSS, MSFC.T25FW, MSFC.NHPT
2022-10-17 23:27:33: Already run predictor 'GLM' on group 'CoMS', skipping...
2022-10-17 23:27:33: Already run predictor 'RF' on group 'CoMS', skipping...
2022-10-17 23:27:33: Already run predictor 'RF2' on group 'CoMS', skipping...
2022-10-17 23:27:33: Already run predictor 'RF3' on group 'CoMS', skipping...
2022-10-17 23:27:33: Already run predictor 'RFO' on group 'CoMS', skipping...
2022-10-17 23:27:33: Already run predictor 'RP' on group 'CoMS', skipping...
2022-10-17 23:27:33: Already run predictor 'SVM' on group 'CoMS', skipping...
2022-10-17 23:27:33: Already run predictor 'NB' on group 'CoMS', skipping...
2022-10-17 23:27:33: Already run predictor 'KNN' on group 'CoMS', skipping...
2022-10-17 23:27:33: Already run predictor 'KNNC' on group 'CoMS', skipping...
2022-10-17 23:27:33: Running predictor 'XGB' for group 'CoMS'.
2022-10-17 23:27:33: CV num 1:
Error : At least one of the class levels is not a valid R variable name; This will cause errors when class probabilities are generated because the variables names will be converted to  FALSE., TRUE. . Please use factor levels that can be used as valid R variable names  (see ?make.names for help).
2022-10-17 23:27:34: ## Ran group 'CoMS' in 0.00 minutes.

2022-10-17 23:27:34: ###### Treating group of Categories: CoLiPa
2022-10-17 23:27:34: Selected columns:
Core.AgeAtExam, Core.EDSS, Core.DiseaseDuration, Core.DiseaseCourse, Core.MSSS, Life.CaffeineFreq, Life.MemoryConcerns, Life.Smoking, Patient.AgeOfOnset, Patient.Gender
2022-10-17 23:27:34: Already run predictor 'GLM' on group 'CoLiPa', skipping...
2022-10-17 23:27:34: Already run predictor 'RF' on group 'CoLiPa', skipping...
2022-10-17 23:27:34: Already run predictor 'RF2' on group 'CoLiPa', skipping...
2022-10-17 23:27:34: Already run predictor 'RF3' on group 'CoLiPa', skipping...
2022-10-17 23:27:34: Already run predictor 'RFO' on group 'CoLiPa', skipping...
2022-10-17 23:27:34: Already run predictor 'RP' on group 'CoLiPa', skipping...
2022-10-17 23:27:34: Already run predictor 'SVM' on group 'CoLiPa', skipping...
2022-10-17 23:27:34: Already run predictor 'NB' on group 'CoLiPa', skipping...
2022-10-17 23:27:34: Already run predictor 'KNN' on group 'CoLiPa', skipping...
2022-10-17 23:27:34: Already run predictor 'KNNC' on group 'CoLiPa', skipping...
2022-10-17 23:27:34: Running predictor 'XGB' for group 'CoLiPa'.
2022-10-17 23:27:34: CV num 1:
Error : At least one of the class levels is not a valid R variable name; This will cause errors when class probabilities are generated because the variables names will be converted to  FALSE., TRUE. . Please use factor levels that can be used as valid R variable names  (see ?make.names for help).
2022-10-17 23:27:34: ## Ran group 'CoLiPa' in 0.00 minutes.

2022-10-17 23:27:34: ###### Treating group of Categories: CoMSPa
2022-10-17 23:27:34: Selected columns:
Core.AgeAtExam, Core.EDSS, Core.DiseaseDuration, Core.DiseaseCourse, Core.MSSS, MSFC.T25FW, MSFC.NHPT, Patient.AgeOfOnset, Patient.Gender
2022-10-17 23:27:34: Already run predictor 'GLM' on group 'CoMSPa', skipping...
2022-10-17 23:27:34: Already run predictor 'RF' on group 'CoMSPa', skipping...
2022-10-17 23:27:34: Already run predictor 'RF2' on group 'CoMSPa', skipping...
2022-10-17 23:27:34: Already run predictor 'RF3' on group 'CoMSPa', skipping...
2022-10-17 23:27:34: Already run predictor 'RFO' on group 'CoMSPa', skipping...
2022-10-17 23:27:34: Already run predictor 'RP' on group 'CoMSPa', skipping...
2022-10-17 23:27:34: Already run predictor 'SVM' on group 'CoMSPa', skipping...
2022-10-17 23:27:34: Already run predictor 'NB' on group 'CoMSPa', skipping...
2022-10-17 23:27:34: Already run predictor 'KNN' on group 'CoMSPa', skipping...
2022-10-17 23:27:34: Already run predictor 'KNNC' on group 'CoMSPa', skipping...
2022-10-17 23:27:34: Running predictor 'XGB' for group 'CoMSPa'.
2022-10-17 23:27:34: CV num 1:
Error : At least one of the class levels is not a valid R variable name; This will cause errors when class probabilities are generated because the variables names will be converted to  FALSE., TRUE. . Please use factor levels that can be used as valid R variable names  (see ?make.names for help).
2022-10-17 23:27:34: ## Ran group 'CoMSPa' in 0.00 minutes.

2022-10-17 23:27:34: ###### Treating group of Categories: FSLi
2022-10-17 23:27:34: Selected columns:
FSSs.Visual, FSSs.Brainstem, FSSs.Pyramidal, FSSs.Cerebellar, FSSs.Sensory, FSSs.Bowel, FSSs.Mental, Life.CaffeineFreq, Life.MemoryConcerns, Life.Smoking
2022-10-17 23:27:34: Already run predictor 'GLM' on group 'FSLi', skipping...
2022-10-17 23:27:34: Already run predictor 'RF' on group 'FSLi', skipping...
2022-10-17 23:27:34: Already run predictor 'RF2' on group 'FSLi', skipping...
2022-10-17 23:27:34: Already run predictor 'RF3' on group 'FSLi', skipping...
2022-10-17 23:27:34: Already run predictor 'RFO' on group 'FSLi', skipping...
2022-10-17 23:27:34: Already run predictor 'RP' on group 'FSLi', skipping...
2022-10-17 23:27:34: Already run predictor 'SVM' on group 'FSLi', skipping...
2022-10-17 23:27:34: Already run predictor 'NB' on group 'FSLi', skipping...
2022-10-17 23:27:34: Already run predictor 'KNN' on group 'FSLi', skipping...
2022-10-17 23:27:34: Already run predictor 'KNNC' on group 'FSLi', skipping...
2022-10-17 23:27:34: Running predictor 'XGB' for group 'FSLi'.
2022-10-17 23:27:34: CV num 1:
Warning: closing unused connection 11 (RunData/Subj-3-2-1914_2022-08-22_10-53/logs/run_2022-10-17_23-27_7812.log)
Warning: closing unused connection 9 (RunData/Subj-3-2-1914_2022-08-22_10-53/logs/run_2022-10-17_23-27_7812.log)
Warning: closing unused connection 7 (RunData/Subj-3-2-1914_2022-08-22_10-53/logs/run_2022-10-17_23-27_7812.log)
Error : At least one of the class levels is not a valid R variable name; This will cause errors when class probabilities are generated because the variables names will be converted to  FALSE., TRUE. . Please use factor levels that can be used as valid R variable names  (see ?make.names for help).
2022-10-17 23:27:34: ## Ran group 'FSLi' in 0.00 minutes.

2022-10-17 23:27:34: ###### Treating group of Categories: MRTr
2022-10-17 23:27:34: Selected columns:
MRI.CE_Lesion, MRI.GM_Volume, MRI.Siena_PBVC, Treatments.nDMT, Treatments.hasIM, Treatments.hasIS, Treatments.hasMA, Treatments.DMTcategory
2022-10-17 23:27:34: Already run predictor 'GLM' on group 'MRTr', skipping...
2022-10-17 23:27:34: Already run predictor 'RF' on group 'MRTr', skipping...
2022-10-17 23:27:34: Already run predictor 'RF2' on group 'MRTr', skipping...
2022-10-17 23:27:34: Already run predictor 'RF3' on group 'MRTr', skipping...
2022-10-17 23:27:34: Already run predictor 'RFO' on group 'MRTr', skipping...
2022-10-17 23:27:34: Already run predictor 'RP' on group 'MRTr', skipping...
2022-10-17 23:27:34: Already run predictor 'SVM' on group 'MRTr', skipping...
2022-10-17 23:27:34: Already run predictor 'NB' on group 'MRTr', skipping...
2022-10-17 23:27:34: Already run predictor 'KNN' on group 'MRTr', skipping...
2022-10-17 23:27:34: Already run predictor 'KNNC' on group 'MRTr', skipping...
2022-10-17 23:27:34: Running predictor 'XGB' for group 'MRTr'.
2022-10-17 23:27:34: CV num 1:
Error : At least one of the class levels is not a valid R variable name; This will cause errors when class probabilities are generated because the variables names will be converted to  FALSE., TRUE. . Please use factor levels that can be used as valid R variable names  (see ?make.names for help).
2022-10-17 23:27:34: ## Ran group 'MRTr' in 0.00 minutes.

2022-10-17 23:27:34: ###### Treating group of Categories: Pa
2022-10-17 23:27:34: Selected columns:
Patient.AgeOfOnset, Patient.Gender
2022-10-17 23:27:34: Already run predictor 'GLM' on group 'Pa', skipping...
2022-10-17 23:27:34: Already run predictor 'RF' on group 'Pa', skipping...
2022-10-17 23:27:34: Already run predictor 'RF2' on group 'Pa', skipping...
2022-10-17 23:27:34: Already run predictor 'RF3' on group 'Pa', skipping...
2022-10-17 23:27:34: Already run predictor 'RFO' on group 'Pa', skipping...
2022-10-17 23:27:34: Already run predictor 'RP' on group 'Pa', skipping...
2022-10-17 23:27:34: Already run predictor 'SVM' on group 'Pa', skipping...
2022-10-17 23:27:34: Already run predictor 'NB' on group 'Pa', skipping...
2022-10-17 23:27:34: Already run predictor 'KNN' on group 'Pa', skipping...
2022-10-17 23:27:34: Already run predictor 'KNNC' on group 'Pa', skipping...
2022-10-17 23:27:34: Running predictor 'XGB' for group 'Pa'.
2022-10-17 23:27:34: CV num 1:
Error : At least one of the class levels is not a valid R variable name; This will cause errors when class probabilities are generated because the variables names will be converted to  FALSE., TRUE. . Please use factor levels that can be used as valid R variable names  (see ?make.names for help).
2022-10-17 23:27:34: ## Ran group 'Pa' in 0.00 minutes.

