2022-11-06 23:17:44: ###### Treating group of Categories: ClCo
2022-11-06 23:17:44: Selected columns:
Clinical.ATM, Clinical.OpticNeuritis, Clinical.INO, Clinical.MotorWeakness, Clinical.SensoryDisturbance, Clinical.Ataxia, Clinical.BladderDisturbance, Clinical.BowelDisturbance, Clinical.Myelopathy, Clinical.CogDisturbance, Clinical.VisualLoss, Core.AgeAtExam, Core.EDSS, Core.DiseaseDuration, Core.DiseaseCourse, Core.MSSS
2022-11-06 23:17:44: Already run predictor 'GLM' on group 'ClCo', skipping...
2022-11-06 23:17:44: Already run predictor 'RF' on group 'ClCo', skipping...
2022-11-06 23:17:44: Already run predictor 'RF2' on group 'ClCo', skipping...
2022-11-06 23:17:44: Already run predictor 'RF3' on group 'ClCo', skipping...
2022-11-06 23:17:44: Already run predictor 'RFO' on group 'ClCo', skipping...
2022-11-06 23:17:44: Already run predictor 'RP' on group 'ClCo', skipping...
2022-11-06 23:17:44: Already run predictor 'SVM' on group 'ClCo', skipping...
2022-11-06 23:17:44: Already run predictor 'NB' on group 'ClCo', skipping...
2022-11-06 23:17:44: Already run predictor 'KNN' on group 'ClCo', skipping...
2022-11-06 23:17:44: Already run predictor 'KNNC' on group 'ClCo', skipping...
2022-11-06 23:17:44: Running predictor 'XGB' for group 'ClCo'.
2022-11-06 23:17:44: CV num 1:
Loading required package: xgboost

Attaching package: ‘xgboost’

The following object is masked from ‘package:dplyr’:

    slice

Loading required package: lattice
Loading required package: ggplot2

2022-11-07 00:41:50: XGB for groups Clinical - Core                     ( 16 features) -> best nrounds: 70  / eta 0.20 / max_depth 1 [perf: 0.714]
2022-11-07 00:41:51: ERROR running train/test for predictor 'XGB' and group 'ClCo': 
 length(res) == sum(foldIdx == i) is not TRUE
TRACEBACK:
1: run(X, Y, pred, FIs)
2: stopifnot(length(res) == sum(foldIdx == i)) at Code/Helpers/CVer.R:151
3: stop(sprintf(ngettext(length(r), "%s is not TRUE", "%s are not all TRUE"), ch), call. = FALSE, 
     domain = NA)
Error : length(res) == sum(foldIdx == i) is not TRUE
2022-11-07 00:41:51: ## Ran group 'ClCo' in 84.11 minutes.

2022-11-07 00:41:51: ###### Treating group of Categories: ClLi
2022-11-07 00:41:51: Selected columns:
Clinical.ATM, Clinical.OpticNeuritis, Clinical.INO, Clinical.MotorWeakness, Clinical.SensoryDisturbance, Clinical.Ataxia, Clinical.BladderDisturbance, Clinical.BowelDisturbance, Clinical.Myelopathy, Clinical.CogDisturbance, Clinical.VisualLoss, Life.CaffeineFreq, Life.MemoryConcerns, Life.Smoking
2022-11-07 00:41:51: Already run predictor 'GLM' on group 'ClLi', skipping...
2022-11-07 00:41:51: Already run predictor 'RF' on group 'ClLi', skipping...
2022-11-07 00:41:51: Already run predictor 'RF2' on group 'ClLi', skipping...
2022-11-07 00:41:51: Already run predictor 'RF3' on group 'ClLi', skipping...
2022-11-07 00:41:51: Already run predictor 'RFO' on group 'ClLi', skipping...
2022-11-07 00:41:51: Already run predictor 'RP' on group 'ClLi', skipping...
2022-11-07 00:41:51: Already run predictor 'SVM' on group 'ClLi', skipping...
2022-11-07 00:41:51: Already run predictor 'NB' on group 'ClLi', skipping...
2022-11-07 00:41:51: Already run predictor 'KNN' on group 'ClLi', skipping...
2022-11-07 00:41:51: Already run predictor 'KNNC' on group 'ClLi', skipping...
2022-11-07 00:41:51: Running predictor 'XGB' for group 'ClLi'.
2022-11-07 00:41:51: CV num 1:
Warning: closing unused connection 5 (RunData/Subj-3-2-1914_2022-08-22_10-53/logs/run_2022-11-06_23-17_229.log)

2022-11-07 02:07:35: XGB for groups Clinical - Life                     ( 14 features) -> best nrounds: 10  / eta 0.05 / max_depth 1 [perf: 0.516]
2022-11-07 02:07:35: ERROR running train/test for predictor 'XGB' and group 'ClLi': 
 length(res) == sum(foldIdx == i) is not TRUE
TRACEBACK:
1: run(X, Y, pred, FIs)
2: stopifnot(length(res) == sum(foldIdx == i)) at Code/Helpers/CVer.R:151
3: stop(sprintf(ngettext(length(r), "%s is not TRUE", "%s are not all TRUE"), ch), call. = FALSE, 
     domain = NA)
Error : length(res) == sum(foldIdx == i) is not TRUE
2022-11-07 02:07:35: ## Ran group 'ClLi' in 85.74 minutes.

2022-11-07 02:07:35: ###### Treating group of Categories: ClPa
2022-11-07 02:07:35: Selected columns:
Clinical.ATM, Clinical.OpticNeuritis, Clinical.INO, Clinical.MotorWeakness, Clinical.SensoryDisturbance, Clinical.Ataxia, Clinical.BladderDisturbance, Clinical.BowelDisturbance, Clinical.Myelopathy, Clinical.CogDisturbance, Clinical.VisualLoss, Patient.AgeOfOnset, Patient.Gender
2022-11-07 02:07:35: Already run predictor 'GLM' on group 'ClPa', skipping...
2022-11-07 02:07:35: Already run predictor 'RF' on group 'ClPa', skipping...
2022-11-07 02:07:35: Already run predictor 'RF2' on group 'ClPa', skipping...
2022-11-07 02:07:35: Already run predictor 'RF3' on group 'ClPa', skipping...
2022-11-07 02:07:35: Already run predictor 'RFO' on group 'ClPa', skipping...
2022-11-07 02:07:35: Already run predictor 'RP' on group 'ClPa', skipping...
2022-11-07 02:07:35: Already run predictor 'SVM' on group 'ClPa', skipping...
2022-11-07 02:07:35: Already run predictor 'NB' on group 'ClPa', skipping...
2022-11-07 02:07:35: Already run predictor 'KNN' on group 'ClPa', skipping...
2022-11-07 02:07:35: Already run predictor 'KNNC' on group 'ClPa', skipping...
2022-11-07 02:07:35: Running predictor 'XGB' for group 'ClPa'.
2022-11-07 02:07:35: CV num 1:
Warning: closing unused connection 7 (RunData/Subj-3-2-1914_2022-08-22_10-53/logs/run_2022-11-06_23-17_229.log)

2022-11-07 03:50:26: XGB for groups Clinical - Patient                  ( 13 features) -> best nrounds: 10  / eta 0.05 / max_depth 1 [perf: 0.538]
2022-11-07 03:50:26: ERROR running train/test for predictor 'XGB' and group 'ClPa': 
 length(res) == sum(foldIdx == i) is not TRUE
TRACEBACK:
1: run(X, Y, pred, FIs)
2: stopifnot(length(res) == sum(foldIdx == i)) at Code/Helpers/CVer.R:151
3: stop(sprintf(ngettext(length(r), "%s is not TRUE", "%s are not all TRUE"), ch), call. = FALSE, 
     domain = NA)
Error : length(res) == sum(foldIdx == i) is not TRUE
2022-11-07 03:50:26: ## Ran group 'ClPa' in 102.85 minutes.

2022-11-07 03:50:26: ###### Treating group of Categories: ClCoLi
2022-11-07 03:50:26: Selected columns:
Clinical.ATM, Clinical.OpticNeuritis, Clinical.INO, Clinical.MotorWeakness, Clinical.SensoryDisturbance, Clinical.Ataxia, Clinical.BladderDisturbance, Clinical.BowelDisturbance, Clinical.Myelopathy, Clinical.CogDisturbance, Clinical.VisualLoss, Core.AgeAtExam, Core.EDSS, Core.DiseaseDuration, Core.DiseaseCourse, Core.MSSS, Life.CaffeineFreq, Life.MemoryConcerns, Life.Smoking
2022-11-07 03:50:26: Already run predictor 'GLM' on group 'ClCoLi', skipping...
2022-11-07 03:50:26: Already run predictor 'RF' on group 'ClCoLi', skipping...
2022-11-07 03:50:26: Already run predictor 'RF2' on group 'ClCoLi', skipping...
2022-11-07 03:50:26: Already run predictor 'RF3' on group 'ClCoLi', skipping...
2022-11-07 03:50:26: Already run predictor 'RFO' on group 'ClCoLi', skipping...
2022-11-07 03:50:26: Already run predictor 'RP' on group 'ClCoLi', skipping...
2022-11-07 03:50:26: Already run predictor 'SVM' on group 'ClCoLi', skipping...
2022-11-07 03:50:26: Already run predictor 'NB' on group 'ClCoLi', skipping...
2022-11-07 03:50:26: Already run predictor 'KNN' on group 'ClCoLi', skipping...
2022-11-07 03:50:26: Already run predictor 'KNNC' on group 'ClCoLi', skipping...
2022-11-07 03:50:26: Running predictor 'XGB' for group 'ClCoLi'.
2022-11-07 03:50:26: CV num 1:
Warning: closing unused connection 5 (RunData/Subj-3-2-1914_2022-08-22_10-53/logs/run_2022-11-06_23-17_229.log)

2022-11-07 05:52:11: XGB for groups Clinical - Core - Life              ( 19 features) -> best nrounds: 30  / eta 0.20 / max_depth 2 [perf: 0.713]
2022-11-07 05:52:12: ERROR running train/test for predictor 'XGB' and group 'ClCoLi': 
 length(res) == sum(foldIdx == i) is not TRUE
TRACEBACK:
1: run(X, Y, pred, FIs)
2: stopifnot(length(res) == sum(foldIdx == i)) at Code/Helpers/CVer.R:151
3: stop(sprintf(ngettext(length(r), "%s is not TRUE", "%s are not all TRUE"), ch), call. = FALSE, 
     domain = NA)
Error : length(res) == sum(foldIdx == i) is not TRUE
2022-11-07 05:52:12: ## Ran group 'ClCoLi' in 121.76 minutes.

2022-11-07 05:52:12: ###### Treating group of Categories: ClCoTr
2022-11-07 05:52:12: Selected columns:
Clinical.ATM, Clinical.OpticNeuritis, Clinical.INO, Clinical.MotorWeakness, Clinical.SensoryDisturbance, Clinical.Ataxia, Clinical.BladderDisturbance, Clinical.BowelDisturbance, Clinical.Myelopathy, Clinical.CogDisturbance, Clinical.VisualLoss, Core.AgeAtExam, Core.EDSS, Core.DiseaseDuration, Core.DiseaseCourse, Core.MSSS, Treatments.nDMT, Treatments.hasIM, Treatments.hasIS, Treatments.hasMA, Treatments.DMTcategory
2022-11-07 05:52:12: Already run predictor 'GLM' on group 'ClCoTr', skipping...
2022-11-07 05:52:12: Already run predictor 'RF' on group 'ClCoTr', skipping...
2022-11-07 05:52:12: Already run predictor 'RF2' on group 'ClCoTr', skipping...
2022-11-07 05:52:12: Already run predictor 'RF3' on group 'ClCoTr', skipping...
2022-11-07 05:52:12: Already run predictor 'RFO' on group 'ClCoTr', skipping...
2022-11-07 05:52:12: Already run predictor 'RP' on group 'ClCoTr', skipping...
2022-11-07 05:52:12: Already run predictor 'SVM' on group 'ClCoTr', skipping...
2022-11-07 05:52:12: Already run predictor 'NB' on group 'ClCoTr', skipping...
2022-11-07 05:52:12: Already run predictor 'KNN' on group 'ClCoTr', skipping...
2022-11-07 05:52:12: Already run predictor 'KNNC' on group 'ClCoTr', skipping...
2022-11-07 05:52:12: Running predictor 'XGB' for group 'ClCoTr'.
2022-11-07 05:52:12: CV num 1:
Warning: closing unused connection 7 (RunData/Subj-3-2-1914_2022-08-22_10-53/logs/run_2022-11-06_23-17_229.log)

2022-11-07 07:20:58: XGB for groups Clinical - Core - Treatments        ( 21 features) -> best nrounds: 100  / eta 0.20 / max_depth 1 [perf: 0.716]
2022-11-07 07:20:58: ERROR running train/test for predictor 'XGB' and group 'ClCoTr': 
 length(res) == sum(foldIdx == i) is not TRUE
TRACEBACK:
1: run(X, Y, pred, FIs)
2: stopifnot(length(res) == sum(foldIdx == i)) at Code/Helpers/CVer.R:151
3: stop(sprintf(ngettext(length(r), "%s is not TRUE", "%s are not all TRUE"), ch), call. = FALSE, 
     domain = NA)
Error : length(res) == sum(foldIdx == i) is not TRUE
2022-11-07 07:20:58: ## Ran group 'ClCoTr' in 88.78 minutes.

2022-11-07 07:20:58: ###### Treating group of Categories: CoFS
2022-11-07 07:20:58: Selected columns:
Core.AgeAtExam, Core.EDSS, Core.DiseaseDuration, Core.DiseaseCourse, Core.MSSS, FSSs.Visual, FSSs.Brainstem, FSSs.Pyramidal, FSSs.Cerebellar, FSSs.Sensory, FSSs.Bowel, FSSs.Mental
2022-11-07 07:20:58: Already run predictor 'GLM' on group 'CoFS', skipping...
2022-11-07 07:20:58: Already run predictor 'RF' on group 'CoFS', skipping...
2022-11-07 07:20:58: Already run predictor 'RF2' on group 'CoFS', skipping...
2022-11-07 07:20:58: Already run predictor 'RF3' on group 'CoFS', skipping...
2022-11-07 07:20:58: Already run predictor 'RFO' on group 'CoFS', skipping...
2022-11-07 07:20:58: Already run predictor 'RP' on group 'CoFS', skipping...
2022-11-07 07:20:58: Already run predictor 'SVM' on group 'CoFS', skipping...
2022-11-07 07:20:58: Already run predictor 'NB' on group 'CoFS', skipping...
2022-11-07 07:20:58: Already run predictor 'KNN' on group 'CoFS', skipping...
2022-11-07 07:20:58: Already run predictor 'KNNC' on group 'CoFS', skipping...
2022-11-07 07:20:58: Running predictor 'XGB' for group 'CoFS'.
2022-11-07 07:20:58: CV num 1:
Warning: closing unused connection 5 (RunData/Subj-3-2-1914_2022-08-22_10-53/logs/run_2022-11-06_23-17_229.log)

2022-11-07 09:06:10: XGB for groups Core - FSSs                         ( 12 features) -> best nrounds: 100  / eta 0.10 / max_depth 1 [perf: 0.714]
2022-11-07 09:06:10: ERROR running train/test for predictor 'XGB' and group 'CoFS': 
 length(res) == sum(foldIdx == i) is not TRUE
TRACEBACK:
1: run(X, Y, pred, FIs)
2: stopifnot(length(res) == sum(foldIdx == i)) at Code/Helpers/CVer.R:151
3: stop(sprintf(ngettext(length(r), "%s is not TRUE", "%s are not all TRUE"), ch), call. = FALSE, 
     domain = NA)
Error : length(res) == sum(foldIdx == i) is not TRUE
2022-11-07 09:06:10: ## Ran group 'CoFS' in 105.19 minutes.

2022-11-07 09:06:10: ###### Treating group of Categories: CoPa
2022-11-07 09:06:10: Selected columns:
Core.AgeAtExam, Core.EDSS, Core.DiseaseDuration, Core.DiseaseCourse, Core.MSSS, Patient.AgeOfOnset, Patient.Gender
2022-11-07 09:06:10: Already run predictor 'GLM' on group 'CoPa', skipping...
2022-11-07 09:06:10: Already run predictor 'RF' on group 'CoPa', skipping...
2022-11-07 09:06:10: Already run predictor 'RF2' on group 'CoPa', skipping...
2022-11-07 09:06:10: Already run predictor 'RF3' on group 'CoPa', skipping...
2022-11-07 09:06:10: Already run predictor 'RFO' on group 'CoPa', skipping...
2022-11-07 09:06:10: Already run predictor 'RP' on group 'CoPa', skipping...
2022-11-07 09:06:10: Already run predictor 'SVM' on group 'CoPa', skipping...
2022-11-07 09:06:10: Already run predictor 'NB' on group 'CoPa', skipping...
2022-11-07 09:06:10: Already run predictor 'KNN' on group 'CoPa', skipping...
2022-11-07 09:06:10: Already run predictor 'KNNC' on group 'CoPa', skipping...
2022-11-07 09:06:10: Running predictor 'XGB' for group 'CoPa'.
2022-11-07 09:06:10: CV num 1:
Warning: closing unused connection 7 (RunData/Subj-3-2-1914_2022-08-22_10-53/logs/run_2022-11-06_23-17_229.log)
