2022-11-06 23:17:44: ###### Treating group of Categories: ClFS
2022-11-06 23:17:44: Selected columns:
Clinical.ATM, Clinical.OpticNeuritis, Clinical.INO, Clinical.MotorWeakness, Clinical.SensoryDisturbance, Clinical.Ataxia, Clinical.BladderDisturbance, Clinical.BowelDisturbance, Clinical.Myelopathy, Clinical.CogDisturbance, Clinical.VisualLoss, FSSs.Visual, FSSs.Brainstem, FSSs.Pyramidal, FSSs.Cerebellar, FSSs.Sensory, FSSs.Bowel, FSSs.Mental
2022-11-06 23:17:44: Already run predictor 'GLM' on group 'ClFS', skipping...
2022-11-06 23:17:44: Already run predictor 'RF' on group 'ClFS', skipping...
2022-11-06 23:17:44: Already run predictor 'RF2' on group 'ClFS', skipping...
2022-11-06 23:17:44: Already run predictor 'RF3' on group 'ClFS', skipping...
2022-11-06 23:17:44: Already run predictor 'RFO' on group 'ClFS', skipping...
2022-11-06 23:17:44: Already run predictor 'RP' on group 'ClFS', skipping...
2022-11-06 23:17:44: Already run predictor 'SVM' on group 'ClFS', skipping...
2022-11-06 23:17:44: Already run predictor 'NB' on group 'ClFS', skipping...
2022-11-06 23:17:44: Already run predictor 'KNN' on group 'ClFS', skipping...
2022-11-06 23:17:44: Already run predictor 'KNNC' on group 'ClFS', skipping...
2022-11-06 23:17:44: Running predictor 'XGB' for group 'ClFS'.
2022-11-06 23:17:44: CV num 1:
Loading required package: xgboost

Attaching package: ‘xgboost’

The following object is masked from ‘package:dplyr’:

    slice

Loading required package: lattice
Loading required package: ggplot2

2022-11-07 00:50:51: XGB for groups Clinical - FSSs                     ( 18 features) -> best nrounds: 50  / eta 0.05 / max_depth 2 [perf: 0.667]
2022-11-07 00:50:52: ERROR running train/test for predictor 'XGB' and group 'ClFS': 
 length(res) == sum(foldIdx == i) is not TRUE
TRACEBACK:
1: run(X, Y, pred, FIs)
2: stopifnot(length(res) == sum(foldIdx == i)) at Code/Helpers/CVer.R:151
3: stop(sprintf(ngettext(length(r), "%s is not TRUE", "%s are not all TRUE"), ch), call. = FALSE, 
     domain = NA)
Error : length(res) == sum(foldIdx == i) is not TRUE
2022-11-07 00:50:52: ## Ran group 'ClFS' in 93.13 minutes.

2022-11-07 00:50:52: ###### Treating group of Categories: ClMR
2022-11-07 00:50:52: Selected columns:
Clinical.ATM, Clinical.OpticNeuritis, Clinical.INO, Clinical.MotorWeakness, Clinical.SensoryDisturbance, Clinical.Ataxia, Clinical.BladderDisturbance, Clinical.BowelDisturbance, Clinical.Myelopathy, Clinical.CogDisturbance, Clinical.VisualLoss, MRI.CE_Lesion, MRI.GM_Volume, MRI.Siena_PBVC
2022-11-07 00:50:52: Already run predictor 'GLM' on group 'ClMR', skipping...
2022-11-07 00:50:52: Already run predictor 'RF' on group 'ClMR', skipping...
2022-11-07 00:50:52: Already run predictor 'RF2' on group 'ClMR', skipping...
2022-11-07 00:50:52: Already run predictor 'RF3' on group 'ClMR', skipping...
2022-11-07 00:50:52: Already run predictor 'RFO' on group 'ClMR', skipping...
2022-11-07 00:50:52: Already run predictor 'RP' on group 'ClMR', skipping...
2022-11-07 00:50:52: Already run predictor 'SVM' on group 'ClMR', skipping...
2022-11-07 00:50:52: Already run predictor 'NB' on group 'ClMR', skipping...
2022-11-07 00:50:52: Already run predictor 'KNN' on group 'ClMR', skipping...
2022-11-07 00:50:52: Already run predictor 'KNNC' on group 'ClMR', skipping...
2022-11-07 00:50:52: Running predictor 'XGB' for group 'ClMR'.
2022-11-07 00:50:52: CV num 1:
Warning: closing unused connection 5 (RunData/Subj-3-2-1914_2022-08-22_10-53/logs/run_2022-11-06_23-17_242.log)

2022-11-07 02:16:14: XGB for groups Clinical - MRI                      ( 14 features) -> best nrounds: 40  / eta 0.10 / max_depth 1 [perf: 0.535]
2022-11-07 02:16:15: ERROR running train/test for predictor 'XGB' and group 'ClMR': 
 length(res) == sum(foldIdx == i) is not TRUE
TRACEBACK:
1: run(X, Y, pred, FIs)
2: stopifnot(length(res) == sum(foldIdx == i)) at Code/Helpers/CVer.R:151
3: stop(sprintf(ngettext(length(r), "%s is not TRUE", "%s are not all TRUE"), ch), call. = FALSE, 
     domain = NA)
Error : length(res) == sum(foldIdx == i) is not TRUE
2022-11-07 02:16:15: ## Ran group 'ClMR' in 85.38 minutes.

2022-11-07 02:16:15: ###### Treating group of Categories: ClQO
2022-11-07 02:16:15: Selected columns:
Clinical.ATM, Clinical.OpticNeuritis, Clinical.INO, Clinical.MotorWeakness, Clinical.SensoryDisturbance, Clinical.Ataxia, Clinical.BladderDisturbance, Clinical.BowelDisturbance, Clinical.Myelopathy, Clinical.CogDisturbance, Clinical.VisualLoss, QOL.LackFocus, QOL.LackEnergy, QOL.PsychoDown, QOL.RelativePain, QOL.NotEnjoyLife
2022-11-07 02:16:15: Already run predictor 'GLM' on group 'ClQO', skipping...
2022-11-07 02:16:15: Already run predictor 'RF' on group 'ClQO', skipping...
2022-11-07 02:16:15: Already run predictor 'RF2' on group 'ClQO', skipping...
2022-11-07 02:16:15: Already run predictor 'RF3' on group 'ClQO', skipping...
2022-11-07 02:16:15: Already run predictor 'RFO' on group 'ClQO', skipping...
2022-11-07 02:16:15: Already run predictor 'RP' on group 'ClQO', skipping...
2022-11-07 02:16:15: Already run predictor 'SVM' on group 'ClQO', skipping...
2022-11-07 02:16:15: Already run predictor 'NB' on group 'ClQO', skipping...
2022-11-07 02:16:15: Already run predictor 'KNN' on group 'ClQO', skipping...
2022-11-07 02:16:15: Already run predictor 'KNNC' on group 'ClQO', skipping...
2022-11-07 02:16:15: Running predictor 'XGB' for group 'ClQO'.
2022-11-07 02:16:15: CV num 1:
Warning: closing unused connection 7 (RunData/Subj-3-2-1914_2022-08-22_10-53/logs/run_2022-11-06_23-17_242.log)

2022-11-07 03:59:22: XGB for groups Clinical - QOL                      ( 16 features) -> best nrounds: 40  / eta 0.05 / max_depth 2 [perf: 0.532]
2022-11-07 03:59:22: ERROR running train/test for predictor 'XGB' and group 'ClQO': 
 length(res) == sum(foldIdx == i) is not TRUE
TRACEBACK:
1: run(X, Y, pred, FIs)
2: stopifnot(length(res) == sum(foldIdx == i)) at Code/Helpers/CVer.R:151
3: stop(sprintf(ngettext(length(r), "%s is not TRUE", "%s are not all TRUE"), ch), call. = FALSE, 
     domain = NA)
Error : length(res) == sum(foldIdx == i) is not TRUE
2022-11-07 03:59:22: ## Ran group 'ClQO' in 103.13 minutes.

2022-11-07 03:59:22: ###### Treating group of Categories: ClCoMR
2022-11-07 03:59:22: Selected columns:
Clinical.ATM, Clinical.OpticNeuritis, Clinical.INO, Clinical.MotorWeakness, Clinical.SensoryDisturbance, Clinical.Ataxia, Clinical.BladderDisturbance, Clinical.BowelDisturbance, Clinical.Myelopathy, Clinical.CogDisturbance, Clinical.VisualLoss, Core.AgeAtExam, Core.EDSS, Core.DiseaseDuration, Core.DiseaseCourse, Core.MSSS, MRI.CE_Lesion, MRI.GM_Volume, MRI.Siena_PBVC
2022-11-07 03:59:22: Already run predictor 'GLM' on group 'ClCoMR', skipping...
2022-11-07 03:59:22: Already run predictor 'RF' on group 'ClCoMR', skipping...
2022-11-07 03:59:22: Already run predictor 'RF2' on group 'ClCoMR', skipping...
2022-11-07 03:59:22: Already run predictor 'RF3' on group 'ClCoMR', skipping...
2022-11-07 03:59:22: Already run predictor 'RFO' on group 'ClCoMR', skipping...
2022-11-07 03:59:22: Already run predictor 'RP' on group 'ClCoMR', skipping...
2022-11-07 03:59:22: Already run predictor 'SVM' on group 'ClCoMR', skipping...
2022-11-07 03:59:22: Already run predictor 'NB' on group 'ClCoMR', skipping...
2022-11-07 03:59:22: Already run predictor 'KNN' on group 'ClCoMR', skipping...
2022-11-07 03:59:22: Already run predictor 'KNNC' on group 'ClCoMR', skipping...
2022-11-07 03:59:22: Running predictor 'XGB' for group 'ClCoMR'.
2022-11-07 03:59:22: CV num 1:
Warning: closing unused connection 5 (RunData/Subj-3-2-1914_2022-08-22_10-53/logs/run_2022-11-06_23-17_242.log)

2022-11-07 05:38:29: XGB for groups Clinical - Core - MRI               ( 19 features) -> best nrounds: 150  / eta 0.10 / max_depth 1 [perf: 0.717]
2022-11-07 05:38:29: ERROR running train/test for predictor 'XGB' and group 'ClCoMR': 
 length(res) == sum(foldIdx == i) is not TRUE
TRACEBACK:
1: run(X, Y, pred, FIs)
2: stopifnot(length(res) == sum(foldIdx == i)) at Code/Helpers/CVer.R:151
3: stop(sprintf(ngettext(length(r), "%s is not TRUE", "%s are not all TRUE"), ch), call. = FALSE, 
     domain = NA)
Error : length(res) == sum(foldIdx == i) is not TRUE
2022-11-07 05:38:29: ## Ran group 'ClCoMR' in 99.10 minutes.

2022-11-07 05:38:29: ###### Treating group of Categories: ClCoPa
2022-11-07 05:38:29: Selected columns:
Clinical.ATM, Clinical.OpticNeuritis, Clinical.INO, Clinical.MotorWeakness, Clinical.SensoryDisturbance, Clinical.Ataxia, Clinical.BladderDisturbance, Clinical.BowelDisturbance, Clinical.Myelopathy, Clinical.CogDisturbance, Clinical.VisualLoss, Core.AgeAtExam, Core.EDSS, Core.DiseaseDuration, Core.DiseaseCourse, Core.MSSS, Patient.AgeOfOnset, Patient.Gender
2022-11-07 05:38:29: Already run predictor 'GLM' on group 'ClCoPa', skipping...
2022-11-07 05:38:29: Already run predictor 'RF' on group 'ClCoPa', skipping...
2022-11-07 05:38:29: Already run predictor 'RF2' on group 'ClCoPa', skipping...
2022-11-07 05:38:29: Already run predictor 'RF3' on group 'ClCoPa', skipping...
2022-11-07 05:38:29: Already run predictor 'RFO' on group 'ClCoPa', skipping...
2022-11-07 05:38:29: Already run predictor 'RP' on group 'ClCoPa', skipping...
2022-11-07 05:38:29: Already run predictor 'SVM' on group 'ClCoPa', skipping...
2022-11-07 05:38:29: Already run predictor 'NB' on group 'ClCoPa', skipping...
2022-11-07 05:38:29: Already run predictor 'KNN' on group 'ClCoPa', skipping...
2022-11-07 05:38:29: Already run predictor 'KNNC' on group 'ClCoPa', skipping...
2022-11-07 05:38:29: Running predictor 'XGB' for group 'ClCoPa'.
2022-11-07 05:38:29: CV num 1:
Warning: closing unused connection 7 (RunData/Subj-3-2-1914_2022-08-22_10-53/logs/run_2022-11-06_23-17_242.log)

2022-11-07 07:34:51: XGB for groups Clinical - Core - Patient           ( 18 features) -> best nrounds: 150  / eta 0.10 / max_depth 1 [perf: 0.719]
2022-11-07 07:34:51: ERROR running train/test for predictor 'XGB' and group 'ClCoPa': 
 length(res) == sum(foldIdx == i) is not TRUE
TRACEBACK:
1: run(X, Y, pred, FIs)
2: stopifnot(length(res) == sum(foldIdx == i)) at Code/Helpers/CVer.R:151
3: stop(sprintf(ngettext(length(r), "%s is not TRUE", "%s are not all TRUE"), ch), call. = FALSE, 
     domain = NA)
Error : length(res) == sum(foldIdx == i) is not TRUE
2022-11-07 07:34:51: ## Ran group 'ClCoPa' in 116.38 minutes.

2022-11-07 07:34:51: ###### Treating group of Categories: CoLi
2022-11-07 07:34:51: Selected columns:
Core.AgeAtExam, Core.EDSS, Core.DiseaseDuration, Core.DiseaseCourse, Core.MSSS, Life.CaffeineFreq, Life.MemoryConcerns, Life.Smoking
2022-11-07 07:34:51: Already run predictor 'GLM' on group 'CoLi', skipping...
2022-11-07 07:34:51: Already run predictor 'RF' on group 'CoLi', skipping...
2022-11-07 07:34:51: Already run predictor 'RF2' on group 'CoLi', skipping...
2022-11-07 07:34:51: Already run predictor 'RF3' on group 'CoLi', skipping...
2022-11-07 07:34:51: Already run predictor 'RFO' on group 'CoLi', skipping...
2022-11-07 07:34:51: Already run predictor 'RP' on group 'CoLi', skipping...
2022-11-07 07:34:51: Already run predictor 'SVM' on group 'CoLi', skipping...
2022-11-07 07:34:51: Already run predictor 'NB' on group 'CoLi', skipping...
2022-11-07 07:34:51: Already run predictor 'KNN' on group 'CoLi', skipping...
2022-11-07 07:34:51: Already run predictor 'KNNC' on group 'CoLi', skipping...
2022-11-07 07:34:51: Running predictor 'XGB' for group 'CoLi'.
2022-11-07 07:34:51: CV num 1:
Warning: closing unused connection 5 (RunData/Subj-3-2-1914_2022-08-22_10-53/logs/run_2022-11-06_23-17_242.log)

2022-11-07 08:48:24: XGB for groups Core - Life                         (  8 features) -> best nrounds: 150  / eta 0.10 / max_depth 1 [perf: 0.703]
2022-11-07 08:48:24: ERROR running train/test for predictor 'XGB' and group 'CoLi': 
 length(res) == sum(foldIdx == i) is not TRUE
TRACEBACK:
1: run(X, Y, pred, FIs)
2: stopifnot(length(res) == sum(foldIdx == i)) at Code/Helpers/CVer.R:151
3: stop(sprintf(ngettext(length(r), "%s is not TRUE", "%s are not all TRUE"), ch), call. = FALSE, 
     domain = NA)
Error : length(res) == sum(foldIdx == i) is not TRUE
2022-11-07 08:48:24: ## Ran group 'CoLi' in 73.54 minutes.

2022-11-07 08:48:24: ###### Treating group of Categories: CoMR
2022-11-07 08:48:24: Selected columns:
Core.AgeAtExam, Core.EDSS, Core.DiseaseDuration, Core.DiseaseCourse, Core.MSSS, MRI.CE_Lesion, MRI.GM_Volume, MRI.Siena_PBVC
2022-11-07 08:48:24: Already run predictor 'GLM' on group 'CoMR', skipping...
2022-11-07 08:48:24: Already run predictor 'RF' on group 'CoMR', skipping...
2022-11-07 08:48:24: Already run predictor 'RF2' on group 'CoMR', skipping...
2022-11-07 08:48:24: Already run predictor 'RF3' on group 'CoMR', skipping...
2022-11-07 08:48:24: Already run predictor 'RFO' on group 'CoMR', skipping...
2022-11-07 08:48:24: Already run predictor 'RP' on group 'CoMR', skipping...
2022-11-07 08:48:24: Already run predictor 'SVM' on group 'CoMR', skipping...
2022-11-07 08:48:24: Already run predictor 'NB' on group 'CoMR', skipping...
2022-11-07 08:48:24: Already run predictor 'KNN' on group 'CoMR', skipping...
2022-11-07 08:48:24: Already run predictor 'KNNC' on group 'CoMR', skipping...
2022-11-07 08:48:24: Running predictor 'XGB' for group 'CoMR'.
2022-11-07 08:48:24: CV num 1:
