2022-10-17 23:15:39: ###### Treating group of Categories: ClTr
2022-10-17 23:15:39: Selected columns:
Clinical.ATM, Clinical.OpticNeuritis, Clinical.INO, Clinical.MotorWeakness, Clinical.SensoryDisturbance, Clinical.Ataxia, Clinical.BladderDisturbance, Clinical.BowelDisturbance, Clinical.Myelopathy, Clinical.CogDisturbance, Clinical.VisualLoss, Treatments.nDMT, Treatments.hasIM, Treatments.hasIS, Treatments.hasMA, Treatments.DMTcategory
2022-10-17 23:15:39: Already run predictor 'GLM' on group 'ClTr', skipping...
2022-10-17 23:15:39: Already run predictor 'RF' on group 'ClTr', skipping...
2022-10-17 23:15:39: Already run predictor 'RF2' on group 'ClTr', skipping...
2022-10-17 23:15:39: Already run predictor 'RF3' on group 'ClTr', skipping...
2022-10-17 23:15:39: Already run predictor 'RFO' on group 'ClTr', skipping...
2022-10-17 23:15:39: Already run predictor 'RP' on group 'ClTr', skipping...
2022-10-17 23:15:39: Already run predictor 'SVM' on group 'ClTr', skipping...
2022-10-17 23:15:39: Already run predictor 'NB' on group 'ClTr', skipping...
2022-10-17 23:15:39: Already run predictor 'KNN' on group 'ClTr', skipping...
2022-10-17 23:15:39: Already run predictor 'KNNC' on group 'ClTr', skipping...
2022-10-17 23:15:39: Running predictor 'XGB' for group 'ClTr'.
2022-10-17 23:15:39: CV num 1:
Loading required package: xgboost

Attaching package: ‘xgboost’

The following object is masked from ‘package:dplyr’:

    slice

Loading required package: plyr
------------------------------------------------------------------------------
You have loaded plyr after dplyr - this is likely to cause problems.
If you need functions from both plyr and dplyr, please load plyr first, then dplyr:
library(plyr); library(dplyr)
------------------------------------------------------------------------------

Attaching package: ‘plyr’

The following objects are masked from ‘package:dplyr’:

    arrange, count, desc, failwith, id, mutate, rename, summarise,
    summarize

Error in train.default(Xtrain, factor(Ytrain), method = "xgbTree", trControl = trControl,  : 
  object 'trControl' not found
2022-10-17 23:15:48: ## Ran group 'ClTr' in 0.15 minutes.

2022-10-17 23:15:48: ###### Treating group of Categories: CoFSMR
2022-10-17 23:15:48: Selected columns:
Core.AgeAtExam, Core.EDSS, Core.DiseaseDuration, Core.DiseaseCourse, Core.MSSS, FSSs.Visual, FSSs.Brainstem, FSSs.Pyramidal, FSSs.Cerebellar, FSSs.Sensory, FSSs.Bowel, FSSs.Mental, MRI.CE_Lesion, MRI.GM_Volume, MRI.Siena_PBVC
2022-10-17 23:15:48: Already run predictor 'GLM' on group 'CoFSMR', skipping...
2022-10-17 23:15:48: Already run predictor 'RF' on group 'CoFSMR', skipping...
2022-10-17 23:15:48: Already run predictor 'RF2' on group 'CoFSMR', skipping...
2022-10-17 23:15:48: Already run predictor 'RF3' on group 'CoFSMR', skipping...
2022-10-17 23:15:48: Already run predictor 'RFO' on group 'CoFSMR', skipping...
2022-10-17 23:15:48: Already run predictor 'RP' on group 'CoFSMR', skipping...
2022-10-17 23:15:48: Already run predictor 'SVM' on group 'CoFSMR', skipping...
2022-10-17 23:15:48: Already run predictor 'NB' on group 'CoFSMR', skipping...
2022-10-17 23:15:48: Already run predictor 'KNN' on group 'CoFSMR', skipping...
2022-10-17 23:15:48: Already run predictor 'KNNC' on group 'CoFSMR', skipping...
2022-10-17 23:15:48: Running predictor 'XGB' for group 'CoFSMR'.
2022-10-17 23:15:48: CV num 1:
Error in train.default(Xtrain, factor(Ytrain), method = "xgbTree", trControl = trControl,  : 
  object 'trControl' not found
2022-10-17 23:15:48: ## Ran group 'CoFSMR' in 0.00 minutes.

2022-10-17 23:15:48: ###### Treating group of Categories: CoMSPa
2022-10-17 23:15:48: Selected columns:
Core.AgeAtExam, Core.EDSS, Core.DiseaseDuration, Core.DiseaseCourse, Core.MSSS, MSFC.T25FW, MSFC.NHPT, Patient.AgeOfOnset, Patient.Gender
2022-10-17 23:15:48: Already run predictor 'GLM' on group 'CoMSPa', skipping...
2022-10-17 23:15:48: Already run predictor 'RF' on group 'CoMSPa', skipping...
2022-10-17 23:15:48: Already run predictor 'RF2' on group 'CoMSPa', skipping...
2022-10-17 23:15:48: Already run predictor 'RF3' on group 'CoMSPa', skipping...
2022-10-17 23:15:48: Already run predictor 'RFO' on group 'CoMSPa', skipping...
2022-10-17 23:15:48: Already run predictor 'RP' on group 'CoMSPa', skipping...
2022-10-17 23:15:48: Already run predictor 'SVM' on group 'CoMSPa', skipping...
2022-10-17 23:15:48: Already run predictor 'NB' on group 'CoMSPa', skipping...
2022-10-17 23:15:48: Already run predictor 'KNN' on group 'CoMSPa', skipping...
2022-10-17 23:15:48: Already run predictor 'KNNC' on group 'CoMSPa', skipping...
2022-10-17 23:15:48: Running predictor 'XGB' for group 'CoMSPa'.
2022-10-17 23:15:48: CV num 1:
Error in train.default(Xtrain, factor(Ytrain), method = "xgbTree", trControl = trControl,  : 
  object 'trControl' not found
2022-10-17 23:15:48: ## Ran group 'CoMSPa' in 0.00 minutes.

2022-10-17 23:15:48: ###### Treating group of Categories: FSMS
2022-10-17 23:15:48: Selected columns:
FSSs.Visual, FSSs.Brainstem, FSSs.Pyramidal, FSSs.Cerebellar, FSSs.Sensory, FSSs.Bowel, FSSs.Mental, MSFC.T25FW, MSFC.NHPT
2022-10-17 23:15:48: Already run predictor 'GLM' on group 'FSMS', skipping...
2022-10-17 23:15:48: Already run predictor 'RF' on group 'FSMS', skipping...
2022-10-17 23:15:48: Already run predictor 'RF2' on group 'FSMS', skipping...
2022-10-17 23:15:48: Already run predictor 'RF3' on group 'FSMS', skipping...
2022-10-17 23:15:48: Already run predictor 'RFO' on group 'FSMS', skipping...
2022-10-17 23:15:48: Already run predictor 'RP' on group 'FSMS', skipping...
2022-10-17 23:15:48: Already run predictor 'SVM' on group 'FSMS', skipping...
2022-10-17 23:15:48: Already run predictor 'NB' on group 'FSMS', skipping...
2022-10-17 23:15:48: Already run predictor 'KNN' on group 'FSMS', skipping...
2022-10-17 23:15:48: Already run predictor 'KNNC' on group 'FSMS', skipping...
2022-10-17 23:15:48: Running predictor 'XGB' for group 'FSMS'.
2022-10-17 23:15:48: CV num 1:
Error in train.default(Xtrain, factor(Ytrain), method = "xgbTree", trControl = trControl,  : 
  object 'trControl' not found
2022-10-17 23:15:48: ## Ran group 'FSMS' in 0.01 minutes.

2022-10-17 23:15:48: ###### Treating group of Categories: MR
2022-10-17 23:15:48: Selected columns:
MRI.CE_Lesion, MRI.GM_Volume, MRI.Siena_PBVC
2022-10-17 23:15:48: Already run predictor 'GLM' on group 'MR', skipping...
2022-10-17 23:15:48: Already run predictor 'RF' on group 'MR', skipping...
2022-10-17 23:15:49: Already run predictor 'RF2' on group 'MR', skipping...
2022-10-17 23:15:49: Already run predictor 'RF3' on group 'MR', skipping...
2022-10-17 23:15:49: Already run predictor 'RFO' on group 'MR', skipping...
2022-10-17 23:15:49: Already run predictor 'RP' on group 'MR', skipping...
2022-10-17 23:15:49: Already run predictor 'SVM' on group 'MR', skipping...
2022-10-17 23:15:49: Already run predictor 'NB' on group 'MR', skipping...
2022-10-17 23:15:49: Already run predictor 'KNN' on group 'MR', skipping...
2022-10-17 23:15:49: Already run predictor 'KNNC' on group 'MR', skipping...
2022-10-17 23:15:49: Running predictor 'XGB' for group 'MR'.
2022-10-17 23:15:49: CV num 1:
Error in train.default(Xtrain, factor(Ytrain), method = "xgbTree", trControl = trControl,  : 
  object 'trControl' not found
2022-10-17 23:15:49: ## Ran group 'MR' in 0.00 minutes.

2022-10-17 23:15:49: ###### Treating group of Categories: PaQO
2022-10-17 23:15:49: Selected columns:
Patient.AgeOfOnset, Patient.Gender, QOL.LackFocus, QOL.LackEnergy, QOL.PsychoDown, QOL.RelativePain, QOL.NotEnjoyLife
2022-10-17 23:15:49: Already run predictor 'GLM' on group 'PaQO', skipping...
2022-10-17 23:15:49: Already run predictor 'RF' on group 'PaQO', skipping...
2022-10-17 23:15:49: Already run predictor 'RF2' on group 'PaQO', skipping...
2022-10-17 23:15:49: Already run predictor 'RF3' on group 'PaQO', skipping...
2022-10-17 23:15:49: Already run predictor 'RFO' on group 'PaQO', skipping...
2022-10-17 23:15:49: Already run predictor 'RP' on group 'PaQO', skipping...
2022-10-17 23:15:49: Already run predictor 'SVM' on group 'PaQO', skipping...
2022-10-17 23:15:49: Already run predictor 'NB' on group 'PaQO', skipping...
2022-10-17 23:15:49: Already run predictor 'KNN' on group 'PaQO', skipping...
2022-10-17 23:15:49: Already run predictor 'KNNC' on group 'PaQO', skipping...
2022-10-17 23:15:49: Running predictor 'XGB' for group 'PaQO'.
2022-10-17 23:15:49: CV num 1:
Error in train.default(Xtrain, factor(Ytrain), method = "xgbTree", trControl = trControl,  : 
  object 'trControl' not found
2022-10-17 23:15:49: ## Ran group 'PaQO' in 0.01 minutes.

