2022-09-05 16:06:34: ###### Treating group of Categories: ClCo
2022-09-05 16:06:34: Selected columns:
Clinical.ATM, Clinical.OpticNeuritis, Clinical.INO, Clinical.MotorWeakness, Clinical.SensoryDisturbance, Clinical.Ataxia, Clinical.BladderDisturbance, Clinical.BowelDisturbance, Clinical.Myelopathy, Clinical.CogDisturbance, Clinical.VisualLoss, Core.AgeAtExam, Core.EDSS, Core.DiseaseDuration, Core.DiseaseCourse, Core.MSSS
2022-09-05 16:06:34: Already run predictor 'GLM' on group 'ClCo', skipping...
2022-09-05 16:06:34: Already run predictor 'RF' on group 'ClCo', skipping...
2022-09-05 16:06:34: Already run predictor 'RF2' on group 'ClCo', skipping...
2022-09-05 16:06:34: Already run predictor 'RF3' on group 'ClCo', skipping...
2022-09-05 16:06:34: Already run predictor 'RFO' on group 'ClCo', skipping...
2022-09-05 16:06:34: Already run predictor 'RP' on group 'ClCo', skipping...
2022-09-05 16:06:34: Already run predictor 'SVM' on group 'ClCo', skipping...
2022-09-05 16:06:34: Already run predictor 'NB' on group 'ClCo', skipping...
2022-09-05 16:06:34: Already run predictor 'KNN' on group 'ClCo', skipping...
2022-09-05 16:06:34: Already run predictor 'KNNC' on group 'ClCo', skipping...
2022-09-05 16:06:34: ## Ran group 'ClCo' in 0.00 minutes.

2022-09-05 16:06:34: ###### Treating group of Categories: ClCoMR
2022-09-05 16:06:34: Selected columns:
Clinical.ATM, Clinical.OpticNeuritis, Clinical.INO, Clinical.MotorWeakness, Clinical.SensoryDisturbance, Clinical.Ataxia, Clinical.BladderDisturbance, Clinical.BowelDisturbance, Clinical.Myelopathy, Clinical.CogDisturbance, Clinical.VisualLoss, Core.AgeAtExam, Core.EDSS, Core.DiseaseDuration, Core.DiseaseCourse, Core.MSSS, MRI.CE_Lesion, MRI.GM_Volume, MRI.Siena_PBVC
2022-09-05 16:06:34: Already run predictor 'GLM' on group 'ClCoMR', skipping...
2022-09-05 16:06:34: Already run predictor 'RF' on group 'ClCoMR', skipping...
2022-09-05 16:06:34: Already run predictor 'RF2' on group 'ClCoMR', skipping...
2022-09-05 16:06:34: Already run predictor 'RF3' on group 'ClCoMR', skipping...
2022-09-05 16:06:34: Already run predictor 'RFO' on group 'ClCoMR', skipping...
2022-09-05 16:06:34: Already run predictor 'RP' on group 'ClCoMR', skipping...
2022-09-05 16:06:34: Already run predictor 'SVM' on group 'ClCoMR', skipping...
2022-09-05 16:06:34: Already run predictor 'NB' on group 'ClCoMR', skipping...
2022-09-05 16:06:34: Already run predictor 'KNN' on group 'ClCoMR', skipping...
2022-09-05 16:06:34: Already run predictor 'KNNC' on group 'ClCoMR', skipping...
2022-09-05 16:06:34: ## Ran group 'ClCoMR' in 0.00 minutes.

2022-09-05 16:06:34: ###### Treating group of Categories: CoMR
2022-09-05 16:06:34: Selected columns:
Core.AgeAtExam, Core.EDSS, Core.DiseaseDuration, Core.DiseaseCourse, Core.MSSS, MRI.CE_Lesion, MRI.GM_Volume, MRI.Siena_PBVC
2022-09-05 16:06:34: Already run predictor 'GLM' on group 'CoMR', skipping...
2022-09-05 16:06:34: Already run predictor 'RF' on group 'CoMR', skipping...
2022-09-05 16:06:34: Already run predictor 'RF2' on group 'CoMR', skipping...
2022-09-05 16:06:34: Already run predictor 'RF3' on group 'CoMR', skipping...
2022-09-05 16:06:34: Already run predictor 'RFO' on group 'CoMR', skipping...
2022-09-05 16:06:34: Already run predictor 'RP' on group 'CoMR', skipping...
2022-09-05 16:06:34: Already run predictor 'SVM' on group 'CoMR', skipping...
2022-09-05 16:06:34: Already run predictor 'NB' on group 'CoMR', skipping...
2022-09-05 16:06:34: Already run predictor 'KNN' on group 'CoMR', skipping...
2022-09-05 16:06:34: Already run predictor 'KNNC' on group 'CoMR', skipping...
2022-09-05 16:06:34: ## Ran group 'CoMR' in 0.00 minutes.

2022-09-05 16:06:34: ###### Treating group of Categories: CoFSMS
2022-09-05 16:06:34: Selected columns:
Core.AgeAtExam, Core.EDSS, Core.DiseaseDuration, Core.DiseaseCourse, Core.MSSS, FSSs.Visual, FSSs.Brainstem, FSSs.Pyramidal, FSSs.Cerebellar, FSSs.Sensory, FSSs.Bowel, FSSs.Mental, MSFC.T25FW, MSFC.NHPT
2022-09-05 16:06:34: Already run predictor 'GLM' on group 'CoFSMS', skipping...
2022-09-05 16:06:34: Already run predictor 'RF' on group 'CoFSMS', skipping...
2022-09-05 16:06:34: Already run predictor 'RF2' on group 'CoFSMS', skipping...
2022-09-05 16:06:34: Already run predictor 'RF3' on group 'CoFSMS', skipping...
2022-09-05 16:06:34: Already run predictor 'RFO' on group 'CoFSMS', skipping...
2022-09-05 16:06:34: Already run predictor 'RP' on group 'CoFSMS', skipping...
2022-09-05 16:06:34: Already run predictor 'SVM' on group 'CoFSMS', skipping...
2022-09-05 16:06:34: Already run predictor 'NB' on group 'CoFSMS', skipping...
2022-09-05 16:06:34: Already run predictor 'KNN' on group 'CoFSMS', skipping...
2022-09-05 16:06:34: Already run predictor 'KNNC' on group 'CoFSMS', skipping...
2022-09-05 16:06:34: ## Ran group 'CoFSMS' in 0.00 minutes.

2022-09-05 16:06:34: ###### Treating group of Categories: CoLiMR
2022-09-05 16:06:34: Selected columns:
Core.AgeAtExam, Core.EDSS, Core.DiseaseDuration, Core.DiseaseCourse, Core.MSSS, Life.CaffeineFreq, Life.MemoryConcerns, Life.Smoking, MRI.CE_Lesion, MRI.GM_Volume, MRI.Siena_PBVC
2022-09-05 16:06:34: Already run predictor 'GLM' on group 'CoLiMR', skipping...
2022-09-05 16:06:34: Already run predictor 'RF' on group 'CoLiMR', skipping...
2022-09-05 16:06:34: Already run predictor 'RF2' on group 'CoLiMR', skipping...
2022-09-05 16:06:34: Already run predictor 'RF3' on group 'CoLiMR', skipping...
2022-09-05 16:06:34: Already run predictor 'RFO' on group 'CoLiMR', skipping...
2022-09-05 16:06:34: Already run predictor 'RP' on group 'CoLiMR', skipping...
2022-09-05 16:06:34: Already run predictor 'SVM' on group 'CoLiMR', skipping...
2022-09-05 16:06:35: Already run predictor 'NB' on group 'CoLiMR', skipping...
2022-09-05 16:06:35: Already run predictor 'KNN' on group 'CoLiMR', skipping...
2022-09-05 16:06:35: Already run predictor 'KNNC' on group 'CoLiMR', skipping...
2022-09-05 16:06:35: ## Ran group 'CoLiMR' in 0.00 minutes.

2022-09-05 16:06:35: ###### Treating group of Categories: CoMRPa
2022-09-05 16:06:35: Selected columns:
Core.AgeAtExam, Core.EDSS, Core.DiseaseDuration, Core.DiseaseCourse, Core.MSSS, MRI.CE_Lesion, MRI.GM_Volume, MRI.Siena_PBVC, Patient.AgeOfOnset, Patient.Gender
2022-09-05 16:06:35: Already run predictor 'GLM' on group 'CoMRPa', skipping...
2022-09-05 16:06:35: Already run predictor 'RF' on group 'CoMRPa', skipping...
2022-09-05 16:06:35: Already run predictor 'RF2' on group 'CoMRPa', skipping...
2022-09-05 16:06:35: Already run predictor 'RF3' on group 'CoMRPa', skipping...
2022-09-05 16:06:35: Already run predictor 'RFO' on group 'CoMRPa', skipping...
2022-09-05 16:06:35: Already run predictor 'RP' on group 'CoMRPa', skipping...
2022-09-05 16:06:35: Already run predictor 'SVM' on group 'CoMRPa', skipping...
2022-09-05 16:06:35: Already run predictor 'NB' on group 'CoMRPa', skipping...
2022-09-05 16:06:35: Already run predictor 'KNN' on group 'CoMRPa', skipping...
2022-09-05 16:06:35: Already run predictor 'KNNC' on group 'CoMRPa', skipping...
2022-09-05 16:06:35: ## Ran group 'CoMRPa' in 0.00 minutes.

2022-09-05 16:06:35: ###### Treating group of Categories: CoMSQO
2022-09-05 16:06:35: Selected columns:
Core.AgeAtExam, Core.EDSS, Core.DiseaseDuration, Core.DiseaseCourse, Core.MSSS, MSFC.T25FW, MSFC.NHPT, QOL.LackFocus, QOL.LackEnergy, QOL.PsychoDown, QOL.RelativePain, QOL.NotEnjoyLife
2022-09-05 16:06:35: Already run predictor 'GLM' on group 'CoMSQO', skipping...
2022-09-05 16:06:35: Already run predictor 'RF' on group 'CoMSQO', skipping...
2022-09-05 16:06:35: Already run predictor 'RF2' on group 'CoMSQO', skipping...
2022-09-05 16:06:35: Already run predictor 'RF3' on group 'CoMSQO', skipping...
2022-09-05 16:06:35: Already run predictor 'RFO' on group 'CoMSQO', skipping...
2022-09-05 16:06:35: Already run predictor 'RP' on group 'CoMSQO', skipping...
2022-09-05 16:06:35: Already run predictor 'SVM' on group 'CoMSQO', skipping...
2022-09-05 16:06:35: Already run predictor 'NB' on group 'CoMSQO', skipping...
2022-09-05 16:06:35: Already run predictor 'KNN' on group 'CoMSQO', skipping...
2022-09-05 16:06:35: Already run predictor 'KNNC' on group 'CoMSQO', skipping...
2022-09-05 16:06:35: ## Ran group 'CoMSQO' in 0.00 minutes.

2022-09-05 16:06:35: ###### Treating group of Categories: CoQOTr
2022-09-05 16:06:35: Selected columns:
Core.AgeAtExam, Core.EDSS, Core.DiseaseDuration, Core.DiseaseCourse, Core.MSSS, QOL.LackFocus, QOL.LackEnergy, QOL.PsychoDown, QOL.RelativePain, QOL.NotEnjoyLife, Treatments.nDMT, Treatments.hasIM, Treatments.hasIS, Treatments.hasMA, Treatments.DMTcategory
2022-09-05 16:06:35: Running predictor 'GLM' for group 'CoQOTr'.
2022-09-05 16:06:35: CV num 1:
Loading required package: Matrix
Loading required package: foreach
Loaded glmnet 2.0-5

2022-09-05 16:06:45: CV num 2:
2022-09-05 16:06:50: Ran predictor 'GLM' for group 'CoQOTr' in 0.25 minutes.
2022-09-05 16:06:50: Running predictor 'RF' for group 'CoQOTr'.
2022-09-05 16:06:50: CV num 1:
randomForest 4.6-12
Type rfNews() to see new features/changes/bug fixes.

Attaching package: ‘randomForest’

The following object is masked from ‘package:dplyr’:

    combine

Warning in randomForest.default(Xtrain, Ytrain, Xtest) :
  The response has five or fewer unique values.  Are you sure you want to do regression?
Warning in randomForest.default(Xtrain, Ytrain, Xtest) :
  The response has five or fewer unique values.  Are you sure you want to do regression?
Warning in randomForest.default(Xtrain, Ytrain, Xtest) :
  The response has five or fewer unique values.  Are you sure you want to do regression?
2022-09-05 16:07:06: CV num 2:
Warning in randomForest.default(Xtrain, Ytrain, Xtest) :
  The response has five or fewer unique values.  Are you sure you want to do regression?
Warning in randomForest.default(Xtrain, Ytrain, Xtest) :
  The response has five or fewer unique values.  Are you sure you want to do regression?
Warning in randomForest.default(Xtrain, Ytrain, Xtest) :
  The response has five or fewer unique values.  Are you sure you want to do regression?
2022-09-05 16:07:22: Ran predictor 'RF' for group 'CoQOTr' in 0.53 minutes.
2022-09-05 16:07:22: Running predictor 'RF2' for group 'CoQOTr'.
2022-09-05 16:07:22: CV num 1:
Warning in randomForest.default(Xtrain, Ytrain, Xtest, mtry = floor(sqrt(ncol(Xtest)))) :
  The response has five or fewer unique values.  Are you sure you want to do regression?
Warning in randomForest.default(Xtrain, Ytrain, Xtest, mtry = floor(sqrt(ncol(Xtest)))) :
  The response has five or fewer unique values.  Are you sure you want to do regression?
Warning in randomForest.default(Xtrain, Ytrain, Xtest, mtry = floor(sqrt(ncol(Xtest)))) :
  The response has five or fewer unique values.  Are you sure you want to do regression?
2022-09-05 16:07:34: CV num 2:
Warning in randomForest.default(Xtrain, Ytrain, Xtest, mtry = floor(sqrt(ncol(Xtest)))) :
  The response has five or fewer unique values.  Are you sure you want to do regression?
Warning in randomForest.default(Xtrain, Ytrain, Xtest, mtry = floor(sqrt(ncol(Xtest)))) :
  The response has five or fewer unique values.  Are you sure you want to do regression?
Warning in randomForest.default(Xtrain, Ytrain, Xtest, mtry = floor(sqrt(ncol(Xtest)))) :
  The response has five or fewer unique values.  Are you sure you want to do regression?
2022-09-05 16:07:46: Ran predictor 'RF2' for group 'CoQOTr' in 0.40 minutes.
2022-09-05 16:07:46: Running predictor 'RF3' for group 'CoQOTr'.
2022-09-05 16:07:46: CV num 1:
2022-09-05 16:07:54: CV num 2:
2022-09-05 16:08:00: Ran predictor 'RF3' for group 'CoQOTr' in 0.24 minutes.
2022-09-05 16:08:00: Running predictor 'RFO' for group 'CoQOTr'.
2022-09-05 16:08:00: CV num 1:
2022-09-05 16:08:51: RFO for groups Core - QOL - Treatments             ( 15 features) -> best mtry:  3 [perf: 0.713]
2022-09-05 16:09:38: RFO for groups Core - QOL - Treatments             ( 15 features) -> best mtry:  2 [perf: 0.691]
2022-09-05 16:10:19: RFO for groups Core - QOL - Treatments             ( 15 features) -> best mtry:  2 [perf: 0.665]
2022-09-05 16:10:19: CV num 2:
2022-09-05 16:11:04: RFO for groups Core - QOL - Treatments             ( 15 features) -> best mtry:  3 [perf: 0.695]
2022-09-05 16:11:45: RFO for groups Core - QOL - Treatments             ( 15 features) -> best mtry:  3 [perf: 0.691]
2022-09-05 16:12:28: RFO for groups Core - QOL - Treatments             ( 15 features) -> best mtry:  2 [perf: 0.698]
2022-09-05 16:12:28: Ran predictor 'RFO' for group 'CoQOTr' in 4.46 minutes.
2022-09-05 16:12:28: Running predictor 'RP' for group 'CoQOTr'.
2022-09-05 16:12:28: CV num 1:
2022-09-05 16:12:54: RPart for groups Core - QOL - Treatments             ( 15 features) -> best min split: 70 / best cp: 0.005  [perf: 0.700]
2022-09-05 16:13:20: RPart for groups Core - QOL - Treatments             ( 15 features) -> best min split: 80 / best cp: 0.005  [perf: 0.674]
2022-09-05 16:13:44: RPart for groups Core - QOL - Treatments             ( 15 features) -> best min split: 100 / best cp: 0.002  [perf: 0.646]
2022-09-05 16:13:44: CV num 2:
2022-09-05 16:14:07: RPart for groups Core - QOL - Treatments             ( 15 features) -> best min split: 30 / best cp: 0.01   [perf: 0.674]
2022-09-05 16:14:31: RPart for groups Core - QOL - Treatments             ( 15 features) -> best min split: 100 / best cp: 0.002  [perf: 0.683]
2022-09-05 16:14:55: RPart for groups Core - QOL - Treatments             ( 15 features) -> best min split: 90 / best cp: 0.002  [perf: 0.685]
2022-09-05 16:14:55: Ran predictor 'RP' for group 'CoQOTr' in 2.45 minutes.
2022-09-05 16:14:55: Running predictor 'SVM' for group 'CoQOTr'.
2022-09-05 16:14:55: CV num 1:
2022-09-05 18:21:59: SVM for groups Core - QOL - Treatments             ( 15 features) -> best gamma:   0.00391 / best cost:     10 [perf: 0.720]
2022-09-05 19:15:12: SVM for groups Core - QOL - Treatments             ( 15 features) -> best gamma:  0.000977 / best cost:    0.1 [perf: 0.701]
2022-09-05 19:58:27: SVM for groups Core - QOL - Treatments             ( 15 features) -> best gamma:   0.00195 / best cost:   31.6 [perf: 0.692]
2022-09-05 19:58:27: CV num 2:
2022-09-05 20:02:03: SVM for groups Core - QOL - Treatments             ( 15 features) -> best gamma:  0.000977 / best cost:   3.16 [perf: 0.693]
2022-09-05 20:42:53: SVM for groups Core - QOL - Treatments             ( 15 features) -> best gamma:  0.000977 / best cost:     10 [perf: 0.714]
2022-09-05 21:23:42: SVM for groups Core - QOL - Treatments             ( 15 features) -> best gamma:   0.00391 / best cost:   3.16 [perf: 0.709]
2022-09-05 21:23:42: Ran predictor 'SVM' for group 'CoQOTr' in 308.79 minutes.
2022-09-05 21:23:42: Already run predictor 'NB' on group 'CoQOTr', skipping...
2022-09-05 21:23:42: Running predictor 'KNN' for group 'CoQOTr'.
2022-09-05 21:23:42: CV num 1:
2022-09-05 21:23:46: KNN for groups Core - QOL - Treatments             ( 15 features) ->  best k: 130 / kernel: optimal    [perf: 0.701]
2022-09-05 21:23:48: KNN for groups Core - QOL - Treatments             ( 15 features) ->  best k: 200 / kernel: optimal    [perf: 0.680]
2022-09-05 21:23:50: KNN for groups Core - QOL - Treatments             ( 15 features) ->  best k: 180 / kernel: optimal    [perf: 0.658]
2022-09-05 21:23:50: CV num 2:
2022-09-05 21:23:51: KNN for groups Core - QOL - Treatments             ( 15 features) ->  best k: 110 / kernel: optimal    [perf: 0.681]
2022-09-05 21:23:53: KNN for groups Core - QOL - Treatments             ( 15 features) ->  best k: 200 / kernel: optimal    [perf: 0.675]
2022-09-05 21:23:55: KNN for groups Core - QOL - Treatments             ( 15 features) ->  best k: 180 / kernel: optimal    [perf: 0.691]
2022-09-05 21:23:55: Ran predictor 'KNN' for group 'CoQOTr' in 0.21 minutes.
2022-09-05 21:23:55: Running predictor 'KNNC' for group 'CoQOTr'.
2022-09-05 21:23:55: CV num 1:
2022-09-05 21:23:57: KNNC for groups Core - QOL - Treatments             ( 15 features) ->  best k: 40 / kernel: optimal
2022-09-05 21:24:00: KNNC for groups Core - QOL - Treatments             ( 15 features) ->  best k: 50 / kernel: optimal
2022-09-05 21:24:03: KNNC for groups Core - QOL - Treatments             ( 15 features) ->  best k: 30 / kernel: optimal
2022-09-05 21:24:03: CV num 2:
2022-09-05 21:24:06: KNNC for groups Core - QOL - Treatments             ( 15 features) ->  best k: 40 / kernel: optimal
2022-09-05 21:24:09: KNNC for groups Core - QOL - Treatments             ( 15 features) ->  best k: 30 / kernel: optimal
2022-09-05 21:24:11: KNNC for groups Core - QOL - Treatments             ( 15 features) ->  best k: 40 / kernel: optimal
2022-09-05 21:24:11: Ran predictor 'KNNC' for group 'CoQOTr' in 0.27 minutes.
2022-09-05 21:24:11: ## Ran group 'CoQOTr' in 317.61 minutes.

