2022-10-17 23:15:39: ###### Treating group of Categories: ClMR
2022-10-17 23:15:39: Selected columns:
Clinical.ATM, Clinical.OpticNeuritis, Clinical.INO, Clinical.MotorWeakness, Clinical.SensoryDisturbance, Clinical.Ataxia, Clinical.BladderDisturbance, Clinical.BowelDisturbance, Clinical.Myelopathy, Clinical.CogDisturbance, Clinical.VisualLoss, MRI.CE_Lesion, MRI.GM_Volume, MRI.Siena_PBVC
2022-10-17 23:15:39: Already run predictor 'GLM' on group 'ClMR', skipping...
2022-10-17 23:15:39: Already run predictor 'RF' on group 'ClMR', skipping...
2022-10-17 23:15:39: Already run predictor 'RF2' on group 'ClMR', skipping...
2022-10-17 23:15:39: Already run predictor 'RF3' on group 'ClMR', skipping...
2022-10-17 23:15:39: Already run predictor 'RFO' on group 'ClMR', skipping...
2022-10-17 23:15:39: Already run predictor 'RP' on group 'ClMR', skipping...
2022-10-17 23:15:39: Already run predictor 'SVM' on group 'ClMR', skipping...
2022-10-17 23:15:39: Already run predictor 'NB' on group 'ClMR', skipping...
2022-10-17 23:15:39: Already run predictor 'KNN' on group 'ClMR', skipping...
2022-10-17 23:15:39: Already run predictor 'KNNC' on group 'ClMR', skipping...
2022-10-17 23:15:39: Running predictor 'XGB' for group 'ClMR'.
2022-10-17 23:15:39: CV num 1:
Loading required package: xgboost

Attaching package: ‘xgboost’

The following object is masked from ‘package:dplyr’:

    slice

Loading required package: plyr
------------------------------------------------------------------------------
You have loaded plyr after dplyr - this is likely to cause problems.
If you need functions from both plyr and dplyr, please load plyr first, then dplyr:
library(plyr); library(dplyr)
------------------------------------------------------------------------------

Attaching package: ‘plyr’

The following objects are masked from ‘package:dplyr’:

    arrange, count, desc, failwith, id, mutate, rename, summarise,
    summarize

Error in train.default(Xtrain, factor(Ytrain), method = "xgbTree", trControl = trControl,  : 
  object 'trControl' not found
2022-10-17 23:15:48: ## Ran group 'ClMR' in 0.15 minutes.

2022-10-17 23:15:48: ###### Treating group of Categories: CoFS
2022-10-17 23:15:48: Selected columns:
Core.AgeAtExam, Core.EDSS, Core.DiseaseDuration, Core.DiseaseCourse, Core.MSSS, FSSs.Visual, FSSs.Brainstem, FSSs.Pyramidal, FSSs.Cerebellar, FSSs.Sensory, FSSs.Bowel, FSSs.Mental
2022-10-17 23:15:48: Already run predictor 'GLM' on group 'CoFS', skipping...
2022-10-17 23:15:48: Already run predictor 'RF' on group 'CoFS', skipping...
2022-10-17 23:15:48: Already run predictor 'RF2' on group 'CoFS', skipping...
2022-10-17 23:15:48: Already run predictor 'RF3' on group 'CoFS', skipping...
2022-10-17 23:15:48: Already run predictor 'RFO' on group 'CoFS', skipping...
2022-10-17 23:15:48: Already run predictor 'RP' on group 'CoFS', skipping...
2022-10-17 23:15:48: Already run predictor 'SVM' on group 'CoFS', skipping...
2022-10-17 23:15:48: Already run predictor 'NB' on group 'CoFS', skipping...
2022-10-17 23:15:48: Already run predictor 'KNN' on group 'CoFS', skipping...
2022-10-17 23:15:48: Already run predictor 'KNNC' on group 'CoFS', skipping...
2022-10-17 23:15:48: Running predictor 'XGB' for group 'CoFS'.
2022-10-17 23:15:48: CV num 1:
Error in train.default(Xtrain, factor(Ytrain), method = "xgbTree", trControl = trControl,  : 
  object 'trControl' not found
2022-10-17 23:15:48: ## Ran group 'CoFS' in 0.00 minutes.

2022-10-17 23:15:48: ###### Treating group of Categories: CoMR
2022-10-17 23:15:48: Selected columns:
Core.AgeAtExam, Core.EDSS, Core.DiseaseDuration, Core.DiseaseCourse, Core.MSSS, MRI.CE_Lesion, MRI.GM_Volume, MRI.Siena_PBVC
2022-10-17 23:15:48: Already run predictor 'GLM' on group 'CoMR', skipping...
2022-10-17 23:15:48: Already run predictor 'RF' on group 'CoMR', skipping...
2022-10-17 23:15:48: Already run predictor 'RF2' on group 'CoMR', skipping...
2022-10-17 23:15:48: Already run predictor 'RF3' on group 'CoMR', skipping...
2022-10-17 23:15:48: Already run predictor 'RFO' on group 'CoMR', skipping...
2022-10-17 23:15:48: Already run predictor 'RP' on group 'CoMR', skipping...
2022-10-17 23:15:48: Already run predictor 'SVM' on group 'CoMR', skipping...
2022-10-17 23:15:48: Already run predictor 'NB' on group 'CoMR', skipping...
2022-10-17 23:15:48: Already run predictor 'KNN' on group 'CoMR', skipping...
2022-10-17 23:15:48: Already run predictor 'KNNC' on group 'CoMR', skipping...
2022-10-17 23:15:48: Running predictor 'XGB' for group 'CoMR'.
2022-10-17 23:15:48: CV num 1:
Error in train.default(Xtrain, factor(Ytrain), method = "xgbTree", trControl = trControl,  : 
  object 'trControl' not found
2022-10-17 23:15:48: ## Ran group 'CoMR' in 0.00 minutes.

2022-10-17 23:15:48: ###### Treating group of Categories: CoFSMS
2022-10-17 23:15:48: Selected columns:
Core.AgeAtExam, Core.EDSS, Core.DiseaseDuration, Core.DiseaseCourse, Core.MSSS, FSSs.Visual, FSSs.Brainstem, FSSs.Pyramidal, FSSs.Cerebellar, FSSs.Sensory, FSSs.Bowel, FSSs.Mental, MSFC.T25FW, MSFC.NHPT
2022-10-17 23:15:48: Already run predictor 'GLM' on group 'CoFSMS', skipping...
2022-10-17 23:15:48: Already run predictor 'RF' on group 'CoFSMS', skipping...
2022-10-17 23:15:48: Already run predictor 'RF2' on group 'CoFSMS', skipping...
2022-10-17 23:15:48: Already run predictor 'RF3' on group 'CoFSMS', skipping...
2022-10-17 23:15:48: Already run predictor 'RFO' on group 'CoFSMS', skipping...
2022-10-17 23:15:48: Already run predictor 'RP' on group 'CoFSMS', skipping...
2022-10-17 23:15:48: Already run predictor 'SVM' on group 'CoFSMS', skipping...
2022-10-17 23:15:48: Already run predictor 'NB' on group 'CoFSMS', skipping...
2022-10-17 23:15:48: Already run predictor 'KNN' on group 'CoFSMS', skipping...
2022-10-17 23:15:48: Already run predictor 'KNNC' on group 'CoFSMS', skipping...
2022-10-17 23:15:48: Running predictor 'XGB' for group 'CoFSMS'.
2022-10-17 23:15:48: CV num 1:
Error in train.default(Xtrain, factor(Ytrain), method = "xgbTree", trControl = trControl,  : 
  object 'trControl' not found
2022-10-17 23:15:48: ## Ran group 'CoFSMS' in 0.00 minutes.

2022-10-17 23:15:48: ###### Treating group of Categories: CoMRPa
2022-10-17 23:15:48: Selected columns:
Core.AgeAtExam, Core.EDSS, Core.DiseaseDuration, Core.DiseaseCourse, Core.MSSS, MRI.CE_Lesion, MRI.GM_Volume, MRI.Siena_PBVC, Patient.AgeOfOnset, Patient.Gender
2022-10-17 23:15:48: Already run predictor 'GLM' on group 'CoMRPa', skipping...
2022-10-17 23:15:48: Already run predictor 'RF' on group 'CoMRPa', skipping...
2022-10-17 23:15:48: Already run predictor 'RF2' on group 'CoMRPa', skipping...
2022-10-17 23:15:48: Already run predictor 'RF3' on group 'CoMRPa', skipping...
2022-10-17 23:15:48: Already run predictor 'RFO' on group 'CoMRPa', skipping...
2022-10-17 23:15:48: Already run predictor 'RP' on group 'CoMRPa', skipping...
2022-10-17 23:15:48: Already run predictor 'SVM' on group 'CoMRPa', skipping...
2022-10-17 23:15:48: Already run predictor 'NB' on group 'CoMRPa', skipping...
2022-10-17 23:15:48: Already run predictor 'KNN' on group 'CoMRPa', skipping...
2022-10-17 23:15:48: Already run predictor 'KNNC' on group 'CoMRPa', skipping...
2022-10-17 23:15:48: Running predictor 'XGB' for group 'CoMRPa'.
2022-10-17 23:15:48: CV num 1:
Error in train.default(Xtrain, factor(Ytrain), method = "xgbTree", trControl = trControl,  : 
  object 'trControl' not found
2022-10-17 23:15:48: ## Ran group 'CoMRPa' in 0.00 minutes.

2022-10-17 23:15:48: ###### Treating group of Categories: FSLi
2022-10-17 23:15:48: Selected columns:
FSSs.Visual, FSSs.Brainstem, FSSs.Pyramidal, FSSs.Cerebellar, FSSs.Sensory, FSSs.Bowel, FSSs.Mental, Life.CaffeineFreq, Life.MemoryConcerns, Life.Smoking
2022-10-17 23:15:48: Already run predictor 'GLM' on group 'FSLi', skipping...
2022-10-17 23:15:48: Already run predictor 'RF' on group 'FSLi', skipping...
2022-10-17 23:15:48: Already run predictor 'RF2' on group 'FSLi', skipping...
2022-10-17 23:15:48: Already run predictor 'RF3' on group 'FSLi', skipping...
2022-10-17 23:15:48: Already run predictor 'RFO' on group 'FSLi', skipping...
2022-10-17 23:15:48: Already run predictor 'RP' on group 'FSLi', skipping...
2022-10-17 23:15:48: Already run predictor 'SVM' on group 'FSLi', skipping...
2022-10-17 23:15:48: Already run predictor 'NB' on group 'FSLi', skipping...
2022-10-17 23:15:48: Already run predictor 'KNN' on group 'FSLi', skipping...
2022-10-17 23:15:48: Already run predictor 'KNNC' on group 'FSLi', skipping...
2022-10-17 23:15:48: Running predictor 'XGB' for group 'FSLi'.
2022-10-17 23:15:48: CV num 1:
Error in train.default(Xtrain, factor(Ytrain), method = "xgbTree", trControl = trControl,  : 
  object 'trControl' not found
2022-10-17 23:15:48: ## Ran group 'FSLi' in 0.00 minutes.

2022-10-17 23:15:48: ###### Treating group of Categories: LiPa
2022-10-17 23:15:48: Selected columns:
Life.CaffeineFreq, Life.MemoryConcerns, Life.Smoking, Patient.AgeOfOnset, Patient.Gender
2022-10-17 23:15:48: Already run predictor 'GLM' on group 'LiPa', skipping...
2022-10-17 23:15:48: Already run predictor 'RF' on group 'LiPa', skipping...
2022-10-17 23:15:48: Already run predictor 'RF2' on group 'LiPa', skipping...
2022-10-17 23:15:48: Already run predictor 'RF3' on group 'LiPa', skipping...
2022-10-17 23:15:48: Already run predictor 'RFO' on group 'LiPa', skipping...
2022-10-17 23:15:48: Already run predictor 'RP' on group 'LiPa', skipping...
2022-10-17 23:15:48: Already run predictor 'SVM' on group 'LiPa', skipping...
2022-10-17 23:15:48: Already run predictor 'NB' on group 'LiPa', skipping...
2022-10-17 23:15:48: Already run predictor 'KNN' on group 'LiPa', skipping...
2022-10-17 23:15:48: Already run predictor 'KNNC' on group 'LiPa', skipping...
2022-10-17 23:15:48: Running predictor 'XGB' for group 'LiPa'.
2022-10-17 23:15:48: CV num 1:
Error in train.default(Xtrain, factor(Ytrain), method = "xgbTree", trControl = trControl,  : 
  object 'trControl' not found
2022-10-17 23:15:49: ## Ran group 'LiPa' in 0.00 minutes.

2022-10-17 23:15:49: ###### Treating group of Categories: MRPa
2022-10-17 23:15:49: Selected columns:
MRI.CE_Lesion, MRI.GM_Volume, MRI.Siena_PBVC, Patient.AgeOfOnset, Patient.Gender
2022-10-17 23:15:49: Already run predictor 'GLM' on group 'MRPa', skipping...
2022-10-17 23:15:49: Already run predictor 'RF' on group 'MRPa', skipping...
2022-10-17 23:15:49: Already run predictor 'RF2' on group 'MRPa', skipping...
2022-10-17 23:15:49: Already run predictor 'RF3' on group 'MRPa', skipping...
2022-10-17 23:15:49: Already run predictor 'RFO' on group 'MRPa', skipping...
2022-10-17 23:15:49: Already run predictor 'RP' on group 'MRPa', skipping...
2022-10-17 23:15:49: Already run predictor 'SVM' on group 'MRPa', skipping...
2022-10-17 23:15:49: Already run predictor 'NB' on group 'MRPa', skipping...
2022-10-17 23:15:49: Already run predictor 'KNN' on group 'MRPa', skipping...
2022-10-17 23:15:49: Already run predictor 'KNNC' on group 'MRPa', skipping...
2022-10-17 23:15:49: Running predictor 'XGB' for group 'MRPa'.
2022-10-17 23:15:49: CV num 1:
Error in train.default(Xtrain, factor(Ytrain), method = "xgbTree", trControl = trControl,  : 
  object 'trControl' not found
2022-10-17 23:15:49: ## Ran group 'MRPa' in 0.00 minutes.

2022-10-17 23:15:49: ###### Treating group of Categories: QO
2022-10-17 23:15:49: Selected columns:
QOL.LackFocus, QOL.LackEnergy, QOL.PsychoDown, QOL.RelativePain, QOL.NotEnjoyLife
2022-10-17 23:15:49: Already run predictor 'GLM' on group 'QO', skipping...
2022-10-17 23:15:49: Already run predictor 'RF' on group 'QO', skipping...
2022-10-17 23:15:49: Already run predictor 'RF2' on group 'QO', skipping...
2022-10-17 23:15:49: Already run predictor 'RF3' on group 'QO', skipping...
2022-10-17 23:15:49: Already run predictor 'RFO' on group 'QO', skipping...
2022-10-17 23:15:49: Already run predictor 'RP' on group 'QO', skipping...
2022-10-17 23:15:49: Already run predictor 'SVM' on group 'QO', skipping...
2022-10-17 23:15:49: Already run predictor 'NB' on group 'QO', skipping...
2022-10-17 23:15:49: Already run predictor 'KNN' on group 'QO', skipping...
2022-10-17 23:15:49: Already run predictor 'KNNC' on group 'QO', skipping...
2022-10-17 23:15:49: Running predictor 'XGB' for group 'QO'.
2022-10-17 23:15:49: CV num 1:
Error in train.default(Xtrain, factor(Ytrain), method = "xgbTree", trControl = trControl,  : 
  object 'trControl' not found
2022-10-17 23:15:49: ## Ran group 'QO' in 0.00 minutes.

