2022-10-17 23:23:54: ###### Treating group of Categories: ClLi
2022-10-17 23:23:54: Selected columns:
Clinical.ATM, Clinical.OpticNeuritis, Clinical.INO, Clinical.MotorWeakness, Clinical.SensoryDisturbance, Clinical.Ataxia, Clinical.BladderDisturbance, Clinical.BowelDisturbance, Clinical.Myelopathy, Clinical.CogDisturbance, Clinical.VisualLoss, Life.CaffeineFreq, Life.MemoryConcerns, Life.Smoking
2022-10-17 23:23:54: Already run predictor 'GLM' on group 'ClLi', skipping...
2022-10-17 23:23:54: Already run predictor 'RF' on group 'ClLi', skipping...
2022-10-17 23:23:54: Already run predictor 'RF2' on group 'ClLi', skipping...
2022-10-17 23:23:54: Already run predictor 'RF3' on group 'ClLi', skipping...
2022-10-17 23:23:54: Already run predictor 'RFO' on group 'ClLi', skipping...
2022-10-17 23:23:54: Already run predictor 'RP' on group 'ClLi', skipping...
2022-10-17 23:23:54: Already run predictor 'SVM' on group 'ClLi', skipping...
2022-10-17 23:23:54: Already run predictor 'NB' on group 'ClLi', skipping...
2022-10-17 23:23:54: Already run predictor 'KNN' on group 'ClLi', skipping...
2022-10-17 23:23:54: Already run predictor 'KNNC' on group 'ClLi', skipping...
2022-10-17 23:23:54: Running predictor 'XGB' for group 'ClLi'.
2022-10-17 23:23:54: CV num 1:
Loading required package: xgboost

Attaching package: ‘xgboost’

The following object is masked from ‘package:dplyr’:

    slice

Loading required package: plyr
------------------------------------------------------------------------------
You have loaded plyr after dplyr - this is likely to cause problems.
If you need functions from both plyr and dplyr, please load plyr first, then dplyr:
library(plyr); library(dplyr)
------------------------------------------------------------------------------

Attaching package: ‘plyr’

The following objects are masked from ‘package:dplyr’:

    arrange, count, desc, failwith, id, mutate, rename, summarise,
    summarize

Error in train.default(Xtrain, factor(Ytrain), method = "xgbTree", trControl = trControl,  : 
  object 'trControl' not found
2022-10-17 23:23:59: ## Ran group 'ClLi' in 0.08 minutes.

2022-10-17 23:23:59: ###### Treating group of Categories: ClCoTr
2022-10-17 23:23:59: Selected columns:
Clinical.ATM, Clinical.OpticNeuritis, Clinical.INO, Clinical.MotorWeakness, Clinical.SensoryDisturbance, Clinical.Ataxia, Clinical.BladderDisturbance, Clinical.BowelDisturbance, Clinical.Myelopathy, Clinical.CogDisturbance, Clinical.VisualLoss, Core.AgeAtExam, Core.EDSS, Core.DiseaseDuration, Core.DiseaseCourse, Core.MSSS, Treatments.nDMT, Treatments.hasIM, Treatments.hasIS, Treatments.hasMA, Treatments.DMTcategory
2022-10-17 23:23:59: Already run predictor 'GLM' on group 'ClCoTr', skipping...
2022-10-17 23:23:59: Already run predictor 'RF' on group 'ClCoTr', skipping...
2022-10-17 23:23:59: Already run predictor 'RF2' on group 'ClCoTr', skipping...
2022-10-17 23:23:59: Already run predictor 'RF3' on group 'ClCoTr', skipping...
2022-10-17 23:23:59: Already run predictor 'RFO' on group 'ClCoTr', skipping...
2022-10-17 23:23:59: Already run predictor 'RP' on group 'ClCoTr', skipping...
2022-10-17 23:23:59: Already run predictor 'SVM' on group 'ClCoTr', skipping...
2022-10-17 23:23:59: Already run predictor 'NB' on group 'ClCoTr', skipping...
2022-10-17 23:23:59: Already run predictor 'KNN' on group 'ClCoTr', skipping...
2022-10-17 23:23:59: Already run predictor 'KNNC' on group 'ClCoTr', skipping...
2022-10-17 23:23:59: Running predictor 'XGB' for group 'ClCoTr'.
2022-10-17 23:23:59: CV num 1:
Error in train.default(Xtrain, factor(Ytrain), method = "xgbTree", trControl = trControl,  : 
  object 'trControl' not found
2022-10-17 23:23:59: ## Ran group 'ClCoTr' in 0.00 minutes.

2022-10-17 23:23:59: ###### Treating group of Categories: CoFSMR
2022-10-17 23:23:59: Selected columns:
Core.AgeAtExam, Core.EDSS, Core.DiseaseDuration, Core.DiseaseCourse, Core.MSSS, FSSs.Visual, FSSs.Brainstem, FSSs.Pyramidal, FSSs.Cerebellar, FSSs.Sensory, FSSs.Bowel, FSSs.Mental, MRI.CE_Lesion, MRI.GM_Volume, MRI.Siena_PBVC
2022-10-17 23:23:59: Already run predictor 'GLM' on group 'CoFSMR', skipping...
2022-10-17 23:23:59: Already run predictor 'RF' on group 'CoFSMR', skipping...
2022-10-17 23:23:59: Already run predictor 'RF2' on group 'CoFSMR', skipping...
2022-10-17 23:23:59: Already run predictor 'RF3' on group 'CoFSMR', skipping...
2022-10-17 23:23:59: Already run predictor 'RFO' on group 'CoFSMR', skipping...
2022-10-17 23:23:59: Already run predictor 'RP' on group 'CoFSMR', skipping...
2022-10-17 23:23:59: Already run predictor 'SVM' on group 'CoFSMR', skipping...
2022-10-17 23:23:59: Already run predictor 'NB' on group 'CoFSMR', skipping...
2022-10-17 23:23:59: Already run predictor 'KNN' on group 'CoFSMR', skipping...
2022-10-17 23:23:59: Already run predictor 'KNNC' on group 'CoFSMR', skipping...
2022-10-17 23:23:59: Running predictor 'XGB' for group 'CoFSMR'.
2022-10-17 23:23:59: CV num 1:
Error in train.default(Xtrain, factor(Ytrain), method = "xgbTree", trControl = trControl,  : 
  object 'trControl' not found
2022-10-17 23:23:59: ## Ran group 'CoFSMR' in 0.00 minutes.

2022-10-17 23:23:59: ###### Treating group of Categories: CoMSPa
2022-10-17 23:23:59: Selected columns:
Core.AgeAtExam, Core.EDSS, Core.DiseaseDuration, Core.DiseaseCourse, Core.MSSS, MSFC.T25FW, MSFC.NHPT, Patient.AgeOfOnset, Patient.Gender
2022-10-17 23:23:59: Already run predictor 'GLM' on group 'CoMSPa', skipping...
2022-10-17 23:23:59: Already run predictor 'RF' on group 'CoMSPa', skipping...
2022-10-17 23:23:59: Already run predictor 'RF2' on group 'CoMSPa', skipping...
2022-10-17 23:23:59: Already run predictor 'RF3' on group 'CoMSPa', skipping...
2022-10-17 23:23:59: Already run predictor 'RFO' on group 'CoMSPa', skipping...
2022-10-17 23:23:59: Already run predictor 'RP' on group 'CoMSPa', skipping...
2022-10-17 23:23:59: Already run predictor 'SVM' on group 'CoMSPa', skipping...
2022-10-17 23:23:59: Already run predictor 'NB' on group 'CoMSPa', skipping...
2022-10-17 23:23:59: Already run predictor 'KNN' on group 'CoMSPa', skipping...
2022-10-17 23:23:59: Already run predictor 'KNNC' on group 'CoMSPa', skipping...
2022-10-17 23:23:59: Running predictor 'XGB' for group 'CoMSPa'.
2022-10-17 23:23:59: CV num 1:
Error in train.default(Xtrain, factor(Ytrain), method = "xgbTree", trControl = trControl,  : 
  object 'trControl' not found
2022-10-17 23:23:59: ## Ran group 'CoMSPa' in 0.00 minutes.

2022-10-17 23:23:59: ###### Treating group of Categories: FSTr
2022-10-17 23:23:59: Selected columns:
FSSs.Visual, FSSs.Brainstem, FSSs.Pyramidal, FSSs.Cerebellar, FSSs.Sensory, FSSs.Bowel, FSSs.Mental, Treatments.nDMT, Treatments.hasIM, Treatments.hasIS, Treatments.hasMA, Treatments.DMTcategory
2022-10-17 23:23:59: Already run predictor 'GLM' on group 'FSTr', skipping...
2022-10-17 23:23:59: Already run predictor 'RF' on group 'FSTr', skipping...
2022-10-17 23:23:59: Already run predictor 'RF2' on group 'FSTr', skipping...
2022-10-17 23:23:59: Already run predictor 'RF3' on group 'FSTr', skipping...
2022-10-17 23:23:59: Already run predictor 'RFO' on group 'FSTr', skipping...
2022-10-17 23:23:59: Already run predictor 'RP' on group 'FSTr', skipping...
2022-10-17 23:23:59: Already run predictor 'SVM' on group 'FSTr', skipping...
2022-10-17 23:23:59: Already run predictor 'NB' on group 'FSTr', skipping...
2022-10-17 23:23:59: Already run predictor 'KNN' on group 'FSTr', skipping...
2022-10-17 23:23:59: Already run predictor 'KNNC' on group 'FSTr', skipping...
2022-10-17 23:23:59: Running predictor 'XGB' for group 'FSTr'.
2022-10-17 23:23:59: CV num 1:
Warning: closing unused connection 11 (RunData/Subj-3-2-1914_2022-08-22_10-53/logs/run_2022-10-17_23-23_7623.log)
Warning: closing unused connection 9 (RunData/Subj-3-2-1914_2022-08-22_10-53/logs/run_2022-10-17_23-23_7623.log)
Warning: closing unused connection 7 (RunData/Subj-3-2-1914_2022-08-22_10-53/logs/run_2022-10-17_23-23_7623.log)
Error in train.default(Xtrain, factor(Ytrain), method = "xgbTree", trControl = trControl,  : 
  object 'trControl' not found
2022-10-17 23:23:59: ## Ran group 'FSTr' in 0.00 minutes.

2022-10-17 23:23:59: ###### Treating group of Categories: MSPa
2022-10-17 23:23:59: Selected columns:
MSFC.T25FW, MSFC.NHPT, Patient.AgeOfOnset, Patient.Gender
2022-10-17 23:23:59: Already run predictor 'GLM' on group 'MSPa', skipping...
2022-10-17 23:23:59: Already run predictor 'RF' on group 'MSPa', skipping...
2022-10-17 23:23:59: Already run predictor 'RF2' on group 'MSPa', skipping...
2022-10-17 23:23:59: Already run predictor 'RF3' on group 'MSPa', skipping...
2022-10-17 23:23:59: Already run predictor 'RFO' on group 'MSPa', skipping...
2022-10-17 23:23:59: Already run predictor 'RP' on group 'MSPa', skipping...
2022-10-17 23:23:59: Already run predictor 'SVM' on group 'MSPa', skipping...
2022-10-17 23:23:59: Already run predictor 'NB' on group 'MSPa', skipping...
2022-10-17 23:23:59: Already run predictor 'KNN' on group 'MSPa', skipping...
2022-10-17 23:23:59: Already run predictor 'KNNC' on group 'MSPa', skipping...
2022-10-17 23:23:59: Running predictor 'XGB' for group 'MSPa'.
2022-10-17 23:23:59: CV num 1:
Error in train.default(Xtrain, factor(Ytrain), method = "xgbTree", trControl = trControl,  : 
  object 'trControl' not found
2022-10-17 23:24:00: ## Ran group 'MSPa' in 0.00 minutes.

2022-10-17 23:24:00: ###### Treating group of Categories: QOTr
2022-10-17 23:24:00: Selected columns:
QOL.LackFocus, QOL.LackEnergy, QOL.PsychoDown, QOL.RelativePain, QOL.NotEnjoyLife, Treatments.nDMT, Treatments.hasIM, Treatments.hasIS, Treatments.hasMA, Treatments.DMTcategory
2022-10-17 23:24:00: Already run predictor 'GLM' on group 'QOTr', skipping...
2022-10-17 23:24:00: Already run predictor 'RF' on group 'QOTr', skipping...
2022-10-17 23:24:00: Already run predictor 'RF2' on group 'QOTr', skipping...
2022-10-17 23:24:00: Already run predictor 'RF3' on group 'QOTr', skipping...
2022-10-17 23:24:00: Already run predictor 'RFO' on group 'QOTr', skipping...
2022-10-17 23:24:00: Already run predictor 'RP' on group 'QOTr', skipping...
2022-10-17 23:24:00: Already run predictor 'SVM' on group 'QOTr', skipping...
2022-10-17 23:24:00: Already run predictor 'NB' on group 'QOTr', skipping...
2022-10-17 23:24:00: Already run predictor 'KNN' on group 'QOTr', skipping...
2022-10-17 23:24:00: Already run predictor 'KNNC' on group 'QOTr', skipping...
2022-10-17 23:24:00: Running predictor 'XGB' for group 'QOTr'.
2022-10-17 23:24:00: CV num 1:
Error in train.default(Xtrain, factor(Ytrain), method = "xgbTree", trControl = trControl,  : 
  object 'trControl' not found
2022-10-17 23:24:00: ## Ran group 'QOTr' in 0.00 minutes.

