2022-09-05 16:06:34: ###### Treating group of Categories: ClLi
2022-09-05 16:06:34: Selected columns:
Clinical.ATM, Clinical.OpticNeuritis, Clinical.INO, Clinical.MotorWeakness, Clinical.SensoryDisturbance, Clinical.Ataxia, Clinical.BladderDisturbance, Clinical.BowelDisturbance, Clinical.Myelopathy, Clinical.CogDisturbance, Clinical.VisualLoss, Life.CaffeineFreq, Life.MemoryConcerns, Life.Smoking
2022-09-05 16:06:34: Already run predictor 'GLM' on group 'ClLi', skipping...
2022-09-05 16:06:34: Already run predictor 'RF' on group 'ClLi', skipping...
2022-09-05 16:06:34: Already run predictor 'RF2' on group 'ClLi', skipping...
2022-09-05 16:06:34: Already run predictor 'RF3' on group 'ClLi', skipping...
2022-09-05 16:06:34: Already run predictor 'RFO' on group 'ClLi', skipping...
2022-09-05 16:06:34: Already run predictor 'RP' on group 'ClLi', skipping...
2022-09-05 16:06:34: Already run predictor 'SVM' on group 'ClLi', skipping...
2022-09-05 16:06:34: Already run predictor 'NB' on group 'ClLi', skipping...
2022-09-05 16:06:34: Already run predictor 'KNN' on group 'ClLi', skipping...
2022-09-05 16:06:34: Already run predictor 'KNNC' on group 'ClLi', skipping...
2022-09-05 16:06:34: ## Ran group 'ClLi' in 0.00 minutes.

2022-09-05 16:06:34: ###### Treating group of Categories: ClCoPa
2022-09-05 16:06:34: Selected columns:
Clinical.ATM, Clinical.OpticNeuritis, Clinical.INO, Clinical.MotorWeakness, Clinical.SensoryDisturbance, Clinical.Ataxia, Clinical.BladderDisturbance, Clinical.BowelDisturbance, Clinical.Myelopathy, Clinical.CogDisturbance, Clinical.VisualLoss, Core.AgeAtExam, Core.EDSS, Core.DiseaseDuration, Core.DiseaseCourse, Core.MSSS, Patient.AgeOfOnset, Patient.Gender
2022-09-05 16:06:34: Already run predictor 'GLM' on group 'ClCoPa', skipping...
2022-09-05 16:06:34: Already run predictor 'RF' on group 'ClCoPa', skipping...
2022-09-05 16:06:34: Already run predictor 'RF2' on group 'ClCoPa', skipping...
2022-09-05 16:06:34: Already run predictor 'RF3' on group 'ClCoPa', skipping...
2022-09-05 16:06:34: Already run predictor 'RFO' on group 'ClCoPa', skipping...
2022-09-05 16:06:34: Already run predictor 'RP' on group 'ClCoPa', skipping...
2022-09-05 16:06:34: Already run predictor 'SVM' on group 'ClCoPa', skipping...
2022-09-05 16:06:34: Already run predictor 'NB' on group 'ClCoPa', skipping...
2022-09-05 16:06:34: Already run predictor 'KNN' on group 'ClCoPa', skipping...
2022-09-05 16:06:34: Already run predictor 'KNNC' on group 'ClCoPa', skipping...
2022-09-05 16:06:34: ## Ran group 'ClCoPa' in 0.00 minutes.

2022-09-05 16:06:34: ###### Treating group of Categories: CoQO
2022-09-05 16:06:34: Selected columns:
Core.AgeAtExam, Core.EDSS, Core.DiseaseDuration, Core.DiseaseCourse, Core.MSSS, QOL.LackFocus, QOL.LackEnergy, QOL.PsychoDown, QOL.RelativePain, QOL.NotEnjoyLife
2022-09-05 16:06:34: Already run predictor 'GLM' on group 'CoQO', skipping...
2022-09-05 16:06:34: Already run predictor 'RF' on group 'CoQO', skipping...
2022-09-05 16:06:34: Already run predictor 'RF2' on group 'CoQO', skipping...
2022-09-05 16:06:34: Already run predictor 'RF3' on group 'CoQO', skipping...
2022-09-05 16:06:34: Already run predictor 'RFO' on group 'CoQO', skipping...
2022-09-05 16:06:34: Already run predictor 'RP' on group 'CoQO', skipping...
2022-09-05 16:06:34: Already run predictor 'SVM' on group 'CoQO', skipping...
2022-09-05 16:06:34: Already run predictor 'NB' on group 'CoQO', skipping...
2022-09-05 16:06:34: Already run predictor 'KNN' on group 'CoQO', skipping...
2022-09-05 16:06:34: Already run predictor 'KNNC' on group 'CoQO', skipping...
2022-09-05 16:06:34: ## Ran group 'CoQO' in 0.00 minutes.

2022-09-05 16:06:34: ###### Treating group of Categories: CoLiMS
2022-09-05 16:06:34: Selected columns:
Core.AgeAtExam, Core.EDSS, Core.DiseaseDuration, Core.DiseaseCourse, Core.MSSS, Life.CaffeineFreq, Life.MemoryConcerns, Life.Smoking, MSFC.T25FW, MSFC.NHPT
2022-09-05 16:06:34: Already run predictor 'GLM' on group 'CoLiMS', skipping...
2022-09-05 16:06:34: Already run predictor 'RF' on group 'CoLiMS', skipping...
2022-09-05 16:06:34: Already run predictor 'RF2' on group 'CoLiMS', skipping...
2022-09-05 16:06:34: Already run predictor 'RF3' on group 'CoLiMS', skipping...
2022-09-05 16:06:35: Already run predictor 'RFO' on group 'CoLiMS', skipping...
2022-09-05 16:06:35: Already run predictor 'RP' on group 'CoLiMS', skipping...
2022-09-05 16:06:35: Already run predictor 'SVM' on group 'CoLiMS', skipping...
2022-09-05 16:06:35: Already run predictor 'NB' on group 'CoLiMS', skipping...
2022-09-05 16:06:35: Already run predictor 'KNN' on group 'CoLiMS', skipping...
2022-09-05 16:06:35: Already run predictor 'KNNC' on group 'CoLiMS', skipping...
2022-09-05 16:06:35: ## Ran group 'CoLiMS' in 0.00 minutes.

2022-09-05 16:06:35: ###### Treating group of Categories: CoMRQO
2022-09-05 16:06:35: Selected columns:
Core.AgeAtExam, Core.EDSS, Core.DiseaseDuration, Core.DiseaseCourse, Core.MSSS, MRI.CE_Lesion, MRI.GM_Volume, MRI.Siena_PBVC, QOL.LackFocus, QOL.LackEnergy, QOL.PsychoDown, QOL.RelativePain, QOL.NotEnjoyLife
2022-09-05 16:06:35: Already run predictor 'GLM' on group 'CoMRQO', skipping...
2022-09-05 16:06:35: Already run predictor 'RF' on group 'CoMRQO', skipping...
2022-09-05 16:06:35: Already run predictor 'RF2' on group 'CoMRQO', skipping...
2022-09-05 16:06:35: Already run predictor 'RF3' on group 'CoMRQO', skipping...
2022-09-05 16:06:35: Already run predictor 'RFO' on group 'CoMRQO', skipping...
2022-09-05 16:06:35: Already run predictor 'RP' on group 'CoMRQO', skipping...
2022-09-05 16:06:35: Already run predictor 'SVM' on group 'CoMRQO', skipping...
2022-09-05 16:06:35: Already run predictor 'NB' on group 'CoMRQO', skipping...
2022-09-05 16:06:35: Already run predictor 'KNN' on group 'CoMRQO', skipping...
2022-09-05 16:06:35: Already run predictor 'KNNC' on group 'CoMRQO', skipping...
2022-09-05 16:06:35: ## Ran group 'CoMRQO' in 0.00 minutes.

2022-09-05 16:06:35: ###### Treating group of Categories: CoPaQO
2022-09-05 16:06:35: Selected columns:
Core.AgeAtExam, Core.EDSS, Core.DiseaseDuration, Core.DiseaseCourse, Core.MSSS, Patient.AgeOfOnset, Patient.Gender, QOL.LackFocus, QOL.LackEnergy, QOL.PsychoDown, QOL.RelativePain, QOL.NotEnjoyLife
2022-09-05 16:06:35: Already run predictor 'GLM' on group 'CoPaQO', skipping...
2022-09-05 16:06:35: Already run predictor 'RF' on group 'CoPaQO', skipping...
2022-09-05 16:06:35: Already run predictor 'RF2' on group 'CoPaQO', skipping...
2022-09-05 16:06:35: Already run predictor 'RF3' on group 'CoPaQO', skipping...
2022-09-05 16:06:35: Already run predictor 'RFO' on group 'CoPaQO', skipping...
2022-09-05 16:06:35: Already run predictor 'RP' on group 'CoPaQO', skipping...
2022-09-05 16:06:35: Already run predictor 'SVM' on group 'CoPaQO', skipping...
2022-09-05 16:06:35: Already run predictor 'NB' on group 'CoPaQO', skipping...
2022-09-05 16:06:35: Already run predictor 'KNN' on group 'CoPaQO', skipping...
2022-09-05 16:06:35: Already run predictor 'KNNC' on group 'CoPaQO', skipping...
2022-09-05 16:06:35: ## Ran group 'CoPaQO' in 0.00 minutes.

2022-09-05 16:06:35: ###### Treating group of Categories: FS
2022-09-05 16:06:35: Selected columns:
FSSs.Visual, FSSs.Brainstem, FSSs.Pyramidal, FSSs.Cerebellar, FSSs.Sensory, FSSs.Bowel, FSSs.Mental
2022-09-05 16:06:35: Already run predictor 'GLM' on group 'FS', skipping...
2022-09-05 16:06:35: Already run predictor 'RF' on group 'FS', skipping...
2022-09-05 16:06:35: Already run predictor 'RF2' on group 'FS', skipping...
2022-09-05 16:06:35: Already run predictor 'RF3' on group 'FS', skipping...
2022-09-05 16:06:35: Already run predictor 'RFO' on group 'FS', skipping...
2022-09-05 16:06:35: Already run predictor 'RP' on group 'FS', skipping...
2022-09-05 16:06:35: Already run predictor 'SVM' on group 'FS', skipping...
2022-09-05 16:06:35: Already run predictor 'NB' on group 'FS', skipping...
2022-09-05 16:06:35: Already run predictor 'KNN' on group 'FS', skipping...
2022-09-05 16:06:35: Already run predictor 'KNNC' on group 'FS', skipping...
2022-09-05 16:06:35: ## Ran group 'FS' in 0.00 minutes.

2022-09-05 16:06:35: ###### Treating group of Categories: FSLi
2022-09-05 16:06:35: Selected columns:
FSSs.Visual, FSSs.Brainstem, FSSs.Pyramidal, FSSs.Cerebellar, FSSs.Sensory, FSSs.Bowel, FSSs.Mental, Life.CaffeineFreq, Life.MemoryConcerns, Life.Smoking
2022-09-05 16:06:35: Already run predictor 'GLM' on group 'FSLi', skipping...
2022-09-05 16:06:35: Already run predictor 'RF' on group 'FSLi', skipping...
2022-09-05 16:06:35: Already run predictor 'RF2' on group 'FSLi', skipping...
2022-09-05 16:06:35: Already run predictor 'RF3' on group 'FSLi', skipping...
2022-09-05 16:06:35: Already run predictor 'RFO' on group 'FSLi', skipping...
2022-09-05 16:06:35: Already run predictor 'RP' on group 'FSLi', skipping...
2022-09-05 16:06:35: Already run predictor 'SVM' on group 'FSLi', skipping...
2022-09-05 16:06:35: Already run predictor 'NB' on group 'FSLi', skipping...
2022-09-05 16:06:35: Already run predictor 'KNN' on group 'FSLi', skipping...
2022-09-05 16:06:35: Already run predictor 'KNNC' on group 'FSLi', skipping...
2022-09-05 16:06:35: ## Ran group 'FSLi' in 0.00 minutes.

2022-09-05 16:06:35: ###### Treating group of Categories: FSMR
2022-09-05 16:06:35: Selected columns:
FSSs.Visual, FSSs.Brainstem, FSSs.Pyramidal, FSSs.Cerebellar, FSSs.Sensory, FSSs.Bowel, FSSs.Mental, MRI.CE_Lesion, MRI.GM_Volume, MRI.Siena_PBVC
2022-09-05 16:06:35: Already run predictor 'GLM' on group 'FSMR', skipping...
2022-09-05 16:06:35: Already run predictor 'RF' on group 'FSMR', skipping...
2022-09-05 16:06:35: Already run predictor 'RF2' on group 'FSMR', skipping...
2022-09-05 16:06:35: Already run predictor 'RF3' on group 'FSMR', skipping...
2022-09-05 16:06:35: Already run predictor 'RFO' on group 'FSMR', skipping...
2022-09-05 16:06:35: Already run predictor 'RP' on group 'FSMR', skipping...
2022-09-05 16:06:35: Already run predictor 'SVM' on group 'FSMR', skipping...
2022-09-05 16:06:35: Already run predictor 'NB' on group 'FSMR', skipping...
2022-09-05 16:06:35: Already run predictor 'KNN' on group 'FSMR', skipping...
2022-09-05 16:06:35: Already run predictor 'KNNC' on group 'FSMR', skipping...
2022-09-05 16:06:35: ## Ran group 'FSMR' in 0.00 minutes.

2022-09-05 16:06:35: ###### Treating group of Categories: FSMS
2022-09-05 16:06:35: Selected columns:
FSSs.Visual, FSSs.Brainstem, FSSs.Pyramidal, FSSs.Cerebellar, FSSs.Sensory, FSSs.Bowel, FSSs.Mental, MSFC.T25FW, MSFC.NHPT
2022-09-05 16:06:35: Already run predictor 'GLM' on group 'FSMS', skipping...
2022-09-05 16:06:35: Already run predictor 'RF' on group 'FSMS', skipping...
2022-09-05 16:06:35: Already run predictor 'RF2' on group 'FSMS', skipping...
2022-09-05 16:06:35: Already run predictor 'RF3' on group 'FSMS', skipping...
2022-09-05 16:06:35: Already run predictor 'RFO' on group 'FSMS', skipping...
2022-09-05 16:06:35: Already run predictor 'RP' on group 'FSMS', skipping...
2022-09-05 16:06:35: Already run predictor 'SVM' on group 'FSMS', skipping...
2022-09-05 16:06:35: Already run predictor 'NB' on group 'FSMS', skipping...
2022-09-05 16:06:35: Already run predictor 'KNN' on group 'FSMS', skipping...
2022-09-05 16:06:35: Already run predictor 'KNNC' on group 'FSMS', skipping...
2022-09-05 16:06:35: ## Ran group 'FSMS' in 0.00 minutes.

2022-09-05 16:06:35: ###### Treating group of Categories: FSPa
2022-09-05 16:06:35: Selected columns:
FSSs.Visual, FSSs.Brainstem, FSSs.Pyramidal, FSSs.Cerebellar, FSSs.Sensory, FSSs.Bowel, FSSs.Mental, Patient.AgeOfOnset, Patient.Gender
2022-09-05 16:06:35: Already run predictor 'GLM' on group 'FSPa', skipping...
2022-09-05 16:06:35: Already run predictor 'RF' on group 'FSPa', skipping...
2022-09-05 16:06:35: Already run predictor 'RF2' on group 'FSPa', skipping...
2022-09-05 16:06:35: Already run predictor 'RF3' on group 'FSPa', skipping...
2022-09-05 16:06:35: Already run predictor 'RFO' on group 'FSPa', skipping...
2022-09-05 16:06:35: Already run predictor 'RP' on group 'FSPa', skipping...
2022-09-05 16:06:35: Already run predictor 'SVM' on group 'FSPa', skipping...
2022-09-05 16:06:35: Already run predictor 'NB' on group 'FSPa', skipping...
2022-09-05 16:06:35: Already run predictor 'KNN' on group 'FSPa', skipping...
2022-09-05 16:06:35: Already run predictor 'KNNC' on group 'FSPa', skipping...
2022-09-05 16:06:35: ## Ran group 'FSPa' in 0.00 minutes.

2022-09-05 16:06:35: ###### Treating group of Categories: FSQO
2022-09-05 16:06:35: Selected columns:
FSSs.Visual, FSSs.Brainstem, FSSs.Pyramidal, FSSs.Cerebellar, FSSs.Sensory, FSSs.Bowel, FSSs.Mental, QOL.LackFocus, QOL.LackEnergy, QOL.PsychoDown, QOL.RelativePain, QOL.NotEnjoyLife
2022-09-05 16:06:35: Already run predictor 'GLM' on group 'FSQO', skipping...
2022-09-05 16:06:35: Already run predictor 'RF' on group 'FSQO', skipping...
2022-09-05 16:06:35: Already run predictor 'RF2' on group 'FSQO', skipping...
2022-09-05 16:06:35: Already run predictor 'RF3' on group 'FSQO', skipping...
2022-09-05 16:06:35: Already run predictor 'RFO' on group 'FSQO', skipping...
2022-09-05 16:06:35: Already run predictor 'RP' on group 'FSQO', skipping...
2022-09-05 16:06:35: Already run predictor 'SVM' on group 'FSQO', skipping...
2022-09-05 16:06:35: Already run predictor 'NB' on group 'FSQO', skipping...
2022-09-05 16:06:35: Already run predictor 'KNN' on group 'FSQO', skipping...
2022-09-05 16:06:35: Already run predictor 'KNNC' on group 'FSQO', skipping...
2022-09-05 16:06:35: ## Ran group 'FSQO' in 0.00 minutes.

2022-09-05 16:06:35: ###### Treating group of Categories: FSTr
2022-09-05 16:06:35: Selected columns:
FSSs.Visual, FSSs.Brainstem, FSSs.Pyramidal, FSSs.Cerebellar, FSSs.Sensory, FSSs.Bowel, FSSs.Mental, Treatments.nDMT, Treatments.hasIM, Treatments.hasIS, Treatments.hasMA, Treatments.DMTcategory
2022-09-05 16:06:35: Running predictor 'GLM' for group 'FSTr'.
2022-09-05 16:06:35: CV num 1:
Loading required package: Matrix
Loading required package: foreach
Loaded glmnet 2.0-5

2022-09-05 16:06:44: CV num 2:
2022-09-05 16:06:48: Ran predictor 'GLM' for group 'FSTr' in 0.21 minutes.
2022-09-05 16:06:48: Running predictor 'RF' for group 'FSTr'.
2022-09-05 16:06:48: CV num 1:
randomForest 4.6-12
Type rfNews() to see new features/changes/bug fixes.

Attaching package: ‘randomForest’

The following object is masked from ‘package:dplyr’:

    combine

Warning in randomForest.default(Xtrain, Ytrain, Xtest) :
  The response has five or fewer unique values.  Are you sure you want to do regression?
Warning in randomForest.default(Xtrain, Ytrain, Xtest) :
  The response has five or fewer unique values.  Are you sure you want to do regression?
Warning in randomForest.default(Xtrain, Ytrain, Xtest) :
  The response has five or fewer unique values.  Are you sure you want to do regression?
2022-09-05 16:06:56: CV num 2:
Warning in randomForest.default(Xtrain, Ytrain, Xtest) :
  The response has five or fewer unique values.  Are you sure you want to do regression?
Warning in randomForest.default(Xtrain, Ytrain, Xtest) :
  The response has five or fewer unique values.  Are you sure you want to do regression?
Warning in randomForest.default(Xtrain, Ytrain, Xtest) :
  The response has five or fewer unique values.  Are you sure you want to do regression?
2022-09-05 16:07:06: Ran predictor 'RF' for group 'FSTr' in 0.30 minutes.
2022-09-05 16:07:06: Running predictor 'RF2' for group 'FSTr'.
2022-09-05 16:07:06: CV num 1:
Warning in randomForest.default(Xtrain, Ytrain, Xtest, mtry = floor(sqrt(ncol(Xtest)))) :
  The response has five or fewer unique values.  Are you sure you want to do regression?
Warning in randomForest.default(Xtrain, Ytrain, Xtest, mtry = floor(sqrt(ncol(Xtest)))) :
  The response has five or fewer unique values.  Are you sure you want to do regression?
Warning in randomForest.default(Xtrain, Ytrain, Xtest, mtry = floor(sqrt(ncol(Xtest)))) :
  The response has five or fewer unique values.  Are you sure you want to do regression?
2022-09-05 16:07:13: CV num 2:
Warning in randomForest.default(Xtrain, Ytrain, Xtest, mtry = floor(sqrt(ncol(Xtest)))) :
  The response has five or fewer unique values.  Are you sure you want to do regression?
Warning in randomForest.default(Xtrain, Ytrain, Xtest, mtry = floor(sqrt(ncol(Xtest)))) :
  The response has five or fewer unique values.  Are you sure you want to do regression?
Warning in randomForest.default(Xtrain, Ytrain, Xtest, mtry = floor(sqrt(ncol(Xtest)))) :
  The response has five or fewer unique values.  Are you sure you want to do regression?
2022-09-05 16:07:19: Ran predictor 'RF2' for group 'FSTr' in 0.23 minutes.
2022-09-05 16:07:19: Running predictor 'RF3' for group 'FSTr'.
2022-09-05 16:07:19: CV num 1:
2022-09-05 16:07:23: CV num 2:
2022-09-05 16:07:28: Ran predictor 'RF3' for group 'FSTr' in 0.15 minutes.
2022-09-05 16:07:28: Running predictor 'RFO' for group 'FSTr'.
2022-09-05 16:07:28: CV num 1:
2022-09-05 16:08:01: RFO for groups FSSs - Treatments                   ( 12 features) -> best mtry:  2 [perf: 0.662]
2022-09-05 16:08:29: RFO for groups FSSs - Treatments                   ( 12 features) -> best mtry:  3 [perf: 0.637]
2022-09-05 16:09:02: RFO for groups FSSs - Treatments                   ( 12 features) -> best mtry:  2 [perf: 0.629]
2022-09-05 16:09:02: CV num 2:
2022-09-05 16:09:28: RFO for groups FSSs - Treatments                   ( 12 features) -> best mtry:  3 [perf: 0.614]
2022-09-05 16:09:52: RFO for groups FSSs - Treatments                   ( 12 features) -> best mtry:  2 [perf: 0.649]
2022-09-05 16:10:17: RFO for groups FSSs - Treatments                   ( 12 features) -> best mtry:  2 [perf: 0.668]
2022-09-05 16:10:17: Ran predictor 'RFO' for group 'FSTr' in 2.82 minutes.
2022-09-05 16:10:17: Running predictor 'RP' for group 'FSTr'.
2022-09-05 16:10:17: CV num 1:
2022-09-05 16:10:37: RPart for groups FSSs - Treatments                   ( 12 features) -> best min split: 70 / best cp: 0.0001 [perf: 0.652]
2022-09-05 16:10:57: RPart for groups FSSs - Treatments                   ( 12 features) -> best min split: 100 / best cp: 0.001  [perf: 0.645]
2022-09-05 16:11:18: RPart for groups FSSs - Treatments                   ( 12 features) -> best min split: 60 / best cp: 0.001  [perf: 0.633]
2022-09-05 16:11:18: CV num 2:
2022-09-05 16:11:36: RPart for groups FSSs - Treatments                   ( 12 features) -> best min split: 40 / best cp: 0.0003 [perf: 0.610]
2022-09-05 16:11:54: RPart for groups FSSs - Treatments                   ( 12 features) -> best min split: 70 / best cp: 0.0001 [perf: 0.655]
2022-09-05 16:12:13: RPart for groups FSSs - Treatments                   ( 12 features) -> best min split: 20 / best cp: 0.001  [perf: 0.665]
2022-09-05 16:12:14: Ran predictor 'RP' for group 'FSTr' in 1.94 minutes.
2022-09-05 16:12:14: Running predictor 'SVM' for group 'FSTr'.
2022-09-05 16:12:14: CV num 1:
2022-09-05 16:15:53: SVM for groups FSSs - Treatments                   ( 12 features) -> best gamma:         1 / best cost:    0.1 [perf: 0.672]
2022-09-05 19:12:06: SVM for groups FSSs - Treatments                   ( 12 features) -> best gamma:         1 / best cost:    0.1 [perf: 0.660]
2022-09-05 19:15:55: SVM for groups FSSs - Treatments                   ( 12 features) -> best gamma:      0.25 / best cost:      1 [perf: 0.627]
2022-09-05 19:15:55: CV num 2:
2022-09-05 19:59:01: SVM for groups FSSs - Treatments                   ( 12 features) -> best gamma:     0.125 / best cost:      1 [perf: 0.647]
2022-09-05 20:02:16: SVM for groups FSSs - Treatments                   ( 12 features) -> best gamma:      0.25 / best cost:  0.316 [perf: 0.645]
2022-09-05 20:43:10: SVM for groups FSSs - Treatments                   ( 12 features) -> best gamma:  0.000977 / best cost:   3.16 [perf: 0.676]
2022-09-05 20:43:10: Ran predictor 'SVM' for group 'FSTr' in 270.94 minutes.
2022-09-05 20:43:10: Already run predictor 'NB' on group 'FSTr', skipping...
2022-09-05 20:43:10: Running predictor 'KNN' for group 'FSTr'.
2022-09-05 20:43:10: CV num 1:
2022-09-05 20:43:15: KNN for groups FSSs - Treatments                   ( 12 features) ->  best k: 9   / kernel: optimal    [perf: 0.693]
2022-09-05 20:43:18: KNN for groups FSSs - Treatments                   ( 12 features) ->  best k: 13  / kernel: optimal    [perf: 0.686]
2022-09-05 20:43:20: KNN for groups FSSs - Treatments                   ( 12 features) ->  best k: 70  / kernel: optimal    [perf: 0.661]
2022-09-05 20:43:20: CV num 2:
2022-09-05 20:43:21: KNN for groups FSSs - Treatments                   ( 12 features) ->  best k: 20  / kernel: optimal    [perf: 0.664]
2022-09-05 20:43:23: KNN for groups FSSs - Treatments                   ( 12 features) ->  best k: 80  / kernel: optimal    [perf: 0.679]
2022-09-05 20:43:28: KNN for groups FSSs - Treatments                   ( 12 features) ->  best k: 7   / kernel: optimal    [perf: 0.712]
2022-09-05 20:43:28: Ran predictor 'KNN' for group 'FSTr' in 0.30 minutes.
2022-09-05 20:43:28: Running predictor 'KNNC' for group 'FSTr'.
2022-09-05 20:43:28: CV num 1:
2022-09-05 20:43:32: KNNC for groups FSSs - Treatments                   ( 12 features) ->  best k: 30 / kernel: optimal
2022-09-05 20:43:35: KNNC for groups FSSs - Treatments                   ( 12 features) ->  best k: 70 / kernel: optimal
2022-09-05 20:43:38: KNNC for groups FSSs - Treatments                   ( 12 features) ->  best k: 40 / kernel: optimal
2022-09-05 20:43:38: CV num 2:
2022-09-05 20:43:41: KNNC for groups FSSs - Treatments                   ( 12 features) ->  best k: 30 / kernel: optimal
2022-09-05 20:54:28: KNNC for groups FSSs - Treatments                   ( 12 features) ->  best k: 50 / kernel: optimal
2022-09-05 20:54:32: KNNC for groups FSSs - Treatments                   ( 12 features) ->  best k: 70 / kernel: optimal
2022-09-05 20:54:32: Ran predictor 'KNNC' for group 'FSTr' in 11.07 minutes.
2022-09-05 20:54:32: ## Ran group 'FSTr' in 287.95 minutes.

2022-09-05 20:54:32: ###### Treating group of Categories: Pa
2022-09-05 20:54:32: Selected columns:
Patient.AgeOfOnset, Patient.Gender
2022-09-05 20:54:32: Already run predictor 'GLM' on group 'Pa', skipping...
2022-09-05 20:54:32: Already run predictor 'RF' on group 'Pa', skipping...
2022-09-05 20:54:32: Already run predictor 'RF2' on group 'Pa', skipping...
2022-09-05 20:54:32: Already run predictor 'RF3' on group 'Pa', skipping...
2022-09-05 20:54:32: Already run predictor 'RFO' on group 'Pa', skipping...
2022-09-05 20:54:32: Already run predictor 'RP' on group 'Pa', skipping...
2022-09-05 20:54:32: Already run predictor 'SVM' on group 'Pa', skipping...
2022-09-05 20:54:32: Already run predictor 'NB' on group 'Pa', skipping...
2022-09-05 20:54:32: Already run predictor 'KNN' on group 'Pa', skipping...
2022-09-05 20:54:32: Already run predictor 'KNNC' on group 'Pa', skipping...
2022-09-05 20:54:32: ## Ran group 'Pa' in 0.00 minutes.

2022-09-05 20:54:32: ###### Treating group of Categories: PaQO
2022-09-05 20:54:32: Selected columns:
Patient.AgeOfOnset, Patient.Gender, QOL.LackFocus, QOL.LackEnergy, QOL.PsychoDown, QOL.RelativePain, QOL.NotEnjoyLife
2022-09-05 20:54:32: Already run predictor 'GLM' on group 'PaQO', skipping...
2022-09-05 20:54:32: Already run predictor 'RF' on group 'PaQO', skipping...
2022-09-05 20:54:32: Already run predictor 'RF2' on group 'PaQO', skipping...
2022-09-05 20:54:32: Already run predictor 'RF3' on group 'PaQO', skipping...
2022-09-05 20:54:32: Already run predictor 'RFO' on group 'PaQO', skipping...
2022-09-05 20:54:32: Already run predictor 'RP' on group 'PaQO', skipping...
2022-09-05 20:54:32: Already run predictor 'SVM' on group 'PaQO', skipping...
2022-09-05 20:54:32: Already run predictor 'NB' on group 'PaQO', skipping...
2022-09-05 20:54:32: Already run predictor 'KNN' on group 'PaQO', skipping...
2022-09-05 20:54:32: Already run predictor 'KNNC' on group 'PaQO', skipping...
2022-09-05 20:54:32: ## Ran group 'PaQO' in 0.00 minutes.

2022-09-05 20:54:33: ###### Treating group of Categories: PaTr
2022-09-05 20:54:33: Selected columns:
Patient.AgeOfOnset, Patient.Gender, Treatments.nDMT, Treatments.hasIM, Treatments.hasIS, Treatments.hasMA, Treatments.DMTcategory
2022-09-05 20:54:33: Running predictor 'GLM' for group 'PaTr'.
2022-09-05 20:54:33: CV num 1:
2022-09-05 20:54:35: CV num 2:
2022-09-05 20:54:36: Ran predictor 'GLM' for group 'PaTr' in 0.06 minutes.
2022-09-05 20:54:36: Running predictor 'RF' for group 'PaTr'.
2022-09-05 20:54:36: CV num 1:
Warning in randomForest.default(Xtrain, Ytrain, Xtest) :
  The response has five or fewer unique values.  Are you sure you want to do regression?
Warning in randomForest.default(Xtrain, Ytrain, Xtest) :
  The response has five or fewer unique values.  Are you sure you want to do regression?
Warning in randomForest.default(Xtrain, Ytrain, Xtest) :
  The response has five or fewer unique values.  Are you sure you want to do regression?
2022-09-05 20:54:45: CV num 2:
Warning in randomForest.default(Xtrain, Ytrain, Xtest) :
  The response has five or fewer unique values.  Are you sure you want to do regression?
Warning in randomForest.default(Xtrain, Ytrain, Xtest) :
  The response has five or fewer unique values.  Are you sure you want to do regression?
Warning in randomForest.default(Xtrain, Ytrain, Xtest) :
  The response has five or fewer unique values.  Are you sure you want to do regression?
2022-09-05 20:54:54: Ran predictor 'RF' for group 'PaTr' in 0.30 minutes.
2022-09-05 20:54:54: Running predictor 'RF2' for group 'PaTr'.
2022-09-05 20:54:54: CV num 1:
Warning in randomForest.default(Xtrain, Ytrain, Xtest, mtry = floor(sqrt(ncol(Xtest)))) :
  The response has five or fewer unique values.  Are you sure you want to do regression?
Warning in randomForest.default(Xtrain, Ytrain, Xtest, mtry = floor(sqrt(ncol(Xtest)))) :
  The response has five or fewer unique values.  Are you sure you want to do regression?
Warning in randomForest.default(Xtrain, Ytrain, Xtest, mtry = floor(sqrt(ncol(Xtest)))) :
  The response has five or fewer unique values.  Are you sure you want to do regression?
2022-09-05 20:55:07: CV num 2:
Warning in randomForest.default(Xtrain, Ytrain, Xtest, mtry = floor(sqrt(ncol(Xtest)))) :
  The response has five or fewer unique values.  Are you sure you want to do regression?
Warning in randomForest.default(Xtrain, Ytrain, Xtest, mtry = floor(sqrt(ncol(Xtest)))) :
  The response has five or fewer unique values.  Are you sure you want to do regression?
Warning in randomForest.default(Xtrain, Ytrain, Xtest, mtry = floor(sqrt(ncol(Xtest)))) :
  The response has five or fewer unique values.  Are you sure you want to do regression?
2022-09-05 21:00:18: Ran predictor 'RF2' for group 'PaTr' in 5.39 minutes.
2022-09-05 21:00:18: Running predictor 'RF3' for group 'PaTr'.
2022-09-05 21:00:18: CV num 1:
2022-09-05 21:00:19: CV num 2:
2022-09-05 21:00:20: Ran predictor 'RF3' for group 'PaTr' in 0.04 minutes.
2022-09-05 21:00:20: Running predictor 'RFO' for group 'PaTr'.
2022-09-05 21:00:20: CV num 1:
2022-09-05 21:00:36: RFO for groups Patient - Treatments                (  7 features) -> best mtry:  3 [perf: 0.451]
2022-09-05 21:06:04: RFO for groups Patient - Treatments                (  7 features) -> best mtry:  2 [perf: 0.450]
2022-09-05 21:06:10: RFO for groups Patient - Treatments                (  7 features) -> best mtry:  2 [perf: 0.442]
2022-09-05 21:06:10: CV num 2:
2022-09-05 21:06:30: RFO for groups Patient - Treatments                (  7 features) -> best mtry:  3 [perf: 0.416]
2022-09-05 21:11:54: RFO for groups Patient - Treatments                (  7 features) -> best mtry:  2 [perf: 0.471]
2022-09-05 21:12:06: RFO for groups Patient - Treatments                (  7 features) -> best mtry:  2 [perf: 0.455]
2022-09-05 21:12:06: Ran predictor 'RFO' for group 'PaTr' in 11.76 minutes.
2022-09-05 21:12:06: Running predictor 'RP' for group 'PaTr'.
2022-09-05 21:12:06: CV num 1:
2022-09-05 21:18:35: RPart for groups Patient - Treatments                (  7 features) -> best min split: 110 / best cp: 0.002  [perf: 0.503]
2022-09-05 21:19:48: RPart for groups Patient - Treatments                (  7 features) -> best min split: 20 / best cp: 0.01   [perf: 0.500]
2022-09-05 21:20:55: RPart for groups Patient - Treatments                (  7 features) -> best min split: 110 / best cp: 0.001  [perf: 0.518]
2022-09-05 21:20:55: CV num 2:
2022-09-05 21:21:53: RPart for groups Patient - Treatments                (  7 features) -> best min split: 20 / best cp: 0.005  [perf: 0.502]
2022-09-05 21:22:06: RPart for groups Patient - Treatments                (  7 features) -> best min split: 20 / best cp: 0.01   [perf: 0.500]
2022-09-05 21:22:19: RPart for groups Patient - Treatments                (  7 features) -> best min split: 20 / best cp: 0.005  [perf: 0.507]
2022-09-05 21:22:19: Ran predictor 'RP' for group 'PaTr' in 10.21 minutes.
2022-09-05 21:22:19: Running predictor 'SVM' for group 'PaTr'.
2022-09-05 21:22:19: CV num 1:
2022-09-05 21:26:11: SVM for groups Patient - Treatments                (  7 features) -> best gamma:   0.00195 / best cost:   3.16 [perf: 0.551]
2022-09-05 21:29:16: SVM for groups Patient - Treatments                (  7 features) -> best gamma:    0.0156 / best cost:   31.6 [perf: 0.540]
2022-09-05 21:32:18: SVM for groups Patient - Treatments                (  7 features) -> best gamma:    0.0625 / best cost:   31.6 [perf: 0.539]
2022-09-05 21:32:18: CV num 2:
2022-09-05 21:35:21: SVM for groups Patient - Treatments                (  7 features) -> best gamma:  0.000977 / best cost:      1 [perf: 0.546]
2022-09-05 21:37:36: SVM for groups Patient - Treatments                (  7 features) -> best gamma:       0.5 / best cost:      1 [perf: 0.539]
2022-09-05 21:39:33: SVM for groups Patient - Treatments                (  7 features) -> best gamma:         1 / best cost:    0.1 [perf: 0.566]
2022-09-05 21:39:33: Ran predictor 'SVM' for group 'PaTr' in 17.23 minutes.
2022-09-05 21:39:33: Already run predictor 'NB' on group 'PaTr', skipping...
2022-09-05 21:39:33: Running predictor 'KNN' for group 'PaTr'.
2022-09-05 21:39:33: CV num 1:
2022-09-05 21:39:35: KNN for groups Patient - Treatments                (  7 features) ->  best k: 50  / kernel: optimal    [perf: 0.605]
2022-09-05 21:39:36: KNN for groups Patient - Treatments                (  7 features) ->  best k: 30  / kernel: optimal    [perf: 0.601]
2022-09-05 21:39:36: KNN for groups Patient - Treatments                (  7 features) ->  best k: 20  / kernel: optimal    [perf: 0.619]
2022-09-05 21:39:36: CV num 2:
2022-09-05 21:39:37: KNN for groups Patient - Treatments                (  7 features) ->  best k: 16  / kernel: optimal    [perf: 0.609]
2022-09-05 21:39:38: KNN for groups Patient - Treatments                (  7 features) ->  best k: 16  / kernel: optimal    [perf: 0.617]
2022-09-05 21:39:39: KNN for groups Patient - Treatments                (  7 features) ->  best k: 30  / kernel: optimal    [perf: 0.617]
2022-09-05 21:39:39: Ran predictor 'KNN' for group 'PaTr' in 0.11 minutes.
2022-09-05 21:39:39: Running predictor 'KNNC' for group 'PaTr'.
2022-09-05 21:39:39: CV num 1:
2022-09-05 21:39:41: KNNC for groups Patient - Treatments                (  7 features) ->  best k: 40 / kernel: optimal
2022-09-05 21:39:42: KNNC for groups Patient - Treatments                (  7 features) ->  best k: 40 / kernel: optimal
2022-09-05 21:39:44: KNNC for groups Patient - Treatments                (  7 features) ->  best k: 30 / kernel: optimal
2022-09-05 21:39:44: CV num 2:
2022-09-05 21:39:45: KNNC for groups Patient - Treatments                (  7 features) ->  best k: 40 / kernel: optimal
2022-09-05 21:39:46: KNNC for groups Patient - Treatments                (  7 features) ->  best k: 30 / kernel: optimal
2022-09-05 21:39:47: KNNC for groups Patient - Treatments                (  7 features) ->  best k: 30 / kernel: optimal
2022-09-05 21:39:47: Ran predictor 'KNNC' for group 'PaTr' in 0.14 minutes.
2022-09-05 21:39:47: ## Ran group 'PaTr' in 45.25 minutes.

