2022-11-06 22:41:07: ###### Treating group of Categories: Cl
2022-11-06 22:41:07: Selected columns:
Clinical.ATM, Clinical.OpticNeuritis, Clinical.INO, Clinical.MotorWeakness, Clinical.SensoryDisturbance, Clinical.Ataxia, Clinical.BladderDisturbance, Clinical.BowelDisturbance, Clinical.Myelopathy, Clinical.CogDisturbance, Clinical.VisualLoss
2022-11-06 22:41:07: Already run predictor 'GLM' on group 'Cl', skipping...
2022-11-06 22:41:07: Already run predictor 'RF' on group 'Cl', skipping...
2022-11-06 22:41:07: Already run predictor 'RF2' on group 'Cl', skipping...
2022-11-06 22:41:07: Already run predictor 'RF3' on group 'Cl', skipping...
2022-11-06 22:41:07: Already run predictor 'RFO' on group 'Cl', skipping...
2022-11-06 22:41:07: Already run predictor 'RP' on group 'Cl', skipping...
2022-11-06 22:41:07: Already run predictor 'SVM' on group 'Cl', skipping...
2022-11-06 22:41:07: Already run predictor 'NB' on group 'Cl', skipping...
2022-11-06 22:41:07: Already run predictor 'KNN' on group 'Cl', skipping...
2022-11-06 22:41:07: Already run predictor 'KNNC' on group 'Cl', skipping...
2022-11-06 22:41:07: Running predictor 'XGB' for group 'Cl'.
2022-11-06 22:41:07: CV num 1:
Loading required package: xgboost

Attaching package: ‘xgboost’

The following object is masked from ‘package:dplyr’:

    slice

Loading required package: lattice
Loading required package: ggplot2
