2022-08-25 23:09:43: ###### Treating group of Categories: Cl
2022-08-25 23:09:43: Selected columns:
Clinical.ATM, Clinical.OpticNeuritis, Clinical.INO, Clinical.MotorWeakness, Clinical.SensoryDisturbance, Clinical.Ataxia, Clinical.BladderDisturbance, Clinical.BowelDisturbance, Clinical.Myelopathy, Clinical.CogDisturbance, Clinical.VisualLoss
2022-08-25 23:09:43: Already run predictor 'GLM' on group 'Cl', skipping...
2022-08-25 23:09:43: Already run predictor 'RF' on group 'Cl', skipping...
2022-08-25 23:09:43: Already run predictor 'RF2' on group 'Cl', skipping...
2022-08-25 23:09:43: Already run predictor 'RF3' on group 'Cl', skipping...
2022-08-25 23:09:43: Already run predictor 'RFO' on group 'Cl', skipping...
2022-08-25 23:09:43: Already run predictor 'RP' on group 'Cl', skipping...
2022-08-25 23:09:43: Already run predictor 'SVM' on group 'Cl', skipping...
2022-08-25 23:09:43: Already run predictor 'NB' on group 'Cl', skipping...
2022-08-25 23:09:43: Already run predictor 'KNN' on group 'Cl', skipping...
2022-08-25 23:09:43: Already run predictor 'KNNC' on group 'Cl', skipping...
2022-08-25 23:09:43: ## Ran group 'Cl' in 0.00 minutes.

2022-08-25 23:09:43: ###### Treating group of Categories: ClCoMS
2022-08-25 23:09:43: Selected columns:
Clinical.ATM, Clinical.OpticNeuritis, Clinical.INO, Clinical.MotorWeakness, Clinical.SensoryDisturbance, Clinical.Ataxia, Clinical.BladderDisturbance, Clinical.BowelDisturbance, Clinical.Myelopathy, Clinical.CogDisturbance, Clinical.VisualLoss, Core.AgeAtExam, Core.EDSS, Core.DiseaseDuration, Core.DiseaseCourse, Core.MSSS, MSFC.T25FW, MSFC.NHPT
2022-08-25 23:09:43: Already run predictor 'GLM' on group 'ClCoMS', skipping...
2022-08-25 23:09:43: Already run predictor 'RF' on group 'ClCoMS', skipping...
2022-08-25 23:09:43: Already run predictor 'RF2' on group 'ClCoMS', skipping...
2022-08-25 23:09:43: Already run predictor 'RF3' on group 'ClCoMS', skipping...
2022-08-25 23:09:43: Already run predictor 'RFO' on group 'ClCoMS', skipping...
2022-08-25 23:09:43: Already run predictor 'RP' on group 'ClCoMS', skipping...
2022-08-25 23:09:43: Already run predictor 'SVM' on group 'ClCoMS', skipping...
2022-08-25 23:09:43: Already run predictor 'NB' on group 'ClCoMS', skipping...
2022-08-25 23:09:43: Already run predictor 'KNN' on group 'ClCoMS', skipping...
2022-08-25 23:09:43: Already run predictor 'KNNC' on group 'ClCoMS', skipping...
2022-08-25 23:09:43: ## Ran group 'ClCoMS' in 0.00 minutes.

2022-08-25 23:09:43: ###### Treating group of Categories: CoMS
2022-08-25 23:09:43: Selected columns:
Core.AgeAtExam, Core.EDSS, Core.DiseaseDuration, Core.DiseaseCourse, Core.MSSS, MSFC.T25FW, MSFC.NHPT
2022-08-25 23:09:43: Already run predictor 'GLM' on group 'CoMS', skipping...
2022-08-25 23:09:43: Already run predictor 'RF' on group 'CoMS', skipping...
2022-08-25 23:09:43: Already run predictor 'RF2' on group 'CoMS', skipping...
2022-08-25 23:09:43: Already run predictor 'RF3' on group 'CoMS', skipping...
2022-08-25 23:09:43: Already run predictor 'RFO' on group 'CoMS', skipping...
2022-08-25 23:09:43: Already run predictor 'RP' on group 'CoMS', skipping...
2022-08-25 23:09:43: Already run predictor 'SVM' on group 'CoMS', skipping...
2022-08-25 23:09:43: Already run predictor 'NB' on group 'CoMS', skipping...
2022-08-25 23:09:43: Already run predictor 'KNN' on group 'CoMS', skipping...
2022-08-25 23:09:43: Already run predictor 'KNNC' on group 'CoMS', skipping...
2022-08-25 23:09:43: ## Ran group 'CoMS' in 0.00 minutes.

2022-08-25 23:09:43: ###### Treating group of Categories: CoFSMS
2022-08-25 23:09:43: Selected columns:
Core.AgeAtExam, Core.EDSS, Core.DiseaseDuration, Core.DiseaseCourse, Core.MSSS, FSSs.Visual, FSSs.Brainstem, FSSs.Pyramidal, FSSs.Cerebellar, FSSs.Sensory, FSSs.Bowel, FSSs.Mental, MSFC.T25FW, MSFC.NHPT
2022-08-25 23:09:43: Already run predictor 'GLM' on group 'CoFSMS', skipping...
2022-08-25 23:09:43: Already run predictor 'RF' on group 'CoFSMS', skipping...
2022-08-25 23:09:43: Already run predictor 'RF2' on group 'CoFSMS', skipping...
2022-08-25 23:09:43: Already run predictor 'RF3' on group 'CoFSMS', skipping...
2022-08-25 23:09:43: Already run predictor 'RFO' on group 'CoFSMS', skipping...
2022-08-25 23:09:43: Already run predictor 'RP' on group 'CoFSMS', skipping...
2022-08-25 23:09:43: Already run predictor 'SVM' on group 'CoFSMS', skipping...
2022-08-25 23:09:43: Already run predictor 'NB' on group 'CoFSMS', skipping...
2022-08-25 23:09:43: Already run predictor 'KNN' on group 'CoFSMS', skipping...
2022-08-25 23:09:43: Already run predictor 'KNNC' on group 'CoFSMS', skipping...
2022-08-25 23:09:43: ## Ran group 'CoFSMS' in 0.00 minutes.

2022-08-25 23:09:43: ###### Treating group of Categories: CoLiPa
2022-08-25 23:09:43: Selected columns:
Core.AgeAtExam, Core.EDSS, Core.DiseaseDuration, Core.DiseaseCourse, Core.MSSS, Life.CaffeineFreq, Life.MemoryConcerns, Life.Smoking, Patient.AgeOfOnset, Patient.Gender
2022-08-25 23:09:43: Already run predictor 'GLM' on group 'CoLiPa', skipping...
2022-08-25 23:09:43: Already run predictor 'RF' on group 'CoLiPa', skipping...
2022-08-25 23:09:43: Already run predictor 'RF2' on group 'CoLiPa', skipping...
2022-08-25 23:09:43: Already run predictor 'RF3' on group 'CoLiPa', skipping...
2022-08-25 23:09:43: Already run predictor 'RFO' on group 'CoLiPa', skipping...
2022-08-25 23:09:43: Already run predictor 'RP' on group 'CoLiPa', skipping...
2022-08-25 23:09:43: Already run predictor 'SVM' on group 'CoLiPa', skipping...
2022-08-25 23:09:43: Already run predictor 'NB' on group 'CoLiPa', skipping...
2022-08-25 23:09:43: Already run predictor 'KNN' on group 'CoLiPa', skipping...
2022-08-25 23:09:43: Already run predictor 'KNNC' on group 'CoLiPa', skipping...
2022-08-25 23:09:43: ## Ran group 'CoLiPa' in 0.00 minutes.

2022-08-25 23:09:43: ###### Treating group of Categories: CoMRQO
2022-08-25 23:09:43: Selected columns:
Core.AgeAtExam, Core.EDSS, Core.DiseaseDuration, Core.DiseaseCourse, Core.MSSS, MRI.CE_Lesion, MRI.GM_Volume, MRI.Siena_PBVC, QOL.LackFocus, QOL.LackEnergy, QOL.PsychoDown, QOL.RelativePain, QOL.NotEnjoyLife
2022-08-25 23:09:43: Already run predictor 'GLM' on group 'CoMRQO', skipping...
2022-08-25 23:09:43: Already run predictor 'RF' on group 'CoMRQO', skipping...
2022-08-25 23:09:43: Already run predictor 'RF2' on group 'CoMRQO', skipping...
2022-08-25 23:09:43: Already run predictor 'RF3' on group 'CoMRQO', skipping...
2022-08-25 23:09:43: Already run predictor 'RFO' on group 'CoMRQO', skipping...
2022-08-25 23:09:44: Already run predictor 'RP' on group 'CoMRQO', skipping...
2022-08-25 23:09:44: Running predictor 'SVM' for group 'CoMRQO'.
2022-08-25 23:09:44: CV num 1
2022-08-25 23:13:19: SVM for groups Core - MRI - QOL                    ( 13 features) -> best gamma:   0.00391 / best cost:   31.6 [perf: 0.726]
2022-08-25 23:17:06: SVM for groups Core - MRI - QOL                    ( 13 features) -> best gamma:  0.000977 / best cost:   31.6 [perf: 0.698]
2022-08-25 23:20:55: SVM for groups Core - MRI - QOL                    ( 13 features) -> best gamma:  0.000977 / best cost:   31.6 [perf: 0.695]

2022-08-25 23:20:55: CV num 2
2022-08-25 23:24:23: SVM for groups Core - MRI - QOL                    ( 13 features) -> best gamma:   0.00195 / best cost:  0.316 [perf: 0.688]
2022-08-25 23:27:43: SVM for groups Core - MRI - QOL                    ( 13 features) -> best gamma:   0.00195 / best cost:   31.6 [perf: 0.710]
2022-08-25 23:31:53: SVM for groups Core - MRI - QOL                    ( 13 features) -> best gamma:   0.00391 / best cost:     10 [perf: 0.722]

2022-08-25 23:31:53: Ran predictor 'SVM' for group 'CoMRQO' in 22.16 minutes.
2022-08-25 23:31:53: Already run predictor 'NB' on group 'CoMRQO', skipping...
2022-08-25 23:31:53: Running predictor 'KNN' for group 'CoMRQO'.
2022-08-25 23:31:53: CV num 1
2022-08-25 23:31:58: KNN for groups Core - MRI - QOL                    ( 13 features) ->  best k: 140 / kernel: optimal    [perf: 0.709]
2022-08-25 23:32:00: KNN for groups Core - MRI - QOL                    ( 13 features) ->  best k: 200 / kernel: optimal    [perf: 0.681]
2022-08-25 23:32:01: KNN for groups Core - MRI - QOL                    ( 13 features) ->  best k: 200 / kernel: optimal    [perf: 0.667]

2022-08-25 23:32:02: CV num 2
2022-08-25 23:32:03: KNN for groups Core - MRI - QOL                    ( 13 features) ->  best k: 200 / kernel: optimal    [perf: 0.687]
2022-08-25 23:32:05: KNN for groups Core - MRI - QOL                    ( 13 features) ->  best k: 200 / kernel: optimal    [perf: 0.675]
2022-08-25 23:32:07: KNN for groups Core - MRI - QOL                    ( 13 features) ->  best k: 200 / kernel: optimal    [perf: 0.697]

2022-08-25 23:32:07: Ran predictor 'KNN' for group 'CoMRQO' in 0.23 minutes.
2022-08-25 23:32:07: Already run predictor 'KNNC' on group 'CoMRQO', skipping...
2022-08-25 23:32:07: ## Ran group 'CoMRQO' in 22.39 minutes.

2022-08-25 23:32:07: ###### Treating group of Categories: MRPa
2022-08-25 23:32:07: Selected columns:
MRI.CE_Lesion, MRI.GM_Volume, MRI.Siena_PBVC, Patient.AgeOfOnset, Patient.Gender
2022-08-25 23:32:07: Already run predictor 'GLM' on group 'MRPa', skipping...
2022-08-25 23:32:07: Already run predictor 'RF' on group 'MRPa', skipping...
2022-08-25 23:32:07: Already run predictor 'RF2' on group 'MRPa', skipping...
2022-08-25 23:32:07: Already run predictor 'RF3' on group 'MRPa', skipping...
2022-08-25 23:32:07: Running predictor 'RFO' for group 'MRPa'.
2022-08-25 23:32:07: CV num 1
randomForest 4.6-12
Type rfNews() to see new features/changes/bug fixes.

Attaching package: ‘randomForest’

The following object is masked from ‘package:dplyr’:

    combine

2022-08-25 23:32:18: RFO for groups MRI - Patient                       (  5 features) -> best mtry:  3 [perf: 0.506]
2022-08-25 23:32:29: RFO for groups MRI - Patient                       (  5 features) -> best mtry:  2 [perf: 0.534]
2022-08-25 23:32:40: RFO for groups MRI - Patient                       (  5 features) -> best mtry:  2 [perf: 0.488]

2022-08-25 23:32:40: CV num 2
2022-08-25 23:32:50: RFO for groups MRI - Patient                       (  5 features) -> best mtry:  3 [perf: 0.507]
2022-08-25 23:32:59: RFO for groups MRI - Patient                       (  5 features) -> best mtry:  2 [perf: 0.516]
2022-08-25 23:33:09: RFO for groups MRI - Patient                       (  5 features) -> best mtry:  3 [perf: 0.493]

2022-08-25 23:33:09: Ran predictor 'RFO' for group 'MRPa' in 1.04 minutes.
2022-08-25 23:33:09: Running predictor 'RP' for group 'MRPa'.
2022-08-25 23:33:09: CV num 1
2022-08-25 23:33:22: RPart for groups MRI - Patient                       (  5 features) -> best min split: 110 / best cp: 0.005  [perf: 0.524]
2022-08-25 23:33:34: RPart for groups MRI - Patient                       (  5 features) -> best min split: 80 / best cp: 0.0001 [perf: 0.575]
2022-08-25 23:33:46: RPart for groups MRI - Patient                       (  5 features) -> best min split: 110 / best cp: 0.005  [perf: 0.549]

2022-08-25 23:33:46: CV num 2
2022-08-25 23:33:59: RPart for groups MRI - Patient                       (  5 features) -> best min split: 110 / best cp: 0.005  [perf: 0.554]
2022-08-25 23:34:09: RPart for groups MRI - Patient                       (  5 features) -> best min split: 100 / best cp: 0.005  [perf: 0.554]
2022-08-25 23:34:22: RPart for groups MRI - Patient                       (  5 features) -> best min split: 40 / best cp: 0.005  [perf: 0.569]

2022-08-25 23:34:22: Ran predictor 'RP' for group 'MRPa' in 1.21 minutes.
2022-08-25 23:34:22: Running predictor 'SVM' for group 'MRPa'.
2022-08-25 23:34:22: CV num 1
2022-08-25 23:39:32: SVM for groups MRI - Patient                       (  5 features) -> best gamma:      0.25 / best cost:   31.6 [perf: 0.582]
2022-08-25 23:45:01: SVM for groups MRI - Patient                       (  5 features) -> best gamma:   0.00195 / best cost:    0.1 [perf: 0.525]
2022-08-25 23:49:30: SVM for groups MRI - Patient                       (  5 features) -> best gamma:    0.0625 / best cost:    0.1 [perf: 0.526]

2022-08-25 23:49:30: CV num 2
2022-08-25 23:53:37: SVM for groups MRI - Patient                       (  5 features) -> best gamma:    0.0156 / best cost:  0.316 [perf: 0.541]
2022-08-25 23:57:17: SVM for groups MRI - Patient                       (  5 features) -> best gamma:    0.0625 / best cost:    0.1 [perf: 0.548]
2022-08-26 00:02:19: SVM for groups MRI - Patient                       (  5 features) -> best gamma:     0.125 / best cost:    0.1 [perf: 0.549]

2022-08-26 00:02:19: Ran predictor 'SVM' for group 'MRPa' in 27.94 minutes.
2022-08-26 00:02:19: Already run predictor 'NB' on group 'MRPa', skipping...
2022-08-26 00:02:19: Running predictor 'KNN' for group 'MRPa'.
2022-08-26 00:02:19: CV num 1
2022-08-26 00:02:23: KNN for groups MRI - Patient                       (  5 features) ->  best k: 16  / kernel: optimal    [perf: 0.473]
2022-08-26 00:02:25: KNN for groups MRI - Patient                       (  5 features) ->  best k: 200 / kernel: optimal    [perf: 0.517]
2022-08-26 00:02:26: KNN for groups MRI - Patient                       (  5 features) ->  best k: 200 / kernel: optimal    [perf: 0.531]

2022-08-26 00:02:27: CV num 2
2022-08-26 00:02:28: KNN for groups MRI - Patient                       (  5 features) ->  best k: 6   / kernel: optimal    [perf: 0.504]
2022-08-26 00:02:30: KNN for groups MRI - Patient                       (  5 features) ->  best k: 190 / kernel: optimal    [perf: 0.528]
2022-08-26 00:02:31: KNN for groups MRI - Patient                       (  5 features) ->  best k: 200 / kernel: optimal    [perf: 0.505]

2022-08-26 00:02:31: Ran predictor 'KNN' for group 'MRPa' in 0.21 minutes.
2022-08-26 00:02:31: Already run predictor 'KNNC' on group 'MRPa', skipping...
2022-08-26 00:02:31: ## Ran group 'MRPa' in 30.40 minutes.

