2022-10-17 23:28:54: ###### Treating group of Categories: ClTr
2022-10-17 23:28:54: Selected columns:
Clinical.ATM, Clinical.OpticNeuritis, Clinical.INO, Clinical.MotorWeakness, Clinical.SensoryDisturbance, Clinical.Ataxia, Clinical.BladderDisturbance, Clinical.BowelDisturbance, Clinical.Myelopathy, Clinical.CogDisturbance, Clinical.VisualLoss, Treatments.nDMT, Treatments.hasIM, Treatments.hasIS, Treatments.hasMA, Treatments.DMTcategory
2022-10-17 23:28:54: Already run predictor 'GLM' on group 'ClTr', skipping...
2022-10-17 23:28:54: Already run predictor 'RF' on group 'ClTr', skipping...
2022-10-17 23:28:54: Already run predictor 'RF2' on group 'ClTr', skipping...
2022-10-17 23:28:54: Already run predictor 'RF3' on group 'ClTr', skipping...
2022-10-17 23:28:54: Already run predictor 'RFO' on group 'ClTr', skipping...
2022-10-17 23:28:54: Already run predictor 'RP' on group 'ClTr', skipping...
2022-10-17 23:28:54: Already run predictor 'SVM' on group 'ClTr', skipping...
2022-10-17 23:28:54: Already run predictor 'NB' on group 'ClTr', skipping...
2022-10-17 23:28:54: Already run predictor 'KNN' on group 'ClTr', skipping...
2022-10-17 23:28:54: Already run predictor 'KNNC' on group 'ClTr', skipping...
2022-10-17 23:28:54: Running predictor 'XGB' for group 'ClTr'.
2022-10-17 23:28:54: CV num 1:
Loading required package: xgboost

Attaching package: ‘xgboost’

The following object is masked from ‘package:dplyr’:

    slice

Loading required package: plyr
------------------------------------------------------------------------------
You have loaded plyr after dplyr - this is likely to cause problems.
If you need functions from both plyr and dplyr, please load plyr first, then dplyr:
library(plyr); library(dplyr)
------------------------------------------------------------------------------

Attaching package: ‘plyr’

The following objects are masked from ‘package:dplyr’:

    arrange, count, desc, failwith, id, mutate, rename, summarise,
    summarize

Error : nrow(x) == n is not TRUE
2022-10-17 23:28:59: ## Ran group 'ClTr' in 0.08 minutes.

2022-10-17 23:28:59: ###### Treating group of Categories: ClCoTr
2022-10-17 23:28:59: Selected columns:
Clinical.ATM, Clinical.OpticNeuritis, Clinical.INO, Clinical.MotorWeakness, Clinical.SensoryDisturbance, Clinical.Ataxia, Clinical.BladderDisturbance, Clinical.BowelDisturbance, Clinical.Myelopathy, Clinical.CogDisturbance, Clinical.VisualLoss, Core.AgeAtExam, Core.EDSS, Core.DiseaseDuration, Core.DiseaseCourse, Core.MSSS, Treatments.nDMT, Treatments.hasIM, Treatments.hasIS, Treatments.hasMA, Treatments.DMTcategory
2022-10-17 23:28:59: Already run predictor 'GLM' on group 'ClCoTr', skipping...
2022-10-17 23:28:59: Already run predictor 'RF' on group 'ClCoTr', skipping...
2022-10-17 23:28:59: Already run predictor 'RF2' on group 'ClCoTr', skipping...
2022-10-17 23:28:59: Already run predictor 'RF3' on group 'ClCoTr', skipping...
2022-10-17 23:28:59: Already run predictor 'RFO' on group 'ClCoTr', skipping...
2022-10-17 23:28:59: Already run predictor 'RP' on group 'ClCoTr', skipping...
2022-10-17 23:28:59: Already run predictor 'SVM' on group 'ClCoTr', skipping...
2022-10-17 23:28:59: Already run predictor 'NB' on group 'ClCoTr', skipping...
2022-10-17 23:28:59: Already run predictor 'KNN' on group 'ClCoTr', skipping...
2022-10-17 23:28:59: Already run predictor 'KNNC' on group 'ClCoTr', skipping...
2022-10-17 23:28:59: Running predictor 'XGB' for group 'ClCoTr'.
2022-10-17 23:28:59: CV num 1:
Error : nrow(x) == n is not TRUE
2022-10-17 23:28:59: ## Ran group 'ClCoTr' in 0.00 minutes.

2022-10-17 23:28:59: ###### Treating group of Categories: CoFSMR
2022-10-17 23:28:59: Selected columns:
Core.AgeAtExam, Core.EDSS, Core.DiseaseDuration, Core.DiseaseCourse, Core.MSSS, FSSs.Visual, FSSs.Brainstem, FSSs.Pyramidal, FSSs.Cerebellar, FSSs.Sensory, FSSs.Bowel, FSSs.Mental, MRI.CE_Lesion, MRI.GM_Volume, MRI.Siena_PBVC
2022-10-17 23:28:59: Already run predictor 'GLM' on group 'CoFSMR', skipping...
2022-10-17 23:28:59: Already run predictor 'RF' on group 'CoFSMR', skipping...
2022-10-17 23:28:59: Already run predictor 'RF2' on group 'CoFSMR', skipping...
2022-10-17 23:28:59: Already run predictor 'RF3' on group 'CoFSMR', skipping...
2022-10-17 23:28:59: Already run predictor 'RFO' on group 'CoFSMR', skipping...
2022-10-17 23:28:59: Already run predictor 'RP' on group 'CoFSMR', skipping...
2022-10-17 23:28:59: Already run predictor 'SVM' on group 'CoFSMR', skipping...
2022-10-17 23:28:59: Already run predictor 'NB' on group 'CoFSMR', skipping...
2022-10-17 23:28:59: Already run predictor 'KNN' on group 'CoFSMR', skipping...
2022-10-17 23:28:59: Already run predictor 'KNNC' on group 'CoFSMR', skipping...
2022-10-17 23:28:59: Running predictor 'XGB' for group 'CoFSMR'.
2022-10-17 23:28:59: CV num 1:
Error : nrow(x) == n is not TRUE
2022-10-17 23:28:59: ## Ran group 'CoFSMR' in 0.00 minutes.

2022-10-17 23:28:59: ###### Treating group of Categories: CoMRMS
2022-10-17 23:28:59: Selected columns:
Core.AgeAtExam, Core.EDSS, Core.DiseaseDuration, Core.DiseaseCourse, Core.MSSS, MRI.CE_Lesion, MRI.GM_Volume, MRI.Siena_PBVC, MSFC.T25FW, MSFC.NHPT
2022-10-17 23:28:59: Already run predictor 'GLM' on group 'CoMRMS', skipping...
2022-10-17 23:28:59: Already run predictor 'RF' on group 'CoMRMS', skipping...
2022-10-17 23:28:59: Already run predictor 'RF2' on group 'CoMRMS', skipping...
2022-10-17 23:28:59: Already run predictor 'RF3' on group 'CoMRMS', skipping...
2022-10-17 23:28:59: Already run predictor 'RFO' on group 'CoMRMS', skipping...
2022-10-17 23:28:59: Already run predictor 'RP' on group 'CoMRMS', skipping...
2022-10-17 23:28:59: Already run predictor 'SVM' on group 'CoMRMS', skipping...
2022-10-17 23:28:59: Already run predictor 'NB' on group 'CoMRMS', skipping...
2022-10-17 23:28:59: Already run predictor 'KNN' on group 'CoMRMS', skipping...
2022-10-17 23:28:59: Already run predictor 'KNNC' on group 'CoMRMS', skipping...
2022-10-17 23:28:59: Running predictor 'XGB' for group 'CoMRMS'.
2022-10-17 23:28:59: CV num 1:
Error : nrow(x) == n is not TRUE
2022-10-17 23:28:59: ## Ran group 'CoMRMS' in 0.00 minutes.

2022-10-17 23:28:59: ###### Treating group of Categories: CoMSTr
2022-10-17 23:28:59: Selected columns:
Core.AgeAtExam, Core.EDSS, Core.DiseaseDuration, Core.DiseaseCourse, Core.MSSS, MSFC.T25FW, MSFC.NHPT, Treatments.nDMT, Treatments.hasIM, Treatments.hasIS, Treatments.hasMA, Treatments.DMTcategory
2022-10-17 23:28:59: Already run predictor 'GLM' on group 'CoMSTr', skipping...
2022-10-17 23:28:59: Already run predictor 'RF' on group 'CoMSTr', skipping...
2022-10-17 23:28:59: Already run predictor 'RF2' on group 'CoMSTr', skipping...
2022-10-17 23:28:59: Already run predictor 'RF3' on group 'CoMSTr', skipping...
2022-10-17 23:28:59: Already run predictor 'RFO' on group 'CoMSTr', skipping...
2022-10-17 23:28:59: Already run predictor 'RP' on group 'CoMSTr', skipping...
2022-10-17 23:28:59: Already run predictor 'SVM' on group 'CoMSTr', skipping...
2022-10-17 23:28:59: Already run predictor 'NB' on group 'CoMSTr', skipping...
2022-10-17 23:28:59: Already run predictor 'KNN' on group 'CoMSTr', skipping...
Warning: closing unused connection 11 (RunData/Subj-3-2-1914_2022-08-22_10-53/logs/run_2022-10-17_23-28_7988.log)
Warning: closing unused connection 9 (RunData/Subj-3-2-1914_2022-08-22_10-53/logs/run_2022-10-17_23-28_7988.log)
Warning: closing unused connection 7 (RunData/Subj-3-2-1914_2022-08-22_10-53/logs/run_2022-10-17_23-28_7988.log)
2022-10-17 23:28:59: Already run predictor 'KNNC' on group 'CoMSTr', skipping...
2022-10-17 23:28:59: Running predictor 'XGB' for group 'CoMSTr'.
2022-10-17 23:28:59: CV num 1:
Error : nrow(x) == n is not TRUE
2022-10-17 23:28:59: ## Ran group 'CoMSTr' in 0.00 minutes.

2022-10-17 23:28:59: ###### Treating group of Categories: LiMR
2022-10-17 23:28:59: Selected columns:
Life.CaffeineFreq, Life.MemoryConcerns, Life.Smoking, MRI.CE_Lesion, MRI.GM_Volume, MRI.Siena_PBVC
2022-10-17 23:28:59: Already run predictor 'GLM' on group 'LiMR', skipping...
2022-10-17 23:28:59: Already run predictor 'RF' on group 'LiMR', skipping...
2022-10-17 23:28:59: Already run predictor 'RF2' on group 'LiMR', skipping...
2022-10-17 23:28:59: Already run predictor 'RF3' on group 'LiMR', skipping...
2022-10-17 23:28:59: Already run predictor 'RFO' on group 'LiMR', skipping...
2022-10-17 23:28:59: Already run predictor 'RP' on group 'LiMR', skipping...
2022-10-17 23:28:59: Already run predictor 'SVM' on group 'LiMR', skipping...
2022-10-17 23:28:59: Already run predictor 'NB' on group 'LiMR', skipping...
2022-10-17 23:28:59: Already run predictor 'KNN' on group 'LiMR', skipping...
2022-10-17 23:28:59: Already run predictor 'KNNC' on group 'LiMR', skipping...
2022-10-17 23:28:59: Running predictor 'XGB' for group 'LiMR'.
2022-10-17 23:28:59: CV num 1:
Error : nrow(x) == n is not TRUE
2022-10-17 23:29:00: ## Ran group 'LiMR' in 0.00 minutes.

2022-10-17 23:29:00: ###### Treating group of Categories: MS
2022-10-17 23:29:00: Selected columns:
MSFC.T25FW, MSFC.NHPT
2022-10-17 23:29:00: Already run predictor 'GLM' on group 'MS', skipping...
2022-10-17 23:29:00: Already run predictor 'RF' on group 'MS', skipping...
2022-10-17 23:29:00: Already run predictor 'RF2' on group 'MS', skipping...
2022-10-17 23:29:00: Already run predictor 'RF3' on group 'MS', skipping...
2022-10-17 23:29:00: Already run predictor 'RFO' on group 'MS', skipping...
2022-10-17 23:29:00: Already run predictor 'RP' on group 'MS', skipping...
2022-10-17 23:29:00: Already run predictor 'SVM' on group 'MS', skipping...
2022-10-17 23:29:00: Already run predictor 'NB' on group 'MS', skipping...
2022-10-17 23:29:00: Already run predictor 'KNN' on group 'MS', skipping...
2022-10-17 23:29:00: Already run predictor 'KNNC' on group 'MS', skipping...
2022-10-17 23:29:00: Running predictor 'XGB' for group 'MS'.
2022-10-17 23:29:00: CV num 1:
Error : nrow(x) == n is not TRUE
2022-10-17 23:29:00: ## Ran group 'MS' in 0.00 minutes.

2022-10-17 23:29:00: ###### Treating group of Categories: QOTr
2022-10-17 23:29:00: Selected columns:
QOL.LackFocus, QOL.LackEnergy, QOL.PsychoDown, QOL.RelativePain, QOL.NotEnjoyLife, Treatments.nDMT, Treatments.hasIM, Treatments.hasIS, Treatments.hasMA, Treatments.DMTcategory
2022-10-17 23:29:00: Already run predictor 'GLM' on group 'QOTr', skipping...
2022-10-17 23:29:00: Already run predictor 'RF' on group 'QOTr', skipping...
2022-10-17 23:29:00: Already run predictor 'RF2' on group 'QOTr', skipping...
2022-10-17 23:29:00: Already run predictor 'RF3' on group 'QOTr', skipping...
2022-10-17 23:29:00: Already run predictor 'RFO' on group 'QOTr', skipping...
2022-10-17 23:29:00: Already run predictor 'RP' on group 'QOTr', skipping...
2022-10-17 23:29:00: Already run predictor 'SVM' on group 'QOTr', skipping...
2022-10-17 23:29:00: Already run predictor 'NB' on group 'QOTr', skipping...
2022-10-17 23:29:00: Already run predictor 'KNN' on group 'QOTr', skipping...
2022-10-17 23:29:00: Already run predictor 'KNNC' on group 'QOTr', skipping...
2022-10-17 23:29:00: Running predictor 'XGB' for group 'QOTr'.
2022-10-17 23:29:00: CV num 1:
Warning: closing unused connection 11 (RunData/Subj-3-2-1914_2022-08-22_10-53/logs/run_2022-10-17_23-28_7988.log)
Warning: closing unused connection 7 (RunData/Subj-3-2-1914_2022-08-22_10-53/logs/run_2022-10-17_23-28_7988.log)
Error : nrow(x) == n is not TRUE
2022-10-17 23:29:00: ## Ran group 'QOTr' in 0.00 minutes.

