2022-10-17 23:23:54: ###### Treating group of Categories: ClFS
2022-10-17 23:23:54: Selected columns:
Clinical.ATM, Clinical.OpticNeuritis, Clinical.INO, Clinical.MotorWeakness, Clinical.SensoryDisturbance, Clinical.Ataxia, Clinical.BladderDisturbance, Clinical.BowelDisturbance, Clinical.Myelopathy, Clinical.CogDisturbance, Clinical.VisualLoss, FSSs.Visual, FSSs.Brainstem, FSSs.Pyramidal, FSSs.Cerebellar, FSSs.Sensory, FSSs.Bowel, FSSs.Mental
2022-10-17 23:23:54: Already run predictor 'GLM' on group 'ClFS', skipping...
2022-10-17 23:23:54: Already run predictor 'RF' on group 'ClFS', skipping...
2022-10-17 23:23:54: Already run predictor 'RF2' on group 'ClFS', skipping...
2022-10-17 23:23:54: Already run predictor 'RF3' on group 'ClFS', skipping...
2022-10-17 23:23:54: Already run predictor 'RFO' on group 'ClFS', skipping...
2022-10-17 23:23:54: Already run predictor 'RP' on group 'ClFS', skipping...
2022-10-17 23:23:54: Already run predictor 'SVM' on group 'ClFS', skipping...
2022-10-17 23:23:54: Already run predictor 'NB' on group 'ClFS', skipping...
2022-10-17 23:23:54: Already run predictor 'KNN' on group 'ClFS', skipping...
2022-10-17 23:23:54: Already run predictor 'KNNC' on group 'ClFS', skipping...
2022-10-17 23:23:54: Running predictor 'XGB' for group 'ClFS'.
2022-10-17 23:23:54: CV num 1:
Loading required package: xgboost

Attaching package: ‘xgboost’

The following object is masked from ‘package:dplyr’:

    slice

Loading required package: plyr
------------------------------------------------------------------------------
You have loaded plyr after dplyr - this is likely to cause problems.
If you need functions from both plyr and dplyr, please load plyr first, then dplyr:
library(plyr); library(dplyr)
------------------------------------------------------------------------------

Attaching package: ‘plyr’

The following objects are masked from ‘package:dplyr’:

    arrange, count, desc, failwith, id, mutate, rename, summarise,
    summarize

Error in train.default(Xtrain, factor(Ytrain), method = "xgbTree", trControl = trControl,  : 
  object 'trControl' not found
2022-10-17 23:23:59: ## Ran group 'ClFS' in 0.08 minutes.

2022-10-17 23:23:59: ###### Treating group of Categories: ClCoMR
2022-10-17 23:23:59: Selected columns:
Clinical.ATM, Clinical.OpticNeuritis, Clinical.INO, Clinical.MotorWeakness, Clinical.SensoryDisturbance, Clinical.Ataxia, Clinical.BladderDisturbance, Clinical.BowelDisturbance, Clinical.Myelopathy, Clinical.CogDisturbance, Clinical.VisualLoss, Core.AgeAtExam, Core.EDSS, Core.DiseaseDuration, Core.DiseaseCourse, Core.MSSS, MRI.CE_Lesion, MRI.GM_Volume, MRI.Siena_PBVC
2022-10-17 23:23:59: Already run predictor 'GLM' on group 'ClCoMR', skipping...
2022-10-17 23:23:59: Already run predictor 'RF' on group 'ClCoMR', skipping...
2022-10-17 23:23:59: Already run predictor 'RF2' on group 'ClCoMR', skipping...
2022-10-17 23:23:59: Already run predictor 'RF3' on group 'ClCoMR', skipping...
2022-10-17 23:23:59: Already run predictor 'RFO' on group 'ClCoMR', skipping...
2022-10-17 23:23:59: Already run predictor 'RP' on group 'ClCoMR', skipping...
2022-10-17 23:23:59: Already run predictor 'SVM' on group 'ClCoMR', skipping...
2022-10-17 23:23:59: Already run predictor 'NB' on group 'ClCoMR', skipping...
2022-10-17 23:23:59: Already run predictor 'KNN' on group 'ClCoMR', skipping...
2022-10-17 23:23:59: Already run predictor 'KNNC' on group 'ClCoMR', skipping...
2022-10-17 23:23:59: Running predictor 'XGB' for group 'ClCoMR'.
2022-10-17 23:23:59: CV num 1:
Error in train.default(Xtrain, factor(Ytrain), method = "xgbTree", trControl = trControl,  : 
  object 'trControl' not found
2022-10-17 23:23:59: ## Ran group 'ClCoMR' in 0.00 minutes.

2022-10-17 23:23:59: ###### Treating group of Categories: CoLi
2022-10-17 23:23:59: Selected columns:
Core.AgeAtExam, Core.EDSS, Core.DiseaseDuration, Core.DiseaseCourse, Core.MSSS, Life.CaffeineFreq, Life.MemoryConcerns, Life.Smoking
2022-10-17 23:23:59: Already run predictor 'GLM' on group 'CoLi', skipping...
2022-10-17 23:23:59: Already run predictor 'RF' on group 'CoLi', skipping...
2022-10-17 23:23:59: Already run predictor 'RF2' on group 'CoLi', skipping...
2022-10-17 23:23:59: Already run predictor 'RF3' on group 'CoLi', skipping...
2022-10-17 23:23:59: Already run predictor 'RFO' on group 'CoLi', skipping...
2022-10-17 23:23:59: Already run predictor 'RP' on group 'CoLi', skipping...
2022-10-17 23:23:59: Already run predictor 'SVM' on group 'CoLi', skipping...
2022-10-17 23:23:59: Already run predictor 'NB' on group 'CoLi', skipping...
2022-10-17 23:23:59: Already run predictor 'KNN' on group 'CoLi', skipping...
2022-10-17 23:23:59: Already run predictor 'KNNC' on group 'CoLi', skipping...
2022-10-17 23:23:59: Running predictor 'XGB' for group 'CoLi'.
2022-10-17 23:23:59: CV num 1:
Error in train.default(Xtrain, factor(Ytrain), method = "xgbTree", trControl = trControl,  : 
  object 'trControl' not found
2022-10-17 23:23:59: ## Ran group 'CoLi' in 0.00 minutes.

2022-10-17 23:23:59: ###### Treating group of Categories: CoFSMS
2022-10-17 23:23:59: Selected columns:
Core.AgeAtExam, Core.EDSS, Core.DiseaseDuration, Core.DiseaseCourse, Core.MSSS, FSSs.Visual, FSSs.Brainstem, FSSs.Pyramidal, FSSs.Cerebellar, FSSs.Sensory, FSSs.Bowel, FSSs.Mental, MSFC.T25FW, MSFC.NHPT
2022-10-17 23:23:59: Already run predictor 'GLM' on group 'CoFSMS', skipping...
2022-10-17 23:23:59: Already run predictor 'RF' on group 'CoFSMS', skipping...
2022-10-17 23:23:59: Already run predictor 'RF2' on group 'CoFSMS', skipping...
2022-10-17 23:23:59: Already run predictor 'RF3' on group 'CoFSMS', skipping...
2022-10-17 23:23:59: Already run predictor 'RFO' on group 'CoFSMS', skipping...
2022-10-17 23:23:59: Already run predictor 'RP' on group 'CoFSMS', skipping...
2022-10-17 23:23:59: Already run predictor 'SVM' on group 'CoFSMS', skipping...
2022-10-17 23:23:59: Already run predictor 'NB' on group 'CoFSMS', skipping...
2022-10-17 23:23:59: Already run predictor 'KNN' on group 'CoFSMS', skipping...
2022-10-17 23:23:59: Already run predictor 'KNNC' on group 'CoFSMS', skipping...
2022-10-17 23:23:59: Running predictor 'XGB' for group 'CoFSMS'.
2022-10-17 23:23:59: CV num 1:
Error in train.default(Xtrain, factor(Ytrain), method = "xgbTree", trControl = trControl,  : 
  object 'trControl' not found
2022-10-17 23:23:59: ## Ran group 'CoFSMS' in 0.00 minutes.

2022-10-17 23:23:59: ###### Treating group of Categories: CoMRQO
2022-10-17 23:23:59: Selected columns:
Core.AgeAtExam, Core.EDSS, Core.DiseaseDuration, Core.DiseaseCourse, Core.MSSS, MRI.CE_Lesion, MRI.GM_Volume, MRI.Siena_PBVC, QOL.LackFocus, QOL.LackEnergy, QOL.PsychoDown, QOL.RelativePain, QOL.NotEnjoyLife
2022-10-17 23:23:59: Already run predictor 'GLM' on group 'CoMRQO', skipping...
2022-10-17 23:23:59: Already run predictor 'RF' on group 'CoMRQO', skipping...
2022-10-17 23:23:59: Already run predictor 'RF2' on group 'CoMRQO', skipping...
2022-10-17 23:23:59: Already run predictor 'RF3' on group 'CoMRQO', skipping...
2022-10-17 23:23:59: Already run predictor 'RFO' on group 'CoMRQO', skipping...
2022-10-17 23:23:59: Already run predictor 'RP' on group 'CoMRQO', skipping...
2022-10-17 23:23:59: Already run predictor 'SVM' on group 'CoMRQO', skipping...
2022-10-17 23:23:59: Already run predictor 'NB' on group 'CoMRQO', skipping...
2022-10-17 23:23:59: Already run predictor 'KNN' on group 'CoMRQO', skipping...
2022-10-17 23:23:59: Already run predictor 'KNNC' on group 'CoMRQO', skipping...
2022-10-17 23:23:59: Running predictor 'XGB' for group 'CoMRQO'.
2022-10-17 23:23:59: CV num 1:
Warning: closing unused connection 11 (RunData/Subj-3-2-1914_2022-08-22_10-53/logs/run_2022-10-17_23-23_7610.log)
Warning: closing unused connection 9 (RunData/Subj-3-2-1914_2022-08-22_10-53/logs/run_2022-10-17_23-23_7610.log)
Warning: closing unused connection 7 (RunData/Subj-3-2-1914_2022-08-22_10-53/logs/run_2022-10-17_23-23_7610.log)
Error in train.default(Xtrain, factor(Ytrain), method = "xgbTree", trControl = trControl,  : 
  object 'trControl' not found
2022-10-17 23:23:59: ## Ran group 'CoMRQO' in 0.00 minutes.

2022-10-17 23:23:59: ###### Treating group of Categories: FSMR
2022-10-17 23:23:59: Selected columns:
FSSs.Visual, FSSs.Brainstem, FSSs.Pyramidal, FSSs.Cerebellar, FSSs.Sensory, FSSs.Bowel, FSSs.Mental, MRI.CE_Lesion, MRI.GM_Volume, MRI.Siena_PBVC
2022-10-17 23:23:59: Already run predictor 'GLM' on group 'FSMR', skipping...
2022-10-17 23:23:59: Already run predictor 'RF' on group 'FSMR', skipping...
2022-10-17 23:23:59: Already run predictor 'RF2' on group 'FSMR', skipping...
2022-10-17 23:23:59: Already run predictor 'RF3' on group 'FSMR', skipping...
2022-10-17 23:23:59: Already run predictor 'RFO' on group 'FSMR', skipping...
2022-10-17 23:23:59: Already run predictor 'RP' on group 'FSMR', skipping...
2022-10-17 23:23:59: Already run predictor 'SVM' on group 'FSMR', skipping...
2022-10-17 23:23:59: Already run predictor 'NB' on group 'FSMR', skipping...
2022-10-17 23:23:59: Already run predictor 'KNN' on group 'FSMR', skipping...
2022-10-17 23:23:59: Already run predictor 'KNNC' on group 'FSMR', skipping...
2022-10-17 23:23:59: Running predictor 'XGB' for group 'FSMR'.
2022-10-17 23:23:59: CV num 1:
Error in train.default(Xtrain, factor(Ytrain), method = "xgbTree", trControl = trControl,  : 
  object 'trControl' not found
2022-10-17 23:23:59: ## Ran group 'FSMR' in 0.00 minutes.

2022-10-17 23:23:59: ###### Treating group of Categories: MRMS
2022-10-17 23:23:59: Selected columns:
MRI.CE_Lesion, MRI.GM_Volume, MRI.Siena_PBVC, MSFC.T25FW, MSFC.NHPT
2022-10-17 23:23:59: Already run predictor 'GLM' on group 'MRMS', skipping...
2022-10-17 23:23:59: Already run predictor 'RF' on group 'MRMS', skipping...
2022-10-17 23:23:59: Already run predictor 'RF2' on group 'MRMS', skipping...
2022-10-17 23:23:59: Already run predictor 'RF3' on group 'MRMS', skipping...
2022-10-17 23:23:59: Already run predictor 'RFO' on group 'MRMS', skipping...
2022-10-17 23:23:59: Already run predictor 'RP' on group 'MRMS', skipping...
2022-10-17 23:23:59: Already run predictor 'SVM' on group 'MRMS', skipping...
2022-10-17 23:23:59: Already run predictor 'NB' on group 'MRMS', skipping...
2022-10-17 23:23:59: Already run predictor 'KNN' on group 'MRMS', skipping...
2022-10-17 23:23:59: Already run predictor 'KNNC' on group 'MRMS', skipping...
2022-10-17 23:23:59: Running predictor 'XGB' for group 'MRMS'.
2022-10-17 23:23:59: CV num 1:
Error in train.default(Xtrain, factor(Ytrain), method = "xgbTree", trControl = trControl,  : 
  object 'trControl' not found
2022-10-17 23:24:00: ## Ran group 'MRMS' in 0.00 minutes.

2022-10-17 23:24:00: ###### Treating group of Categories: QO
2022-10-17 23:24:00: Selected columns:
QOL.LackFocus, QOL.LackEnergy, QOL.PsychoDown, QOL.RelativePain, QOL.NotEnjoyLife
2022-10-17 23:24:00: Already run predictor 'GLM' on group 'QO', skipping...
2022-10-17 23:24:00: Already run predictor 'RF' on group 'QO', skipping...
2022-10-17 23:24:00: Already run predictor 'RF2' on group 'QO', skipping...
2022-10-17 23:24:00: Already run predictor 'RF3' on group 'QO', skipping...
2022-10-17 23:24:00: Already run predictor 'RFO' on group 'QO', skipping...
2022-10-17 23:24:00: Already run predictor 'RP' on group 'QO', skipping...
2022-10-17 23:24:00: Already run predictor 'SVM' on group 'QO', skipping...
2022-10-17 23:24:00: Already run predictor 'NB' on group 'QO', skipping...
2022-10-17 23:24:00: Already run predictor 'KNN' on group 'QO', skipping...
2022-10-17 23:24:00: Already run predictor 'KNNC' on group 'QO', skipping...
2022-10-17 23:24:00: Running predictor 'XGB' for group 'QO'.
2022-10-17 23:24:00: CV num 1:
Error in train.default(Xtrain, factor(Ytrain), method = "xgbTree", trControl = trControl,  : 
  object 'trControl' not found
2022-10-17 23:24:00: ## Ran group 'QO' in 0.00 minutes.

