2022-10-17 23:28:54: ###### Treating group of Categories: ClCo
2022-10-17 23:28:54: Selected columns:
Clinical.ATM, Clinical.OpticNeuritis, Clinical.INO, Clinical.MotorWeakness, Clinical.SensoryDisturbance, Clinical.Ataxia, Clinical.BladderDisturbance, Clinical.BowelDisturbance, Clinical.Myelopathy, Clinical.CogDisturbance, Clinical.VisualLoss, Core.AgeAtExam, Core.EDSS, Core.DiseaseDuration, Core.DiseaseCourse, Core.MSSS
2022-10-17 23:28:54: Already run predictor 'GLM' on group 'ClCo', skipping...
2022-10-17 23:28:54: Already run predictor 'RF' on group 'ClCo', skipping...
2022-10-17 23:28:54: Already run predictor 'RF2' on group 'ClCo', skipping...
2022-10-17 23:28:54: Already run predictor 'RF3' on group 'ClCo', skipping...
2022-10-17 23:28:54: Already run predictor 'RFO' on group 'ClCo', skipping...
2022-10-17 23:28:54: Already run predictor 'RP' on group 'ClCo', skipping...
2022-10-17 23:28:54: Already run predictor 'SVM' on group 'ClCo', skipping...
2022-10-17 23:28:54: Already run predictor 'NB' on group 'ClCo', skipping...
2022-10-17 23:28:54: Already run predictor 'KNN' on group 'ClCo', skipping...
2022-10-17 23:28:54: Already run predictor 'KNNC' on group 'ClCo', skipping...
2022-10-17 23:28:54: Running predictor 'XGB' for group 'ClCo'.
2022-10-17 23:28:54: CV num 1:
Loading required package: xgboost

Attaching package: ‘xgboost’

The following object is masked from ‘package:dplyr’:

    slice

Loading required package: plyr
------------------------------------------------------------------------------
You have loaded plyr after dplyr - this is likely to cause problems.
If you need functions from both plyr and dplyr, please load plyr first, then dplyr:
library(plyr); library(dplyr)
------------------------------------------------------------------------------

Attaching package: ‘plyr’

The following objects are masked from ‘package:dplyr’:

    arrange, count, desc, failwith, id, mutate, rename, summarise,
    summarize

Error : nrow(x) == n is not TRUE
2022-10-17 23:28:59: ## Ran group 'ClCo' in 0.08 minutes.

2022-10-17 23:28:59: ###### Treating group of Categories: CoMS
2022-10-17 23:28:59: Selected columns:
Core.AgeAtExam, Core.EDSS, Core.DiseaseDuration, Core.DiseaseCourse, Core.MSSS, MSFC.T25FW, MSFC.NHPT
2022-10-17 23:28:59: Already run predictor 'GLM' on group 'CoMS', skipping...
2022-10-17 23:28:59: Already run predictor 'RF' on group 'CoMS', skipping...
2022-10-17 23:28:59: Already run predictor 'RF2' on group 'CoMS', skipping...
2022-10-17 23:28:59: Already run predictor 'RF3' on group 'CoMS', skipping...
2022-10-17 23:28:59: Already run predictor 'RFO' on group 'CoMS', skipping...
2022-10-17 23:28:59: Already run predictor 'RP' on group 'CoMS', skipping...
2022-10-17 23:28:59: Already run predictor 'SVM' on group 'CoMS', skipping...
2022-10-17 23:28:59: Already run predictor 'NB' on group 'CoMS', skipping...
2022-10-17 23:28:59: Already run predictor 'KNN' on group 'CoMS', skipping...
2022-10-17 23:28:59: Already run predictor 'KNNC' on group 'CoMS', skipping...
2022-10-17 23:28:59: Running predictor 'XGB' for group 'CoMS'.
2022-10-17 23:28:59: CV num 1:
Error : nrow(x) == n is not TRUE
2022-10-17 23:28:59: ## Ran group 'CoMS' in 0.00 minutes.

2022-10-17 23:28:59: ###### Treating group of Categories: CoLiMS
2022-10-17 23:28:59: Selected columns:
Core.AgeAtExam, Core.EDSS, Core.DiseaseDuration, Core.DiseaseCourse, Core.MSSS, Life.CaffeineFreq, Life.MemoryConcerns, Life.Smoking, MSFC.T25FW, MSFC.NHPT
2022-10-17 23:28:59: Already run predictor 'GLM' on group 'CoLiMS', skipping...
2022-10-17 23:28:59: Already run predictor 'RF' on group 'CoLiMS', skipping...
2022-10-17 23:28:59: Already run predictor 'RF2' on group 'CoLiMS', skipping...
2022-10-17 23:28:59: Already run predictor 'RF3' on group 'CoLiMS', skipping...
2022-10-17 23:28:59: Already run predictor 'RFO' on group 'CoLiMS', skipping...
2022-10-17 23:28:59: Already run predictor 'RP' on group 'CoLiMS', skipping...
2022-10-17 23:28:59: Already run predictor 'SVM' on group 'CoLiMS', skipping...
2022-10-17 23:28:59: Already run predictor 'NB' on group 'CoLiMS', skipping...
2022-10-17 23:28:59: Already run predictor 'KNN' on group 'CoLiMS', skipping...
2022-10-17 23:28:59: Already run predictor 'KNNC' on group 'CoLiMS', skipping...
2022-10-17 23:28:59: Running predictor 'XGB' for group 'CoLiMS'.
2022-10-17 23:28:59: CV num 1:
Error : nrow(x) == n is not TRUE
2022-10-17 23:28:59: ## Ran group 'CoLiMS' in 0.00 minutes.

2022-10-17 23:28:59: ###### Treating group of Categories: CoPaQO
2022-10-17 23:28:59: Selected columns:
Core.AgeAtExam, Core.EDSS, Core.DiseaseDuration, Core.DiseaseCourse, Core.MSSS, Patient.AgeOfOnset, Patient.Gender, QOL.LackFocus, QOL.LackEnergy, QOL.PsychoDown, QOL.RelativePain, QOL.NotEnjoyLife
2022-10-17 23:28:59: Already run predictor 'GLM' on group 'CoPaQO', skipping...
2022-10-17 23:28:59: Already run predictor 'RF' on group 'CoPaQO', skipping...
2022-10-17 23:28:59: Already run predictor 'RF2' on group 'CoPaQO', skipping...
2022-10-17 23:28:59: Already run predictor 'RF3' on group 'CoPaQO', skipping...
2022-10-17 23:28:59: Already run predictor 'RFO' on group 'CoPaQO', skipping...
2022-10-17 23:28:59: Already run predictor 'RP' on group 'CoPaQO', skipping...
2022-10-17 23:28:59: Already run predictor 'SVM' on group 'CoPaQO', skipping...
2022-10-17 23:28:59: Already run predictor 'NB' on group 'CoPaQO', skipping...
2022-10-17 23:28:59: Already run predictor 'KNN' on group 'CoPaQO', skipping...
2022-10-17 23:28:59: Already run predictor 'KNNC' on group 'CoPaQO', skipping...
2022-10-17 23:28:59: Running predictor 'XGB' for group 'CoPaQO'.
2022-10-17 23:28:59: CV num 1:
Error : nrow(x) == n is not TRUE
2022-10-17 23:28:59: ## Ran group 'CoPaQO' in 0.00 minutes.

2022-10-17 23:28:59: ###### Treating group of Categories: FSQO
2022-10-17 23:28:59: Selected columns:
FSSs.Visual, FSSs.Brainstem, FSSs.Pyramidal, FSSs.Cerebellar, FSSs.Sensory, FSSs.Bowel, FSSs.Mental, QOL.LackFocus, QOL.LackEnergy, QOL.PsychoDown, QOL.RelativePain, QOL.NotEnjoyLife
2022-10-17 23:28:59: Already run predictor 'GLM' on group 'FSQO', skipping...
2022-10-17 23:28:59: Already run predictor 'RF' on group 'FSQO', skipping...
2022-10-17 23:28:59: Already run predictor 'RF2' on group 'FSQO', skipping...
2022-10-17 23:28:59: Already run predictor 'RF3' on group 'FSQO', skipping...
2022-10-17 23:28:59: Already run predictor 'RFO' on group 'FSQO', skipping...
2022-10-17 23:28:59: Already run predictor 'RP' on group 'FSQO', skipping...
2022-10-17 23:28:59: Already run predictor 'SVM' on group 'FSQO', skipping...
2022-10-17 23:28:59: Already run predictor 'NB' on group 'FSQO', skipping...
2022-10-17 23:28:59: Already run predictor 'KNN' on group 'FSQO', skipping...
2022-10-17 23:28:59: Already run predictor 'KNNC' on group 'FSQO', skipping...
2022-10-17 23:28:59: Running predictor 'XGB' for group 'FSQO'.
2022-10-17 23:28:59: CV num 1:
Warning: closing unused connection 11 (RunData/Subj-3-2-1914_2022-08-22_10-53/logs/run_2022-10-17_23-28_7897.log)
Warning: closing unused connection 9 (RunData/Subj-3-2-1914_2022-08-22_10-53/logs/run_2022-10-17_23-28_7897.log)
Warning: closing unused connection 7 (RunData/Subj-3-2-1914_2022-08-22_10-53/logs/run_2022-10-17_23-28_7897.log)
Error : nrow(x) == n is not TRUE
2022-10-17 23:29:00: ## Ran group 'FSQO' in 0.00 minutes.

2022-10-17 23:29:00: ###### Treating group of Categories: MRQO
2022-10-17 23:29:00: Selected columns:
MRI.CE_Lesion, MRI.GM_Volume, MRI.Siena_PBVC, QOL.LackFocus, QOL.LackEnergy, QOL.PsychoDown, QOL.RelativePain, QOL.NotEnjoyLife
2022-10-17 23:29:00: Already run predictor 'GLM' on group 'MRQO', skipping...
2022-10-17 23:29:00: Already run predictor 'RF' on group 'MRQO', skipping...
2022-10-17 23:29:00: Already run predictor 'RF2' on group 'MRQO', skipping...
2022-10-17 23:29:00: Already run predictor 'RF3' on group 'MRQO', skipping...
2022-10-17 23:29:00: Already run predictor 'RFO' on group 'MRQO', skipping...
2022-10-17 23:29:00: Already run predictor 'RP' on group 'MRQO', skipping...
2022-10-17 23:29:00: Already run predictor 'SVM' on group 'MRQO', skipping...
2022-10-17 23:29:00: Already run predictor 'NB' on group 'MRQO', skipping...
2022-10-17 23:29:00: Already run predictor 'KNN' on group 'MRQO', skipping...
2022-10-17 23:29:00: Already run predictor 'KNNC' on group 'MRQO', skipping...
2022-10-17 23:29:00: Running predictor 'XGB' for group 'MRQO'.
2022-10-17 23:29:00: CV num 1:
Error : nrow(x) == n is not TRUE
2022-10-17 23:29:00: ## Ran group 'MRQO' in 0.00 minutes.

2022-10-17 23:29:00: ###### Treating group of Categories: .
2022-10-17 23:29:00: Selected columns:
Clinical.ATM, Clinical.OpticNeuritis, Clinical.INO, Clinical.MotorWeakness, Clinical.SensoryDisturbance, Clinical.Ataxia, Clinical.BladderDisturbance, Clinical.BowelDisturbance, Clinical.Myelopathy, Clinical.CogDisturbance, Clinical.VisualLoss, Core.AgeAtExam, Core.EDSS, Core.DiseaseDuration, Core.DiseaseCourse, Core.MSSS, FSSs.Visual, FSSs.Brainstem, FSSs.Pyramidal, FSSs.Cerebellar, FSSs.Sensory, FSSs.Bowel, FSSs.Mental, Life.CaffeineFreq, Life.MemoryConcerns, Life.Smoking, MRI.CE_Lesion, MRI.GM_Volume, MRI.Siena_PBVC, MSFC.T25FW, MSFC.NHPT, Patient.AgeOfOnset, Patient.Gender, QOL.LackFocus, QOL.LackEnergy, QOL.PsychoDown, QOL.RelativePain, QOL.NotEnjoyLife, Treatments.nDMT, Treatments.hasIM, Treatments.hasIS, Treatments.hasMA, Treatments.DMTcategory
2022-10-17 23:29:00: Already run predictor 'GLM' on group '.', skipping...
2022-10-17 23:29:00: Already run predictor 'RF' on group '.', skipping...
2022-10-17 23:29:00: Already run predictor 'RF2' on group '.', skipping...
2022-10-17 23:29:00: Already run predictor 'RF3' on group '.', skipping...
2022-10-17 23:29:00: Already run predictor 'RFO' on group '.', skipping...
2022-10-17 23:29:00: Already run predictor 'RP' on group '.', skipping...
2022-10-17 23:29:00: Already run predictor 'SVM' on group '.', skipping...
2022-10-17 23:29:00: Already run predictor 'NB' on group '.', skipping...
2022-10-17 23:29:00: Already run predictor 'KNN' on group '.', skipping...
2022-10-17 23:29:00: Already run predictor 'KNNC' on group '.', skipping...
2022-10-17 23:29:00: Running predictor 'XGB' for group '.'.
2022-10-17 23:29:00: CV num 1:
Error : nrow(x) == n is not TRUE
2022-10-17 23:29:00: ## Ran group '.' in 0.00 minutes.

