2022-10-17 23:23:54: ###### Treating group of Categories: ClTr
2022-10-17 23:23:54: Selected columns:
Clinical.ATM, Clinical.OpticNeuritis, Clinical.INO, Clinical.MotorWeakness, Clinical.SensoryDisturbance, Clinical.Ataxia, Clinical.BladderDisturbance, Clinical.BowelDisturbance, Clinical.Myelopathy, Clinical.CogDisturbance, Clinical.VisualLoss, Treatments.nDMT, Treatments.hasIM, Treatments.hasIS, Treatments.hasMA, Treatments.DMTcategory
2022-10-17 23:23:54: Already run predictor 'GLM' on group 'ClTr', skipping...
2022-10-17 23:23:54: Already run predictor 'RF' on group 'ClTr', skipping...
2022-10-17 23:23:54: Already run predictor 'RF2' on group 'ClTr', skipping...
2022-10-17 23:23:54: Already run predictor 'RF3' on group 'ClTr', skipping...
2022-10-17 23:23:54: Already run predictor 'RFO' on group 'ClTr', skipping...
2022-10-17 23:23:54: Already run predictor 'RP' on group 'ClTr', skipping...
2022-10-17 23:23:54: Already run predictor 'SVM' on group 'ClTr', skipping...
2022-10-17 23:23:54: Already run predictor 'NB' on group 'ClTr', skipping...
2022-10-17 23:23:54: Already run predictor 'KNN' on group 'ClTr', skipping...
2022-10-17 23:23:54: Already run predictor 'KNNC' on group 'ClTr', skipping...
2022-10-17 23:23:54: Running predictor 'XGB' for group 'ClTr'.
2022-10-17 23:23:54: CV num 1:
Loading required package: xgboost

Attaching package: ‘xgboost’

The following object is masked from ‘package:dplyr’:

    slice

Loading required package: plyr
------------------------------------------------------------------------------
You have loaded plyr after dplyr - this is likely to cause problems.
If you need functions from both plyr and dplyr, please load plyr first, then dplyr:
library(plyr); library(dplyr)
------------------------------------------------------------------------------

Attaching package: ‘plyr’

The following objects are masked from ‘package:dplyr’:

    arrange, count, desc, failwith, id, mutate, rename, summarise,
    summarize

Error in train.default(Xtrain, factor(Ytrain), method = "xgbTree", trControl = trControl,  : 
  object 'trControl' not found
2022-10-17 23:23:59: ## Ran group 'ClTr' in 0.08 minutes.

2022-10-17 23:23:59: ###### Treating group of Categories: Co
2022-10-17 23:23:59: Selected columns:
Core.AgeAtExam, Core.EDSS, Core.DiseaseDuration, Core.DiseaseCourse, Core.MSSS
2022-10-17 23:23:59: Already run predictor 'GLM' on group 'Co', skipping...
2022-10-17 23:23:59: Already run predictor 'RF' on group 'Co', skipping...
2022-10-17 23:23:59: Already run predictor 'RF2' on group 'Co', skipping...
2022-10-17 23:23:59: Already run predictor 'RF3' on group 'Co', skipping...
2022-10-17 23:23:59: Already run predictor 'RFO' on group 'Co', skipping...
2022-10-17 23:23:59: Already run predictor 'RP' on group 'Co', skipping...
2022-10-17 23:23:59: Already run predictor 'SVM' on group 'Co', skipping...
2022-10-17 23:23:59: Already run predictor 'NB' on group 'Co', skipping...
2022-10-17 23:23:59: Already run predictor 'KNN' on group 'Co', skipping...
2022-10-17 23:23:59: Already run predictor 'KNNC' on group 'Co', skipping...
2022-10-17 23:23:59: Running predictor 'XGB' for group 'Co'.
2022-10-17 23:23:59: CV num 1:
Error in train.default(Xtrain, factor(Ytrain), method = "xgbTree", trControl = trControl,  : 
  object 'trControl' not found
2022-10-17 23:23:59: ## Ran group 'Co' in 0.00 minutes.

2022-10-17 23:23:59: ###### Treating group of Categories: CoQO
2022-10-17 23:23:59: Selected columns:
Core.AgeAtExam, Core.EDSS, Core.DiseaseDuration, Core.DiseaseCourse, Core.MSSS, QOL.LackFocus, QOL.LackEnergy, QOL.PsychoDown, QOL.RelativePain, QOL.NotEnjoyLife
2022-10-17 23:23:59: Already run predictor 'GLM' on group 'CoQO', skipping...
2022-10-17 23:23:59: Already run predictor 'RF' on group 'CoQO', skipping...
2022-10-17 23:23:59: Already run predictor 'RF2' on group 'CoQO', skipping...
2022-10-17 23:23:59: Already run predictor 'RF3' on group 'CoQO', skipping...
2022-10-17 23:23:59: Already run predictor 'RFO' on group 'CoQO', skipping...
2022-10-17 23:23:59: Already run predictor 'RP' on group 'CoQO', skipping...
2022-10-17 23:23:59: Already run predictor 'SVM' on group 'CoQO', skipping...
2022-10-17 23:23:59: Already run predictor 'NB' on group 'CoQO', skipping...
2022-10-17 23:23:59: Already run predictor 'KNN' on group 'CoQO', skipping...
2022-10-17 23:23:59: Already run predictor 'KNNC' on group 'CoQO', skipping...
2022-10-17 23:23:59: Running predictor 'XGB' for group 'CoQO'.
2022-10-17 23:23:59: CV num 1:
Error in train.default(Xtrain, factor(Ytrain), method = "xgbTree", trControl = trControl,  : 
  object 'trControl' not found
2022-10-17 23:23:59: ## Ran group 'CoQO' in 0.00 minutes.

2022-10-17 23:23:59: ###### Treating group of Categories: CoLiQO
2022-10-17 23:23:59: Selected columns:
Core.AgeAtExam, Core.EDSS, Core.DiseaseDuration, Core.DiseaseCourse, Core.MSSS, Life.CaffeineFreq, Life.MemoryConcerns, Life.Smoking, QOL.LackFocus, QOL.LackEnergy, QOL.PsychoDown, QOL.RelativePain, QOL.NotEnjoyLife
2022-10-17 23:23:59: Already run predictor 'GLM' on group 'CoLiQO', skipping...
2022-10-17 23:23:59: Already run predictor 'RF' on group 'CoLiQO', skipping...
2022-10-17 23:23:59: Already run predictor 'RF2' on group 'CoLiQO', skipping...
2022-10-17 23:23:59: Already run predictor 'RF3' on group 'CoLiQO', skipping...
2022-10-17 23:23:59: Already run predictor 'RFO' on group 'CoLiQO', skipping...
2022-10-17 23:23:59: Already run predictor 'RP' on group 'CoLiQO', skipping...
2022-10-17 23:23:59: Already run predictor 'SVM' on group 'CoLiQO', skipping...
2022-10-17 23:23:59: Already run predictor 'NB' on group 'CoLiQO', skipping...
2022-10-17 23:23:59: Already run predictor 'KNN' on group 'CoLiQO', skipping...
2022-10-17 23:23:59: Already run predictor 'KNNC' on group 'CoLiQO', skipping...
2022-10-17 23:23:59: Running predictor 'XGB' for group 'CoLiQO'.
2022-10-17 23:23:59: CV num 1:
Error in train.default(Xtrain, factor(Ytrain), method = "xgbTree", trControl = trControl,  : 
  object 'trControl' not found
2022-10-17 23:23:59: ## Ran group 'CoLiQO' in 0.00 minutes.

2022-10-17 23:23:59: ###### Treating group of Categories: CoMSTr
2022-10-17 23:23:59: Selected columns:
Core.AgeAtExam, Core.EDSS, Core.DiseaseDuration, Core.DiseaseCourse, Core.MSSS, MSFC.T25FW, MSFC.NHPT, Treatments.nDMT, Treatments.hasIM, Treatments.hasIS, Treatments.hasMA, Treatments.DMTcategory
2022-10-17 23:23:59: Already run predictor 'GLM' on group 'CoMSTr', skipping...
2022-10-17 23:23:59: Already run predictor 'RF' on group 'CoMSTr', skipping...
2022-10-17 23:23:59: Already run predictor 'RF2' on group 'CoMSTr', skipping...
2022-10-17 23:23:59: Already run predictor 'RF3' on group 'CoMSTr', skipping...
2022-10-17 23:23:59: Already run predictor 'RFO' on group 'CoMSTr', skipping...
2022-10-17 23:23:59: Already run predictor 'RP' on group 'CoMSTr', skipping...
2022-10-17 23:23:59: Already run predictor 'SVM' on group 'CoMSTr', skipping...
2022-10-17 23:23:59: Already run predictor 'NB' on group 'CoMSTr', skipping...
2022-10-17 23:23:59: Already run predictor 'KNN' on group 'CoMSTr', skipping...
2022-10-17 23:23:59: Already run predictor 'KNNC' on group 'CoMSTr', skipping...
2022-10-17 23:23:59: Running predictor 'XGB' for group 'CoMSTr'.
2022-10-17 23:23:59: CV num 1:
Warning: closing unused connection 11 (RunData/Subj-3-2-1914_2022-08-22_10-53/logs/run_2022-10-17_23-23_7688.log)
Warning: closing unused connection 9 (RunData/Subj-3-2-1914_2022-08-22_10-53/logs/run_2022-10-17_23-23_7688.log)
Warning: closing unused connection 7 (RunData/Subj-3-2-1914_2022-08-22_10-53/logs/run_2022-10-17_23-23_7688.log)
Error in train.default(Xtrain, factor(Ytrain), method = "xgbTree", trControl = trControl,  : 
  object 'trControl' not found
2022-10-17 23:23:59: ## Ran group 'CoMSTr' in 0.00 minutes.

2022-10-17 23:23:59: ###### Treating group of Categories: FSQO
2022-10-17 23:23:59: Selected columns:
FSSs.Visual, FSSs.Brainstem, FSSs.Pyramidal, FSSs.Cerebellar, FSSs.Sensory, FSSs.Bowel, FSSs.Mental, QOL.LackFocus, QOL.LackEnergy, QOL.PsychoDown, QOL.RelativePain, QOL.NotEnjoyLife
2022-10-17 23:23:59: Already run predictor 'GLM' on group 'FSQO', skipping...
2022-10-17 23:23:59: Already run predictor 'RF' on group 'FSQO', skipping...
2022-10-17 23:23:59: Already run predictor 'RF2' on group 'FSQO', skipping...
2022-10-17 23:23:59: Already run predictor 'RF3' on group 'FSQO', skipping...
2022-10-17 23:23:59: Already run predictor 'RFO' on group 'FSQO', skipping...
2022-10-17 23:23:59: Already run predictor 'RP' on group 'FSQO', skipping...
2022-10-17 23:23:59: Already run predictor 'SVM' on group 'FSQO', skipping...
2022-10-17 23:23:59: Already run predictor 'NB' on group 'FSQO', skipping...
2022-10-17 23:23:59: Already run predictor 'KNN' on group 'FSQO', skipping...
2022-10-17 23:23:59: Already run predictor 'KNNC' on group 'FSQO', skipping...
2022-10-17 23:23:59: Running predictor 'XGB' for group 'FSQO'.
2022-10-17 23:23:59: CV num 1:
Error in train.default(Xtrain, factor(Ytrain), method = "xgbTree", trControl = trControl,  : 
  object 'trControl' not found
2022-10-17 23:23:59: ## Ran group 'FSQO' in 0.00 minutes.

2022-10-17 23:23:59: ###### Treating group of Categories: MR
2022-10-17 23:23:59: Selected columns:
MRI.CE_Lesion, MRI.GM_Volume, MRI.Siena_PBVC
2022-10-17 23:23:59: Already run predictor 'GLM' on group 'MR', skipping...
2022-10-17 23:23:59: Already run predictor 'RF' on group 'MR', skipping...
2022-10-17 23:23:59: Already run predictor 'RF2' on group 'MR', skipping...
2022-10-17 23:23:59: Already run predictor 'RF3' on group 'MR', skipping...
2022-10-17 23:23:59: Already run predictor 'RFO' on group 'MR', skipping...
2022-10-17 23:23:59: Already run predictor 'RP' on group 'MR', skipping...
2022-10-17 23:23:59: Already run predictor 'SVM' on group 'MR', skipping...
2022-10-17 23:23:59: Already run predictor 'NB' on group 'MR', skipping...
2022-10-17 23:23:59: Already run predictor 'KNN' on group 'MR', skipping...
2022-10-17 23:23:59: Already run predictor 'KNNC' on group 'MR', skipping...
2022-10-17 23:23:59: Running predictor 'XGB' for group 'MR'.
2022-10-17 23:23:59: CV num 1:
Error in train.default(Xtrain, factor(Ytrain), method = "xgbTree", trControl = trControl,  : 
  object 'trControl' not found
2022-10-17 23:23:59: ## Ran group 'MR' in 0.00 minutes.

2022-10-17 23:23:59: ###### Treating group of Categories: Pa
2022-10-17 23:23:59: Selected columns:
Patient.AgeOfOnset, Patient.Gender
2022-10-17 23:24:00: Already run predictor 'GLM' on group 'Pa', skipping...
2022-10-17 23:24:00: Already run predictor 'RF' on group 'Pa', skipping...
2022-10-17 23:24:00: Already run predictor 'RF2' on group 'Pa', skipping...
2022-10-17 23:24:00: Already run predictor 'RF3' on group 'Pa', skipping...
2022-10-17 23:24:00: Already run predictor 'RFO' on group 'Pa', skipping...
2022-10-17 23:24:00: Already run predictor 'RP' on group 'Pa', skipping...
2022-10-17 23:24:00: Already run predictor 'SVM' on group 'Pa', skipping...
2022-10-17 23:24:00: Already run predictor 'NB' on group 'Pa', skipping...
2022-10-17 23:24:00: Already run predictor 'KNN' on group 'Pa', skipping...
2022-10-17 23:24:00: Already run predictor 'KNNC' on group 'Pa', skipping...
2022-10-17 23:24:00: Running predictor 'XGB' for group 'Pa'.
2022-10-17 23:24:00: CV num 1:
Error in train.default(Xtrain, factor(Ytrain), method = "xgbTree", trControl = trControl,  : 
  object 'trControl' not found
2022-10-17 23:24:00: ## Ran group 'Pa' in 0.00 minutes.

