2022-11-07 10:37:05: ###### Treating group of Categories: ClCo
2022-11-07 10:37:05: Selected columns:
Clinical.ATM, Clinical.OpticNeuritis, Clinical.INO, Clinical.MotorWeakness, Clinical.SensoryDisturbance, Clinical.Ataxia, Clinical.BladderDisturbance, Clinical.BowelDisturbance, Clinical.Myelopathy, Clinical.CogDisturbance, Clinical.VisualLoss, Core.AgeAtExam, Core.EDSS, Core.DiseaseDuration, Core.DiseaseCourse, Core.MSSS
2022-11-07 10:37:05: Already run predictor 'GLM' on group 'ClCo', skipping...
2022-11-07 10:37:05: Already run predictor 'RF' on group 'ClCo', skipping...
2022-11-07 10:37:05: Already run predictor 'RF2' on group 'ClCo', skipping...
2022-11-07 10:37:05: Already run predictor 'RF3' on group 'ClCo', skipping...
2022-11-07 10:37:05: Already run predictor 'RFO' on group 'ClCo', skipping...
2022-11-07 10:37:05: Already run predictor 'RP' on group 'ClCo', skipping...
2022-11-07 10:37:05: Already run predictor 'SVM' on group 'ClCo', skipping...
2022-11-07 10:37:05: Already run predictor 'NB' on group 'ClCo', skipping...
2022-11-07 10:37:05: Already run predictor 'KNN' on group 'ClCo', skipping...
2022-11-07 10:37:05: Already run predictor 'KNNC' on group 'ClCo', skipping...
2022-11-07 10:37:05: Running predictor 'XGB' for group 'ClCo'.
2022-11-07 10:37:05: CV num 1:
Loading required package: xgboost

Attaching package: ‘xgboost’

The following object is masked from ‘package:dplyr’:

    slice

Loading required package: lattice
Loading required package: ggplot2

2022-11-07 10:37:21: XGB for groups Clinical - Core                     ( 16 features) -> best nrounds: 50  / eta 0.20 / max_depth 2 [perf: 0.719]
2022-11-07 10:37:21: ERROR running train/test for predictor 'XGB' and group 'ClCo': 
 length(res) == sum(foldIdx == i) is not TRUE
TRACEBACK:
1: run(X, Y, pred, FIs)
2: stopifnot(length(res) == sum(foldIdx == i)) at Code/Helpers/CVer.R:151
3: stop(sprintf(ngettext(length(r), "%s is not TRUE", "%s are not all TRUE"), ch), call. = FALSE, 
     domain = NA)
Error : length(res) == sum(foldIdx == i) is not TRUE
2022-11-07 10:37:21: ## Ran group 'ClCo' in 0.28 minutes.

2022-11-07 10:37:21: ###### Treating group of Categories: ClLi
2022-11-07 10:37:21: Selected columns:
Clinical.ATM, Clinical.OpticNeuritis, Clinical.INO, Clinical.MotorWeakness, Clinical.SensoryDisturbance, Clinical.Ataxia, Clinical.BladderDisturbance, Clinical.BowelDisturbance, Clinical.Myelopathy, Clinical.CogDisturbance, Clinical.VisualLoss, Life.CaffeineFreq, Life.MemoryConcerns, Life.Smoking
2022-11-07 10:37:21: Already run predictor 'GLM' on group 'ClLi', skipping...
2022-11-07 10:37:21: Already run predictor 'RF' on group 'ClLi', skipping...
2022-11-07 10:37:21: Already run predictor 'RF2' on group 'ClLi', skipping...
2022-11-07 10:37:21: Already run predictor 'RF3' on group 'ClLi', skipping...
2022-11-07 10:37:21: Already run predictor 'RFO' on group 'ClLi', skipping...
2022-11-07 10:37:21: Already run predictor 'RP' on group 'ClLi', skipping...
2022-11-07 10:37:21: Already run predictor 'SVM' on group 'ClLi', skipping...
2022-11-07 10:37:21: Already run predictor 'NB' on group 'ClLi', skipping...
2022-11-07 10:37:21: Already run predictor 'KNN' on group 'ClLi', skipping...
2022-11-07 10:37:21: Already run predictor 'KNNC' on group 'ClLi', skipping...
2022-11-07 10:37:21: Running predictor 'XGB' for group 'ClLi'.
2022-11-07 10:37:21: CV num 1:
Warning: closing unused connection 5 (RunData/Subj-3-2-1914_2022-08-22_10-53/logs/run_2022-11-07_10-37_226.log)

2022-11-07 10:37:34: XGB for groups Clinical - Life                     ( 14 features) -> best nrounds: 20  / eta 0.05 / max_depth 1 [perf: 0.514]
2022-11-07 10:37:34: ERROR running train/test for predictor 'XGB' and group 'ClLi': 
 length(res) == sum(foldIdx == i) is not TRUE
TRACEBACK:
1: run(X, Y, pred, FIs)
2: stopifnot(length(res) == sum(foldIdx == i)) at Code/Helpers/CVer.R:151
3: stop(sprintf(ngettext(length(r), "%s is not TRUE", "%s are not all TRUE"), ch), call. = FALSE, 
     domain = NA)
Error : length(res) == sum(foldIdx == i) is not TRUE
2022-11-07 10:37:34: ## Ran group 'ClLi' in 0.21 minutes.

2022-11-07 10:37:34: ###### Treating group of Categories: ClMS
2022-11-07 10:37:34: Selected columns:
Clinical.ATM, Clinical.OpticNeuritis, Clinical.INO, Clinical.MotorWeakness, Clinical.SensoryDisturbance, Clinical.Ataxia, Clinical.BladderDisturbance, Clinical.BowelDisturbance, Clinical.Myelopathy, Clinical.CogDisturbance, Clinical.VisualLoss, MSFC.T25FW, MSFC.NHPT
2022-11-07 10:37:34: Already run predictor 'GLM' on group 'ClMS', skipping...
2022-11-07 10:37:34: Already run predictor 'RF' on group 'ClMS', skipping...
2022-11-07 10:37:34: Already run predictor 'RF2' on group 'ClMS', skipping...
2022-11-07 10:37:34: Already run predictor 'RF3' on group 'ClMS', skipping...
2022-11-07 10:37:34: Already run predictor 'RFO' on group 'ClMS', skipping...
2022-11-07 10:37:34: Already run predictor 'RP' on group 'ClMS', skipping...
2022-11-07 10:37:34: Already run predictor 'SVM' on group 'ClMS', skipping...
2022-11-07 10:37:34: Already run predictor 'NB' on group 'ClMS', skipping...
2022-11-07 10:37:34: Already run predictor 'KNN' on group 'ClMS', skipping...
2022-11-07 10:37:34: Already run predictor 'KNNC' on group 'ClMS', skipping...
2022-11-07 10:37:34: Running predictor 'XGB' for group 'ClMS'.
2022-11-07 10:37:34: CV num 1:
Warning: closing unused connection 7 (RunData/Subj-3-2-1914_2022-08-22_10-53/logs/run_2022-11-07_10-37_226.log)

2022-11-07 10:37:46: XGB for groups Clinical - MSFC                     ( 13 features) -> best nrounds: 70  / eta 0.05 / max_depth 1 [perf: 0.567]
2022-11-07 10:37:46: ERROR running train/test for predictor 'XGB' and group 'ClMS': 
 length(res) == sum(foldIdx == i) is not TRUE
TRACEBACK:
1: run(X, Y, pred, FIs)
2: stopifnot(length(res) == sum(foldIdx == i)) at Code/Helpers/CVer.R:151
3: stop(sprintf(ngettext(length(r), "%s is not TRUE", "%s are not all TRUE"), ch), call. = FALSE, 
     domain = NA)
Error : length(res) == sum(foldIdx == i) is not TRUE
2022-11-07 10:37:46: ## Ran group 'ClMS' in 0.21 minutes.

2022-11-07 10:37:46: ###### Treating group of Categories: ClQO
2022-11-07 10:37:46: Selected columns:
Clinical.ATM, Clinical.OpticNeuritis, Clinical.INO, Clinical.MotorWeakness, Clinical.SensoryDisturbance, Clinical.Ataxia, Clinical.BladderDisturbance, Clinical.BowelDisturbance, Clinical.Myelopathy, Clinical.CogDisturbance, Clinical.VisualLoss, QOL.LackFocus, QOL.LackEnergy, QOL.PsychoDown, QOL.RelativePain, QOL.NotEnjoyLife
2022-11-07 10:37:46: Already run predictor 'GLM' on group 'ClQO', skipping...
2022-11-07 10:37:46: Already run predictor 'RF' on group 'ClQO', skipping...
2022-11-07 10:37:46: Already run predictor 'RF2' on group 'ClQO', skipping...
2022-11-07 10:37:46: Already run predictor 'RF3' on group 'ClQO', skipping...
2022-11-07 10:37:46: Already run predictor 'RFO' on group 'ClQO', skipping...
2022-11-07 10:37:46: Already run predictor 'RP' on group 'ClQO', skipping...
2022-11-07 10:37:46: Already run predictor 'SVM' on group 'ClQO', skipping...
2022-11-07 10:37:46: Already run predictor 'NB' on group 'ClQO', skipping...
2022-11-07 10:37:46: Already run predictor 'KNN' on group 'ClQO', skipping...
2022-11-07 10:37:46: Already run predictor 'KNNC' on group 'ClQO', skipping...
2022-11-07 10:37:46: Running predictor 'XGB' for group 'ClQO'.
2022-11-07 10:37:46: CV num 1:
Warning: closing unused connection 5 (RunData/Subj-3-2-1914_2022-08-22_10-53/logs/run_2022-11-07_10-37_226.log)

2022-11-07 10:37:59: XGB for groups Clinical - QOL                      ( 16 features) -> best nrounds: 100  / eta 0.10 / max_depth 1 [perf: 0.533]
2022-11-07 10:37:59: ERROR running train/test for predictor 'XGB' and group 'ClQO': 
 length(res) == sum(foldIdx == i) is not TRUE
TRACEBACK:
1: run(X, Y, pred, FIs)
2: stopifnot(length(res) == sum(foldIdx == i)) at Code/Helpers/CVer.R:151
3: stop(sprintf(ngettext(length(r), "%s is not TRUE", "%s are not all TRUE"), ch), call. = FALSE, 
     domain = NA)
Error : length(res) == sum(foldIdx == i) is not TRUE
2022-11-07 10:37:59: ## Ran group 'ClQO' in 0.22 minutes.

2022-11-07 10:37:59: ###### Treating group of Categories: ClCoFS
2022-11-07 10:37:59: Selected columns:
Clinical.ATM, Clinical.OpticNeuritis, Clinical.INO, Clinical.MotorWeakness, Clinical.SensoryDisturbance, Clinical.Ataxia, Clinical.BladderDisturbance, Clinical.BowelDisturbance, Clinical.Myelopathy, Clinical.CogDisturbance, Clinical.VisualLoss, Core.AgeAtExam, Core.EDSS, Core.DiseaseDuration, Core.DiseaseCourse, Core.MSSS, FSSs.Visual, FSSs.Brainstem, FSSs.Pyramidal, FSSs.Cerebellar, FSSs.Sensory, FSSs.Bowel, FSSs.Mental
2022-11-07 10:37:59: Already run predictor 'GLM' on group 'ClCoFS', skipping...
2022-11-07 10:37:59: Already run predictor 'RF' on group 'ClCoFS', skipping...
2022-11-07 10:37:59: Already run predictor 'RF2' on group 'ClCoFS', skipping...
2022-11-07 10:37:59: Already run predictor 'RF3' on group 'ClCoFS', skipping...
2022-11-07 10:37:59: Already run predictor 'RFO' on group 'ClCoFS', skipping...
2022-11-07 10:37:59: Already run predictor 'RP' on group 'ClCoFS', skipping...
2022-11-07 10:37:59: Already run predictor 'SVM' on group 'ClCoFS', skipping...
2022-11-07 10:37:59: Already run predictor 'NB' on group 'ClCoFS', skipping...
2022-11-07 10:37:59: Already run predictor 'KNN' on group 'ClCoFS', skipping...
2022-11-07 10:37:59: Already run predictor 'KNNC' on group 'ClCoFS', skipping...
2022-11-07 10:37:59: Running predictor 'XGB' for group 'ClCoFS'.
2022-11-07 10:37:59: CV num 1:
Warning: closing unused connection 7 (RunData/Subj-3-2-1914_2022-08-22_10-53/logs/run_2022-11-07_10-37_226.log)

2022-11-07 10:38:16: XGB for groups Clinical - Core - FSSs              ( 23 features) -> best nrounds: 200  / eta 0.05 / max_depth 2 [perf: 0.722]
2022-11-07 10:38:16: ERROR running train/test for predictor 'XGB' and group 'ClCoFS': 
 length(res) == sum(foldIdx == i) is not TRUE
TRACEBACK:
1: run(X, Y, pred, FIs)
2: stopifnot(length(res) == sum(foldIdx == i)) at Code/Helpers/CVer.R:151
3: stop(sprintf(ngettext(length(r), "%s is not TRUE", "%s are not all TRUE"), ch), call. = FALSE, 
     domain = NA)
Error : length(res) == sum(foldIdx == i) is not TRUE
2022-11-07 10:38:16: ## Ran group 'ClCoFS' in 0.27 minutes.

