2022-10-17 23:23:54: ###### Treating group of Categories: Cl
2022-10-17 23:23:54: Selected columns:
Clinical.ATM, Clinical.OpticNeuritis, Clinical.INO, Clinical.MotorWeakness, Clinical.SensoryDisturbance, Clinical.Ataxia, Clinical.BladderDisturbance, Clinical.BowelDisturbance, Clinical.Myelopathy, Clinical.CogDisturbance, Clinical.VisualLoss
2022-10-17 23:23:54: Already run predictor 'GLM' on group 'Cl', skipping...
2022-10-17 23:23:54: Already run predictor 'RF' on group 'Cl', skipping...
2022-10-17 23:23:54: Already run predictor 'RF2' on group 'Cl', skipping...
2022-10-17 23:23:54: Already run predictor 'RF3' on group 'Cl', skipping...
2022-10-17 23:23:54: Already run predictor 'RFO' on group 'Cl', skipping...
2022-10-17 23:23:54: Already run predictor 'RP' on group 'Cl', skipping...
2022-10-17 23:23:54: Already run predictor 'SVM' on group 'Cl', skipping...
2022-10-17 23:23:54: Already run predictor 'NB' on group 'Cl', skipping...
2022-10-17 23:23:54: Already run predictor 'KNN' on group 'Cl', skipping...
2022-10-17 23:23:54: Already run predictor 'KNNC' on group 'Cl', skipping...
2022-10-17 23:23:54: Running predictor 'XGB' for group 'Cl'.
2022-10-17 23:23:54: CV num 1:
Loading required package: xgboost

Attaching package: ‘xgboost’

The following object is masked from ‘package:dplyr’:

    slice

Loading required package: plyr
------------------------------------------------------------------------------
You have loaded plyr after dplyr - this is likely to cause problems.
If you need functions from both plyr and dplyr, please load plyr first, then dplyr:
library(plyr); library(dplyr)
------------------------------------------------------------------------------

Attaching package: ‘plyr’

The following objects are masked from ‘package:dplyr’:

    arrange, count, desc, failwith, id, mutate, rename, summarise,
    summarize

Error in train.default(Xtrain, factor(Ytrain), method = "xgbTree", trControl = trControl,  : 
  object 'trControl' not found
2022-10-17 23:23:59: ## Ran group 'Cl' in 0.08 minutes.

2022-10-17 23:23:59: ###### Treating group of Categories: CoLiMR
2022-10-17 23:23:59: Selected columns:
Core.AgeAtExam, Core.EDSS, Core.DiseaseDuration, Core.DiseaseCourse, Core.MSSS, Life.CaffeineFreq, Life.MemoryConcerns, Life.Smoking, MRI.CE_Lesion, MRI.GM_Volume, MRI.Siena_PBVC
2022-10-17 23:23:59: Already run predictor 'GLM' on group 'CoLiMR', skipping...
2022-10-17 23:23:59: Already run predictor 'RF' on group 'CoLiMR', skipping...
2022-10-17 23:23:59: Already run predictor 'RF2' on group 'CoLiMR', skipping...
2022-10-17 23:23:59: Already run predictor 'RF3' on group 'CoLiMR', skipping...
2022-10-17 23:23:59: Already run predictor 'RFO' on group 'CoLiMR', skipping...
2022-10-17 23:23:59: Already run predictor 'RP' on group 'CoLiMR', skipping...
2022-10-17 23:23:59: Already run predictor 'SVM' on group 'CoLiMR', skipping...
2022-10-17 23:23:59: Already run predictor 'NB' on group 'CoLiMR', skipping...
2022-10-17 23:23:59: Already run predictor 'KNN' on group 'CoLiMR', skipping...
2022-10-17 23:23:59: Already run predictor 'KNNC' on group 'CoLiMR', skipping...
2022-10-17 23:23:59: Running predictor 'XGB' for group 'CoLiMR'.
2022-10-17 23:23:59: CV num 1:
Error in train.default(Xtrain, factor(Ytrain), method = "xgbTree", trControl = trControl,  : 
  object 'trControl' not found
2022-10-17 23:23:59: ## Ran group 'CoLiMR' in 0.00 minutes.

2022-10-17 23:23:59: ###### Treating group of Categories: CoPaQO
2022-10-17 23:23:59: Selected columns:
Core.AgeAtExam, Core.EDSS, Core.DiseaseDuration, Core.DiseaseCourse, Core.MSSS, Patient.AgeOfOnset, Patient.Gender, QOL.LackFocus, QOL.LackEnergy, QOL.PsychoDown, QOL.RelativePain, QOL.NotEnjoyLife
2022-10-17 23:23:59: Already run predictor 'GLM' on group 'CoPaQO', skipping...
2022-10-17 23:23:59: Already run predictor 'RF' on group 'CoPaQO', skipping...
2022-10-17 23:23:59: Already run predictor 'RF2' on group 'CoPaQO', skipping...
2022-10-17 23:23:59: Already run predictor 'RF3' on group 'CoPaQO', skipping...
2022-10-17 23:23:59: Already run predictor 'RFO' on group 'CoPaQO', skipping...
2022-10-17 23:23:59: Already run predictor 'RP' on group 'CoPaQO', skipping...
2022-10-17 23:23:59: Already run predictor 'SVM' on group 'CoPaQO', skipping...
2022-10-17 23:23:59: Already run predictor 'NB' on group 'CoPaQO', skipping...
2022-10-17 23:23:59: Already run predictor 'KNN' on group 'CoPaQO', skipping...
2022-10-17 23:23:59: Already run predictor 'KNNC' on group 'CoPaQO', skipping...
2022-10-17 23:23:59: Running predictor 'XGB' for group 'CoPaQO'.
2022-10-17 23:23:59: CV num 1:
Error in train.default(Xtrain, factor(Ytrain), method = "xgbTree", trControl = trControl,  : 
  object 'trControl' not found
2022-10-17 23:23:59: ## Ran group 'CoPaQO' in 0.00 minutes.

2022-10-17 23:23:59: ###### Treating group of Categories: LiMR
2022-10-17 23:23:59: Selected columns:
Life.CaffeineFreq, Life.MemoryConcerns, Life.Smoking, MRI.CE_Lesion, MRI.GM_Volume, MRI.Siena_PBVC
2022-10-17 23:23:59: Already run predictor 'GLM' on group 'LiMR', skipping...
2022-10-17 23:23:59: Already run predictor 'RF' on group 'LiMR', skipping...
2022-10-17 23:23:59: Already run predictor 'RF2' on group 'LiMR', skipping...
2022-10-17 23:23:59: Already run predictor 'RF3' on group 'LiMR', skipping...
2022-10-17 23:23:59: Already run predictor 'RFO' on group 'LiMR', skipping...
2022-10-17 23:23:59: Already run predictor 'RP' on group 'LiMR', skipping...
2022-10-17 23:23:59: Already run predictor 'SVM' on group 'LiMR', skipping...
2022-10-17 23:23:59: Already run predictor 'NB' on group 'LiMR', skipping...
2022-10-17 23:23:59: Already run predictor 'KNN' on group 'LiMR', skipping...
2022-10-17 23:23:59: Already run predictor 'KNNC' on group 'LiMR', skipping...
2022-10-17 23:23:59: Running predictor 'XGB' for group 'LiMR'.
2022-10-17 23:23:59: CV num 1:
Error in train.default(Xtrain, factor(Ytrain), method = "xgbTree", trControl = trControl,  : 
  object 'trControl' not found
2022-10-17 23:23:59: ## Ran group 'LiMR' in 0.00 minutes.

2022-10-17 23:23:59: ###### Treating group of Categories: MSQO
2022-10-17 23:23:59: Selected columns:
MSFC.T25FW, MSFC.NHPT, QOL.LackFocus, QOL.LackEnergy, QOL.PsychoDown, QOL.RelativePain, QOL.NotEnjoyLife
2022-10-17 23:23:59: Already run predictor 'GLM' on group 'MSQO', skipping...
2022-10-17 23:23:59: Already run predictor 'RF' on group 'MSQO', skipping...
2022-10-17 23:23:59: Already run predictor 'RF2' on group 'MSQO', skipping...
2022-10-17 23:23:59: Already run predictor 'RF3' on group 'MSQO', skipping...
2022-10-17 23:23:59: Already run predictor 'RFO' on group 'MSQO', skipping...
2022-10-17 23:23:59: Already run predictor 'RP' on group 'MSQO', skipping...
2022-10-17 23:23:59: Already run predictor 'SVM' on group 'MSQO', skipping...
2022-10-17 23:23:59: Already run predictor 'NB' on group 'MSQO', skipping...
2022-10-17 23:23:59: Already run predictor 'KNN' on group 'MSQO', skipping...
2022-10-17 23:23:59: Already run predictor 'KNNC' on group 'MSQO', skipping...
2022-10-17 23:23:59: Running predictor 'XGB' for group 'MSQO'.
2022-10-17 23:23:59: CV num 1:
Warning: closing unused connection 11 (RunData/Subj-3-2-1914_2022-08-22_10-53/logs/run_2022-10-17_23-23_7584.log)
Warning: closing unused connection 9 (RunData/Subj-3-2-1914_2022-08-22_10-53/logs/run_2022-10-17_23-23_7584.log)
Warning: closing unused connection 7 (RunData/Subj-3-2-1914_2022-08-22_10-53/logs/run_2022-10-17_23-23_7584.log)
Error in train.default(Xtrain, factor(Ytrain), method = "xgbTree", trControl = trControl,  : 
  object 'trControl' not found
2022-10-17 23:24:00: ## Ran group 'MSQO' in 0.00 minutes.

