2022-10-17 23:15:39: ###### Treating group of Categories: ClLi
2022-10-17 23:15:39: Selected columns:
Clinical.ATM, Clinical.OpticNeuritis, Clinical.INO, Clinical.MotorWeakness, Clinical.SensoryDisturbance, Clinical.Ataxia, Clinical.BladderDisturbance, Clinical.BowelDisturbance, Clinical.Myelopathy, Clinical.CogDisturbance, Clinical.VisualLoss, Life.CaffeineFreq, Life.MemoryConcerns, Life.Smoking
2022-10-17 23:15:39: Already run predictor 'GLM' on group 'ClLi', skipping...
2022-10-17 23:15:39: Already run predictor 'RF' on group 'ClLi', skipping...
2022-10-17 23:15:39: Already run predictor 'RF2' on group 'ClLi', skipping...
2022-10-17 23:15:39: Already run predictor 'RF3' on group 'ClLi', skipping...
2022-10-17 23:15:39: Already run predictor 'RFO' on group 'ClLi', skipping...
2022-10-17 23:15:39: Already run predictor 'RP' on group 'ClLi', skipping...
2022-10-17 23:15:39: Already run predictor 'SVM' on group 'ClLi', skipping...
2022-10-17 23:15:39: Already run predictor 'NB' on group 'ClLi', skipping...
2022-10-17 23:15:39: Already run predictor 'KNN' on group 'ClLi', skipping...
2022-10-17 23:15:39: Already run predictor 'KNNC' on group 'ClLi', skipping...
2022-10-17 23:15:39: Running predictor 'XGB' for group 'ClLi'.
2022-10-17 23:15:39: CV num 1:
Loading required package: xgboost

Attaching package: ‘xgboost’

The following object is masked from ‘package:dplyr’:

    slice

Loading required package: plyr
------------------------------------------------------------------------------
You have loaded plyr after dplyr - this is likely to cause problems.
If you need functions from both plyr and dplyr, please load plyr first, then dplyr:
library(plyr); library(dplyr)
------------------------------------------------------------------------------

Attaching package: ‘plyr’

The following objects are masked from ‘package:dplyr’:

    arrange, count, desc, failwith, id, mutate, rename, summarise,
    summarize

Error in train.default(Xtrain, factor(Ytrain), method = "xgbTree", trControl = trControl,  : 
  object 'trControl' not found
2022-10-17 23:15:48: ## Ran group 'ClLi' in 0.15 minutes.

2022-10-17 23:15:48: ###### Treating group of Categories: CoFSTr
2022-10-17 23:15:48: Selected columns:
Core.AgeAtExam, Core.EDSS, Core.DiseaseDuration, Core.DiseaseCourse, Core.MSSS, FSSs.Visual, FSSs.Brainstem, FSSs.Pyramidal, FSSs.Cerebellar, FSSs.Sensory, FSSs.Bowel, FSSs.Mental, Treatments.nDMT, Treatments.hasIM, Treatments.hasIS, Treatments.hasMA, Treatments.DMTcategory
2022-10-17 23:15:48: Already run predictor 'GLM' on group 'CoFSTr', skipping...
2022-10-17 23:15:48: Already run predictor 'RF' on group 'CoFSTr', skipping...
2022-10-17 23:15:48: Already run predictor 'RF2' on group 'CoFSTr', skipping...
2022-10-17 23:15:48: Already run predictor 'RF3' on group 'CoFSTr', skipping...
2022-10-17 23:15:48: Already run predictor 'RFO' on group 'CoFSTr', skipping...
2022-10-17 23:15:48: Already run predictor 'RP' on group 'CoFSTr', skipping...
2022-10-17 23:15:48: Already run predictor 'SVM' on group 'CoFSTr', skipping...
2022-10-17 23:15:48: Already run predictor 'NB' on group 'CoFSTr', skipping...
2022-10-17 23:15:48: Already run predictor 'KNN' on group 'CoFSTr', skipping...
2022-10-17 23:15:48: Already run predictor 'KNNC' on group 'CoFSTr', skipping...
2022-10-17 23:15:48: Running predictor 'XGB' for group 'CoFSTr'.
2022-10-17 23:15:48: CV num 1:
Error in train.default(Xtrain, factor(Ytrain), method = "xgbTree", trControl = trControl,  : 
  object 'trControl' not found
2022-10-17 23:15:48: ## Ran group 'CoFSTr' in 0.00 minutes.

2022-10-17 23:15:48: ###### Treating group of Categories: CoMSQO
2022-10-17 23:15:48: Selected columns:
Core.AgeAtExam, Core.EDSS, Core.DiseaseDuration, Core.DiseaseCourse, Core.MSSS, MSFC.T25FW, MSFC.NHPT, QOL.LackFocus, QOL.LackEnergy, QOL.PsychoDown, QOL.RelativePain, QOL.NotEnjoyLife
2022-10-17 23:15:48: Already run predictor 'GLM' on group 'CoMSQO', skipping...
2022-10-17 23:15:48: Already run predictor 'RF' on group 'CoMSQO', skipping...
2022-10-17 23:15:48: Already run predictor 'RF2' on group 'CoMSQO', skipping...
2022-10-17 23:15:48: Already run predictor 'RF3' on group 'CoMSQO', skipping...
2022-10-17 23:15:48: Already run predictor 'RFO' on group 'CoMSQO', skipping...
2022-10-17 23:15:48: Already run predictor 'RP' on group 'CoMSQO', skipping...
2022-10-17 23:15:48: Already run predictor 'SVM' on group 'CoMSQO', skipping...
2022-10-17 23:15:48: Already run predictor 'NB' on group 'CoMSQO', skipping...
2022-10-17 23:15:48: Already run predictor 'KNN' on group 'CoMSQO', skipping...
2022-10-17 23:15:48: Already run predictor 'KNNC' on group 'CoMSQO', skipping...
2022-10-17 23:15:48: Running predictor 'XGB' for group 'CoMSQO'.
2022-10-17 23:15:48: CV num 1:
Error in train.default(Xtrain, factor(Ytrain), method = "xgbTree", trControl = trControl,  : 
  object 'trControl' not found
2022-10-17 23:15:48: ## Ran group 'CoMSQO' in 0.00 minutes.

2022-10-17 23:15:48: ###### Treating group of Categories: LiMR
2022-10-17 23:15:48: Selected columns:
Life.CaffeineFreq, Life.MemoryConcerns, Life.Smoking, MRI.CE_Lesion, MRI.GM_Volume, MRI.Siena_PBVC
2022-10-17 23:15:48: Already run predictor 'GLM' on group 'LiMR', skipping...
2022-10-17 23:15:48: Already run predictor 'RF' on group 'LiMR', skipping...
2022-10-17 23:15:48: Already run predictor 'RF2' on group 'LiMR', skipping...
2022-10-17 23:15:48: Already run predictor 'RF3' on group 'LiMR', skipping...
2022-10-17 23:15:48: Already run predictor 'RFO' on group 'LiMR', skipping...
2022-10-17 23:15:48: Already run predictor 'RP' on group 'LiMR', skipping...
2022-10-17 23:15:48: Already run predictor 'SVM' on group 'LiMR', skipping...
2022-10-17 23:15:48: Already run predictor 'NB' on group 'LiMR', skipping...
2022-10-17 23:15:48: Already run predictor 'KNN' on group 'LiMR', skipping...
2022-10-17 23:15:48: Already run predictor 'KNNC' on group 'LiMR', skipping...
2022-10-17 23:15:48: Running predictor 'XGB' for group 'LiMR'.
2022-10-17 23:15:48: CV num 1:
Error in train.default(Xtrain, factor(Ytrain), method = "xgbTree", trControl = trControl,  : 
  object 'trControl' not found
2022-10-17 23:15:49: ## Ran group 'LiMR' in 0.01 minutes.

2022-10-17 23:15:49: ###### Treating group of Categories: Pa
2022-10-17 23:15:49: Selected columns:
Patient.AgeOfOnset, Patient.Gender
2022-10-17 23:15:49: Already run predictor 'GLM' on group 'Pa', skipping...
2022-10-17 23:15:49: Already run predictor 'RF' on group 'Pa', skipping...
2022-10-17 23:15:49: Already run predictor 'RF2' on group 'Pa', skipping...
2022-10-17 23:15:49: Already run predictor 'RF3' on group 'Pa', skipping...
2022-10-17 23:15:49: Already run predictor 'RFO' on group 'Pa', skipping...
2022-10-17 23:15:49: Already run predictor 'RP' on group 'Pa', skipping...
2022-10-17 23:15:49: Already run predictor 'SVM' on group 'Pa', skipping...
2022-10-17 23:15:49: Already run predictor 'NB' on group 'Pa', skipping...
2022-10-17 23:15:49: Already run predictor 'KNN' on group 'Pa', skipping...
2022-10-17 23:15:49: Already run predictor 'KNNC' on group 'Pa', skipping...
2022-10-17 23:15:49: Running predictor 'XGB' for group 'Pa'.
2022-10-17 23:15:49: CV num 1:
Error in train.default(Xtrain, factor(Ytrain), method = "xgbTree", trControl = trControl,  : 
  object 'trControl' not found
2022-10-17 23:15:49: ## Ran group 'Pa' in 0.01 minutes.

