2022-10-17 23:23:54: ###### Treating group of Categories: ClMS
2022-10-17 23:23:54: Selected columns:
Clinical.ATM, Clinical.OpticNeuritis, Clinical.INO, Clinical.MotorWeakness, Clinical.SensoryDisturbance, Clinical.Ataxia, Clinical.BladderDisturbance, Clinical.BowelDisturbance, Clinical.Myelopathy, Clinical.CogDisturbance, Clinical.VisualLoss, MSFC.T25FW, MSFC.NHPT
2022-10-17 23:23:54: Already run predictor 'GLM' on group 'ClMS', skipping...
2022-10-17 23:23:54: Already run predictor 'RF' on group 'ClMS', skipping...
2022-10-17 23:23:54: Already run predictor 'RF2' on group 'ClMS', skipping...
2022-10-17 23:23:54: Already run predictor 'RF3' on group 'ClMS', skipping...
2022-10-17 23:23:54: Already run predictor 'RFO' on group 'ClMS', skipping...
2022-10-17 23:23:54: Already run predictor 'RP' on group 'ClMS', skipping...
2022-10-17 23:23:54: Already run predictor 'SVM' on group 'ClMS', skipping...
2022-10-17 23:23:54: Already run predictor 'NB' on group 'ClMS', skipping...
2022-10-17 23:23:54: Already run predictor 'KNN' on group 'ClMS', skipping...
2022-10-17 23:23:54: Already run predictor 'KNNC' on group 'ClMS', skipping...
2022-10-17 23:23:54: Running predictor 'XGB' for group 'ClMS'.
2022-10-17 23:23:54: CV num 1:
Loading required package: xgboost

Attaching package: ‘xgboost’

The following object is masked from ‘package:dplyr’:

    slice

Loading required package: plyr
------------------------------------------------------------------------------
You have loaded plyr after dplyr - this is likely to cause problems.
If you need functions from both plyr and dplyr, please load plyr first, then dplyr:
library(plyr); library(dplyr)
------------------------------------------------------------------------------

Attaching package: ‘plyr’

The following objects are masked from ‘package:dplyr’:

    arrange, count, desc, failwith, id, mutate, rename, summarise,
    summarize

Error in train.default(Xtrain, factor(Ytrain), method = "xgbTree", trControl = trControl,  : 
  object 'trControl' not found
2022-10-17 23:23:59: ## Ran group 'ClMS' in 0.08 minutes.

2022-10-17 23:23:59: ###### Treating group of Categories: ClCoMS
2022-10-17 23:23:59: Selected columns:
Clinical.ATM, Clinical.OpticNeuritis, Clinical.INO, Clinical.MotorWeakness, Clinical.SensoryDisturbance, Clinical.Ataxia, Clinical.BladderDisturbance, Clinical.BowelDisturbance, Clinical.Myelopathy, Clinical.CogDisturbance, Clinical.VisualLoss, Core.AgeAtExam, Core.EDSS, Core.DiseaseDuration, Core.DiseaseCourse, Core.MSSS, MSFC.T25FW, MSFC.NHPT
2022-10-17 23:23:59: Already run predictor 'GLM' on group 'ClCoMS', skipping...
2022-10-17 23:23:59: Already run predictor 'RF' on group 'ClCoMS', skipping...
2022-10-17 23:23:59: Already run predictor 'RF2' on group 'ClCoMS', skipping...
2022-10-17 23:23:59: Already run predictor 'RF3' on group 'ClCoMS', skipping...
2022-10-17 23:23:59: Already run predictor 'RFO' on group 'ClCoMS', skipping...
2022-10-17 23:23:59: Already run predictor 'RP' on group 'ClCoMS', skipping...
2022-10-17 23:23:59: Already run predictor 'SVM' on group 'ClCoMS', skipping...
2022-10-17 23:23:59: Already run predictor 'NB' on group 'ClCoMS', skipping...
2022-10-17 23:23:59: Already run predictor 'KNN' on group 'ClCoMS', skipping...
2022-10-17 23:23:59: Already run predictor 'KNNC' on group 'ClCoMS', skipping...
2022-10-17 23:23:59: Running predictor 'XGB' for group 'ClCoMS'.
2022-10-17 23:23:59: CV num 1:
Error in train.default(Xtrain, factor(Ytrain), method = "xgbTree", trControl = trControl,  : 
  object 'trControl' not found
2022-10-17 23:23:59: ## Ran group 'ClCoMS' in 0.00 minutes.

2022-10-17 23:23:59: ###### Treating group of Categories: CoFS
2022-10-17 23:23:59: Selected columns:
Core.AgeAtExam, Core.EDSS, Core.DiseaseDuration, Core.DiseaseCourse, Core.MSSS, FSSs.Visual, FSSs.Brainstem, FSSs.Pyramidal, FSSs.Cerebellar, FSSs.Sensory, FSSs.Bowel, FSSs.Mental
2022-10-17 23:23:59: Already run predictor 'GLM' on group 'CoFS', skipping...
2022-10-17 23:23:59: Already run predictor 'RF' on group 'CoFS', skipping...
2022-10-17 23:23:59: Already run predictor 'RF2' on group 'CoFS', skipping...
2022-10-17 23:23:59: Already run predictor 'RF3' on group 'CoFS', skipping...
2022-10-17 23:23:59: Already run predictor 'RFO' on group 'CoFS', skipping...
2022-10-17 23:23:59: Already run predictor 'RP' on group 'CoFS', skipping...
2022-10-17 23:23:59: Already run predictor 'SVM' on group 'CoFS', skipping...
2022-10-17 23:23:59: Already run predictor 'NB' on group 'CoFS', skipping...
2022-10-17 23:23:59: Already run predictor 'KNN' on group 'CoFS', skipping...
2022-10-17 23:23:59: Already run predictor 'KNNC' on group 'CoFS', skipping...
2022-10-17 23:23:59: Running predictor 'XGB' for group 'CoFS'.
2022-10-17 23:23:59: CV num 1:
Error in train.default(Xtrain, factor(Ytrain), method = "xgbTree", trControl = trControl,  : 
  object 'trControl' not found
2022-10-17 23:23:59: ## Ran group 'CoFS' in 0.00 minutes.

2022-10-17 23:23:59: ###### Treating group of Categories: CoFSLi
2022-10-17 23:23:59: Selected columns:
Core.AgeAtExam, Core.EDSS, Core.DiseaseDuration, Core.DiseaseCourse, Core.MSSS, FSSs.Visual, FSSs.Brainstem, FSSs.Pyramidal, FSSs.Cerebellar, FSSs.Sensory, FSSs.Bowel, FSSs.Mental, Life.CaffeineFreq, Life.MemoryConcerns, Life.Smoking
2022-10-17 23:23:59: Already run predictor 'GLM' on group 'CoFSLi', skipping...
2022-10-17 23:23:59: Already run predictor 'RF' on group 'CoFSLi', skipping...
2022-10-17 23:23:59: Already run predictor 'RF2' on group 'CoFSLi', skipping...
2022-10-17 23:23:59: Already run predictor 'RF3' on group 'CoFSLi', skipping...
2022-10-17 23:23:59: Already run predictor 'RFO' on group 'CoFSLi', skipping...
2022-10-17 23:23:59: Already run predictor 'RP' on group 'CoFSLi', skipping...
2022-10-17 23:23:59: Already run predictor 'SVM' on group 'CoFSLi', skipping...
2022-10-17 23:23:59: Already run predictor 'NB' on group 'CoFSLi', skipping...
2022-10-17 23:23:59: Already run predictor 'KNN' on group 'CoFSLi', skipping...
2022-10-17 23:23:59: Already run predictor 'KNNC' on group 'CoFSLi', skipping...
2022-10-17 23:23:59: Running predictor 'XGB' for group 'CoFSLi'.
2022-10-17 23:23:59: CV num 1:
Error in train.default(Xtrain, factor(Ytrain), method = "xgbTree", trControl = trControl,  : 
  object 'trControl' not found
2022-10-17 23:23:59: ## Ran group 'CoFSLi' in 0.00 minutes.

2022-10-17 23:23:59: ###### Treating group of Categories: CoLiPa
2022-10-17 23:23:59: Selected columns:
Core.AgeAtExam, Core.EDSS, Core.DiseaseDuration, Core.DiseaseCourse, Core.MSSS, Life.CaffeineFreq, Life.MemoryConcerns, Life.Smoking, Patient.AgeOfOnset, Patient.Gender
2022-10-17 23:23:59: Already run predictor 'GLM' on group 'CoLiPa', skipping...
2022-10-17 23:23:59: Already run predictor 'RF' on group 'CoLiPa', skipping...
2022-10-17 23:23:59: Already run predictor 'RF2' on group 'CoLiPa', skipping...
2022-10-17 23:23:59: Already run predictor 'RF3' on group 'CoLiPa', skipping...
2022-10-17 23:23:59: Already run predictor 'RFO' on group 'CoLiPa', skipping...
2022-10-17 23:23:59: Already run predictor 'RP' on group 'CoLiPa', skipping...
2022-10-17 23:23:59: Already run predictor 'SVM' on group 'CoLiPa', skipping...
2022-10-17 23:23:59: Already run predictor 'NB' on group 'CoLiPa', skipping...
2022-10-17 23:23:59: Already run predictor 'KNN' on group 'CoLiPa', skipping...
2022-10-17 23:23:59: Already run predictor 'KNNC' on group 'CoLiPa', skipping...
2022-10-17 23:23:59: Running predictor 'XGB' for group 'CoLiPa'.
2022-10-17 23:23:59: CV num 1:
Warning: closing unused connection 11 (RunData/Subj-3-2-1914_2022-08-22_10-53/logs/run_2022-10-17_23-23_7649.log)
Warning: closing unused connection 9 (RunData/Subj-3-2-1914_2022-08-22_10-53/logs/run_2022-10-17_23-23_7649.log)
Warning: closing unused connection 7 (RunData/Subj-3-2-1914_2022-08-22_10-53/logs/run_2022-10-17_23-23_7649.log)
Error in train.default(Xtrain, factor(Ytrain), method = "xgbTree", trControl = trControl,  : 
  object 'trControl' not found
2022-10-17 23:23:59: ## Ran group 'CoLiPa' in 0.00 minutes.

2022-10-17 23:23:59: ###### Treating group of Categories: CoPaTr
2022-10-17 23:23:59: Selected columns:
Core.AgeAtExam, Core.EDSS, Core.DiseaseDuration, Core.DiseaseCourse, Core.MSSS, Patient.AgeOfOnset, Patient.Gender, Treatments.nDMT, Treatments.hasIM, Treatments.hasIS, Treatments.hasMA, Treatments.DMTcategory
2022-10-17 23:23:59: Already run predictor 'GLM' on group 'CoPaTr', skipping...
2022-10-17 23:23:59: Already run predictor 'RF' on group 'CoPaTr', skipping...
2022-10-17 23:23:59: Already run predictor 'RF2' on group 'CoPaTr', skipping...
2022-10-17 23:23:59: Already run predictor 'RF3' on group 'CoPaTr', skipping...
2022-10-17 23:23:59: Already run predictor 'RFO' on group 'CoPaTr', skipping...
2022-10-17 23:23:59: Already run predictor 'RP' on group 'CoPaTr', skipping...
2022-10-17 23:23:59: Already run predictor 'SVM' on group 'CoPaTr', skipping...
2022-10-17 23:23:59: Already run predictor 'NB' on group 'CoPaTr', skipping...
2022-10-17 23:23:59: Already run predictor 'KNN' on group 'CoPaTr', skipping...
2022-10-17 23:23:59: Already run predictor 'KNNC' on group 'CoPaTr', skipping...
2022-10-17 23:23:59: Running predictor 'XGB' for group 'CoPaTr'.
2022-10-17 23:23:59: CV num 1:
Error in train.default(Xtrain, factor(Ytrain), method = "xgbTree", trControl = trControl,  : 
  object 'trControl' not found
2022-10-17 23:23:59: ## Ran group 'CoPaTr' in 0.00 minutes.

2022-10-17 23:23:59: ###### Treating group of Categories: Li
2022-10-17 23:23:59: Selected columns:
Life.CaffeineFreq, Life.MemoryConcerns, Life.Smoking
2022-10-17 23:23:59: Already run predictor 'GLM' on group 'Li', skipping...
2022-10-17 23:23:59: Already run predictor 'RF' on group 'Li', skipping...
2022-10-17 23:23:59: Already run predictor 'RF2' on group 'Li', skipping...
2022-10-17 23:23:59: Already run predictor 'RF3' on group 'Li', skipping...
2022-10-17 23:23:59: Already run predictor 'RFO' on group 'Li', skipping...
2022-10-17 23:23:59: Already run predictor 'RP' on group 'Li', skipping...
2022-10-17 23:23:59: Already run predictor 'SVM' on group 'Li', skipping...
2022-10-17 23:23:59: Already run predictor 'NB' on group 'Li', skipping...
2022-10-17 23:23:59: Already run predictor 'KNN' on group 'Li', skipping...
2022-10-17 23:23:59: Already run predictor 'KNNC' on group 'Li', skipping...
2022-10-17 23:23:59: Running predictor 'XGB' for group 'Li'.
2022-10-17 23:23:59: CV num 1:
Error in train.default(Xtrain, factor(Ytrain), method = "xgbTree", trControl = trControl,  : 
  object 'trControl' not found
2022-10-17 23:23:59: ## Ran group 'Li' in 0.00 minutes.

2022-10-17 23:23:59: ###### Treating group of Categories: MS
2022-10-17 23:23:59: Selected columns:
MSFC.T25FW, MSFC.NHPT
2022-10-17 23:23:59: Already run predictor 'GLM' on group 'MS', skipping...
2022-10-17 23:23:59: Already run predictor 'RF' on group 'MS', skipping...
2022-10-17 23:23:59: Already run predictor 'RF2' on group 'MS', skipping...
2022-10-17 23:23:59: Already run predictor 'RF3' on group 'MS', skipping...
2022-10-17 23:23:59: Already run predictor 'RFO' on group 'MS', skipping...
2022-10-17 23:23:59: Already run predictor 'RP' on group 'MS', skipping...
2022-10-17 23:23:59: Already run predictor 'SVM' on group 'MS', skipping...
2022-10-17 23:23:59: Already run predictor 'NB' on group 'MS', skipping...
2022-10-17 23:23:59: Already run predictor 'KNN' on group 'MS', skipping...
2022-10-17 23:23:59: Already run predictor 'KNNC' on group 'MS', skipping...
2022-10-17 23:23:59: Running predictor 'XGB' for group 'MS'.
2022-10-17 23:23:59: CV num 1:
Error in train.default(Xtrain, factor(Ytrain), method = "xgbTree", trControl = trControl,  : 
  object 'trControl' not found
2022-10-17 23:24:00: ## Ran group 'MS' in 0.00 minutes.

2022-10-17 23:24:00: ###### Treating group of Categories: PaTr
2022-10-17 23:24:00: Selected columns:
Patient.AgeOfOnset, Patient.Gender, Treatments.nDMT, Treatments.hasIM, Treatments.hasIS, Treatments.hasMA, Treatments.DMTcategory
2022-10-17 23:24:00: Already run predictor 'GLM' on group 'PaTr', skipping...
2022-10-17 23:24:00: Already run predictor 'RF' on group 'PaTr', skipping...
2022-10-17 23:24:00: Already run predictor 'RF2' on group 'PaTr', skipping...
2022-10-17 23:24:00: Already run predictor 'RF3' on group 'PaTr', skipping...
2022-10-17 23:24:00: Already run predictor 'RFO' on group 'PaTr', skipping...
2022-10-17 23:24:00: Already run predictor 'RP' on group 'PaTr', skipping...
2022-10-17 23:24:00: Already run predictor 'SVM' on group 'PaTr', skipping...
2022-10-17 23:24:00: Already run predictor 'NB' on group 'PaTr', skipping...
2022-10-17 23:24:00: Already run predictor 'KNN' on group 'PaTr', skipping...
2022-10-17 23:24:00: Already run predictor 'KNNC' on group 'PaTr', skipping...
2022-10-17 23:24:00: Running predictor 'XGB' for group 'PaTr'.
2022-10-17 23:24:00: CV num 1:
Warning: closing unused connection 16 (RunData/Subj-3-2-1914_2022-08-22_10-53/logs/run_2022-10-17_23-23_7649.log)
Warning: closing unused connection 11 (RunData/Subj-3-2-1914_2022-08-22_10-53/logs/run_2022-10-17_23-23_7649.log)
Warning: closing unused connection 7 (RunData/Subj-3-2-1914_2022-08-22_10-53/logs/run_2022-10-17_23-23_7649.log)
Error in train.default(Xtrain, factor(Ytrain), method = "xgbTree", trControl = trControl,  : 
  object 'trControl' not found
2022-10-17 23:24:00: ## Ran group 'PaTr' in 0.00 minutes.

