2022-10-17 23:23:54: ###### Treating group of Categories: ClCo
2022-10-17 23:23:54: Selected columns:
Clinical.ATM, Clinical.OpticNeuritis, Clinical.INO, Clinical.MotorWeakness, Clinical.SensoryDisturbance, Clinical.Ataxia, Clinical.BladderDisturbance, Clinical.BowelDisturbance, Clinical.Myelopathy, Clinical.CogDisturbance, Clinical.VisualLoss, Core.AgeAtExam, Core.EDSS, Core.DiseaseDuration, Core.DiseaseCourse, Core.MSSS
2022-10-17 23:23:54: Already run predictor 'GLM' on group 'ClCo', skipping...
2022-10-17 23:23:54: Already run predictor 'RF' on group 'ClCo', skipping...
2022-10-17 23:23:54: Already run predictor 'RF2' on group 'ClCo', skipping...
2022-10-17 23:23:54: Already run predictor 'RF3' on group 'ClCo', skipping...
2022-10-17 23:23:54: Already run predictor 'RFO' on group 'ClCo', skipping...
2022-10-17 23:23:54: Already run predictor 'RP' on group 'ClCo', skipping...
2022-10-17 23:23:54: Already run predictor 'SVM' on group 'ClCo', skipping...
2022-10-17 23:23:54: Already run predictor 'NB' on group 'ClCo', skipping...
2022-10-17 23:23:54: Already run predictor 'KNN' on group 'ClCo', skipping...
2022-10-17 23:23:54: Already run predictor 'KNNC' on group 'ClCo', skipping...
2022-10-17 23:23:54: Running predictor 'XGB' for group 'ClCo'.
2022-10-17 23:23:54: CV num 1:
Loading required package: xgboost

Attaching package: ‘xgboost’

The following object is masked from ‘package:dplyr’:

    slice

Loading required package: plyr
------------------------------------------------------------------------------
You have loaded plyr after dplyr - this is likely to cause problems.
If you need functions from both plyr and dplyr, please load plyr first, then dplyr:
library(plyr); library(dplyr)
------------------------------------------------------------------------------

Attaching package: ‘plyr’

The following objects are masked from ‘package:dplyr’:

    arrange, count, desc, failwith, id, mutate, rename, summarise,
    summarize

Error in train.default(Xtrain, factor(Ytrain), method = "xgbTree", trControl = trControl,  : 
  object 'trControl' not found
2022-10-17 23:23:59: ## Ran group 'ClCo' in 0.08 minutes.

2022-10-17 23:23:59: ###### Treating group of Categories: CoFSQO
2022-10-17 23:23:59: Selected columns:
Core.AgeAtExam, Core.EDSS, Core.DiseaseDuration, Core.DiseaseCourse, Core.MSSS, FSSs.Visual, FSSs.Brainstem, FSSs.Pyramidal, FSSs.Cerebellar, FSSs.Sensory, FSSs.Bowel, FSSs.Mental, QOL.LackFocus, QOL.LackEnergy, QOL.PsychoDown, QOL.RelativePain, QOL.NotEnjoyLife
2022-10-17 23:23:59: Already run predictor 'GLM' on group 'CoFSQO', skipping...
2022-10-17 23:23:59: Already run predictor 'RF' on group 'CoFSQO', skipping...
2022-10-17 23:23:59: Already run predictor 'RF2' on group 'CoFSQO', skipping...
2022-10-17 23:23:59: Already run predictor 'RF3' on group 'CoFSQO', skipping...
2022-10-17 23:23:59: Already run predictor 'RFO' on group 'CoFSQO', skipping...
2022-10-17 23:23:59: Already run predictor 'RP' on group 'CoFSQO', skipping...
2022-10-17 23:23:59: Already run predictor 'SVM' on group 'CoFSQO', skipping...
2022-10-17 23:23:59: Already run predictor 'NB' on group 'CoFSQO', skipping...
2022-10-17 23:23:59: Already run predictor 'KNN' on group 'CoFSQO', skipping...
2022-10-17 23:23:59: Already run predictor 'KNNC' on group 'CoFSQO', skipping...
2022-10-17 23:23:59: Running predictor 'XGB' for group 'CoFSQO'.
2022-10-17 23:23:59: CV num 1:
Error in train.default(Xtrain, factor(Ytrain), method = "xgbTree", trControl = trControl,  : 
  object 'trControl' not found
2022-10-17 23:23:59: ## Ran group 'CoFSQO' in 0.00 minutes.

2022-10-17 23:23:59: ###### Treating group of Categories: CoMRMS
2022-10-17 23:23:59: Selected columns:
Core.AgeAtExam, Core.EDSS, Core.DiseaseDuration, Core.DiseaseCourse, Core.MSSS, MRI.CE_Lesion, MRI.GM_Volume, MRI.Siena_PBVC, MSFC.T25FW, MSFC.NHPT
2022-10-17 23:23:59: Already run predictor 'GLM' on group 'CoMRMS', skipping...
2022-10-17 23:23:59: Already run predictor 'RF' on group 'CoMRMS', skipping...
2022-10-17 23:23:59: Already run predictor 'RF2' on group 'CoMRMS', skipping...
2022-10-17 23:23:59: Already run predictor 'RF3' on group 'CoMRMS', skipping...
2022-10-17 23:23:59: Already run predictor 'RFO' on group 'CoMRMS', skipping...
2022-10-17 23:23:59: Already run predictor 'RP' on group 'CoMRMS', skipping...
2022-10-17 23:23:59: Already run predictor 'SVM' on group 'CoMRMS', skipping...
2022-10-17 23:23:59: Already run predictor 'NB' on group 'CoMRMS', skipping...
2022-10-17 23:23:59: Already run predictor 'KNN' on group 'CoMRMS', skipping...
2022-10-17 23:23:59: Already run predictor 'KNNC' on group 'CoMRMS', skipping...
2022-10-17 23:23:59: Running predictor 'XGB' for group 'CoMRMS'.
2022-10-17 23:23:59: CV num 1:
Error in train.default(Xtrain, factor(Ytrain), method = "xgbTree", trControl = trControl,  : 
  object 'trControl' not found
2022-10-17 23:23:59: ## Ran group 'CoMRMS' in 0.00 minutes.

2022-10-17 23:23:59: ###### Treating group of Categories: FSMS
2022-10-17 23:23:59: Selected columns:
FSSs.Visual, FSSs.Brainstem, FSSs.Pyramidal, FSSs.Cerebellar, FSSs.Sensory, FSSs.Bowel, FSSs.Mental, MSFC.T25FW, MSFC.NHPT
2022-10-17 23:23:59: Already run predictor 'GLM' on group 'FSMS', skipping...
2022-10-17 23:23:59: Already run predictor 'RF' on group 'FSMS', skipping...
2022-10-17 23:23:59: Already run predictor 'RF2' on group 'FSMS', skipping...
2022-10-17 23:23:59: Already run predictor 'RF3' on group 'FSMS', skipping...
2022-10-17 23:23:59: Already run predictor 'RFO' on group 'FSMS', skipping...
2022-10-17 23:23:59: Already run predictor 'RP' on group 'FSMS', skipping...
2022-10-17 23:23:59: Already run predictor 'SVM' on group 'FSMS', skipping...
2022-10-17 23:23:59: Already run predictor 'NB' on group 'FSMS', skipping...
2022-10-17 23:23:59: Already run predictor 'KNN' on group 'FSMS', skipping...
2022-10-17 23:23:59: Already run predictor 'KNNC' on group 'FSMS', skipping...
2022-10-17 23:23:59: Running predictor 'XGB' for group 'FSMS'.
2022-10-17 23:23:59: CV num 1:
Error in train.default(Xtrain, factor(Ytrain), method = "xgbTree", trControl = trControl,  : 
  object 'trControl' not found
2022-10-17 23:23:59: ## Ran group 'FSMS' in 0.00 minutes.

2022-10-17 23:23:59: ###### Treating group of Categories: LiTr
2022-10-17 23:23:59: Selected columns:
Life.CaffeineFreq, Life.MemoryConcerns, Life.Smoking, Treatments.nDMT, Treatments.hasIM, Treatments.hasIS, Treatments.hasMA, Treatments.DMTcategory
2022-10-17 23:23:59: Already run predictor 'GLM' on group 'LiTr', skipping...
2022-10-17 23:23:59: Already run predictor 'RF' on group 'LiTr', skipping...
2022-10-17 23:23:59: Already run predictor 'RF2' on group 'LiTr', skipping...
2022-10-17 23:23:59: Already run predictor 'RF3' on group 'LiTr', skipping...
2022-10-17 23:23:59: Already run predictor 'RFO' on group 'LiTr', skipping...
2022-10-17 23:23:59: Already run predictor 'RP' on group 'LiTr', skipping...
2022-10-17 23:23:59: Already run predictor 'SVM' on group 'LiTr', skipping...
2022-10-17 23:23:59: Already run predictor 'NB' on group 'LiTr', skipping...
2022-10-17 23:23:59: Already run predictor 'KNN' on group 'LiTr', skipping...
2022-10-17 23:23:59: Already run predictor 'KNNC' on group 'LiTr', skipping...
2022-10-17 23:23:59: Running predictor 'XGB' for group 'LiTr'.
2022-10-17 23:23:59: CV num 1:
Warning: closing unused connection 11 (RunData/Subj-3-2-1914_2022-08-22_10-53/logs/run_2022-10-17_23-23_7597.log)
Warning: closing unused connection 9 (RunData/Subj-3-2-1914_2022-08-22_10-53/logs/run_2022-10-17_23-23_7597.log)
Warning: closing unused connection 7 (RunData/Subj-3-2-1914_2022-08-22_10-53/logs/run_2022-10-17_23-23_7597.log)
Error in train.default(Xtrain, factor(Ytrain), method = "xgbTree", trControl = trControl,  : 
  object 'trControl' not found
2022-10-17 23:24:00: ## Ran group 'LiTr' in 0.00 minutes.

2022-10-17 23:24:00: ###### Treating group of Categories: PaQO
2022-10-17 23:24:00: Selected columns:
Patient.AgeOfOnset, Patient.Gender, QOL.LackFocus, QOL.LackEnergy, QOL.PsychoDown, QOL.RelativePain, QOL.NotEnjoyLife
2022-10-17 23:24:00: Already run predictor 'GLM' on group 'PaQO', skipping...
2022-10-17 23:24:00: Already run predictor 'RF' on group 'PaQO', skipping...
2022-10-17 23:24:00: Already run predictor 'RF2' on group 'PaQO', skipping...
2022-10-17 23:24:00: Already run predictor 'RF3' on group 'PaQO', skipping...
2022-10-17 23:24:00: Already run predictor 'RFO' on group 'PaQO', skipping...
2022-10-17 23:24:00: Already run predictor 'RP' on group 'PaQO', skipping...
2022-10-17 23:24:00: Already run predictor 'SVM' on group 'PaQO', skipping...
2022-10-17 23:24:00: Already run predictor 'NB' on group 'PaQO', skipping...
2022-10-17 23:24:00: Already run predictor 'KNN' on group 'PaQO', skipping...
2022-10-17 23:24:00: Already run predictor 'KNNC' on group 'PaQO', skipping...
2022-10-17 23:24:00: Running predictor 'XGB' for group 'PaQO'.
2022-10-17 23:24:00: CV num 1:
Error in train.default(Xtrain, factor(Ytrain), method = "xgbTree", trControl = trControl,  : 
  object 'trControl' not found
2022-10-17 23:24:00: ## Ran group 'PaQO' in 0.00 minutes.

