2022-11-07 13:16:58: ###### Treating group of Categories: Cl
2022-11-07 13:16:58: Selected columns:
Clinical.ATM, Clinical.OpticNeuritis, Clinical.INO, Clinical.MotorWeakness, Clinical.SensoryDisturbance, Clinical.Ataxia, Clinical.BladderDisturbance, Clinical.BowelDisturbance, Clinical.Myelopathy, Clinical.CogDisturbance, Clinical.VisualLoss
2022-11-07 13:16:58: Already run predictor 'GLM' on group 'Cl', skipping...
2022-11-07 13:16:58: Already run predictor 'RF' on group 'Cl', skipping...
2022-11-07 13:16:58: Already run predictor 'RF2' on group 'Cl', skipping...
2022-11-07 13:16:58: Already run predictor 'RF3' on group 'Cl', skipping...
2022-11-07 13:16:58: Already run predictor 'RFO' on group 'Cl', skipping...
2022-11-07 13:16:58: Already run predictor 'RP' on group 'Cl', skipping...
2022-11-07 13:16:58: Already run predictor 'SVM' on group 'Cl', skipping...
2022-11-07 13:16:58: Already run predictor 'NB' on group 'Cl', skipping...
2022-11-07 13:16:58: Already run predictor 'KNN' on group 'Cl', skipping...
2022-11-07 13:16:58: Already run predictor 'KNNC' on group 'Cl', skipping...
2022-11-07 13:16:58: Already run predictor 'XGB' on group 'Cl', skipping...
2022-11-07 13:16:58: ## Ran group 'Cl' in 0.00 minutes.

2022-11-07 13:16:58: ###### Treating group of Categories: ClLi
2022-11-07 13:16:58: Selected columns:
Clinical.ATM, Clinical.OpticNeuritis, Clinical.INO, Clinical.MotorWeakness, Clinical.SensoryDisturbance, Clinical.Ataxia, Clinical.BladderDisturbance, Clinical.BowelDisturbance, Clinical.Myelopathy, Clinical.CogDisturbance, Clinical.VisualLoss, Life.CaffeineFreq, Life.MemoryConcerns, Life.Smoking
2022-11-07 13:16:58: Already run predictor 'GLM' on group 'ClLi', skipping...
2022-11-07 13:16:58: Already run predictor 'RF' on group 'ClLi', skipping...
2022-11-07 13:16:58: Already run predictor 'RF2' on group 'ClLi', skipping...
2022-11-07 13:16:58: Already run predictor 'RF3' on group 'ClLi', skipping...
2022-11-07 13:16:58: Already run predictor 'RFO' on group 'ClLi', skipping...
2022-11-07 13:16:58: Already run predictor 'RP' on group 'ClLi', skipping...
2022-11-07 13:16:58: Already run predictor 'SVM' on group 'ClLi', skipping...
2022-11-07 13:16:58: Already run predictor 'NB' on group 'ClLi', skipping...
2022-11-07 13:16:58: Already run predictor 'KNN' on group 'ClLi', skipping...
2022-11-07 13:16:58: Already run predictor 'KNNC' on group 'ClLi', skipping...
2022-11-07 13:16:58: Already run predictor 'XGB' on group 'ClLi', skipping...
2022-11-07 13:16:58: ## Ran group 'ClLi' in 0.00 minutes.

2022-11-07 13:16:58: ###### Treating group of Categories: ClMS
Warning: closing unused connection 7 (RunData/Subj-3-2-1914_2022-08-22_10-53/logs/run_2022-11-07_13-16_262.log)
Warning: closing unused connection 5 (RunData/Subj-3-2-1914_2022-08-22_10-53/logs/run_2022-11-07_13-16_262.log)
2022-11-07 13:16:58: Selected columns:
Clinical.ATM, Clinical.OpticNeuritis, Clinical.INO, Clinical.MotorWeakness, Clinical.SensoryDisturbance, Clinical.Ataxia, Clinical.BladderDisturbance, Clinical.BowelDisturbance, Clinical.Myelopathy, Clinical.CogDisturbance, Clinical.VisualLoss, MSFC.T25FW, MSFC.NHPT
2022-11-07 13:16:58: Already run predictor 'GLM' on group 'ClMS', skipping...
2022-11-07 13:16:58: Already run predictor 'RF' on group 'ClMS', skipping...
2022-11-07 13:16:58: Already run predictor 'RF2' on group 'ClMS', skipping...
2022-11-07 13:16:58: Already run predictor 'RF3' on group 'ClMS', skipping...
2022-11-07 13:16:58: Already run predictor 'RFO' on group 'ClMS', skipping...
2022-11-07 13:16:58: Already run predictor 'RP' on group 'ClMS', skipping...
2022-11-07 13:16:58: Already run predictor 'SVM' on group 'ClMS', skipping...
2022-11-07 13:16:58: Already run predictor 'NB' on group 'ClMS', skipping...
2022-11-07 13:16:58: Already run predictor 'KNN' on group 'ClMS', skipping...
2022-11-07 13:16:58: Already run predictor 'KNNC' on group 'ClMS', skipping...
2022-11-07 13:16:58: Already run predictor 'XGB' on group 'ClMS', skipping...
2022-11-07 13:16:58: ## Ran group 'ClMS' in 0.00 minutes.

2022-11-07 13:16:58: ###### Treating group of Categories: ClPa
2022-11-07 13:16:58: Selected columns:
Clinical.ATM, Clinical.OpticNeuritis, Clinical.INO, Clinical.MotorWeakness, Clinical.SensoryDisturbance, Clinical.Ataxia, Clinical.BladderDisturbance, Clinical.BowelDisturbance, Clinical.Myelopathy, Clinical.CogDisturbance, Clinical.VisualLoss, Patient.AgeOfOnset, Patient.Gender
2022-11-07 13:16:58: Already run predictor 'GLM' on group 'ClPa', skipping...
2022-11-07 13:16:58: Already run predictor 'RF' on group 'ClPa', skipping...
2022-11-07 13:16:58: Already run predictor 'RF2' on group 'ClPa', skipping...
2022-11-07 13:16:58: Already run predictor 'RF3' on group 'ClPa', skipping...
2022-11-07 13:16:58: Already run predictor 'RFO' on group 'ClPa', skipping...
2022-11-07 13:16:58: Already run predictor 'RP' on group 'ClPa', skipping...
2022-11-07 13:16:58: Already run predictor 'SVM' on group 'ClPa', skipping...
2022-11-07 13:16:58: Already run predictor 'NB' on group 'ClPa', skipping...
2022-11-07 13:16:58: Already run predictor 'KNN' on group 'ClPa', skipping...
2022-11-07 13:16:58: Already run predictor 'KNNC' on group 'ClPa', skipping...
2022-11-07 13:16:58: Already run predictor 'XGB' on group 'ClPa', skipping...
2022-11-07 13:16:58: ## Ran group 'ClPa' in 0.00 minutes.

2022-11-07 13:16:58: ###### Treating group of Categories: ClTr
2022-11-07 13:16:58: Selected columns:
Clinical.ATM, Clinical.OpticNeuritis, Clinical.INO, Clinical.MotorWeakness, Clinical.SensoryDisturbance, Clinical.Ataxia, Clinical.BladderDisturbance, Clinical.BowelDisturbance, Clinical.Myelopathy, Clinical.CogDisturbance, Clinical.VisualLoss, Treatments.nDMT, Treatments.hasIM, Treatments.hasIS, Treatments.hasMA, Treatments.DMTcategory
2022-11-07 13:16:58: Already run predictor 'GLM' on group 'ClTr', skipping...
2022-11-07 13:16:58: Already run predictor 'RF' on group 'ClTr', skipping...
2022-11-07 13:16:58: Already run predictor 'RF2' on group 'ClTr', skipping...
2022-11-07 13:16:58: Already run predictor 'RF3' on group 'ClTr', skipping...
2022-11-07 13:16:58: Already run predictor 'RFO' on group 'ClTr', skipping...
2022-11-07 13:16:58: Already run predictor 'RP' on group 'ClTr', skipping...
2022-11-07 13:16:58: Already run predictor 'SVM' on group 'ClTr', skipping...
2022-11-07 13:16:58: Already run predictor 'NB' on group 'ClTr', skipping...
2022-11-07 13:16:58: Already run predictor 'KNN' on group 'ClTr', skipping...
2022-11-07 13:16:58: Already run predictor 'KNNC' on group 'ClTr', skipping...
2022-11-07 13:16:58: Already run predictor 'XGB' on group 'ClTr', skipping...
2022-11-07 13:16:58: ## Ran group 'ClTr' in 0.00 minutes.

2022-11-07 13:16:58: ###### Treating group of Categories: ClCoMR
2022-11-07 13:16:58: Selected columns:
Clinical.ATM, Clinical.OpticNeuritis, Clinical.INO, Clinical.MotorWeakness, Clinical.SensoryDisturbance, Clinical.Ataxia, Clinical.BladderDisturbance, Clinical.BowelDisturbance, Clinical.Myelopathy, Clinical.CogDisturbance, Clinical.VisualLoss, Core.AgeAtExam, Core.EDSS, Core.DiseaseDuration, Core.DiseaseCourse, Core.MSSS, MRI.CE_Lesion, MRI.GM_Volume, MRI.Siena_PBVC
2022-11-07 13:16:58: Already run predictor 'GLM' on group 'ClCoMR', skipping...
2022-11-07 13:16:58: Already run predictor 'RF' on group 'ClCoMR', skipping...
2022-11-07 13:16:58: Already run predictor 'RF2' on group 'ClCoMR', skipping...
2022-11-07 13:16:58: Already run predictor 'RF3' on group 'ClCoMR', skipping...
2022-11-07 13:16:58: Already run predictor 'RFO' on group 'ClCoMR', skipping...
2022-11-07 13:16:58: Already run predictor 'RP' on group 'ClCoMR', skipping...
2022-11-07 13:16:58: Already run predictor 'SVM' on group 'ClCoMR', skipping...
2022-11-07 13:16:58: Already run predictor 'NB' on group 'ClCoMR', skipping...
2022-11-07 13:16:58: Already run predictor 'KNN' on group 'ClCoMR', skipping...
2022-11-07 13:16:58: Already run predictor 'KNNC' on group 'ClCoMR', skipping...
2022-11-07 13:16:58: Already run predictor 'XGB' on group 'ClCoMR', skipping...
2022-11-07 13:16:58: ## Ran group 'ClCoMR' in 0.00 minutes.

2022-11-07 13:16:58: ###### Treating group of Categories: ClCoMS
2022-11-07 13:16:58: Selected columns:
Clinical.ATM, Clinical.OpticNeuritis, Clinical.INO, Clinical.MotorWeakness, Clinical.SensoryDisturbance, Clinical.Ataxia, Clinical.BladderDisturbance, Clinical.BowelDisturbance, Clinical.Myelopathy, Clinical.CogDisturbance, Clinical.VisualLoss, Core.AgeAtExam, Core.EDSS, Core.DiseaseDuration, Core.DiseaseCourse, Core.MSSS, MSFC.T25FW, MSFC.NHPT
2022-11-07 13:16:58: Already run predictor 'GLM' on group 'ClCoMS', skipping...
2022-11-07 13:16:58: Already run predictor 'RF' on group 'ClCoMS', skipping...
2022-11-07 13:16:58: Already run predictor 'RF2' on group 'ClCoMS', skipping...
2022-11-07 13:16:58: Already run predictor 'RF3' on group 'ClCoMS', skipping...
2022-11-07 13:16:58: Already run predictor 'RFO' on group 'ClCoMS', skipping...
2022-11-07 13:16:58: Already run predictor 'RP' on group 'ClCoMS', skipping...
2022-11-07 13:16:58: Already run predictor 'SVM' on group 'ClCoMS', skipping...
2022-11-07 13:16:58: Already run predictor 'NB' on group 'ClCoMS', skipping...
2022-11-07 13:16:58: Already run predictor 'KNN' on group 'ClCoMS', skipping...
2022-11-07 13:16:58: Already run predictor 'KNNC' on group 'ClCoMS', skipping...
2022-11-07 13:16:58: Already run predictor 'XGB' on group 'ClCoMS', skipping...
2022-11-07 13:16:58: ## Ran group 'ClCoMS' in 0.00 minutes.

2022-11-07 13:16:58: ###### Treating group of Categories: ClCoQO
Warning: closing unused connection 15 (RunData/Subj-3-2-1914_2022-08-22_10-53/logs/run_2022-11-07_13-16_262.log)
Warning: closing unused connection 13 (RunData/Subj-3-2-1914_2022-08-22_10-53/logs/run_2022-11-07_13-16_262.log)
Warning: closing unused connection 11 (RunData/Subj-3-2-1914_2022-08-22_10-53/logs/run_2022-11-07_13-16_262.log)
Warning: closing unused connection 5 (RunData/Subj-3-2-1914_2022-08-22_10-53/logs/run_2022-11-07_13-16_262.log)
2022-11-07 13:16:58: Selected columns:
Clinical.ATM, Clinical.OpticNeuritis, Clinical.INO, Clinical.MotorWeakness, Clinical.SensoryDisturbance, Clinical.Ataxia, Clinical.BladderDisturbance, Clinical.BowelDisturbance, Clinical.Myelopathy, Clinical.CogDisturbance, Clinical.VisualLoss, Core.AgeAtExam, Core.EDSS, Core.DiseaseDuration, Core.DiseaseCourse, Core.MSSS, QOL.LackFocus, QOL.LackEnergy, QOL.PsychoDown, QOL.RelativePain, QOL.NotEnjoyLife
2022-11-07 13:16:58: Already run predictor 'GLM' on group 'ClCoQO', skipping...
2022-11-07 13:16:58: Already run predictor 'RF' on group 'ClCoQO', skipping...
2022-11-07 13:16:58: Already run predictor 'RF2' on group 'ClCoQO', skipping...
2022-11-07 13:16:58: Already run predictor 'RF3' on group 'ClCoQO', skipping...
2022-11-07 13:16:58: Already run predictor 'RFO' on group 'ClCoQO', skipping...
2022-11-07 13:16:58: Already run predictor 'RP' on group 'ClCoQO', skipping...
2022-11-07 13:16:58: Already run predictor 'SVM' on group 'ClCoQO', skipping...
2022-11-07 13:16:58: Already run predictor 'NB' on group 'ClCoQO', skipping...
2022-11-07 13:16:58: Already run predictor 'KNN' on group 'ClCoQO', skipping...
2022-11-07 13:16:58: Already run predictor 'KNNC' on group 'ClCoQO', skipping...
2022-11-07 13:16:58: Running predictor 'XGB' for group 'ClCoQO'.
2022-11-07 13:16:58: CV num 1:
Warning: closing unused connection 9 (RunData/Subj-3-2-1914_2022-08-22_10-53/logs/run_2022-11-07_13-16_262.log)
Loading required package: xgboost

Attaching package: ‘xgboost’

The following object is masked from ‘package:dplyr’:

    slice

Loading required package: lattice
Loading required package: ggplot2

2022-11-07 13:17:19: XGB for groups Clinical - Core - QOL               ( 21 features) -> best nrounds: 100  / eta 0.10 / max_depth 2 [perf: 0.726]
