2022-11-07 13:22:35: ###### Treating group of Categories: Cl
2022-11-07 13:22:35: Selected columns:
Clinical.ATM, Clinical.OpticNeuritis, Clinical.INO, Clinical.MotorWeakness, Clinical.SensoryDisturbance, Clinical.Ataxia, Clinical.BladderDisturbance, Clinical.BowelDisturbance, Clinical.Myelopathy, Clinical.CogDisturbance, Clinical.VisualLoss
2022-11-07 13:22:35: Already run predictor 'GLM' on group 'Cl', skipping...
2022-11-07 13:22:35: Already run predictor 'RF' on group 'Cl', skipping...
2022-11-07 13:22:35: Already run predictor 'RF2' on group 'Cl', skipping...
2022-11-07 13:22:35: Already run predictor 'RF3' on group 'Cl', skipping...
2022-11-07 13:22:35: Already run predictor 'RFO' on group 'Cl', skipping...
2022-11-07 13:22:35: Already run predictor 'RP' on group 'Cl', skipping...
2022-11-07 13:22:35: Already run predictor 'SVM' on group 'Cl', skipping...
2022-11-07 13:22:35: Already run predictor 'NB' on group 'Cl', skipping...
2022-11-07 13:22:35: Already run predictor 'KNN' on group 'Cl', skipping...
2022-11-07 13:22:35: Already run predictor 'KNNC' on group 'Cl', skipping...
2022-11-07 13:22:35: Already run predictor 'XGB' on group 'Cl', skipping...
2022-11-07 13:22:35: ## Ran group 'Cl' in 0.00 minutes.

2022-11-07 13:22:35: ###### Treating group of Categories: ClFS
2022-11-07 13:22:35: Selected columns:
Clinical.ATM, Clinical.OpticNeuritis, Clinical.INO, Clinical.MotorWeakness, Clinical.SensoryDisturbance, Clinical.Ataxia, Clinical.BladderDisturbance, Clinical.BowelDisturbance, Clinical.Myelopathy, Clinical.CogDisturbance, Clinical.VisualLoss, FSSs.Visual, FSSs.Brainstem, FSSs.Pyramidal, FSSs.Cerebellar, FSSs.Sensory, FSSs.Bowel, FSSs.Mental
2022-11-07 13:22:35: Already run predictor 'GLM' on group 'ClFS', skipping...
2022-11-07 13:22:35: Already run predictor 'RF' on group 'ClFS', skipping...
2022-11-07 13:22:35: Already run predictor 'RF2' on group 'ClFS', skipping...
2022-11-07 13:22:35: Already run predictor 'RF3' on group 'ClFS', skipping...
2022-11-07 13:22:35: Already run predictor 'RFO' on group 'ClFS', skipping...
2022-11-07 13:22:35: Already run predictor 'RP' on group 'ClFS', skipping...
2022-11-07 13:22:35: Already run predictor 'SVM' on group 'ClFS', skipping...
2022-11-07 13:22:35: Already run predictor 'NB' on group 'ClFS', skipping...
2022-11-07 13:22:35: Already run predictor 'KNN' on group 'ClFS', skipping...
2022-11-07 13:22:35: Already run predictor 'KNNC' on group 'ClFS', skipping...
2022-11-07 13:22:35: Already run predictor 'XGB' on group 'ClFS', skipping...
2022-11-07 13:22:35: ## Ran group 'ClFS' in 0.00 minutes.

2022-11-07 13:22:36: ###### Treating group of Categories: ClMR
Warning: closing unused connection 7 (RunData/Subj-3-2-1914_2022-08-22_10-53/logs/run_2022-11-07_13-22_320.log)
Warning: closing unused connection 5 (RunData/Subj-3-2-1914_2022-08-22_10-53/logs/run_2022-11-07_13-22_320.log)
2022-11-07 13:22:36: Selected columns:
Clinical.ATM, Clinical.OpticNeuritis, Clinical.INO, Clinical.MotorWeakness, Clinical.SensoryDisturbance, Clinical.Ataxia, Clinical.BladderDisturbance, Clinical.BowelDisturbance, Clinical.Myelopathy, Clinical.CogDisturbance, Clinical.VisualLoss, MRI.CE_Lesion, MRI.GM_Volume, MRI.Siena_PBVC
2022-11-07 13:22:36: Already run predictor 'GLM' on group 'ClMR', skipping...
2022-11-07 13:22:36: Already run predictor 'RF' on group 'ClMR', skipping...
2022-11-07 13:22:36: Already run predictor 'RF2' on group 'ClMR', skipping...
2022-11-07 13:22:36: Already run predictor 'RF3' on group 'ClMR', skipping...
2022-11-07 13:22:36: Already run predictor 'RFO' on group 'ClMR', skipping...
2022-11-07 13:22:36: Already run predictor 'RP' on group 'ClMR', skipping...
2022-11-07 13:22:36: Already run predictor 'SVM' on group 'ClMR', skipping...
2022-11-07 13:22:36: Already run predictor 'NB' on group 'ClMR', skipping...
2022-11-07 13:22:36: Already run predictor 'KNN' on group 'ClMR', skipping...
2022-11-07 13:22:36: Already run predictor 'KNNC' on group 'ClMR', skipping...
2022-11-07 13:22:36: Already run predictor 'XGB' on group 'ClMR', skipping...
2022-11-07 13:22:36: ## Ran group 'ClMR' in 0.00 minutes.

2022-11-07 13:22:36: ###### Treating group of Categories: ClPa
2022-11-07 13:22:36: Selected columns:
Clinical.ATM, Clinical.OpticNeuritis, Clinical.INO, Clinical.MotorWeakness, Clinical.SensoryDisturbance, Clinical.Ataxia, Clinical.BladderDisturbance, Clinical.BowelDisturbance, Clinical.Myelopathy, Clinical.CogDisturbance, Clinical.VisualLoss, Patient.AgeOfOnset, Patient.Gender
2022-11-07 13:22:36: Already run predictor 'GLM' on group 'ClPa', skipping...
2022-11-07 13:22:36: Already run predictor 'RF' on group 'ClPa', skipping...
2022-11-07 13:22:36: Already run predictor 'RF2' on group 'ClPa', skipping...
2022-11-07 13:22:36: Already run predictor 'RF3' on group 'ClPa', skipping...
2022-11-07 13:22:36: Already run predictor 'RFO' on group 'ClPa', skipping...
2022-11-07 13:22:36: Already run predictor 'RP' on group 'ClPa', skipping...
2022-11-07 13:22:36: Already run predictor 'SVM' on group 'ClPa', skipping...
2022-11-07 13:22:36: Already run predictor 'NB' on group 'ClPa', skipping...
2022-11-07 13:22:36: Already run predictor 'KNN' on group 'ClPa', skipping...
2022-11-07 13:22:36: Already run predictor 'KNNC' on group 'ClPa', skipping...
2022-11-07 13:22:36: Already run predictor 'XGB' on group 'ClPa', skipping...
2022-11-07 13:22:36: ## Ran group 'ClPa' in 0.00 minutes.

2022-11-07 13:22:36: ###### Treating group of Categories: ClTr
2022-11-07 13:22:36: Selected columns:
Clinical.ATM, Clinical.OpticNeuritis, Clinical.INO, Clinical.MotorWeakness, Clinical.SensoryDisturbance, Clinical.Ataxia, Clinical.BladderDisturbance, Clinical.BowelDisturbance, Clinical.Myelopathy, Clinical.CogDisturbance, Clinical.VisualLoss, Treatments.nDMT, Treatments.hasIM, Treatments.hasIS, Treatments.hasMA, Treatments.DMTcategory
2022-11-07 13:22:36: Already run predictor 'GLM' on group 'ClTr', skipping...
2022-11-07 13:22:36: Already run predictor 'RF' on group 'ClTr', skipping...
2022-11-07 13:22:36: Already run predictor 'RF2' on group 'ClTr', skipping...
2022-11-07 13:22:36: Already run predictor 'RF3' on group 'ClTr', skipping...
2022-11-07 13:22:36: Already run predictor 'RFO' on group 'ClTr', skipping...
2022-11-07 13:22:36: Already run predictor 'RP' on group 'ClTr', skipping...
2022-11-07 13:22:36: Already run predictor 'SVM' on group 'ClTr', skipping...
2022-11-07 13:22:36: Already run predictor 'NB' on group 'ClTr', skipping...
2022-11-07 13:22:36: Already run predictor 'KNN' on group 'ClTr', skipping...
2022-11-07 13:22:36: Already run predictor 'KNNC' on group 'ClTr', skipping...
2022-11-07 13:22:36: Already run predictor 'XGB' on group 'ClTr', skipping...
2022-11-07 13:22:36: ## Ran group 'ClTr' in 0.00 minutes.

2022-11-07 13:22:36: ###### Treating group of Categories: ClCoLi
2022-11-07 13:22:36: Selected columns:
Clinical.ATM, Clinical.OpticNeuritis, Clinical.INO, Clinical.MotorWeakness, Clinical.SensoryDisturbance, Clinical.Ataxia, Clinical.BladderDisturbance, Clinical.BowelDisturbance, Clinical.Myelopathy, Clinical.CogDisturbance, Clinical.VisualLoss, Core.AgeAtExam, Core.EDSS, Core.DiseaseDuration, Core.DiseaseCourse, Core.MSSS, Life.CaffeineFreq, Life.MemoryConcerns, Life.Smoking
2022-11-07 13:22:36: Already run predictor 'GLM' on group 'ClCoLi', skipping...
2022-11-07 13:22:36: Already run predictor 'RF' on group 'ClCoLi', skipping...
2022-11-07 13:22:36: Already run predictor 'RF2' on group 'ClCoLi', skipping...
2022-11-07 13:22:36: Already run predictor 'RF3' on group 'ClCoLi', skipping...
2022-11-07 13:22:36: Already run predictor 'RFO' on group 'ClCoLi', skipping...
2022-11-07 13:22:36: Already run predictor 'RP' on group 'ClCoLi', skipping...
2022-11-07 13:22:36: Already run predictor 'SVM' on group 'ClCoLi', skipping...
2022-11-07 13:22:36: Already run predictor 'NB' on group 'ClCoLi', skipping...
2022-11-07 13:22:36: Already run predictor 'KNN' on group 'ClCoLi', skipping...
2022-11-07 13:22:36: Already run predictor 'KNNC' on group 'ClCoLi', skipping...
2022-11-07 13:22:36: Already run predictor 'XGB' on group 'ClCoLi', skipping...
2022-11-07 13:22:36: ## Ran group 'ClCoLi' in 0.00 minutes.

2022-11-07 13:22:36: ###### Treating group of Categories: ClCoMS
2022-11-07 13:22:36: Selected columns:
Clinical.ATM, Clinical.OpticNeuritis, Clinical.INO, Clinical.MotorWeakness, Clinical.SensoryDisturbance, Clinical.Ataxia, Clinical.BladderDisturbance, Clinical.BowelDisturbance, Clinical.Myelopathy, Clinical.CogDisturbance, Clinical.VisualLoss, Core.AgeAtExam, Core.EDSS, Core.DiseaseDuration, Core.DiseaseCourse, Core.MSSS, MSFC.T25FW, MSFC.NHPT
2022-11-07 13:22:36: Already run predictor 'GLM' on group 'ClCoMS', skipping...
2022-11-07 13:22:36: Already run predictor 'RF' on group 'ClCoMS', skipping...
2022-11-07 13:22:36: Already run predictor 'RF2' on group 'ClCoMS', skipping...
2022-11-07 13:22:36: Already run predictor 'RF3' on group 'ClCoMS', skipping...
2022-11-07 13:22:36: Already run predictor 'RFO' on group 'ClCoMS', skipping...
2022-11-07 13:22:36: Already run predictor 'RP' on group 'ClCoMS', skipping...
2022-11-07 13:22:36: Already run predictor 'SVM' on group 'ClCoMS', skipping...
2022-11-07 13:22:36: Already run predictor 'NB' on group 'ClCoMS', skipping...
2022-11-07 13:22:36: Already run predictor 'KNN' on group 'ClCoMS', skipping...
2022-11-07 13:22:36: Already run predictor 'KNNC' on group 'ClCoMS', skipping...
2022-11-07 13:22:36: Already run predictor 'XGB' on group 'ClCoMS', skipping...
2022-11-07 13:22:36: ## Ran group 'ClCoMS' in 0.00 minutes.

2022-11-07 13:22:36: ###### Treating group of Categories: ClCoTr
Warning: closing unused connection 15 (RunData/Subj-3-2-1914_2022-08-22_10-53/logs/run_2022-11-07_13-22_320.log)
Warning: closing unused connection 13 (RunData/Subj-3-2-1914_2022-08-22_10-53/logs/run_2022-11-07_13-22_320.log)
Warning: closing unused connection 11 (RunData/Subj-3-2-1914_2022-08-22_10-53/logs/run_2022-11-07_13-22_320.log)
Warning: closing unused connection 5 (RunData/Subj-3-2-1914_2022-08-22_10-53/logs/run_2022-11-07_13-22_320.log)
2022-11-07 13:22:36: Selected columns:
Clinical.ATM, Clinical.OpticNeuritis, Clinical.INO, Clinical.MotorWeakness, Clinical.SensoryDisturbance, Clinical.Ataxia, Clinical.BladderDisturbance, Clinical.BowelDisturbance, Clinical.Myelopathy, Clinical.CogDisturbance, Clinical.VisualLoss, Core.AgeAtExam, Core.EDSS, Core.DiseaseDuration, Core.DiseaseCourse, Core.MSSS, Treatments.nDMT, Treatments.hasIM, Treatments.hasIS, Treatments.hasMA, Treatments.DMTcategory
2022-11-07 13:22:36: Already run predictor 'GLM' on group 'ClCoTr', skipping...
2022-11-07 13:22:36: Already run predictor 'RF' on group 'ClCoTr', skipping...
2022-11-07 13:22:36: Already run predictor 'RF2' on group 'ClCoTr', skipping...
2022-11-07 13:22:36: Already run predictor 'RF3' on group 'ClCoTr', skipping...
2022-11-07 13:22:36: Already run predictor 'RFO' on group 'ClCoTr', skipping...
2022-11-07 13:22:36: Already run predictor 'RP' on group 'ClCoTr', skipping...
2022-11-07 13:22:36: Already run predictor 'SVM' on group 'ClCoTr', skipping...
2022-11-07 13:22:36: Already run predictor 'NB' on group 'ClCoTr', skipping...
2022-11-07 13:22:36: Already run predictor 'KNN' on group 'ClCoTr', skipping...
2022-11-07 13:22:36: Already run predictor 'KNNC' on group 'ClCoTr', skipping...
2022-11-07 13:22:36: Running predictor 'XGB' for group 'ClCoTr'.
2022-11-07 13:22:36: CV num 1:
Warning: closing unused connection 9 (RunData/Subj-3-2-1914_2022-08-22_10-53/logs/run_2022-11-07_13-22_320.log)
Loading required package: xgboost

Attaching package: ‘xgboost’

The following object is masked from ‘package:dplyr’:

    slice

Loading required package: lattice
Loading required package: ggplot2
