2022-11-07 13:54:55: ###### Treating group of Categories: ClCo
2022-11-07 13:54:55: Selected columns:
Clinical.ATM, Clinical.OpticNeuritis, Clinical.INO, Clinical.MotorWeakness, Clinical.SensoryDisturbance, Clinical.Ataxia, Clinical.BladderDisturbance, Clinical.BowelDisturbance, Clinical.Myelopathy, Clinical.CogDisturbance, Clinical.VisualLoss, Core.AgeAtExam, Core.EDSS, Core.DiseaseDuration, Core.DiseaseCourse, Core.MSSS
2022-11-07 13:54:55: Already run predictor 'GLM' on group 'ClCo', skipping...
2022-11-07 13:54:55: Already run predictor 'RF' on group 'ClCo', skipping...
2022-11-07 13:54:55: Already run predictor 'RF2' on group 'ClCo', skipping...
2022-11-07 13:54:55: Already run predictor 'RF3' on group 'ClCo', skipping...
2022-11-07 13:54:55: Already run predictor 'RFO' on group 'ClCo', skipping...
2022-11-07 13:54:55: Already run predictor 'RP' on group 'ClCo', skipping...
2022-11-07 13:54:55: Already run predictor 'SVM' on group 'ClCo', skipping...
2022-11-07 13:54:55: Already run predictor 'NB' on group 'ClCo', skipping...
2022-11-07 13:54:55: Already run predictor 'KNN' on group 'ClCo', skipping...
2022-11-07 13:54:55: Already run predictor 'KNNC' on group 'ClCo', skipping...
2022-11-07 13:54:55: Already run predictor 'XGB' on group 'ClCo', skipping...
2022-11-07 13:54:55: ## Ran group 'ClCo' in 0.00 minutes.

2022-11-07 13:54:55: ###### Treating group of Categories: ClFS
2022-11-07 13:54:55: Selected columns:
Clinical.ATM, Clinical.OpticNeuritis, Clinical.INO, Clinical.MotorWeakness, Clinical.SensoryDisturbance, Clinical.Ataxia, Clinical.BladderDisturbance, Clinical.BowelDisturbance, Clinical.Myelopathy, Clinical.CogDisturbance, Clinical.VisualLoss, FSSs.Visual, FSSs.Brainstem, FSSs.Pyramidal, FSSs.Cerebellar, FSSs.Sensory, FSSs.Bowel, FSSs.Mental
2022-11-07 13:54:55: Already run predictor 'GLM' on group 'ClFS', skipping...
2022-11-07 13:54:55: Already run predictor 'RF' on group 'ClFS', skipping...
2022-11-07 13:54:55: Already run predictor 'RF2' on group 'ClFS', skipping...
2022-11-07 13:54:55: Already run predictor 'RF3' on group 'ClFS', skipping...
2022-11-07 13:54:55: Already run predictor 'RFO' on group 'ClFS', skipping...
2022-11-07 13:54:55: Already run predictor 'RP' on group 'ClFS', skipping...
2022-11-07 13:54:55: Already run predictor 'SVM' on group 'ClFS', skipping...
2022-11-07 13:54:55: Already run predictor 'NB' on group 'ClFS', skipping...
2022-11-07 13:54:55: Already run predictor 'KNN' on group 'ClFS', skipping...
2022-11-07 13:54:55: Already run predictor 'KNNC' on group 'ClFS', skipping...
2022-11-07 13:54:55: Already run predictor 'XGB' on group 'ClFS', skipping...
2022-11-07 13:54:55: ## Ran group 'ClFS' in 0.00 minutes.

2022-11-07 13:54:55: ###### Treating group of Categories: ClMR
Warning: closing unused connection 7 (RunData/Subj-3-2-1914_2022-08-22_10-53/logs/run_2022-11-07_13-54_409.log)
Warning: closing unused connection 5 (RunData/Subj-3-2-1914_2022-08-22_10-53/logs/run_2022-11-07_13-54_409.log)
2022-11-07 13:54:55: Selected columns:
Clinical.ATM, Clinical.OpticNeuritis, Clinical.INO, Clinical.MotorWeakness, Clinical.SensoryDisturbance, Clinical.Ataxia, Clinical.BladderDisturbance, Clinical.BowelDisturbance, Clinical.Myelopathy, Clinical.CogDisturbance, Clinical.VisualLoss, MRI.CE_Lesion, MRI.GM_Volume, MRI.Siena_PBVC
2022-11-07 13:54:55: Already run predictor 'GLM' on group 'ClMR', skipping...
2022-11-07 13:54:55: Already run predictor 'RF' on group 'ClMR', skipping...
2022-11-07 13:54:55: Already run predictor 'RF2' on group 'ClMR', skipping...
2022-11-07 13:54:55: Already run predictor 'RF3' on group 'ClMR', skipping...
2022-11-07 13:54:55: Already run predictor 'RFO' on group 'ClMR', skipping...
2022-11-07 13:54:55: Already run predictor 'RP' on group 'ClMR', skipping...
2022-11-07 13:54:55: Already run predictor 'SVM' on group 'ClMR', skipping...
2022-11-07 13:54:55: Already run predictor 'NB' on group 'ClMR', skipping...
2022-11-07 13:54:55: Already run predictor 'KNN' on group 'ClMR', skipping...
2022-11-07 13:54:55: Already run predictor 'KNNC' on group 'ClMR', skipping...
2022-11-07 13:54:55: Already run predictor 'XGB' on group 'ClMR', skipping...
2022-11-07 13:54:55: ## Ran group 'ClMR' in 0.00 minutes.

2022-11-07 13:54:55: ###### Treating group of Categories: ClPa
2022-11-07 13:54:55: Selected columns:
Clinical.ATM, Clinical.OpticNeuritis, Clinical.INO, Clinical.MotorWeakness, Clinical.SensoryDisturbance, Clinical.Ataxia, Clinical.BladderDisturbance, Clinical.BowelDisturbance, Clinical.Myelopathy, Clinical.CogDisturbance, Clinical.VisualLoss, Patient.AgeOfOnset, Patient.Gender
2022-11-07 13:54:55: Already run predictor 'GLM' on group 'ClPa', skipping...
2022-11-07 13:54:55: Already run predictor 'RF' on group 'ClPa', skipping...
2022-11-07 13:54:55: Already run predictor 'RF2' on group 'ClPa', skipping...
2022-11-07 13:54:55: Already run predictor 'RF3' on group 'ClPa', skipping...
2022-11-07 13:54:55: Already run predictor 'RFO' on group 'ClPa', skipping...
2022-11-07 13:54:55: Already run predictor 'RP' on group 'ClPa', skipping...
2022-11-07 13:54:55: Already run predictor 'SVM' on group 'ClPa', skipping...
2022-11-07 13:54:55: Already run predictor 'NB' on group 'ClPa', skipping...
2022-11-07 13:54:55: Already run predictor 'KNN' on group 'ClPa', skipping...
2022-11-07 13:54:55: Already run predictor 'KNNC' on group 'ClPa', skipping...
2022-11-07 13:54:55: Already run predictor 'XGB' on group 'ClPa', skipping...
2022-11-07 13:54:55: ## Ran group 'ClPa' in 0.00 minutes.

2022-11-07 13:54:55: ###### Treating group of Categories: ClTr
2022-11-07 13:54:55: Selected columns:
Clinical.ATM, Clinical.OpticNeuritis, Clinical.INO, Clinical.MotorWeakness, Clinical.SensoryDisturbance, Clinical.Ataxia, Clinical.BladderDisturbance, Clinical.BowelDisturbance, Clinical.Myelopathy, Clinical.CogDisturbance, Clinical.VisualLoss, Treatments.nDMT, Treatments.hasIM, Treatments.hasIS, Treatments.hasMA, Treatments.DMTcategory
2022-11-07 13:54:55: Already run predictor 'GLM' on group 'ClTr', skipping...
2022-11-07 13:54:55: Already run predictor 'RF' on group 'ClTr', skipping...
2022-11-07 13:54:55: Already run predictor 'RF2' on group 'ClTr', skipping...
2022-11-07 13:54:55: Already run predictor 'RF3' on group 'ClTr', skipping...
2022-11-07 13:54:55: Already run predictor 'RFO' on group 'ClTr', skipping...
2022-11-07 13:54:55: Already run predictor 'RP' on group 'ClTr', skipping...
2022-11-07 13:54:55: Already run predictor 'SVM' on group 'ClTr', skipping...
2022-11-07 13:54:55: Already run predictor 'NB' on group 'ClTr', skipping...
2022-11-07 13:54:55: Already run predictor 'KNN' on group 'ClTr', skipping...
2022-11-07 13:54:55: Already run predictor 'KNNC' on group 'ClTr', skipping...
2022-11-07 13:54:55: Already run predictor 'XGB' on group 'ClTr', skipping...
2022-11-07 13:54:55: ## Ran group 'ClTr' in 0.00 minutes.

2022-11-07 13:54:55: ###### Treating group of Categories: ClCoLi
2022-11-07 13:54:55: Selected columns:
Clinical.ATM, Clinical.OpticNeuritis, Clinical.INO, Clinical.MotorWeakness, Clinical.SensoryDisturbance, Clinical.Ataxia, Clinical.BladderDisturbance, Clinical.BowelDisturbance, Clinical.Myelopathy, Clinical.CogDisturbance, Clinical.VisualLoss, Core.AgeAtExam, Core.EDSS, Core.DiseaseDuration, Core.DiseaseCourse, Core.MSSS, Life.CaffeineFreq, Life.MemoryConcerns, Life.Smoking
2022-11-07 13:54:55: Already run predictor 'GLM' on group 'ClCoLi', skipping...
2022-11-07 13:54:55: Already run predictor 'RF' on group 'ClCoLi', skipping...
2022-11-07 13:54:55: Already run predictor 'RF2' on group 'ClCoLi', skipping...
2022-11-07 13:54:55: Already run predictor 'RF3' on group 'ClCoLi', skipping...
2022-11-07 13:54:55: Already run predictor 'RFO' on group 'ClCoLi', skipping...
2022-11-07 13:54:55: Already run predictor 'RP' on group 'ClCoLi', skipping...
2022-11-07 13:54:55: Already run predictor 'SVM' on group 'ClCoLi', skipping...
2022-11-07 13:54:55: Already run predictor 'NB' on group 'ClCoLi', skipping...
2022-11-07 13:54:55: Already run predictor 'KNN' on group 'ClCoLi', skipping...
2022-11-07 13:54:55: Already run predictor 'KNNC' on group 'ClCoLi', skipping...
2022-11-07 13:54:55: Already run predictor 'XGB' on group 'ClCoLi', skipping...
2022-11-07 13:54:55: ## Ran group 'ClCoLi' in 0.00 minutes.

2022-11-07 13:54:55: ###### Treating group of Categories: ClCoMS
2022-11-07 13:54:55: Selected columns:
Clinical.ATM, Clinical.OpticNeuritis, Clinical.INO, Clinical.MotorWeakness, Clinical.SensoryDisturbance, Clinical.Ataxia, Clinical.BladderDisturbance, Clinical.BowelDisturbance, Clinical.Myelopathy, Clinical.CogDisturbance, Clinical.VisualLoss, Core.AgeAtExam, Core.EDSS, Core.DiseaseDuration, Core.DiseaseCourse, Core.MSSS, MSFC.T25FW, MSFC.NHPT
2022-11-07 13:54:55: Already run predictor 'GLM' on group 'ClCoMS', skipping...
2022-11-07 13:54:55: Already run predictor 'RF' on group 'ClCoMS', skipping...
2022-11-07 13:54:55: Already run predictor 'RF2' on group 'ClCoMS', skipping...
2022-11-07 13:54:55: Already run predictor 'RF3' on group 'ClCoMS', skipping...
2022-11-07 13:54:55: Already run predictor 'RFO' on group 'ClCoMS', skipping...
2022-11-07 13:54:55: Already run predictor 'RP' on group 'ClCoMS', skipping...
2022-11-07 13:54:55: Already run predictor 'SVM' on group 'ClCoMS', skipping...
2022-11-07 13:54:55: Already run predictor 'NB' on group 'ClCoMS', skipping...
2022-11-07 13:54:55: Already run predictor 'KNN' on group 'ClCoMS', skipping...
2022-11-07 13:54:55: Already run predictor 'KNNC' on group 'ClCoMS', skipping...
2022-11-07 13:54:55: Already run predictor 'XGB' on group 'ClCoMS', skipping...
2022-11-07 13:54:55: ## Ran group 'ClCoMS' in 0.00 minutes.

2022-11-07 13:54:55: ###### Treating group of Categories: ClCoQO
Warning: closing unused connection 15 (RunData/Subj-3-2-1914_2022-08-22_10-53/logs/run_2022-11-07_13-54_409.log)
Warning: closing unused connection 13 (RunData/Subj-3-2-1914_2022-08-22_10-53/logs/run_2022-11-07_13-54_409.log)
Warning: closing unused connection 11 (RunData/Subj-3-2-1914_2022-08-22_10-53/logs/run_2022-11-07_13-54_409.log)
Warning: closing unused connection 5 (RunData/Subj-3-2-1914_2022-08-22_10-53/logs/run_2022-11-07_13-54_409.log)
2022-11-07 13:54:55: Selected columns:
Clinical.ATM, Clinical.OpticNeuritis, Clinical.INO, Clinical.MotorWeakness, Clinical.SensoryDisturbance, Clinical.Ataxia, Clinical.BladderDisturbance, Clinical.BowelDisturbance, Clinical.Myelopathy, Clinical.CogDisturbance, Clinical.VisualLoss, Core.AgeAtExam, Core.EDSS, Core.DiseaseDuration, Core.DiseaseCourse, Core.MSSS, QOL.LackFocus, QOL.LackEnergy, QOL.PsychoDown, QOL.RelativePain, QOL.NotEnjoyLife
2022-11-07 13:54:55: Already run predictor 'GLM' on group 'ClCoQO', skipping...
2022-11-07 13:54:55: Already run predictor 'RF' on group 'ClCoQO', skipping...
2022-11-07 13:54:55: Already run predictor 'RF2' on group 'ClCoQO', skipping...
2022-11-07 13:54:55: Already run predictor 'RF3' on group 'ClCoQO', skipping...
2022-11-07 13:54:55: Already run predictor 'RFO' on group 'ClCoQO', skipping...
2022-11-07 13:54:55: Already run predictor 'RP' on group 'ClCoQO', skipping...
2022-11-07 13:54:55: Already run predictor 'SVM' on group 'ClCoQO', skipping...
2022-11-07 13:54:55: Already run predictor 'NB' on group 'ClCoQO', skipping...
2022-11-07 13:54:55: Already run predictor 'KNN' on group 'ClCoQO', skipping...
2022-11-07 13:54:55: Already run predictor 'KNNC' on group 'ClCoQO', skipping...
2022-11-07 13:54:55: Running predictor 'XGB' for group 'ClCoQO'.
2022-11-07 13:54:55: CV num 1:
Warning: closing unused connection 9 (RunData/Subj-3-2-1914_2022-08-22_10-53/logs/run_2022-11-07_13-54_409.log)
Loading required package: xgboost

Attaching package: ‘xgboost’

The following object is masked from ‘package:dplyr’:

    slice

Loading required package: lattice
Loading required package: ggplot2

2022-11-07 13:55:14: XGB for groups Clinical - Core - QOL               ( 21 features) -> best nrounds: 200  / eta 0.10 / max_depth 1 [perf: 0.726]

2022-11-07 13:55:29: XGB for groups Clinical - Core - QOL               ( 21 features) -> best nrounds: 100  / eta 0.10 / max_depth 1 [perf: 0.697]

2022-11-07 13:55:44: XGB for groups Clinical - Core - QOL               ( 21 features) -> best nrounds: 150  / eta 0.05 / max_depth 2 [perf: 0.686]
2022-11-07 13:55:44: CV num 2:

2022-11-07 13:55:59: XGB for groups Clinical - Core - QOL               ( 21 features) -> best nrounds: 250  / eta 0.05 / max_depth 1 [perf: 0.699]

2022-11-07 13:56:14: XGB for groups Clinical - Core - QOL               ( 21 features) -> best nrounds: 250  / eta 0.05 / max_depth 1 [perf: 0.704]

2022-11-07 13:56:29: XGB for groups Clinical - Core - QOL               ( 21 features) -> best nrounds: 150  / eta 0.05 / max_depth 2 [perf: 0.723]
2022-11-07 13:56:29: Ran predictor 'XGB' for group 'ClCoQO' in 1.55 minutes.
2022-11-07 13:56:29: ## Ran group 'ClCoQO' in 1.55 minutes.

2022-11-07 13:56:29: ###### Treating group of Categories: CoFS
2022-11-07 13:56:29: Selected columns:
Core.AgeAtExam, Core.EDSS, Core.DiseaseDuration, Core.DiseaseCourse, Core.MSSS, FSSs.Visual, FSSs.Brainstem, FSSs.Pyramidal, FSSs.Cerebellar, FSSs.Sensory, FSSs.Bowel, FSSs.Mental
2022-11-07 13:56:29: Already run predictor 'GLM' on group 'CoFS', skipping...
2022-11-07 13:56:29: Already run predictor 'RF' on group 'CoFS', skipping...
2022-11-07 13:56:29: Already run predictor 'RF2' on group 'CoFS', skipping...
2022-11-07 13:56:29: Already run predictor 'RF3' on group 'CoFS', skipping...
2022-11-07 13:56:29: Already run predictor 'RFO' on group 'CoFS', skipping...
2022-11-07 13:56:29: Already run predictor 'RP' on group 'CoFS', skipping...
2022-11-07 13:56:29: Already run predictor 'SVM' on group 'CoFS', skipping...
2022-11-07 13:56:29: Already run predictor 'NB' on group 'CoFS', skipping...
2022-11-07 13:56:29: Already run predictor 'KNN' on group 'CoFS', skipping...
2022-11-07 13:56:29: Already run predictor 'KNNC' on group 'CoFS', skipping...
2022-11-07 13:56:29: Running predictor 'XGB' for group 'CoFS'.
2022-11-07 13:56:29: CV num 1:
Warning: closing unused connection 17 (RunData/Subj-3-2-1914_2022-08-22_10-53/logs/run_2022-11-07_13-54_409.log)

2022-11-07 13:56:42: XGB for groups Core - FSSs                         ( 12 features) -> best nrounds: 100  / eta 0.20 / max_depth 1 [perf: 0.708]

2022-11-07 13:56:54: XGB for groups Core - FSSs                         ( 12 features) -> best nrounds: 100  / eta 0.10 / max_depth 1 [perf: 0.679]

2022-11-07 13:57:07: XGB for groups Core - FSSs                         ( 12 features) -> best nrounds: 150  / eta 0.10 / max_depth 1 [perf: 0.669]
2022-11-07 13:57:07: CV num 2:

2022-11-07 13:57:20: XGB for groups Core - FSSs                         ( 12 features) -> best nrounds: 250  / eta 0.10 / max_depth 1 [perf: 0.683]

2022-11-07 13:57:32: XGB for groups Core - FSSs                         ( 12 features) -> best nrounds: 70  / eta 0.05 / max_depth 2 [perf: 0.686]

2022-11-07 13:57:45: XGB for groups Core - FSSs                         ( 12 features) -> best nrounds: 50  / eta 0.20 / max_depth 1 [perf: 0.705]
2022-11-07 13:57:45: Ran predictor 'XGB' for group 'CoFS' in 1.28 minutes.
2022-11-07 13:57:45: ## Ran group 'CoFS' in 1.28 minutes.

2022-11-07 13:57:45: ###### Treating group of Categories: CoMR
2022-11-07 13:57:45: Selected columns:
Core.AgeAtExam, Core.EDSS, Core.DiseaseDuration, Core.DiseaseCourse, Core.MSSS, MRI.CE_Lesion, MRI.GM_Volume, MRI.Siena_PBVC
2022-11-07 13:57:45: Already run predictor 'GLM' on group 'CoMR', skipping...
2022-11-07 13:57:45: Already run predictor 'RF' on group 'CoMR', skipping...
2022-11-07 13:57:45: Already run predictor 'RF2' on group 'CoMR', skipping...
2022-11-07 13:57:45: Already run predictor 'RF3' on group 'CoMR', skipping...
2022-11-07 13:57:45: Already run predictor 'RFO' on group 'CoMR', skipping...
2022-11-07 13:57:45: Already run predictor 'RP' on group 'CoMR', skipping...
2022-11-07 13:57:45: Already run predictor 'SVM' on group 'CoMR', skipping...
2022-11-07 13:57:45: Already run predictor 'NB' on group 'CoMR', skipping...
2022-11-07 13:57:45: Already run predictor 'KNN' on group 'CoMR', skipping...
2022-11-07 13:57:45: Already run predictor 'KNNC' on group 'CoMR', skipping...
2022-11-07 13:57:45: Running predictor 'XGB' for group 'CoMR'.
2022-11-07 13:57:45: CV num 1:
Warning: closing unused connection 5 (RunData/Subj-3-2-1914_2022-08-22_10-53/logs/run_2022-11-07_13-54_409.log)

2022-11-07 13:57:57: XGB for groups Core - MRI                          (  8 features) -> best nrounds: 100  / eta 0.10 / max_depth 1 [perf: 0.720]

2022-11-07 13:58:09: XGB for groups Core - MRI                          (  8 features) -> best nrounds: 150  / eta 0.10 / max_depth 1 [perf: 0.696]

2022-11-07 13:58:21: XGB for groups Core - MRI                          (  8 features) -> best nrounds: 50  / eta 0.20 / max_depth 1 [perf: 0.686]
2022-11-07 13:58:21: CV num 2:

2022-11-07 13:58:32: XGB for groups Core - MRI                          (  8 features) -> best nrounds: 70  / eta 0.20 / max_depth 1 [perf: 0.690]

2022-11-07 13:58:44: XGB for groups Core - MRI                          (  8 features) -> best nrounds: 30  / eta 0.10 / max_depth 1 [perf: 0.681]

2022-11-07 13:58:56: XGB for groups Core - MRI                          (  8 features) -> best nrounds: 150  / eta 0.10 / max_depth 1 [perf: 0.710]
2022-11-07 13:58:56: Ran predictor 'XGB' for group 'CoMR' in 1.18 minutes.
2022-11-07 13:58:56: ## Ran group 'CoMR' in 1.18 minutes.

2022-11-07 13:58:56: ###### Treating group of Categories: CoPa
2022-11-07 13:58:56: Selected columns:
Core.AgeAtExam, Core.EDSS, Core.DiseaseDuration, Core.DiseaseCourse, Core.MSSS, Patient.AgeOfOnset, Patient.Gender
2022-11-07 13:58:56: Already run predictor 'GLM' on group 'CoPa', skipping...
2022-11-07 13:58:56: Already run predictor 'RF' on group 'CoPa', skipping...
2022-11-07 13:58:56: Already run predictor 'RF2' on group 'CoPa', skipping...
2022-11-07 13:58:56: Already run predictor 'RF3' on group 'CoPa', skipping...
2022-11-07 13:58:56: Already run predictor 'RFO' on group 'CoPa', skipping...
2022-11-07 13:58:56: Already run predictor 'RP' on group 'CoPa', skipping...
2022-11-07 13:58:56: Already run predictor 'SVM' on group 'CoPa', skipping...
2022-11-07 13:58:56: Already run predictor 'NB' on group 'CoPa', skipping...
2022-11-07 13:58:56: Already run predictor 'KNN' on group 'CoPa', skipping...
2022-11-07 13:58:56: Already run predictor 'KNNC' on group 'CoPa', skipping...
2022-11-07 13:58:56: Running predictor 'XGB' for group 'CoPa'.
2022-11-07 13:58:56: CV num 1:
Warning: closing unused connection 11 (RunData/Subj-3-2-1914_2022-08-22_10-53/logs/run_2022-11-07_13-54_409.log)

2022-11-07 13:59:07: XGB for groups Core - Patient                      (  7 features) -> best nrounds: 100  / eta 0.05 / max_depth 2 [perf: 0.706]

2022-11-07 13:59:19: XGB for groups Core - Patient                      (  7 features) -> best nrounds: 40  / eta 0.20 / max_depth 1 [perf: 0.682]

2022-11-07 13:59:30: XGB for groups Core - Patient                      (  7 features) -> best nrounds: 100  / eta 0.10 / max_depth 1 [perf: 0.667]
2022-11-07 13:59:30: CV num 2:

2022-11-07 13:59:42: XGB for groups Core - Patient                      (  7 features) -> best nrounds: 40  / eta 0.20 / max_depth 1 [perf: 0.674]

2022-11-07 13:59:52: XGB for groups Core - Patient                      (  7 features) -> best nrounds: 150  / eta 0.10 / max_depth 1 [perf: 0.685]

2022-11-07 14:00:04: XGB for groups Core - Patient                      (  7 features) -> best nrounds: 150  / eta 0.05 / max_depth 1 [perf: 0.703]
2022-11-07 14:00:04: Ran predictor 'XGB' for group 'CoPa' in 1.14 minutes.
2022-11-07 14:00:04: ## Ran group 'CoPa' in 1.14 minutes.

2022-11-07 14:00:04: ###### Treating group of Categories: CoTr
2022-11-07 14:00:04: Selected columns:
Core.AgeAtExam, Core.EDSS, Core.DiseaseDuration, Core.DiseaseCourse, Core.MSSS, Treatments.nDMT, Treatments.hasIM, Treatments.hasIS, Treatments.hasMA, Treatments.DMTcategory
2022-11-07 14:00:04: Already run predictor 'GLM' on group 'CoTr', skipping...
2022-11-07 14:00:04: Already run predictor 'RF' on group 'CoTr', skipping...
2022-11-07 14:00:04: Already run predictor 'RF2' on group 'CoTr', skipping...
2022-11-07 14:00:04: Already run predictor 'RF3' on group 'CoTr', skipping...
2022-11-07 14:00:04: Already run predictor 'RFO' on group 'CoTr', skipping...
2022-11-07 14:00:04: Already run predictor 'RP' on group 'CoTr', skipping...
2022-11-07 14:00:04: Already run predictor 'SVM' on group 'CoTr', skipping...
2022-11-07 14:00:04: Already run predictor 'NB' on group 'CoTr', skipping...
2022-11-07 14:00:04: Already run predictor 'KNN' on group 'CoTr', skipping...
2022-11-07 14:00:04: Already run predictor 'KNNC' on group 'CoTr', skipping...
2022-11-07 14:00:04: Running predictor 'XGB' for group 'CoTr'.
2022-11-07 14:00:04: CV num 1:
Warning: closing unused connection 5 (RunData/Subj-3-2-1914_2022-08-22_10-53/logs/run_2022-11-07_13-54_409.log)

2022-11-07 14:00:16: XGB for groups Core - Treatments                   ( 10 features) -> best nrounds: 250  / eta 0.05 / max_depth 1 [perf: 0.711]

2022-11-07 14:00:28: XGB for groups Core - Treatments                   ( 10 features) -> best nrounds: 200  / eta 0.10 / max_depth 1 [perf: 0.695]

2022-11-07 14:00:41: XGB for groups Core - Treatments                   ( 10 features) -> best nrounds: 70  / eta 0.05 / max_depth 2 [perf: 0.664]
2022-11-07 14:00:41: CV num 2:

2022-11-07 14:00:52: XGB for groups Core - Treatments                   ( 10 features) -> best nrounds: 100  / eta 0.10 / max_depth 2 [perf: 0.691]

2022-11-07 14:01:03: XGB for groups Core - Treatments                   ( 10 features) -> best nrounds: 40  / eta 0.05 / max_depth 1 [perf: 0.675]

2022-11-07 14:01:16: XGB for groups Core - Treatments                   ( 10 features) -> best nrounds: 70  / eta 0.10 / max_depth 1 [perf: 0.700]
2022-11-07 14:01:16: Ran predictor 'XGB' for group 'CoTr' in 1.19 minutes.
2022-11-07 14:01:16: ## Ran group 'CoTr' in 1.19 minutes.

2022-11-07 14:01:16: ###### Treating group of Categories: CoFSMR
2022-11-07 14:01:16: Selected columns:
Core.AgeAtExam, Core.EDSS, Core.DiseaseDuration, Core.DiseaseCourse, Core.MSSS, FSSs.Visual, FSSs.Brainstem, FSSs.Pyramidal, FSSs.Cerebellar, FSSs.Sensory, FSSs.Bowel, FSSs.Mental, MRI.CE_Lesion, MRI.GM_Volume, MRI.Siena_PBVC
2022-11-07 14:01:16: Already run predictor 'GLM' on group 'CoFSMR', skipping...
2022-11-07 14:01:16: Already run predictor 'RF' on group 'CoFSMR', skipping...
2022-11-07 14:01:16: Already run predictor 'RF2' on group 'CoFSMR', skipping...
2022-11-07 14:01:16: Already run predictor 'RF3' on group 'CoFSMR', skipping...
2022-11-07 14:01:16: Already run predictor 'RFO' on group 'CoFSMR', skipping...
2022-11-07 14:01:16: Already run predictor 'RP' on group 'CoFSMR', skipping...
2022-11-07 14:01:16: Already run predictor 'SVM' on group 'CoFSMR', skipping...
2022-11-07 14:01:16: Already run predictor 'NB' on group 'CoFSMR', skipping...
2022-11-07 14:01:16: Already run predictor 'KNN' on group 'CoFSMR', skipping...
2022-11-07 14:01:16: Already run predictor 'KNNC' on group 'CoFSMR', skipping...
2022-11-07 14:01:16: Running predictor 'XGB' for group 'CoFSMR'.
2022-11-07 14:01:16: CV num 1:
Warning: closing unused connection 11 (RunData/Subj-3-2-1914_2022-08-22_10-53/logs/run_2022-11-07_13-54_409.log)

2022-11-07 14:01:33: XGB for groups Core - FSSs - MRI                   ( 15 features) -> best nrounds: 250  / eta 0.05 / max_depth 1 [perf: 0.703]

2022-11-07 14:06:58: XGB for groups Core - FSSs - MRI                   ( 15 features) -> best nrounds: 200  / eta 0.05 / max_depth 1 [perf: 0.688]

2022-11-07 14:07:24: XGB for groups Core - FSSs - MRI                   ( 15 features) -> best nrounds: 150  / eta 0.10 / max_depth 1 [perf: 0.682]
2022-11-07 14:07:24: CV num 2:

2022-11-07 14:12:23: XGB for groups Core - FSSs - MRI                   ( 15 features) -> best nrounds: 150  / eta 0.05 / max_depth 2 [perf: 0.689]

2022-11-07 14:12:46: XGB for groups Core - FSSs - MRI                   ( 15 features) -> best nrounds: 30  / eta 0.05 / max_depth 1 [perf: 0.686]

2022-11-07 14:13:09: XGB for groups Core - FSSs - MRI                   ( 15 features) -> best nrounds: 50  / eta 0.20 / max_depth 1 [perf: 0.706]
2022-11-07 14:13:09: Ran predictor 'XGB' for group 'CoFSMR' in 11.88 minutes.
2022-11-07 14:13:09: ## Ran group 'CoFSMR' in 11.88 minutes.

2022-11-07 14:13:09: ###### Treating group of Categories: CoFSPa
2022-11-07 14:13:09: Selected columns:
Core.AgeAtExam, Core.EDSS, Core.DiseaseDuration, Core.DiseaseCourse, Core.MSSS, FSSs.Visual, FSSs.Brainstem, FSSs.Pyramidal, FSSs.Cerebellar, FSSs.Sensory, FSSs.Bowel, FSSs.Mental, Patient.AgeOfOnset, Patient.Gender
2022-11-07 14:13:09: Already run predictor 'GLM' on group 'CoFSPa', skipping...
2022-11-07 14:13:09: Already run predictor 'RF' on group 'CoFSPa', skipping...
2022-11-07 14:13:09: Already run predictor 'RF2' on group 'CoFSPa', skipping...
2022-11-07 14:13:09: Already run predictor 'RF3' on group 'CoFSPa', skipping...
2022-11-07 14:13:09: Already run predictor 'RFO' on group 'CoFSPa', skipping...
2022-11-07 14:13:09: Already run predictor 'RP' on group 'CoFSPa', skipping...
2022-11-07 14:13:09: Already run predictor 'SVM' on group 'CoFSPa', skipping...
2022-11-07 14:13:09: Already run predictor 'NB' on group 'CoFSPa', skipping...
2022-11-07 14:13:09: Already run predictor 'KNN' on group 'CoFSPa', skipping...
2022-11-07 14:13:09: Already run predictor 'KNNC' on group 'CoFSPa', skipping...
2022-11-07 14:13:09: Running predictor 'XGB' for group 'CoFSPa'.
2022-11-07 14:13:09: CV num 1:
Warning: closing unused connection 5 (RunData/Subj-3-2-1914_2022-08-22_10-53/logs/run_2022-11-07_13-54_409.log)

2022-11-07 14:13:22: XGB for groups Core - FSSs - Patient               ( 14 features) -> best nrounds: 100  / eta 0.20 / max_depth 1 [perf: 0.709]

2022-11-07 14:29:03: XGB for groups Core - FSSs - Patient               ( 14 features) -> best nrounds: 100  / eta 0.05 / max_depth 2 [perf: 0.684]

2022-11-07 14:29:18: XGB for groups Core - FSSs - Patient               ( 14 features) -> best nrounds: 250  / eta 0.05 / max_depth 1 [perf: 0.680]
2022-11-07 14:29:18: CV num 2:

2022-11-07 14:30:28: XGB for groups Core - FSSs - Patient               ( 14 features) -> best nrounds: 70  / eta 0.10 / max_depth 1 [perf: 0.670]

2022-11-07 14:31:28: XGB for groups Core - FSSs - Patient               ( 14 features) -> best nrounds: 100  / eta 0.20 / max_depth 1 [perf: 0.691]

2022-11-07 14:32:00: XGB for groups Core - FSSs - Patient               ( 14 features) -> best nrounds: 200  / eta 0.10 / max_depth 1 [perf: 0.710]
2022-11-07 14:32:00: Ran predictor 'XGB' for group 'CoFSPa' in 18.85 minutes.
2022-11-07 14:32:00: ## Ran group 'CoFSPa' in 18.85 minutes.

2022-11-07 14:32:00: ###### Treating group of Categories: CoFSTr
2022-11-07 14:32:00: Selected columns:
Core.AgeAtExam, Core.EDSS, Core.DiseaseDuration, Core.DiseaseCourse, Core.MSSS, FSSs.Visual, FSSs.Brainstem, FSSs.Pyramidal, FSSs.Cerebellar, FSSs.Sensory, FSSs.Bowel, FSSs.Mental, Treatments.nDMT, Treatments.hasIM, Treatments.hasIS, Treatments.hasMA, Treatments.DMTcategory
2022-11-07 14:32:00: Already run predictor 'GLM' on group 'CoFSTr', skipping...
2022-11-07 14:32:00: Already run predictor 'RF' on group 'CoFSTr', skipping...
2022-11-07 14:32:00: Already run predictor 'RF2' on group 'CoFSTr', skipping...
2022-11-07 14:32:00: Already run predictor 'RF3' on group 'CoFSTr', skipping...
2022-11-07 14:32:00: Already run predictor 'RFO' on group 'CoFSTr', skipping...
2022-11-07 14:32:00: Already run predictor 'RP' on group 'CoFSTr', skipping...
2022-11-07 14:32:00: Already run predictor 'SVM' on group 'CoFSTr', skipping...
2022-11-07 14:32:00: Already run predictor 'NB' on group 'CoFSTr', skipping...
2022-11-07 14:32:00: Already run predictor 'KNN' on group 'CoFSTr', skipping...
2022-11-07 14:32:00: Already run predictor 'KNNC' on group 'CoFSTr', skipping...
2022-11-07 14:32:00: Running predictor 'XGB' for group 'CoFSTr'.
2022-11-07 14:32:00: CV num 1:
Warning: closing unused connection 11 (RunData/Subj-3-2-1914_2022-08-22_10-53/logs/run_2022-11-07_13-54_409.log)

2022-11-07 14:32:16: XGB for groups Core - FSSs - Treatments            ( 17 features) -> best nrounds: 70  / eta 0.20 / max_depth 1 [perf: 0.706]

2022-11-07 14:32:32: XGB for groups Core - FSSs - Treatments            ( 17 features) -> best nrounds: 150  / eta 0.10 / max_depth 1 [perf: 0.685]

2022-11-07 14:32:56: XGB for groups Core - FSSs - Treatments            ( 17 features) -> best nrounds: 100  / eta 0.10 / max_depth 1 [perf: 0.674]
2022-11-07 14:32:56: CV num 2:

2022-11-07 14:33:09: XGB for groups Core - FSSs - Treatments            ( 17 features) -> best nrounds: 100  / eta 0.20 / max_depth 1 [perf: 0.677]

2022-11-07 14:37:15: XGB for groups Core - FSSs - Treatments            ( 17 features) -> best nrounds: 100  / eta 0.10 / max_depth 1 [perf: 0.688]

2022-11-07 14:41:20: XGB for groups Core - FSSs - Treatments            ( 17 features) -> best nrounds: 100  / eta 0.10 / max_depth 1 [perf: 0.705]
2022-11-07 14:41:20: Ran predictor 'XGB' for group 'CoFSTr' in 9.34 minutes.
2022-11-07 14:41:20: ## Ran group 'CoFSTr' in 9.34 minutes.

2022-11-07 14:41:20: ###### Treating group of Categories: CoLiMS
2022-11-07 14:41:20: Selected columns:
Core.AgeAtExam, Core.EDSS, Core.DiseaseDuration, Core.DiseaseCourse, Core.MSSS, Life.CaffeineFreq, Life.MemoryConcerns, Life.Smoking, MSFC.T25FW, MSFC.NHPT
2022-11-07 14:41:21: Already run predictor 'GLM' on group 'CoLiMS', skipping...
2022-11-07 14:41:21: Already run predictor 'RF' on group 'CoLiMS', skipping...
2022-11-07 14:41:21: Already run predictor 'RF2' on group 'CoLiMS', skipping...
2022-11-07 14:41:21: Already run predictor 'RF3' on group 'CoLiMS', skipping...
2022-11-07 14:41:21: Already run predictor 'RFO' on group 'CoLiMS', skipping...
2022-11-07 14:41:21: Already run predictor 'RP' on group 'CoLiMS', skipping...
2022-11-07 14:41:21: Already run predictor 'SVM' on group 'CoLiMS', skipping...
2022-11-07 14:41:21: Already run predictor 'NB' on group 'CoLiMS', skipping...
2022-11-07 14:41:21: Already run predictor 'KNN' on group 'CoLiMS', skipping...
2022-11-07 14:41:21: Already run predictor 'KNNC' on group 'CoLiMS', skipping...
2022-11-07 14:41:21: Running predictor 'XGB' for group 'CoLiMS'.
2022-11-07 14:41:21: CV num 1:
Warning: closing unused connection 5 (RunData/Subj-3-2-1914_2022-08-22_10-53/logs/run_2022-11-07_13-54_409.log)
