2022-11-07 13:22:35: ###### Treating group of Categories: ClCo
2022-11-07 13:22:35: Selected columns:
Clinical.ATM, Clinical.OpticNeuritis, Clinical.INO, Clinical.MotorWeakness, Clinical.SensoryDisturbance, Clinical.Ataxia, Clinical.BladderDisturbance, Clinical.BowelDisturbance, Clinical.Myelopathy, Clinical.CogDisturbance, Clinical.VisualLoss, Core.AgeAtExam, Core.EDSS, Core.DiseaseDuration, Core.DiseaseCourse, Core.MSSS
2022-11-07 13:22:35: Already run predictor 'GLM' on group 'ClCo', skipping...
2022-11-07 13:22:35: Already run predictor 'RF' on group 'ClCo', skipping...
2022-11-07 13:22:35: Already run predictor 'RF2' on group 'ClCo', skipping...
2022-11-07 13:22:35: Already run predictor 'RF3' on group 'ClCo', skipping...
2022-11-07 13:22:35: Already run predictor 'RFO' on group 'ClCo', skipping...
2022-11-07 13:22:35: Already run predictor 'RP' on group 'ClCo', skipping...
2022-11-07 13:22:35: Already run predictor 'SVM' on group 'ClCo', skipping...
2022-11-07 13:22:35: Already run predictor 'NB' on group 'ClCo', skipping...
2022-11-07 13:22:35: Already run predictor 'KNN' on group 'ClCo', skipping...
2022-11-07 13:22:35: Already run predictor 'KNNC' on group 'ClCo', skipping...
2022-11-07 13:22:35: Already run predictor 'XGB' on group 'ClCo', skipping...
2022-11-07 13:22:35: ## Ran group 'ClCo' in 0.00 minutes.

2022-11-07 13:22:35: ###### Treating group of Categories: ClLi
2022-11-07 13:22:35: Selected columns:
Clinical.ATM, Clinical.OpticNeuritis, Clinical.INO, Clinical.MotorWeakness, Clinical.SensoryDisturbance, Clinical.Ataxia, Clinical.BladderDisturbance, Clinical.BowelDisturbance, Clinical.Myelopathy, Clinical.CogDisturbance, Clinical.VisualLoss, Life.CaffeineFreq, Life.MemoryConcerns, Life.Smoking
2022-11-07 13:22:35: Already run predictor 'GLM' on group 'ClLi', skipping...
2022-11-07 13:22:35: Already run predictor 'RF' on group 'ClLi', skipping...
2022-11-07 13:22:35: Already run predictor 'RF2' on group 'ClLi', skipping...
2022-11-07 13:22:35: Already run predictor 'RF3' on group 'ClLi', skipping...
2022-11-07 13:22:35: Already run predictor 'RFO' on group 'ClLi', skipping...
2022-11-07 13:22:35: Already run predictor 'RP' on group 'ClLi', skipping...
2022-11-07 13:22:35: Already run predictor 'SVM' on group 'ClLi', skipping...
2022-11-07 13:22:35: Already run predictor 'NB' on group 'ClLi', skipping...
2022-11-07 13:22:35: Already run predictor 'KNN' on group 'ClLi', skipping...
2022-11-07 13:22:35: Already run predictor 'KNNC' on group 'ClLi', skipping...
2022-11-07 13:22:35: Already run predictor 'XGB' on group 'ClLi', skipping...
2022-11-07 13:22:35: ## Ran group 'ClLi' in 0.00 minutes.

2022-11-07 13:22:36: ###### Treating group of Categories: ClMS
Warning: closing unused connection 7 (RunData/Subj-3-2-1914_2022-08-22_10-53/logs/run_2022-11-07_13-22_333.log)
Warning: closing unused connection 5 (RunData/Subj-3-2-1914_2022-08-22_10-53/logs/run_2022-11-07_13-22_333.log)
2022-11-07 13:22:36: Selected columns:
Clinical.ATM, Clinical.OpticNeuritis, Clinical.INO, Clinical.MotorWeakness, Clinical.SensoryDisturbance, Clinical.Ataxia, Clinical.BladderDisturbance, Clinical.BowelDisturbance, Clinical.Myelopathy, Clinical.CogDisturbance, Clinical.VisualLoss, MSFC.T25FW, MSFC.NHPT
2022-11-07 13:22:36: Already run predictor 'GLM' on group 'ClMS', skipping...
2022-11-07 13:22:36: Already run predictor 'RF' on group 'ClMS', skipping...
2022-11-07 13:22:36: Already run predictor 'RF2' on group 'ClMS', skipping...
2022-11-07 13:22:36: Already run predictor 'RF3' on group 'ClMS', skipping...
2022-11-07 13:22:36: Already run predictor 'RFO' on group 'ClMS', skipping...
2022-11-07 13:22:36: Already run predictor 'RP' on group 'ClMS', skipping...
2022-11-07 13:22:36: Already run predictor 'SVM' on group 'ClMS', skipping...
2022-11-07 13:22:36: Already run predictor 'NB' on group 'ClMS', skipping...
2022-11-07 13:22:36: Already run predictor 'KNN' on group 'ClMS', skipping...
2022-11-07 13:22:36: Already run predictor 'KNNC' on group 'ClMS', skipping...
2022-11-07 13:22:36: Already run predictor 'XGB' on group 'ClMS', skipping...
2022-11-07 13:22:36: ## Ran group 'ClMS' in 0.00 minutes.

2022-11-07 13:22:36: ###### Treating group of Categories: ClQO
2022-11-07 13:22:36: Selected columns:
Clinical.ATM, Clinical.OpticNeuritis, Clinical.INO, Clinical.MotorWeakness, Clinical.SensoryDisturbance, Clinical.Ataxia, Clinical.BladderDisturbance, Clinical.BowelDisturbance, Clinical.Myelopathy, Clinical.CogDisturbance, Clinical.VisualLoss, QOL.LackFocus, QOL.LackEnergy, QOL.PsychoDown, QOL.RelativePain, QOL.NotEnjoyLife
2022-11-07 13:22:36: Already run predictor 'GLM' on group 'ClQO', skipping...
2022-11-07 13:22:36: Already run predictor 'RF' on group 'ClQO', skipping...
2022-11-07 13:22:36: Already run predictor 'RF2' on group 'ClQO', skipping...
2022-11-07 13:22:36: Already run predictor 'RF3' on group 'ClQO', skipping...
2022-11-07 13:22:36: Already run predictor 'RFO' on group 'ClQO', skipping...
2022-11-07 13:22:36: Already run predictor 'RP' on group 'ClQO', skipping...
2022-11-07 13:22:36: Already run predictor 'SVM' on group 'ClQO', skipping...
2022-11-07 13:22:36: Already run predictor 'NB' on group 'ClQO', skipping...
2022-11-07 13:22:36: Already run predictor 'KNN' on group 'ClQO', skipping...
2022-11-07 13:22:36: Already run predictor 'KNNC' on group 'ClQO', skipping...
2022-11-07 13:22:36: Already run predictor 'XGB' on group 'ClQO', skipping...
2022-11-07 13:22:36: ## Ran group 'ClQO' in 0.00 minutes.

2022-11-07 13:22:36: ###### Treating group of Categories: ClCoFS
2022-11-07 13:22:36: Selected columns:
Clinical.ATM, Clinical.OpticNeuritis, Clinical.INO, Clinical.MotorWeakness, Clinical.SensoryDisturbance, Clinical.Ataxia, Clinical.BladderDisturbance, Clinical.BowelDisturbance, Clinical.Myelopathy, Clinical.CogDisturbance, Clinical.VisualLoss, Core.AgeAtExam, Core.EDSS, Core.DiseaseDuration, Core.DiseaseCourse, Core.MSSS, FSSs.Visual, FSSs.Brainstem, FSSs.Pyramidal, FSSs.Cerebellar, FSSs.Sensory, FSSs.Bowel, FSSs.Mental
2022-11-07 13:22:36: Already run predictor 'GLM' on group 'ClCoFS', skipping...
2022-11-07 13:22:36: Already run predictor 'RF' on group 'ClCoFS', skipping...
2022-11-07 13:22:36: Already run predictor 'RF2' on group 'ClCoFS', skipping...
2022-11-07 13:22:36: Already run predictor 'RF3' on group 'ClCoFS', skipping...
2022-11-07 13:22:36: Already run predictor 'RFO' on group 'ClCoFS', skipping...
2022-11-07 13:22:36: Already run predictor 'RP' on group 'ClCoFS', skipping...
2022-11-07 13:22:36: Already run predictor 'SVM' on group 'ClCoFS', skipping...
2022-11-07 13:22:36: Already run predictor 'NB' on group 'ClCoFS', skipping...
2022-11-07 13:22:36: Already run predictor 'KNN' on group 'ClCoFS', skipping...
2022-11-07 13:22:36: Already run predictor 'KNNC' on group 'ClCoFS', skipping...
2022-11-07 13:22:36: Already run predictor 'XGB' on group 'ClCoFS', skipping...
2022-11-07 13:22:36: ## Ran group 'ClCoFS' in 0.00 minutes.

2022-11-07 13:22:36: ###### Treating group of Categories: ClCoMR
2022-11-07 13:22:36: Selected columns:
Clinical.ATM, Clinical.OpticNeuritis, Clinical.INO, Clinical.MotorWeakness, Clinical.SensoryDisturbance, Clinical.Ataxia, Clinical.BladderDisturbance, Clinical.BowelDisturbance, Clinical.Myelopathy, Clinical.CogDisturbance, Clinical.VisualLoss, Core.AgeAtExam, Core.EDSS, Core.DiseaseDuration, Core.DiseaseCourse, Core.MSSS, MRI.CE_Lesion, MRI.GM_Volume, MRI.Siena_PBVC
2022-11-07 13:22:36: Already run predictor 'GLM' on group 'ClCoMR', skipping...
2022-11-07 13:22:36: Already run predictor 'RF' on group 'ClCoMR', skipping...
2022-11-07 13:22:36: Already run predictor 'RF2' on group 'ClCoMR', skipping...
2022-11-07 13:22:36: Already run predictor 'RF3' on group 'ClCoMR', skipping...
2022-11-07 13:22:36: Already run predictor 'RFO' on group 'ClCoMR', skipping...
2022-11-07 13:22:36: Already run predictor 'RP' on group 'ClCoMR', skipping...
2022-11-07 13:22:36: Already run predictor 'SVM' on group 'ClCoMR', skipping...
2022-11-07 13:22:36: Already run predictor 'NB' on group 'ClCoMR', skipping...
2022-11-07 13:22:36: Already run predictor 'KNN' on group 'ClCoMR', skipping...
2022-11-07 13:22:36: Already run predictor 'KNNC' on group 'ClCoMR', skipping...
2022-11-07 13:22:36: Already run predictor 'XGB' on group 'ClCoMR', skipping...
2022-11-07 13:22:36: ## Ran group 'ClCoMR' in 0.00 minutes.

2022-11-07 13:22:36: ###### Treating group of Categories: ClCoPa
2022-11-07 13:22:36: Selected columns:
Clinical.ATM, Clinical.OpticNeuritis, Clinical.INO, Clinical.MotorWeakness, Clinical.SensoryDisturbance, Clinical.Ataxia, Clinical.BladderDisturbance, Clinical.BowelDisturbance, Clinical.Myelopathy, Clinical.CogDisturbance, Clinical.VisualLoss, Core.AgeAtExam, Core.EDSS, Core.DiseaseDuration, Core.DiseaseCourse, Core.MSSS, Patient.AgeOfOnset, Patient.Gender
2022-11-07 13:22:36: Already run predictor 'GLM' on group 'ClCoPa', skipping...
2022-11-07 13:22:36: Already run predictor 'RF' on group 'ClCoPa', skipping...
2022-11-07 13:22:36: Already run predictor 'RF2' on group 'ClCoPa', skipping...
2022-11-07 13:22:36: Already run predictor 'RF3' on group 'ClCoPa', skipping...
2022-11-07 13:22:36: Already run predictor 'RFO' on group 'ClCoPa', skipping...
2022-11-07 13:22:36: Already run predictor 'RP' on group 'ClCoPa', skipping...
2022-11-07 13:22:36: Already run predictor 'SVM' on group 'ClCoPa', skipping...
2022-11-07 13:22:36: Already run predictor 'NB' on group 'ClCoPa', skipping...
2022-11-07 13:22:36: Already run predictor 'KNN' on group 'ClCoPa', skipping...
2022-11-07 13:22:36: Already run predictor 'KNNC' on group 'ClCoPa', skipping...
2022-11-07 13:22:36: Already run predictor 'XGB' on group 'ClCoPa', skipping...
2022-11-07 13:22:36: ## Ran group 'ClCoPa' in 0.00 minutes.

2022-11-07 13:22:36: ###### Treating group of Categories: ClCoQO
Warning: closing unused connection 15 (RunData/Subj-3-2-1914_2022-08-22_10-53/logs/run_2022-11-07_13-22_333.log)
Warning: closing unused connection 13 (RunData/Subj-3-2-1914_2022-08-22_10-53/logs/run_2022-11-07_13-22_333.log)
Warning: closing unused connection 11 (RunData/Subj-3-2-1914_2022-08-22_10-53/logs/run_2022-11-07_13-22_333.log)
Warning: closing unused connection 5 (RunData/Subj-3-2-1914_2022-08-22_10-53/logs/run_2022-11-07_13-22_333.log)
2022-11-07 13:22:36: Selected columns:
Clinical.ATM, Clinical.OpticNeuritis, Clinical.INO, Clinical.MotorWeakness, Clinical.SensoryDisturbance, Clinical.Ataxia, Clinical.BladderDisturbance, Clinical.BowelDisturbance, Clinical.Myelopathy, Clinical.CogDisturbance, Clinical.VisualLoss, Core.AgeAtExam, Core.EDSS, Core.DiseaseDuration, Core.DiseaseCourse, Core.MSSS, QOL.LackFocus, QOL.LackEnergy, QOL.PsychoDown, QOL.RelativePain, QOL.NotEnjoyLife
2022-11-07 13:22:36: Already run predictor 'GLM' on group 'ClCoQO', skipping...
2022-11-07 13:22:36: Already run predictor 'RF' on group 'ClCoQO', skipping...
2022-11-07 13:22:36: Already run predictor 'RF2' on group 'ClCoQO', skipping...
2022-11-07 13:22:36: Already run predictor 'RF3' on group 'ClCoQO', skipping...
2022-11-07 13:22:36: Already run predictor 'RFO' on group 'ClCoQO', skipping...
2022-11-07 13:22:36: Already run predictor 'RP' on group 'ClCoQO', skipping...
2022-11-07 13:22:36: Already run predictor 'SVM' on group 'ClCoQO', skipping...
2022-11-07 13:22:36: Already run predictor 'NB' on group 'ClCoQO', skipping...
2022-11-07 13:22:36: Already run predictor 'KNN' on group 'ClCoQO', skipping...
2022-11-07 13:22:36: Already run predictor 'KNNC' on group 'ClCoQO', skipping...
2022-11-07 13:22:36: Running predictor 'XGB' for group 'ClCoQO'.
2022-11-07 13:22:36: CV num 1:
Warning: closing unused connection 9 (RunData/Subj-3-2-1914_2022-08-22_10-53/logs/run_2022-11-07_13-22_333.log)
Loading required package: xgboost

Attaching package: ‘xgboost’

The following object is masked from ‘package:dplyr’:

    slice

Loading required package: lattice
Loading required package: ggplot2
