2022-11-06 21:57:39: ###### Treating group of Categories: ClFS
2022-11-06 21:57:39: Selected columns:
Clinical.ATM, Clinical.OpticNeuritis, Clinical.INO, Clinical.MotorWeakness, Clinical.SensoryDisturbance, Clinical.Ataxia, Clinical.BladderDisturbance, Clinical.BowelDisturbance, Clinical.Myelopathy, Clinical.CogDisturbance, Clinical.VisualLoss, FSSs.Visual, FSSs.Brainstem, FSSs.Pyramidal, FSSs.Cerebellar, FSSs.Sensory, FSSs.Bowel, FSSs.Mental
2022-11-06 21:57:39: Already run predictor 'GLM' on group 'ClFS', skipping...
2022-11-06 21:57:39: Already run predictor 'RF' on group 'ClFS', skipping...
2022-11-06 21:57:39: Already run predictor 'RF2' on group 'ClFS', skipping...
2022-11-06 21:57:39: Already run predictor 'RF3' on group 'ClFS', skipping...
2022-11-06 21:57:39: Already run predictor 'RFO' on group 'ClFS', skipping...
2022-11-06 21:57:39: Already run predictor 'RP' on group 'ClFS', skipping...
2022-11-06 21:57:39: Already run predictor 'SVM' on group 'ClFS', skipping...
2022-11-06 21:57:39: Already run predictor 'NB' on group 'ClFS', skipping...
2022-11-06 21:57:39: Already run predictor 'KNN' on group 'ClFS', skipping...
2022-11-06 21:57:39: Already run predictor 'KNNC' on group 'ClFS', skipping...
2022-11-06 21:57:39: Running predictor 'XGB' for group 'ClFS'.
2022-11-06 21:57:39: CV num 1:
Loading required package: xgboost

Attaching package: ‘xgboost’

The following object is masked from ‘package:dplyr’:

    slice

Loading required package: lattice
Loading required package: ggplot2
