2022-11-07 12:06:51: ###### Treating group of Categories: ClCo
2022-11-07 12:06:51: Selected columns:
Clinical.ATM, Clinical.OpticNeuritis, Clinical.INO, Clinical.MotorWeakness, Clinical.SensoryDisturbance, Clinical.Ataxia, Clinical.BladderDisturbance, Clinical.BowelDisturbance, Clinical.Myelopathy, Clinical.CogDisturbance, Clinical.VisualLoss, Core.AgeAtExam, Core.EDSS, Core.DiseaseDuration, Core.DiseaseCourse, Core.MSSS
2022-11-07 12:06:51: Already run predictor 'GLM' on group 'ClCo', skipping...
2022-11-07 12:06:51: Already run predictor 'RF' on group 'ClCo', skipping...
2022-11-07 12:06:51: Already run predictor 'RF2' on group 'ClCo', skipping...
2022-11-07 12:06:51: Already run predictor 'RF3' on group 'ClCo', skipping...
2022-11-07 12:06:51: Already run predictor 'RFO' on group 'ClCo', skipping...
2022-11-07 12:06:51: Already run predictor 'RP' on group 'ClCo', skipping...
2022-11-07 12:06:51: Already run predictor 'SVM' on group 'ClCo', skipping...
2022-11-07 12:06:51: Already run predictor 'NB' on group 'ClCo', skipping...
2022-11-07 12:06:51: Already run predictor 'KNN' on group 'ClCo', skipping...
2022-11-07 12:06:51: Already run predictor 'KNNC' on group 'ClCo', skipping...
2022-11-07 12:06:51: Already run predictor 'XGB' on group 'ClCo', skipping...
2022-11-07 12:06:51: ## Ran group 'ClCo' in 0.00 minutes.

2022-11-07 12:06:51: ###### Treating group of Categories: ClLi
Warning: closing unused connection 5 (RunData/Subj-3-2-1914_2022-08-22_10-53/logs/run_2022-11-07_12-06_278.log)
2022-11-07 12:06:51: Selected columns:
Clinical.ATM, Clinical.OpticNeuritis, Clinical.INO, Clinical.MotorWeakness, Clinical.SensoryDisturbance, Clinical.Ataxia, Clinical.BladderDisturbance, Clinical.BowelDisturbance, Clinical.Myelopathy, Clinical.CogDisturbance, Clinical.VisualLoss, Life.CaffeineFreq, Life.MemoryConcerns, Life.Smoking
2022-11-07 12:06:51: Already run predictor 'GLM' on group 'ClLi', skipping...
2022-11-07 12:06:51: Already run predictor 'RF' on group 'ClLi', skipping...
2022-11-07 12:06:51: Already run predictor 'RF2' on group 'ClLi', skipping...
2022-11-07 12:06:51: Already run predictor 'RF3' on group 'ClLi', skipping...
2022-11-07 12:06:51: Already run predictor 'RFO' on group 'ClLi', skipping...
2022-11-07 12:06:51: Already run predictor 'RP' on group 'ClLi', skipping...
2022-11-07 12:06:51: Already run predictor 'SVM' on group 'ClLi', skipping...
2022-11-07 12:06:51: Already run predictor 'NB' on group 'ClLi', skipping...
2022-11-07 12:06:51: Already run predictor 'KNN' on group 'ClLi', skipping...
2022-11-07 12:06:51: Already run predictor 'KNNC' on group 'ClLi', skipping...
2022-11-07 12:06:51: Running predictor 'XGB' for group 'ClLi'.
2022-11-07 12:06:51: CV num 1:
Loading required package: xgboost

Attaching package: ‘xgboost’

The following object is masked from ‘package:dplyr’:

    slice

Loading required package: lattice
Loading required package: ggplot2

2022-11-07 12:07:07: XGB for groups Clinical - Life                     ( 14 features) -> best nrounds: 30  / eta 0.05 / max_depth 1 [perf: 0.527]
 num [1:645] 0.334 0.38 0.383 0.367 0.361 ...
645
2022-11-07 12:07:20: XGB for groups Clinical - Life                     ( 14 features) -> best nrounds: 30  / eta 0.05 / max_depth 1 [perf: 0.509]
 num [1:640] 0.389 0.389 0.348 0.389 0.389 ...
640
2022-11-07 12:07:34: XGB for groups Clinical - Life                     ( 14 features) -> best nrounds: 10  / eta 0.20 / max_depth 1 [perf: 0.526]
 num [1:629] 0.337 0.337 0.32 0.32 0.357 ...
6292022-11-07 12:07:34: CV num 2:

2022-11-07 12:07:47: XGB for groups Clinical - Life                     ( 14 features) -> best nrounds: 10  / eta 0.05 / max_depth 2 [perf: 0.506]
 num [1:638] 0.434 0.441 0.424 0.43 0.423 ...
638
2022-11-07 12:07:59: XGB for groups Clinical - Life                     ( 14 features) -> best nrounds: 10  / eta 0.05 / max_depth 1 [perf: 0.519]
 num [1:664] 0.42 0.427 0.42 0.427 0.427 ...
664
2022-11-07 12:08:11: XGB for groups Clinical - Life                     ( 14 features) -> best nrounds: 30  / eta 0.05 / max_depth 1 [perf: 0.519]
 num [1:612] 0.401 0.385 0.392 0.371 0.387 ...
6122022-11-07 12:08:11: Ran predictor 'XGB' for group 'ClLi' in 1.35 minutes.
2022-11-07 12:08:11: ## Ran group 'ClLi' in 1.35 minutes.

2022-11-07 12:08:11: ###### Treating group of Categories: ClMR
2022-11-07 12:08:11: Selected columns:
Clinical.ATM, Clinical.OpticNeuritis, Clinical.INO, Clinical.MotorWeakness, Clinical.SensoryDisturbance, Clinical.Ataxia, Clinical.BladderDisturbance, Clinical.BowelDisturbance, Clinical.Myelopathy, Clinical.CogDisturbance, Clinical.VisualLoss, MRI.CE_Lesion, MRI.GM_Volume, MRI.Siena_PBVC
2022-11-07 12:08:11: Already run predictor 'GLM' on group 'ClMR', skipping...
2022-11-07 12:08:11: Already run predictor 'RF' on group 'ClMR', skipping...
2022-11-07 12:08:11: Already run predictor 'RF2' on group 'ClMR', skipping...
2022-11-07 12:08:11: Already run predictor 'RF3' on group 'ClMR', skipping...
2022-11-07 12:08:11: Already run predictor 'RFO' on group 'ClMR', skipping...
2022-11-07 12:08:11: Already run predictor 'RP' on group 'ClMR', skipping...
2022-11-07 12:08:11: Already run predictor 'SVM' on group 'ClMR', skipping...
2022-11-07 12:08:11: Already run predictor 'NB' on group 'ClMR', skipping...
2022-11-07 12:08:11: Already run predictor 'KNN' on group 'ClMR', skipping...
2022-11-07 12:08:11: Already run predictor 'KNNC' on group 'ClMR', skipping...
2022-11-07 12:08:11: Running predictor 'XGB' for group 'ClMR'.
2022-11-07 12:08:11: CV num 1:
Warning: closing unused connection 7 (RunData/Subj-3-2-1914_2022-08-22_10-53/logs/run_2022-11-07_12-06_278.log)

2022-11-07 12:08:24: XGB for groups Clinical - MRI                      ( 14 features) -> best nrounds: 20  / eta 0.10 / max_depth 2 [perf: 0.552]
 num [1:645] 0.34 0.421 0.409 0.402 0.391 ...
645
2022-11-07 12:08:37: XGB for groups Clinical - MRI                      ( 14 features) -> best nrounds: 10  / eta 0.05 / max_depth 1 [perf: 0.565]
 num [1:640] 0.465 0.465 0.458 0.465 0.465 ...
640
2022-11-07 12:08:50: XGB for groups Clinical - MRI                      ( 14 features) -> best nrounds: 30  / eta 0.10 / max_depth 1 [perf: 0.563]
 num [1:629] 0.377 0.356 0.391 0.344 0.389 ...
6292022-11-07 12:08:50: CV num 2:

2022-11-07 12:09:02: XGB for groups Clinical - MRI                      ( 14 features) -> best nrounds: 10  / eta 0.10 / max_depth 2 [perf: 0.559]
 num [1:638] 0.43 0.44 0.44 0.43 0.401 ...
638
2022-11-07 12:09:14: XGB for groups Clinical - MRI                      ( 14 features) -> best nrounds: 50  / eta 0.10 / max_depth 1 [perf: 0.552]
 num [1:664] 0.349 0.45 0.367 0.423 0.398 ...
664
2022-11-07 12:09:27: XGB for groups Clinical - MRI                      ( 14 features) -> best nrounds: 10  / eta 0.10 / max_depth 1 [perf: 0.560]
 num [1:612] 0.431 0.453 0.431 0.431 0.431 ...
6122022-11-07 12:09:27: Ran predictor 'XGB' for group 'ClMR' in 1.26 minutes.
2022-11-07 12:09:27: ## Ran group 'ClMR' in 1.26 minutes.

2022-11-07 12:09:27: ###### Treating group of Categories: ClPa
2022-11-07 12:09:27: Selected columns:
Clinical.ATM, Clinical.OpticNeuritis, Clinical.INO, Clinical.MotorWeakness, Clinical.SensoryDisturbance, Clinical.Ataxia, Clinical.BladderDisturbance, Clinical.BowelDisturbance, Clinical.Myelopathy, Clinical.CogDisturbance, Clinical.VisualLoss, Patient.AgeOfOnset, Patient.Gender
2022-11-07 12:09:27: Already run predictor 'GLM' on group 'ClPa', skipping...
2022-11-07 12:09:27: Already run predictor 'RF' on group 'ClPa', skipping...
2022-11-07 12:09:27: Already run predictor 'RF2' on group 'ClPa', skipping...
2022-11-07 12:09:27: Already run predictor 'RF3' on group 'ClPa', skipping...
2022-11-07 12:09:27: Already run predictor 'RFO' on group 'ClPa', skipping...
2022-11-07 12:09:27: Already run predictor 'RP' on group 'ClPa', skipping...
2022-11-07 12:09:27: Already run predictor 'SVM' on group 'ClPa', skipping...
2022-11-07 12:09:27: Already run predictor 'NB' on group 'ClPa', skipping...
2022-11-07 12:09:27: Already run predictor 'KNN' on group 'ClPa', skipping...
2022-11-07 12:09:27: Already run predictor 'KNNC' on group 'ClPa', skipping...
2022-11-07 12:09:27: Running predictor 'XGB' for group 'ClPa'.
2022-11-07 12:09:27: CV num 1:
Warning: closing unused connection 5 (RunData/Subj-3-2-1914_2022-08-22_10-53/logs/run_2022-11-07_12-06_278.log)

2022-11-07 12:09:42: XGB for groups Clinical - Patient                  ( 13 features) -> best nrounds: 10  / eta 0.10 / max_depth 1 [perf: 0.522]
 num [1:645] 0.373 0.399 0.399 0.38 0.445 ...
645
2022-11-07 12:09:57: XGB for groups Clinical - Patient                  ( 13 features) -> best nrounds: 10  / eta 0.10 / max_depth 1 [perf: 0.510]
 num [1:640] 0.405 0.401 0.379 0.405 0.397 ...
640
2022-11-07 12:10:10: XGB for groups Clinical - Patient                  ( 13 features) -> best nrounds: 10  / eta 0.10 / max_depth 2 [perf: 0.523]
 num [1:629] 0.383 0.389 0.38 0.354 0.407 ...
6292022-11-07 12:10:10: CV num 2:

2022-11-07 12:10:22: XGB for groups Clinical - Patient                  ( 13 features) -> best nrounds: 10  / eta 0.05 / max_depth 1 [perf: 0.516]
 num [1:638] 0.437 0.431 0.431 0.422 0.419 ...
638
2022-11-07 12:10:35: XGB for groups Clinical - Patient                  ( 13 features) -> best nrounds: 10  / eta 0.05 / max_depth 1 [perf: 0.495]
 num [1:664] 0.428 0.43 0.422 0.435 0.435 ...
664
2022-11-07 12:10:49: XGB for groups Clinical - Patient                  ( 13 features) -> best nrounds: 20  / eta 0.05 / max_depth 1 [perf: 0.522]
 num [1:612] 0.414 0.411 0.411 0.374 0.413 ...
6122022-11-07 12:10:49: Ran predictor 'XGB' for group 'ClPa' in 1.37 minutes.
2022-11-07 12:10:49: ## Ran group 'ClPa' in 1.37 minutes.

