2022-10-17 23:27:29: ###### Treating group of Categories: ClMR
2022-10-17 23:27:29: Selected columns:
Clinical.ATM, Clinical.OpticNeuritis, Clinical.INO, Clinical.MotorWeakness, Clinical.SensoryDisturbance, Clinical.Ataxia, Clinical.BladderDisturbance, Clinical.BowelDisturbance, Clinical.Myelopathy, Clinical.CogDisturbance, Clinical.VisualLoss, MRI.CE_Lesion, MRI.GM_Volume, MRI.Siena_PBVC
2022-10-17 23:27:29: Already run predictor 'GLM' on group 'ClMR', skipping...
2022-10-17 23:27:29: Already run predictor 'RF' on group 'ClMR', skipping...
2022-10-17 23:27:29: Already run predictor 'RF2' on group 'ClMR', skipping...
2022-10-17 23:27:29: Already run predictor 'RF3' on group 'ClMR', skipping...
2022-10-17 23:27:29: Already run predictor 'RFO' on group 'ClMR', skipping...
2022-10-17 23:27:29: Already run predictor 'RP' on group 'ClMR', skipping...
2022-10-17 23:27:29: Already run predictor 'SVM' on group 'ClMR', skipping...
2022-10-17 23:27:29: Already run predictor 'NB' on group 'ClMR', skipping...
2022-10-17 23:27:29: Already run predictor 'KNN' on group 'ClMR', skipping...
2022-10-17 23:27:29: Already run predictor 'KNNC' on group 'ClMR', skipping...
2022-10-17 23:27:29: Running predictor 'XGB' for group 'ClMR'.
2022-10-17 23:27:29: CV num 1:
Loading required package: xgboost

Attaching package: ‘xgboost’

The following object is masked from ‘package:dplyr’:

    slice

Loading required package: plyr
------------------------------------------------------------------------------
You have loaded plyr after dplyr - this is likely to cause problems.
If you need functions from both plyr and dplyr, please load plyr first, then dplyr:
library(plyr); library(dplyr)
------------------------------------------------------------------------------

Attaching package: ‘plyr’

The following objects are masked from ‘package:dplyr’:

    arrange, count, desc, failwith, id, mutate, rename, summarise,
    summarize

Error : At least one of the class levels is not a valid R variable name; This will cause errors when class probabilities are generated because the variables names will be converted to  FALSE., TRUE. . Please use factor levels that can be used as valid R variable names  (see ?make.names for help).
2022-10-17 23:27:34: ## Ran group 'ClMR' in 0.08 minutes.

2022-10-17 23:27:34: ###### Treating group of Categories: CoFSQO
2022-10-17 23:27:34: Selected columns:
Core.AgeAtExam, Core.EDSS, Core.DiseaseDuration, Core.DiseaseCourse, Core.MSSS, FSSs.Visual, FSSs.Brainstem, FSSs.Pyramidal, FSSs.Cerebellar, FSSs.Sensory, FSSs.Bowel, FSSs.Mental, QOL.LackFocus, QOL.LackEnergy, QOL.PsychoDown, QOL.RelativePain, QOL.NotEnjoyLife
2022-10-17 23:27:34: Already run predictor 'GLM' on group 'CoFSQO', skipping...
2022-10-17 23:27:34: Already run predictor 'RF' on group 'CoFSQO', skipping...
2022-10-17 23:27:34: Already run predictor 'RF2' on group 'CoFSQO', skipping...
2022-10-17 23:27:34: Already run predictor 'RF3' on group 'CoFSQO', skipping...
2022-10-17 23:27:34: Already run predictor 'RFO' on group 'CoFSQO', skipping...
2022-10-17 23:27:34: Already run predictor 'RP' on group 'CoFSQO', skipping...
2022-10-17 23:27:34: Already run predictor 'SVM' on group 'CoFSQO', skipping...
2022-10-17 23:27:34: Already run predictor 'NB' on group 'CoFSQO', skipping...
2022-10-17 23:27:34: Already run predictor 'KNN' on group 'CoFSQO', skipping...
2022-10-17 23:27:34: Already run predictor 'KNNC' on group 'CoFSQO', skipping...
2022-10-17 23:27:34: Running predictor 'XGB' for group 'CoFSQO'.
2022-10-17 23:27:34: CV num 1:
Error : At least one of the class levels is not a valid R variable name; This will cause errors when class probabilities are generated because the variables names will be converted to  FALSE., TRUE. . Please use factor levels that can be used as valid R variable names  (see ?make.names for help).
2022-10-17 23:27:34: ## Ran group 'CoFSQO' in 0.00 minutes.

2022-10-17 23:27:34: ###### Treating group of Categories: CoMRQO
2022-10-17 23:27:34: Selected columns:
Core.AgeAtExam, Core.EDSS, Core.DiseaseDuration, Core.DiseaseCourse, Core.MSSS, MRI.CE_Lesion, MRI.GM_Volume, MRI.Siena_PBVC, QOL.LackFocus, QOL.LackEnergy, QOL.PsychoDown, QOL.RelativePain, QOL.NotEnjoyLife
2022-10-17 23:27:34: Already run predictor 'GLM' on group 'CoMRQO', skipping...
2022-10-17 23:27:34: Already run predictor 'RF' on group 'CoMRQO', skipping...
2022-10-17 23:27:34: Already run predictor 'RF2' on group 'CoMRQO', skipping...
2022-10-17 23:27:34: Already run predictor 'RF3' on group 'CoMRQO', skipping...
2022-10-17 23:27:34: Already run predictor 'RFO' on group 'CoMRQO', skipping...
2022-10-17 23:27:34: Already run predictor 'RP' on group 'CoMRQO', skipping...
2022-10-17 23:27:34: Already run predictor 'SVM' on group 'CoMRQO', skipping...
2022-10-17 23:27:34: Already run predictor 'NB' on group 'CoMRQO', skipping...
2022-10-17 23:27:34: Already run predictor 'KNN' on group 'CoMRQO', skipping...
2022-10-17 23:27:34: Already run predictor 'KNNC' on group 'CoMRQO', skipping...
2022-10-17 23:27:34: Running predictor 'XGB' for group 'CoMRQO'.
2022-10-17 23:27:34: CV num 1:
Error : At least one of the class levels is not a valid R variable name; This will cause errors when class probabilities are generated because the variables names will be converted to  FALSE., TRUE. . Please use factor levels that can be used as valid R variable names  (see ?make.names for help).
2022-10-17 23:27:34: ## Ran group 'CoMRQO' in 0.00 minutes.

2022-10-17 23:27:34: ###### Treating group of Categories: FSMR
2022-10-17 23:27:34: Selected columns:
FSSs.Visual, FSSs.Brainstem, FSSs.Pyramidal, FSSs.Cerebellar, FSSs.Sensory, FSSs.Bowel, FSSs.Mental, MRI.CE_Lesion, MRI.GM_Volume, MRI.Siena_PBVC
2022-10-17 23:27:34: Already run predictor 'GLM' on group 'FSMR', skipping...
2022-10-17 23:27:34: Already run predictor 'RF' on group 'FSMR', skipping...
2022-10-17 23:27:34: Already run predictor 'RF2' on group 'FSMR', skipping...
2022-10-17 23:27:34: Already run predictor 'RF3' on group 'FSMR', skipping...
2022-10-17 23:27:34: Already run predictor 'RFO' on group 'FSMR', skipping...
2022-10-17 23:27:34: Already run predictor 'RP' on group 'FSMR', skipping...
2022-10-17 23:27:34: Already run predictor 'SVM' on group 'FSMR', skipping...
2022-10-17 23:27:34: Already run predictor 'NB' on group 'FSMR', skipping...
2022-10-17 23:27:34: Already run predictor 'KNN' on group 'FSMR', skipping...
2022-10-17 23:27:34: Already run predictor 'KNNC' on group 'FSMR', skipping...
2022-10-17 23:27:34: Running predictor 'XGB' for group 'FSMR'.
2022-10-17 23:27:34: CV num 1:
Error : At least one of the class levels is not a valid R variable name; This will cause errors when class probabilities are generated because the variables names will be converted to  FALSE., TRUE. . Please use factor levels that can be used as valid R variable names  (see ?make.names for help).
2022-10-17 23:27:34: ## Ran group 'FSMR' in 0.00 minutes.

2022-10-17 23:27:34: ###### Treating group of Categories: MRMS
2022-10-17 23:27:34: Selected columns:
MRI.CE_Lesion, MRI.GM_Volume, MRI.Siena_PBVC, MSFC.T25FW, MSFC.NHPT
2022-10-17 23:27:34: Already run predictor 'GLM' on group 'MRMS', skipping...
2022-10-17 23:27:34: Already run predictor 'RF' on group 'MRMS', skipping...
2022-10-17 23:27:34: Already run predictor 'RF2' on group 'MRMS', skipping...
2022-10-17 23:27:34: Already run predictor 'RF3' on group 'MRMS', skipping...
2022-10-17 23:27:34: Already run predictor 'RFO' on group 'MRMS', skipping...
2022-10-17 23:27:34: Already run predictor 'RP' on group 'MRMS', skipping...
2022-10-17 23:27:34: Already run predictor 'SVM' on group 'MRMS', skipping...
2022-10-17 23:27:34: Already run predictor 'NB' on group 'MRMS', skipping...
2022-10-17 23:27:34: Already run predictor 'KNN' on group 'MRMS', skipping...
2022-10-17 23:27:34: Already run predictor 'KNNC' on group 'MRMS', skipping...
2022-10-17 23:27:34: Running predictor 'XGB' for group 'MRMS'.
2022-10-17 23:27:34: CV num 1:
Warning: closing unused connection 11 (RunData/Subj-3-2-1914_2022-08-22_10-53/logs/run_2022-10-17_23-27_7786.log)
Warning: closing unused connection 9 (RunData/Subj-3-2-1914_2022-08-22_10-53/logs/run_2022-10-17_23-27_7786.log)
Warning: closing unused connection 7 (RunData/Subj-3-2-1914_2022-08-22_10-53/logs/run_2022-10-17_23-27_7786.log)
Error : At least one of the class levels is not a valid R variable name; This will cause errors when class probabilities are generated because the variables names will be converted to  FALSE., TRUE. . Please use factor levels that can be used as valid R variable names  (see ?make.names for help).
2022-10-17 23:27:34: ## Ran group 'MRMS' in 0.00 minutes.

2022-10-17 23:27:34: ###### Treating group of Categories: Tr
2022-10-17 23:27:34: Selected columns:
Treatments.nDMT, Treatments.hasIM, Treatments.hasIS, Treatments.hasMA, Treatments.DMTcategory
2022-10-17 23:27:34: Already run predictor 'GLM' on group 'Tr', skipping...
2022-10-17 23:27:34: Already run predictor 'RF' on group 'Tr', skipping...
2022-10-17 23:27:34: Already run predictor 'RF2' on group 'Tr', skipping...
2022-10-17 23:27:34: Already run predictor 'RF3' on group 'Tr', skipping...
2022-10-17 23:27:34: Already run predictor 'RFO' on group 'Tr', skipping...
2022-10-17 23:27:34: Already run predictor 'RP' on group 'Tr', skipping...
2022-10-17 23:27:34: Already run predictor 'SVM' on group 'Tr', skipping...
2022-10-17 23:27:34: Already run predictor 'NB' on group 'Tr', skipping...
2022-10-17 23:27:34: Already run predictor 'KNN' on group 'Tr', skipping...
2022-10-17 23:27:34: Already run predictor 'KNNC' on group 'Tr', skipping...
2022-10-17 23:27:34: Running predictor 'XGB' for group 'Tr'.
2022-10-17 23:27:34: CV num 1:
Error : At least one of the class levels is not a valid R variable name; This will cause errors when class probabilities are generated because the variables names will be converted to  FALSE., TRUE. . Please use factor levels that can be used as valid R variable names  (see ?make.names for help).
2022-10-17 23:27:34: ## Ran group 'Tr' in 0.00 minutes.

