2022-11-07 10:37:05: ###### Treating group of Categories: Cl
2022-11-07 10:37:05: Selected columns:
Clinical.ATM, Clinical.OpticNeuritis, Clinical.INO, Clinical.MotorWeakness, Clinical.SensoryDisturbance, Clinical.Ataxia, Clinical.BladderDisturbance, Clinical.BowelDisturbance, Clinical.Myelopathy, Clinical.CogDisturbance, Clinical.VisualLoss
2022-11-07 10:37:05: Already run predictor 'GLM' on group 'Cl', skipping...
2022-11-07 10:37:05: Already run predictor 'RF' on group 'Cl', skipping...
2022-11-07 10:37:05: Already run predictor 'RF2' on group 'Cl', skipping...
2022-11-07 10:37:05: Already run predictor 'RF3' on group 'Cl', skipping...
2022-11-07 10:37:05: Already run predictor 'RFO' on group 'Cl', skipping...
2022-11-07 10:37:05: Already run predictor 'RP' on group 'Cl', skipping...
2022-11-07 10:37:05: Already run predictor 'SVM' on group 'Cl', skipping...
2022-11-07 10:37:05: Already run predictor 'NB' on group 'Cl', skipping...
2022-11-07 10:37:05: Already run predictor 'KNN' on group 'Cl', skipping...
2022-11-07 10:37:05: Already run predictor 'KNNC' on group 'Cl', skipping...
2022-11-07 10:37:05: Running predictor 'XGB' for group 'Cl'.
2022-11-07 10:37:05: CV num 1:
Loading required package: xgboost

Attaching package: ‘xgboost’

The following object is masked from ‘package:dplyr’:

    slice

Loading required package: lattice
Loading required package: ggplot2

2022-11-07 10:37:20: XGB for groups Clinical                            ( 11 features) -> best nrounds: 10  / eta 0.10 / max_depth 1 [perf: 0.539]
2022-11-07 10:37:20: ERROR running train/test for predictor 'XGB' and group 'Cl': 
 length(res) == sum(foldIdx == i) is not TRUE
TRACEBACK:
1: run(X, Y, pred, FIs)
2: stopifnot(length(res) == sum(foldIdx == i)) at Code/Helpers/CVer.R:151
3: stop(sprintf(ngettext(length(r), "%s is not TRUE", "%s are not all TRUE"), ch), call. = FALSE, 
     domain = NA)
Error : length(res) == sum(foldIdx == i) is not TRUE
2022-11-07 10:37:20: ## Ran group 'Cl' in 0.25 minutes.

2022-11-07 10:37:20: ###### Treating group of Categories: ClFS
2022-11-07 10:37:20: Selected columns:
Clinical.ATM, Clinical.OpticNeuritis, Clinical.INO, Clinical.MotorWeakness, Clinical.SensoryDisturbance, Clinical.Ataxia, Clinical.BladderDisturbance, Clinical.BowelDisturbance, Clinical.Myelopathy, Clinical.CogDisturbance, Clinical.VisualLoss, FSSs.Visual, FSSs.Brainstem, FSSs.Pyramidal, FSSs.Cerebellar, FSSs.Sensory, FSSs.Bowel, FSSs.Mental
2022-11-07 10:37:20: Already run predictor 'GLM' on group 'ClFS', skipping...
2022-11-07 10:37:20: Already run predictor 'RF' on group 'ClFS', skipping...
2022-11-07 10:37:20: Already run predictor 'RF2' on group 'ClFS', skipping...
2022-11-07 10:37:20: Already run predictor 'RF3' on group 'ClFS', skipping...
2022-11-07 10:37:20: Already run predictor 'RFO' on group 'ClFS', skipping...
2022-11-07 10:37:20: Already run predictor 'RP' on group 'ClFS', skipping...
2022-11-07 10:37:20: Already run predictor 'SVM' on group 'ClFS', skipping...
2022-11-07 10:37:20: Already run predictor 'NB' on group 'ClFS', skipping...
2022-11-07 10:37:20: Already run predictor 'KNN' on group 'ClFS', skipping...
2022-11-07 10:37:20: Already run predictor 'KNNC' on group 'ClFS', skipping...
2022-11-07 10:37:20: Running predictor 'XGB' for group 'ClFS'.
2022-11-07 10:37:20: CV num 1:
Warning: closing unused connection 5 (RunData/Subj-3-2-1914_2022-08-22_10-53/logs/run_2022-11-07_10-37_213.log)

2022-11-07 10:37:33: XGB for groups Clinical - FSSs                     ( 18 features) -> best nrounds: 250  / eta 0.05 / max_depth 2 [perf: 0.677]
2022-11-07 10:37:33: ERROR running train/test for predictor 'XGB' and group 'ClFS': 
 length(res) == sum(foldIdx == i) is not TRUE
TRACEBACK:
1: run(X, Y, pred, FIs)
2: stopifnot(length(res) == sum(foldIdx == i)) at Code/Helpers/CVer.R:151
3: stop(sprintf(ngettext(length(r), "%s is not TRUE", "%s are not all TRUE"), ch), call. = FALSE, 
     domain = NA)
Error : length(res) == sum(foldIdx == i) is not TRUE
2022-11-07 10:37:33: ## Ran group 'ClFS' in 0.22 minutes.

2022-11-07 10:37:33: ###### Treating group of Categories: ClMR
2022-11-07 10:37:33: Selected columns:
Clinical.ATM, Clinical.OpticNeuritis, Clinical.INO, Clinical.MotorWeakness, Clinical.SensoryDisturbance, Clinical.Ataxia, Clinical.BladderDisturbance, Clinical.BowelDisturbance, Clinical.Myelopathy, Clinical.CogDisturbance, Clinical.VisualLoss, MRI.CE_Lesion, MRI.GM_Volume, MRI.Siena_PBVC
2022-11-07 10:37:33: Already run predictor 'GLM' on group 'ClMR', skipping...
2022-11-07 10:37:33: Already run predictor 'RF' on group 'ClMR', skipping...
2022-11-07 10:37:33: Already run predictor 'RF2' on group 'ClMR', skipping...
2022-11-07 10:37:33: Already run predictor 'RF3' on group 'ClMR', skipping...
2022-11-07 10:37:33: Already run predictor 'RFO' on group 'ClMR', skipping...
2022-11-07 10:37:33: Already run predictor 'RP' on group 'ClMR', skipping...
2022-11-07 10:37:33: Already run predictor 'SVM' on group 'ClMR', skipping...
2022-11-07 10:37:33: Already run predictor 'NB' on group 'ClMR', skipping...
2022-11-07 10:37:33: Already run predictor 'KNN' on group 'ClMR', skipping...
2022-11-07 10:37:33: Already run predictor 'KNNC' on group 'ClMR', skipping...
2022-11-07 10:37:33: Running predictor 'XGB' for group 'ClMR'.
2022-11-07 10:37:33: CV num 1:
Warning: closing unused connection 7 (RunData/Subj-3-2-1914_2022-08-22_10-53/logs/run_2022-11-07_10-37_213.log)

2022-11-07 10:37:46: XGB for groups Clinical - MRI                      ( 14 features) -> best nrounds: 20  / eta 0.20 / max_depth 1 [perf: 0.541]
2022-11-07 10:37:46: ERROR running train/test for predictor 'XGB' and group 'ClMR': 
 length(res) == sum(foldIdx == i) is not TRUE
TRACEBACK:
1: run(X, Y, pred, FIs)
2: stopifnot(length(res) == sum(foldIdx == i)) at Code/Helpers/CVer.R:151
3: stop(sprintf(ngettext(length(r), "%s is not TRUE", "%s are not all TRUE"), ch), call. = FALSE, 
     domain = NA)
Error : length(res) == sum(foldIdx == i) is not TRUE
2022-11-07 10:37:46: ## Ran group 'ClMR' in 0.22 minutes.

2022-11-07 10:37:46: ###### Treating group of Categories: ClPa
2022-11-07 10:37:46: Selected columns:
Clinical.ATM, Clinical.OpticNeuritis, Clinical.INO, Clinical.MotorWeakness, Clinical.SensoryDisturbance, Clinical.Ataxia, Clinical.BladderDisturbance, Clinical.BowelDisturbance, Clinical.Myelopathy, Clinical.CogDisturbance, Clinical.VisualLoss, Patient.AgeOfOnset, Patient.Gender
2022-11-07 10:37:46: Already run predictor 'GLM' on group 'ClPa', skipping...
2022-11-07 10:37:46: Already run predictor 'RF' on group 'ClPa', skipping...
2022-11-07 10:37:46: Already run predictor 'RF2' on group 'ClPa', skipping...
2022-11-07 10:37:46: Already run predictor 'RF3' on group 'ClPa', skipping...
2022-11-07 10:37:46: Already run predictor 'RFO' on group 'ClPa', skipping...
2022-11-07 10:37:46: Already run predictor 'RP' on group 'ClPa', skipping...
2022-11-07 10:37:46: Already run predictor 'SVM' on group 'ClPa', skipping...
2022-11-07 10:37:46: Already run predictor 'NB' on group 'ClPa', skipping...
2022-11-07 10:37:46: Already run predictor 'KNN' on group 'ClPa', skipping...
2022-11-07 10:37:46: Already run predictor 'KNNC' on group 'ClPa', skipping...
2022-11-07 10:37:46: Running predictor 'XGB' for group 'ClPa'.
2022-11-07 10:37:46: CV num 1:
Warning: closing unused connection 5 (RunData/Subj-3-2-1914_2022-08-22_10-53/logs/run_2022-11-07_10-37_213.log)

2022-11-07 10:37:58: XGB for groups Clinical - Patient                  ( 13 features) -> best nrounds: 10  / eta 0.05 / max_depth 2 [perf: 0.529]
2022-11-07 10:37:58: ERROR running train/test for predictor 'XGB' and group 'ClPa': 
 length(res) == sum(foldIdx == i) is not TRUE
TRACEBACK:
1: run(X, Y, pred, FIs)
2: stopifnot(length(res) == sum(foldIdx == i)) at Code/Helpers/CVer.R:151
3: stop(sprintf(ngettext(length(r), "%s is not TRUE", "%s are not all TRUE"), ch), call. = FALSE, 
     domain = NA)
Error : length(res) == sum(foldIdx == i) is not TRUE
2022-11-07 10:37:58: ## Ran group 'ClPa' in 0.21 minutes.

2022-11-07 10:37:58: ###### Treating group of Categories: ClTr
2022-11-07 10:37:58: Selected columns:
Clinical.ATM, Clinical.OpticNeuritis, Clinical.INO, Clinical.MotorWeakness, Clinical.SensoryDisturbance, Clinical.Ataxia, Clinical.BladderDisturbance, Clinical.BowelDisturbance, Clinical.Myelopathy, Clinical.CogDisturbance, Clinical.VisualLoss, Treatments.nDMT, Treatments.hasIM, Treatments.hasIS, Treatments.hasMA, Treatments.DMTcategory
2022-11-07 10:37:58: Already run predictor 'GLM' on group 'ClTr', skipping...
2022-11-07 10:37:58: Already run predictor 'RF' on group 'ClTr', skipping...
2022-11-07 10:37:58: Already run predictor 'RF2' on group 'ClTr', skipping...
2022-11-07 10:37:58: Already run predictor 'RF3' on group 'ClTr', skipping...
2022-11-07 10:37:58: Already run predictor 'RFO' on group 'ClTr', skipping...
2022-11-07 10:37:58: Already run predictor 'RP' on group 'ClTr', skipping...
2022-11-07 10:37:58: Already run predictor 'SVM' on group 'ClTr', skipping...
2022-11-07 10:37:58: Already run predictor 'NB' on group 'ClTr', skipping...
2022-11-07 10:37:58: Already run predictor 'KNN' on group 'ClTr', skipping...
2022-11-07 10:37:58: Already run predictor 'KNNC' on group 'ClTr', skipping...
2022-11-07 10:37:59: Running predictor 'XGB' for group 'ClTr'.
2022-11-07 10:37:59: CV num 1:
Warning: closing unused connection 7 (RunData/Subj-3-2-1914_2022-08-22_10-53/logs/run_2022-11-07_10-37_213.log)

2022-11-07 10:38:13: XGB for groups Clinical - Treatments               ( 16 features) -> best nrounds: 10  / eta 0.10 / max_depth 3 [perf: 0.534]
2022-11-07 10:38:13: ERROR running train/test for predictor 'XGB' and group 'ClTr': 
 length(res) == sum(foldIdx == i) is not TRUE
TRACEBACK:
1: run(X, Y, pred, FIs)
2: stopifnot(length(res) == sum(foldIdx == i)) at Code/Helpers/CVer.R:151
3: stop(sprintf(ngettext(length(r), "%s is not TRUE", "%s are not all TRUE"), ch), call. = FALSE, 
     domain = NA)
Error : length(res) == sum(foldIdx == i) is not TRUE
2022-11-07 10:38:13: ## Ran group 'ClTr' in 0.24 minutes.

2022-11-07 10:38:13: ###### Treating group of Categories: ClCoLi
2022-11-07 10:38:13: Selected columns:
Clinical.ATM, Clinical.OpticNeuritis, Clinical.INO, Clinical.MotorWeakness, Clinical.SensoryDisturbance, Clinical.Ataxia, Clinical.BladderDisturbance, Clinical.BowelDisturbance, Clinical.Myelopathy, Clinical.CogDisturbance, Clinical.VisualLoss, Core.AgeAtExam, Core.EDSS, Core.DiseaseDuration, Core.DiseaseCourse, Core.MSSS, Life.CaffeineFreq, Life.MemoryConcerns, Life.Smoking
2022-11-07 10:38:13: Already run predictor 'GLM' on group 'ClCoLi', skipping...
2022-11-07 10:38:13: Already run predictor 'RF' on group 'ClCoLi', skipping...
2022-11-07 10:38:13: Already run predictor 'RF2' on group 'ClCoLi', skipping...
2022-11-07 10:38:13: Already run predictor 'RF3' on group 'ClCoLi', skipping...
2022-11-07 10:38:13: Already run predictor 'RFO' on group 'ClCoLi', skipping...
2022-11-07 10:38:13: Already run predictor 'RP' on group 'ClCoLi', skipping...
2022-11-07 10:38:13: Already run predictor 'SVM' on group 'ClCoLi', skipping...
2022-11-07 10:38:13: Already run predictor 'NB' on group 'ClCoLi', skipping...
2022-11-07 10:38:13: Already run predictor 'KNN' on group 'ClCoLi', skipping...
2022-11-07 10:38:13: Already run predictor 'KNNC' on group 'ClCoLi', skipping...
2022-11-07 10:38:13: Running predictor 'XGB' for group 'ClCoLi'.
2022-11-07 10:38:13: CV num 1:
Warning: closing unused connection 5 (RunData/Subj-3-2-1914_2022-08-22_10-53/logs/run_2022-11-07_10-37_213.log)

2022-11-07 10:38:27: XGB for groups Clinical - Core - Life              ( 19 features) -> best nrounds: 150  / eta 0.05 / max_depth 2 [perf: 0.714]
2022-11-07 10:38:27: ERROR running train/test for predictor 'XGB' and group 'ClCoLi': 
 length(res) == sum(foldIdx == i) is not TRUE
TRACEBACK:
1: run(X, Y, pred, FIs)
2: stopifnot(length(res) == sum(foldIdx == i)) at Code/Helpers/CVer.R:151
3: stop(sprintf(ngettext(length(r), "%s is not TRUE", "%s are not all TRUE"), ch), call. = FALSE, 
     domain = NA)
Error : length(res) == sum(foldIdx == i) is not TRUE
2022-11-07 10:38:27: ## Ran group 'ClCoLi' in 0.24 minutes.

