2022-11-06 22:50:03: ###### Treating group of Categories: ClLi
2022-11-06 22:50:03: Selected columns:
Clinical.ATM, Clinical.OpticNeuritis, Clinical.INO, Clinical.MotorWeakness, Clinical.SensoryDisturbance, Clinical.Ataxia, Clinical.BladderDisturbance, Clinical.BowelDisturbance, Clinical.Myelopathy, Clinical.CogDisturbance, Clinical.VisualLoss, Life.CaffeineFreq, Life.MemoryConcerns, Life.Smoking
2022-11-06 22:50:03: Already run predictor 'GLM' on group 'ClLi', skipping...
2022-11-06 22:50:03: Already run predictor 'RF' on group 'ClLi', skipping...
2022-11-06 22:50:03: Already run predictor 'RF2' on group 'ClLi', skipping...
2022-11-06 22:50:03: Already run predictor 'RF3' on group 'ClLi', skipping...
2022-11-06 22:50:03: Already run predictor 'RFO' on group 'ClLi', skipping...
2022-11-06 22:50:03: Already run predictor 'RP' on group 'ClLi', skipping...
2022-11-06 22:50:03: Already run predictor 'SVM' on group 'ClLi', skipping...
2022-11-06 22:50:03: Already run predictor 'NB' on group 'ClLi', skipping...
2022-11-06 22:50:03: Already run predictor 'KNN' on group 'ClLi', skipping...
2022-11-06 22:50:03: Already run predictor 'KNNC' on group 'ClLi', skipping...
2022-11-06 22:50:03: Running predictor 'XGB' for group 'ClLi'.
2022-11-06 22:50:03: CV num 1:
Loading required package: xgboost

Attaching package: ‘xgboost’

The following object is masked from ‘package:dplyr’:

    slice

Loading required package: lattice
Loading required package: ggplot2
