2022-09-05 16:06:34: ###### Treating group of Categories: Cl
2022-09-05 16:06:34: Selected columns:
Clinical.ATM, Clinical.OpticNeuritis, Clinical.INO, Clinical.MotorWeakness, Clinical.SensoryDisturbance, Clinical.Ataxia, Clinical.BladderDisturbance, Clinical.BowelDisturbance, Clinical.Myelopathy, Clinical.CogDisturbance, Clinical.VisualLoss
2022-09-05 16:06:34: Already run predictor 'GLM' on group 'Cl', skipping...
2022-09-05 16:06:34: Already run predictor 'RF' on group 'Cl', skipping...
2022-09-05 16:06:34: Already run predictor 'RF2' on group 'Cl', skipping...
2022-09-05 16:06:34: Already run predictor 'RF3' on group 'Cl', skipping...
2022-09-05 16:06:34: Already run predictor 'RFO' on group 'Cl', skipping...
2022-09-05 16:06:34: Already run predictor 'RP' on group 'Cl', skipping...
2022-09-05 16:06:34: Already run predictor 'SVM' on group 'Cl', skipping...
2022-09-05 16:06:34: Already run predictor 'NB' on group 'Cl', skipping...
2022-09-05 16:06:34: Already run predictor 'KNN' on group 'Cl', skipping...
2022-09-05 16:06:34: Already run predictor 'KNNC' on group 'Cl', skipping...
2022-09-05 16:06:34: ## Ran group 'Cl' in 0.00 minutes.

2022-09-05 16:06:34: ###### Treating group of Categories: ClCoLi
2022-09-05 16:06:34: Selected columns:
Clinical.ATM, Clinical.OpticNeuritis, Clinical.INO, Clinical.MotorWeakness, Clinical.SensoryDisturbance, Clinical.Ataxia, Clinical.BladderDisturbance, Clinical.BowelDisturbance, Clinical.Myelopathy, Clinical.CogDisturbance, Clinical.VisualLoss, Core.AgeAtExam, Core.EDSS, Core.DiseaseDuration, Core.DiseaseCourse, Core.MSSS, Life.CaffeineFreq, Life.MemoryConcerns, Life.Smoking
2022-09-05 16:06:34: Already run predictor 'GLM' on group 'ClCoLi', skipping...
2022-09-05 16:06:34: Already run predictor 'RF' on group 'ClCoLi', skipping...
2022-09-05 16:06:34: Already run predictor 'RF2' on group 'ClCoLi', skipping...
2022-09-05 16:06:34: Already run predictor 'RF3' on group 'ClCoLi', skipping...
2022-09-05 16:06:34: Already run predictor 'RFO' on group 'ClCoLi', skipping...
2022-09-05 16:06:34: Already run predictor 'RP' on group 'ClCoLi', skipping...
2022-09-05 16:06:34: Already run predictor 'SVM' on group 'ClCoLi', skipping...
2022-09-05 16:06:34: Already run predictor 'NB' on group 'ClCoLi', skipping...
2022-09-05 16:06:34: Already run predictor 'KNN' on group 'ClCoLi', skipping...
2022-09-05 16:06:34: Already run predictor 'KNNC' on group 'ClCoLi', skipping...
2022-09-05 16:06:34: ## Ran group 'ClCoLi' in 0.00 minutes.

2022-09-05 16:06:34: ###### Treating group of Categories: CoPa
2022-09-05 16:06:34: Selected columns:
Core.AgeAtExam, Core.EDSS, Core.DiseaseDuration, Core.DiseaseCourse, Core.MSSS, Patient.AgeOfOnset, Patient.Gender
2022-09-05 16:06:34: Already run predictor 'GLM' on group 'CoPa', skipping...
2022-09-05 16:06:34: Already run predictor 'RF' on group 'CoPa', skipping...
2022-09-05 16:06:34: Already run predictor 'RF2' on group 'CoPa', skipping...
2022-09-05 16:06:34: Already run predictor 'RF3' on group 'CoPa', skipping...
2022-09-05 16:06:34: Already run predictor 'RFO' on group 'CoPa', skipping...
2022-09-05 16:06:34: Already run predictor 'RP' on group 'CoPa', skipping...
2022-09-05 16:06:34: Already run predictor 'SVM' on group 'CoPa', skipping...
2022-09-05 16:06:34: Already run predictor 'NB' on group 'CoPa', skipping...
2022-09-05 16:06:34: Already run predictor 'KNN' on group 'CoPa', skipping...
2022-09-05 16:06:34: Already run predictor 'KNNC' on group 'CoPa', skipping...
2022-09-05 16:06:34: ## Ran group 'CoPa' in 0.00 minutes.

2022-09-05 16:06:34: ###### Treating group of Categories: CoFSTr
2022-09-05 16:06:34: Selected columns:
Core.AgeAtExam, Core.EDSS, Core.DiseaseDuration, Core.DiseaseCourse, Core.MSSS, FSSs.Visual, FSSs.Brainstem, FSSs.Pyramidal, FSSs.Cerebellar, FSSs.Sensory, FSSs.Bowel, FSSs.Mental, Treatments.nDMT, Treatments.hasIM, Treatments.hasIS, Treatments.hasMA, Treatments.DMTcategory
2022-09-05 16:06:34: Running predictor 'GLM' for group 'CoFSTr'.
2022-09-05 16:06:34: CV num 1:
Loading required package: Matrix
Loading required package: foreach
Loaded glmnet 2.0-5

2022-09-05 16:06:45: CV num 2:
2022-09-05 16:06:52: Ran predictor 'GLM' for group 'CoFSTr' in 0.29 minutes.
2022-09-05 16:06:52: Running predictor 'RF' for group 'CoFSTr'.
2022-09-05 16:06:52: CV num 1:
randomForest 4.6-12
Type rfNews() to see new features/changes/bug fixes.

Attaching package: ‘randomForest’

The following object is masked from ‘package:dplyr’:

    combine

Warning in randomForest.default(Xtrain, Ytrain, Xtest) :
  The response has five or fewer unique values.  Are you sure you want to do regression?
Warning in randomForest.default(Xtrain, Ytrain, Xtest) :
  The response has five or fewer unique values.  Are you sure you want to do regression?
Warning in randomForest.default(Xtrain, Ytrain, Xtest) :
  The response has five or fewer unique values.  Are you sure you want to do regression?
2022-09-05 16:07:08: CV num 2:
Warning in randomForest.default(Xtrain, Ytrain, Xtest) :
  The response has five or fewer unique values.  Are you sure you want to do regression?
Warning in randomForest.default(Xtrain, Ytrain, Xtest) :
  The response has five or fewer unique values.  Are you sure you want to do regression?
Warning in randomForest.default(Xtrain, Ytrain, Xtest) :
  The response has five or fewer unique values.  Are you sure you want to do regression?
2022-09-05 16:07:21: Ran predictor 'RF' for group 'CoFSTr' in 0.49 minutes.
2022-09-05 16:07:21: Running predictor 'RF2' for group 'CoFSTr'.
2022-09-05 16:07:21: CV num 1:
Warning in randomForest.default(Xtrain, Ytrain, Xtest, mtry = floor(sqrt(ncol(Xtest)))) :
  The response has five or fewer unique values.  Are you sure you want to do regression?
Warning in randomForest.default(Xtrain, Ytrain, Xtest, mtry = floor(sqrt(ncol(Xtest)))) :
  The response has five or fewer unique values.  Are you sure you want to do regression?
Warning in randomForest.default(Xtrain, Ytrain, Xtest, mtry = floor(sqrt(ncol(Xtest)))) :
  The response has five or fewer unique values.  Are you sure you want to do regression?
2022-09-05 16:07:34: CV num 2:
Warning in randomForest.default(Xtrain, Ytrain, Xtest, mtry = floor(sqrt(ncol(Xtest)))) :
  The response has five or fewer unique values.  Are you sure you want to do regression?
Warning in randomForest.default(Xtrain, Ytrain, Xtest, mtry = floor(sqrt(ncol(Xtest)))) :
  The response has five or fewer unique values.  Are you sure you want to do regression?
Warning in randomForest.default(Xtrain, Ytrain, Xtest, mtry = floor(sqrt(ncol(Xtest)))) :
  The response has five or fewer unique values.  Are you sure you want to do regression?
2022-09-05 16:07:49: Ran predictor 'RF2' for group 'CoFSTr' in 0.46 minutes.
2022-09-05 16:07:49: Running predictor 'RF3' for group 'CoFSTr'.
2022-09-05 16:07:49: CV num 1:
2022-09-05 16:07:56: CV num 2:
2022-09-05 16:08:03: Ran predictor 'RF3' for group 'CoFSTr' in 0.24 minutes.
2022-09-05 16:08:03: Running predictor 'RFO' for group 'CoFSTr'.
2022-09-05 16:08:03: CV num 1:
2022-09-05 16:08:59: RFO for groups Core - FSSs - Treatments            ( 17 features) -> best mtry:  2 [perf: 0.691]
2022-09-05 16:09:46: RFO for groups Core - FSSs - Treatments            ( 17 features) -> best mtry:  2 [perf: 0.681]
2022-09-05 16:10:33: RFO for groups Core - FSSs - Treatments            ( 17 features) -> best mtry:  2 [perf: 0.666]
2022-09-05 16:10:33: CV num 2:
2022-09-05 16:11:20: RFO for groups Core - FSSs - Treatments            ( 17 features) -> best mtry:  2 [perf: 0.686]
2022-09-05 16:12:02: RFO for groups Core - FSSs - Treatments            ( 17 features) -> best mtry:  2 [perf: 0.676]
2022-09-05 16:12:48: RFO for groups Core - FSSs - Treatments            ( 17 features) -> best mtry:  2 [perf: 0.680]
2022-09-05 16:12:48: Ran predictor 'RFO' for group 'CoFSTr' in 4.76 minutes.
2022-09-05 16:12:48: Running predictor 'RP' for group 'CoFSTr'.
2022-09-05 16:12:48: CV num 1:
2022-09-05 16:13:15: RPart for groups Core - FSSs - Treatments            ( 17 features) -> best min split: 100 / best cp: 0.002  [perf: 0.694]
2022-09-05 16:13:41: RPart for groups Core - FSSs - Treatments            ( 17 features) -> best min split: 110 / best cp: 0.002  [perf: 0.661]
2022-09-05 16:14:06: RPart for groups Core - FSSs - Treatments            ( 17 features) -> best min split: 110 / best cp: 0.001  [perf: 0.638]
2022-09-05 16:14:06: CV num 2:
2022-09-05 16:14:30: RPart for groups Core - FSSs - Treatments            ( 17 features) -> best min split: 110 / best cp: 0.002  [perf: 0.678]
2022-09-05 16:14:55: RPart for groups Core - FSSs - Treatments            ( 17 features) -> best min split: 110 / best cp: 0.005  [perf: 0.668]
2022-09-05 16:15:20: RPart for groups Core - FSSs - Treatments            ( 17 features) -> best min split: 100 / best cp: 0.001  [perf: 0.698]
2022-09-05 16:15:20: Ran predictor 'RP' for group 'CoFSTr' in 2.53 minutes.
2022-09-05 16:15:20: Running predictor 'SVM' for group 'CoFSTr'.
2022-09-05 16:15:20: CV num 1:
2022-09-05 19:12:35: SVM for groups Core - FSSs - Treatments            ( 17 features) -> best gamma:  0.000977 / best cost:      1 [perf: 0.695]
2022-09-05 19:56:16: SVM for groups Core - FSSs - Treatments            ( 17 features) -> best gamma:  0.000977 / best cost:  0.316 [perf: 0.690]
2022-09-05 20:00:12: SVM for groups Core - FSSs - Treatments            ( 17 features) -> best gamma:  0.000977 / best cost:   31.6 [perf: 0.664]
2022-09-05 20:00:12: CV num 2:
2022-09-05 20:04:40: SVM for groups Core - FSSs - Treatments            ( 17 features) -> best gamma:    0.0312 / best cost:      1 [perf: 0.674]
2022-09-05 21:22:30: SVM for groups Core - FSSs - Treatments            ( 17 features) -> best gamma:  0.000977 / best cost:      1 [perf: 0.678]
2022-09-05 21:26:56: SVM for groups Core - FSSs - Treatments            ( 17 features) -> best gamma:  0.000977 / best cost:    0.1 [perf: 0.712]
2022-09-05 21:26:56: Ran predictor 'SVM' for group 'CoFSTr' in 311.60 minutes.
2022-09-05 21:26:56: Already run predictor 'NB' on group 'CoFSTr', skipping...
2022-09-05 21:26:56: Running predictor 'KNN' for group 'CoFSTr'.
2022-09-05 21:26:56: CV num 1:
2022-09-05 21:27:03: KNN for groups Core - FSSs - Treatments            ( 17 features) ->  best k: 200 / kernel: optimal    [perf: 0.677]
2022-09-05 21:27:06: KNN for groups Core - FSSs - Treatments            ( 17 features) ->  best k: 70  / kernel: optimal    [perf: 0.671]
2022-09-05 21:27:09: KNN for groups Core - FSSs - Treatments            ( 17 features) ->  best k: 190 / kernel: optimal    [perf: 0.661]
2022-09-05 21:27:09: CV num 2:
2022-09-05 21:27:11: KNN for groups Core - FSSs - Treatments            ( 17 features) ->  best k: 70  / kernel: optimal    [perf: 0.660]
2022-09-05 21:27:13: KNN for groups Core - FSSs - Treatments            ( 17 features) ->  best k: 90  / kernel: optimal    [perf: 0.673]
2022-09-05 21:27:15: KNN for groups Core - FSSs - Treatments            ( 17 features) ->  best k: 70  / kernel: optimal    [perf: 0.687]
2022-09-05 21:27:15: Ran predictor 'KNN' for group 'CoFSTr' in 0.32 minutes.
2022-09-05 21:27:15: Running predictor 'KNNC' for group 'CoFSTr'.
2022-09-05 21:27:15: CV num 1:
2022-09-05 21:27:20: KNNC for groups Core - FSSs - Treatments            ( 17 features) ->  best k: 50 / kernel: optimal
2022-09-05 21:27:22: KNNC for groups Core - FSSs - Treatments            ( 17 features) ->  best k: 200 / kernel: optimal
2022-09-05 21:27:25: KNNC for groups Core - FSSs - Treatments            ( 17 features) ->  best k: 120 / kernel: optimal
2022-09-05 21:27:25: CV num 2:
2022-09-05 21:27:29: KNNC for groups Core - FSSs - Treatments            ( 17 features) ->  best k: 200 / kernel: optimal
2022-09-05 21:27:31: KNNC for groups Core - FSSs - Treatments            ( 17 features) ->  best k: 70 / kernel: optimal
2022-09-05 21:27:33: KNNC for groups Core - FSSs - Treatments            ( 17 features) ->  best k: 180 / kernel: optimal
2022-09-05 21:27:33: Ran predictor 'KNNC' for group 'CoFSTr' in 0.30 minutes.
2022-09-05 21:27:33: ## Ran group 'CoFSTr' in 320.98 minutes.

