2022-10-17 23:27:29: ###### Treating group of Categories: ClMS
2022-10-17 23:27:29: Selected columns:
Clinical.ATM, Clinical.OpticNeuritis, Clinical.INO, Clinical.MotorWeakness, Clinical.SensoryDisturbance, Clinical.Ataxia, Clinical.BladderDisturbance, Clinical.BowelDisturbance, Clinical.Myelopathy, Clinical.CogDisturbance, Clinical.VisualLoss, MSFC.T25FW, MSFC.NHPT
2022-10-17 23:27:29: Already run predictor 'GLM' on group 'ClMS', skipping...
2022-10-17 23:27:29: Already run predictor 'RF' on group 'ClMS', skipping...
2022-10-17 23:27:29: Already run predictor 'RF2' on group 'ClMS', skipping...
2022-10-17 23:27:29: Already run predictor 'RF3' on group 'ClMS', skipping...
2022-10-17 23:27:29: Already run predictor 'RFO' on group 'ClMS', skipping...
2022-10-17 23:27:29: Already run predictor 'RP' on group 'ClMS', skipping...
2022-10-17 23:27:29: Already run predictor 'SVM' on group 'ClMS', skipping...
2022-10-17 23:27:29: Already run predictor 'NB' on group 'ClMS', skipping...
2022-10-17 23:27:29: Already run predictor 'KNN' on group 'ClMS', skipping...
2022-10-17 23:27:29: Already run predictor 'KNNC' on group 'ClMS', skipping...
2022-10-17 23:27:29: Running predictor 'XGB' for group 'ClMS'.
2022-10-17 23:27:29: CV num 1:
Loading required package: xgboost

Attaching package: ‘xgboost’

The following object is masked from ‘package:dplyr’:

    slice

Loading required package: plyr
------------------------------------------------------------------------------
You have loaded plyr after dplyr - this is likely to cause problems.
If you need functions from both plyr and dplyr, please load plyr first, then dplyr:
library(plyr); library(dplyr)
------------------------------------------------------------------------------

Attaching package: ‘plyr’

The following objects are masked from ‘package:dplyr’:

    arrange, count, desc, failwith, id, mutate, rename, summarise,
    summarize

Error : At least one of the class levels is not a valid R variable name; This will cause errors when class probabilities are generated because the variables names will be converted to  FALSE., TRUE. . Please use factor levels that can be used as valid R variable names  (see ?make.names for help).
2022-10-17 23:27:33: ## Ran group 'ClMS' in 0.08 minutes.

2022-10-17 23:27:33: ###### Treating group of Categories: CoFSMS
2022-10-17 23:27:34: Selected columns:
Core.AgeAtExam, Core.EDSS, Core.DiseaseDuration, Core.DiseaseCourse, Core.MSSS, FSSs.Visual, FSSs.Brainstem, FSSs.Pyramidal, FSSs.Cerebellar, FSSs.Sensory, FSSs.Bowel, FSSs.Mental, MSFC.T25FW, MSFC.NHPT
2022-10-17 23:27:34: Already run predictor 'GLM' on group 'CoFSMS', skipping...
2022-10-17 23:27:34: Already run predictor 'RF' on group 'CoFSMS', skipping...
2022-10-17 23:27:34: Already run predictor 'RF2' on group 'CoFSMS', skipping...
2022-10-17 23:27:34: Already run predictor 'RF3' on group 'CoFSMS', skipping...
2022-10-17 23:27:34: Already run predictor 'RFO' on group 'CoFSMS', skipping...
2022-10-17 23:27:34: Already run predictor 'RP' on group 'CoFSMS', skipping...
2022-10-17 23:27:34: Already run predictor 'SVM' on group 'CoFSMS', skipping...
2022-10-17 23:27:34: Already run predictor 'NB' on group 'CoFSMS', skipping...
2022-10-17 23:27:34: Already run predictor 'KNN' on group 'CoFSMS', skipping...
2022-10-17 23:27:34: Already run predictor 'KNNC' on group 'CoFSMS', skipping...
2022-10-17 23:27:34: Running predictor 'XGB' for group 'CoFSMS'.
2022-10-17 23:27:34: CV num 1:
Error : At least one of the class levels is not a valid R variable name; This will cause errors when class probabilities are generated because the variables names will be converted to  FALSE., TRUE. . Please use factor levels that can be used as valid R variable names  (see ?make.names for help).
2022-10-17 23:27:34: ## Ran group 'CoFSMS' in 0.00 minutes.

2022-10-17 23:27:34: ###### Treating group of Categories: CoPaQO
2022-10-17 23:27:34: Selected columns:
Core.AgeAtExam, Core.EDSS, Core.DiseaseDuration, Core.DiseaseCourse, Core.MSSS, Patient.AgeOfOnset, Patient.Gender, QOL.LackFocus, QOL.LackEnergy, QOL.PsychoDown, QOL.RelativePain, QOL.NotEnjoyLife
2022-10-17 23:27:34: Already run predictor 'GLM' on group 'CoPaQO', skipping...
2022-10-17 23:27:34: Already run predictor 'RF' on group 'CoPaQO', skipping...
2022-10-17 23:27:34: Already run predictor 'RF2' on group 'CoPaQO', skipping...
2022-10-17 23:27:34: Already run predictor 'RF3' on group 'CoPaQO', skipping...
2022-10-17 23:27:34: Already run predictor 'RFO' on group 'CoPaQO', skipping...
2022-10-17 23:27:34: Already run predictor 'RP' on group 'CoPaQO', skipping...
2022-10-17 23:27:34: Already run predictor 'SVM' on group 'CoPaQO', skipping...
2022-10-17 23:27:34: Already run predictor 'NB' on group 'CoPaQO', skipping...
2022-10-17 23:27:34: Already run predictor 'KNN' on group 'CoPaQO', skipping...
2022-10-17 23:27:34: Already run predictor 'KNNC' on group 'CoPaQO', skipping...
2022-10-17 23:27:34: Running predictor 'XGB' for group 'CoPaQO'.
2022-10-17 23:27:34: CV num 1:
Error : At least one of the class levels is not a valid R variable name; This will cause errors when class probabilities are generated because the variables names will be converted to  FALSE., TRUE. . Please use factor levels that can be used as valid R variable names  (see ?make.names for help).
2022-10-17 23:27:34: ## Ran group 'CoPaQO' in 0.00 minutes.

2022-10-17 23:27:34: ###### Treating group of Categories: FSTr
2022-10-17 23:27:34: Selected columns:
FSSs.Visual, FSSs.Brainstem, FSSs.Pyramidal, FSSs.Cerebellar, FSSs.Sensory, FSSs.Bowel, FSSs.Mental, Treatments.nDMT, Treatments.hasIM, Treatments.hasIS, Treatments.hasMA, Treatments.DMTcategory
2022-10-17 23:27:34: Already run predictor 'GLM' on group 'FSTr', skipping...
2022-10-17 23:27:34: Already run predictor 'RF' on group 'FSTr', skipping...
2022-10-17 23:27:34: Already run predictor 'RF2' on group 'FSTr', skipping...
2022-10-17 23:27:34: Already run predictor 'RF3' on group 'FSTr', skipping...
2022-10-17 23:27:34: Already run predictor 'RFO' on group 'FSTr', skipping...
2022-10-17 23:27:34: Already run predictor 'RP' on group 'FSTr', skipping...
2022-10-17 23:27:34: Already run predictor 'SVM' on group 'FSTr', skipping...
2022-10-17 23:27:34: Already run predictor 'NB' on group 'FSTr', skipping...
2022-10-17 23:27:34: Already run predictor 'KNN' on group 'FSTr', skipping...
2022-10-17 23:27:34: Already run predictor 'KNNC' on group 'FSTr', skipping...
2022-10-17 23:27:34: Running predictor 'XGB' for group 'FSTr'.
2022-10-17 23:27:34: CV num 1:
Error : At least one of the class levels is not a valid R variable name; This will cause errors when class probabilities are generated because the variables names will be converted to  FALSE., TRUE. . Please use factor levels that can be used as valid R variable names  (see ?make.names for help).
2022-10-17 23:27:34: ## Ran group 'FSTr' in 0.00 minutes.

2022-10-17 23:27:34: ###### Treating group of Categories: MRQO
2022-10-17 23:27:34: Selected columns:
MRI.CE_Lesion, MRI.GM_Volume, MRI.Siena_PBVC, QOL.LackFocus, QOL.LackEnergy, QOL.PsychoDown, QOL.RelativePain, QOL.NotEnjoyLife
2022-10-17 23:27:34: Already run predictor 'GLM' on group 'MRQO', skipping...
2022-10-17 23:27:34: Already run predictor 'RF' on group 'MRQO', skipping...
2022-10-17 23:27:34: Already run predictor 'RF2' on group 'MRQO', skipping...
2022-10-17 23:27:34: Already run predictor 'RF3' on group 'MRQO', skipping...
2022-10-17 23:27:34: Already run predictor 'RFO' on group 'MRQO', skipping...
2022-10-17 23:27:34: Already run predictor 'RP' on group 'MRQO', skipping...
2022-10-17 23:27:34: Already run predictor 'SVM' on group 'MRQO', skipping...
2022-10-17 23:27:34: Already run predictor 'NB' on group 'MRQO', skipping...
2022-10-17 23:27:34: Already run predictor 'KNN' on group 'MRQO', skipping...
2022-10-17 23:27:34: Already run predictor 'KNNC' on group 'MRQO', skipping...
2022-10-17 23:27:34: Running predictor 'XGB' for group 'MRQO'.
2022-10-17 23:27:34: CV num 1:
Warning: closing unused connection 11 (RunData/Subj-3-2-1914_2022-08-22_10-53/logs/run_2022-10-17_23-27_7799.log)
Warning: closing unused connection 9 (RunData/Subj-3-2-1914_2022-08-22_10-53/logs/run_2022-10-17_23-27_7799.log)
Warning: closing unused connection 7 (RunData/Subj-3-2-1914_2022-08-22_10-53/logs/run_2022-10-17_23-27_7799.log)
Error : At least one of the class levels is not a valid R variable name; This will cause errors when class probabilities are generated because the variables names will be converted to  FALSE., TRUE. . Please use factor levels that can be used as valid R variable names  (see ?make.names for help).
2022-10-17 23:27:34: ## Ran group 'MRQO' in 0.00 minutes.

2022-10-17 23:27:34: ###### Treating group of Categories: .
2022-10-17 23:27:34: Selected columns:
Clinical.ATM, Clinical.OpticNeuritis, Clinical.INO, Clinical.MotorWeakness, Clinical.SensoryDisturbance, Clinical.Ataxia, Clinical.BladderDisturbance, Clinical.BowelDisturbance, Clinical.Myelopathy, Clinical.CogDisturbance, Clinical.VisualLoss, Core.AgeAtExam, Core.EDSS, Core.DiseaseDuration, Core.DiseaseCourse, Core.MSSS, FSSs.Visual, FSSs.Brainstem, FSSs.Pyramidal, FSSs.Cerebellar, FSSs.Sensory, FSSs.Bowel, FSSs.Mental, Life.CaffeineFreq, Life.MemoryConcerns, Life.Smoking, MRI.CE_Lesion, MRI.GM_Volume, MRI.Siena_PBVC, MSFC.T25FW, MSFC.NHPT, Patient.AgeOfOnset, Patient.Gender, QOL.LackFocus, QOL.LackEnergy, QOL.PsychoDown, QOL.RelativePain, QOL.NotEnjoyLife, Treatments.nDMT, Treatments.hasIM, Treatments.hasIS, Treatments.hasMA, Treatments.DMTcategory
2022-10-17 23:27:34: Already run predictor 'GLM' on group '.', skipping...
2022-10-17 23:27:34: Already run predictor 'RF' on group '.', skipping...
2022-10-17 23:27:34: Already run predictor 'RF2' on group '.', skipping...
2022-10-17 23:27:34: Already run predictor 'RF3' on group '.', skipping...
2022-10-17 23:27:34: Already run predictor 'RFO' on group '.', skipping...
2022-10-17 23:27:34: Already run predictor 'RP' on group '.', skipping...
2022-10-17 23:27:34: Already run predictor 'SVM' on group '.', skipping...
2022-10-17 23:27:34: Already run predictor 'NB' on group '.', skipping...
2022-10-17 23:27:34: Already run predictor 'KNN' on group '.', skipping...
2022-10-17 23:27:34: Already run predictor 'KNNC' on group '.', skipping...
2022-10-17 23:27:34: Running predictor 'XGB' for group '.'.
2022-10-17 23:27:34: CV num 1:
Error : At least one of the class levels is not a valid R variable name; This will cause errors when class probabilities are generated because the variables names will be converted to  FALSE., TRUE. . Please use factor levels that can be used as valid R variable names  (see ?make.names for help).
2022-10-17 23:27:34: ## Ran group '.' in 0.00 minutes.

