2022-10-17 23:15:39: ###### Treating group of Categories: ClCoFS
2022-10-17 23:15:39: Selected columns:
Clinical.ATM, Clinical.OpticNeuritis, Clinical.INO, Clinical.MotorWeakness, Clinical.SensoryDisturbance, Clinical.Ataxia, Clinical.BladderDisturbance, Clinical.BowelDisturbance, Clinical.Myelopathy, Clinical.CogDisturbance, Clinical.VisualLoss, Core.AgeAtExam, Core.EDSS, Core.DiseaseDuration, Core.DiseaseCourse, Core.MSSS, FSSs.Visual, FSSs.Brainstem, FSSs.Pyramidal, FSSs.Cerebellar, FSSs.Sensory, FSSs.Bowel, FSSs.Mental
2022-10-17 23:15:39: Already run predictor 'GLM' on group 'ClCoFS', skipping...
2022-10-17 23:15:39: Already run predictor 'RF' on group 'ClCoFS', skipping...
2022-10-17 23:15:39: Already run predictor 'RF2' on group 'ClCoFS', skipping...
2022-10-17 23:15:39: Already run predictor 'RF3' on group 'ClCoFS', skipping...
2022-10-17 23:15:39: Already run predictor 'RFO' on group 'ClCoFS', skipping...
2022-10-17 23:15:39: Already run predictor 'RP' on group 'ClCoFS', skipping...
2022-10-17 23:15:39: Already run predictor 'SVM' on group 'ClCoFS', skipping...
2022-10-17 23:15:39: Already run predictor 'NB' on group 'ClCoFS', skipping...
2022-10-17 23:15:39: Already run predictor 'KNN' on group 'ClCoFS', skipping...
2022-10-17 23:15:39: Already run predictor 'KNNC' on group 'ClCoFS', skipping...
2022-10-17 23:15:39: Running predictor 'XGB' for group 'ClCoFS'.
2022-10-17 23:15:39: CV num 1:
Loading required package: xgboost

Attaching package: ‘xgboost’

The following object is masked from ‘package:dplyr’:

    slice

Loading required package: plyr
------------------------------------------------------------------------------
You have loaded plyr after dplyr - this is likely to cause problems.
If you need functions from both plyr and dplyr, please load plyr first, then dplyr:
library(plyr); library(dplyr)
------------------------------------------------------------------------------

Attaching package: ‘plyr’

The following objects are masked from ‘package:dplyr’:

    arrange, count, desc, failwith, id, mutate, rename, summarise,
    summarize

Error in train.default(Xtrain, factor(Ytrain), method = "xgbTree", trControl = trControl,  : 
  object 'trControl' not found
2022-10-17 23:15:48: ## Ran group 'ClCoFS' in 0.15 minutes.

2022-10-17 23:15:48: ###### Treating group of Categories: CoMS
2022-10-17 23:15:48: Selected columns:
Core.AgeAtExam, Core.EDSS, Core.DiseaseDuration, Core.DiseaseCourse, Core.MSSS, MSFC.T25FW, MSFC.NHPT
2022-10-17 23:15:48: Already run predictor 'GLM' on group 'CoMS', skipping...
2022-10-17 23:15:48: Already run predictor 'RF' on group 'CoMS', skipping...
2022-10-17 23:15:48: Already run predictor 'RF2' on group 'CoMS', skipping...
2022-10-17 23:15:48: Already run predictor 'RF3' on group 'CoMS', skipping...
2022-10-17 23:15:48: Already run predictor 'RFO' on group 'CoMS', skipping...
2022-10-17 23:15:48: Already run predictor 'RP' on group 'CoMS', skipping...
2022-10-17 23:15:48: Already run predictor 'SVM' on group 'CoMS', skipping...
2022-10-17 23:15:48: Already run predictor 'NB' on group 'CoMS', skipping...
2022-10-17 23:15:48: Already run predictor 'KNN' on group 'CoMS', skipping...
2022-10-17 23:15:48: Already run predictor 'KNNC' on group 'CoMS', skipping...
2022-10-17 23:15:48: Running predictor 'XGB' for group 'CoMS'.
2022-10-17 23:15:48: CV num 1:
Error in train.default(Xtrain, factor(Ytrain), method = "xgbTree", trControl = trControl,  : 
  object 'trControl' not found
2022-10-17 23:15:48: ## Ran group 'CoMS' in 0.00 minutes.

2022-10-17 23:15:48: ###### Treating group of Categories: CoLiTr
2022-10-17 23:15:48: Selected columns:
Core.AgeAtExam, Core.EDSS, Core.DiseaseDuration, Core.DiseaseCourse, Core.MSSS, Life.CaffeineFreq, Life.MemoryConcerns, Life.Smoking, Treatments.nDMT, Treatments.hasIM, Treatments.hasIS, Treatments.hasMA, Treatments.DMTcategory
2022-10-17 23:15:48: Already run predictor 'GLM' on group 'CoLiTr', skipping...
2022-10-17 23:15:48: Already run predictor 'RF' on group 'CoLiTr', skipping...
2022-10-17 23:15:48: Already run predictor 'RF2' on group 'CoLiTr', skipping...
2022-10-17 23:15:48: Already run predictor 'RF3' on group 'CoLiTr', skipping...
2022-10-17 23:15:48: Already run predictor 'RFO' on group 'CoLiTr', skipping...
2022-10-17 23:15:48: Already run predictor 'RP' on group 'CoLiTr', skipping...
2022-10-17 23:15:48: Already run predictor 'SVM' on group 'CoLiTr', skipping...
2022-10-17 23:15:48: Already run predictor 'NB' on group 'CoLiTr', skipping...
2022-10-17 23:15:48: Already run predictor 'KNN' on group 'CoLiTr', skipping...
2022-10-17 23:15:48: Already run predictor 'KNNC' on group 'CoLiTr', skipping...
2022-10-17 23:15:48: Running predictor 'XGB' for group 'CoLiTr'.
2022-10-17 23:15:48: CV num 1:
Error in train.default(Xtrain, factor(Ytrain), method = "xgbTree", trControl = trControl,  : 
  object 'trControl' not found
2022-10-17 23:15:48: ## Ran group 'CoLiTr' in 0.00 minutes.

2022-10-17 23:15:48: ###### Treating group of Categories: CoPaTr
2022-10-17 23:15:48: Selected columns:
Core.AgeAtExam, Core.EDSS, Core.DiseaseDuration, Core.DiseaseCourse, Core.MSSS, Patient.AgeOfOnset, Patient.Gender, Treatments.nDMT, Treatments.hasIM, Treatments.hasIS, Treatments.hasMA, Treatments.DMTcategory
2022-10-17 23:15:48: Already run predictor 'GLM' on group 'CoPaTr', skipping...
2022-10-17 23:15:48: Already run predictor 'RF' on group 'CoPaTr', skipping...
2022-10-17 23:15:48: Already run predictor 'RF2' on group 'CoPaTr', skipping...
2022-10-17 23:15:48: Already run predictor 'RF3' on group 'CoPaTr', skipping...
2022-10-17 23:15:48: Already run predictor 'RFO' on group 'CoPaTr', skipping...
2022-10-17 23:15:48: Already run predictor 'RP' on group 'CoPaTr', skipping...
2022-10-17 23:15:48: Already run predictor 'SVM' on group 'CoPaTr', skipping...
2022-10-17 23:15:48: Already run predictor 'NB' on group 'CoPaTr', skipping...
2022-10-17 23:15:48: Already run predictor 'KNN' on group 'CoPaTr', skipping...
2022-10-17 23:15:48: Already run predictor 'KNNC' on group 'CoPaTr', skipping...
2022-10-17 23:15:48: Running predictor 'XGB' for group 'CoPaTr'.
2022-10-17 23:15:48: CV num 1:
Error in train.default(Xtrain, factor(Ytrain), method = "xgbTree", trControl = trControl,  : 
  object 'trControl' not found
2022-10-17 23:15:48: ## Ran group 'CoPaTr' in 0.00 minutes.

2022-10-17 23:15:48: ###### Treating group of Categories: LiMS
2022-10-17 23:15:48: Selected columns:
Life.CaffeineFreq, Life.MemoryConcerns, Life.Smoking, MSFC.T25FW, MSFC.NHPT
2022-10-17 23:15:48: Already run predictor 'GLM' on group 'LiMS', skipping...
2022-10-17 23:15:48: Already run predictor 'RF' on group 'LiMS', skipping...
2022-10-17 23:15:48: Already run predictor 'RF2' on group 'LiMS', skipping...
2022-10-17 23:15:48: Already run predictor 'RF3' on group 'LiMS', skipping...
2022-10-17 23:15:48: Already run predictor 'RFO' on group 'LiMS', skipping...
2022-10-17 23:15:48: Already run predictor 'RP' on group 'LiMS', skipping...
2022-10-17 23:15:48: Already run predictor 'SVM' on group 'LiMS', skipping...
2022-10-17 23:15:48: Already run predictor 'NB' on group 'LiMS', skipping...
2022-10-17 23:15:48: Already run predictor 'KNN' on group 'LiMS', skipping...
2022-10-17 23:15:48: Already run predictor 'KNNC' on group 'LiMS', skipping...
2022-10-17 23:15:48: Running predictor 'XGB' for group 'LiMS'.
2022-10-17 23:15:48: CV num 1:
Error in train.default(Xtrain, factor(Ytrain), method = "xgbTree", trControl = trControl,  : 
  object 'trControl' not found
2022-10-17 23:15:49: ## Ran group 'LiMS' in 0.00 minutes.

2022-10-17 23:15:49: ###### Treating group of Categories: MS
2022-10-17 23:15:49: Selected columns:
MSFC.T25FW, MSFC.NHPT
2022-10-17 23:15:49: Already run predictor 'GLM' on group 'MS', skipping...
2022-10-17 23:15:49: Already run predictor 'RF' on group 'MS', skipping...
2022-10-17 23:15:49: Already run predictor 'RF2' on group 'MS', skipping...
2022-10-17 23:15:49: Already run predictor 'RF3' on group 'MS', skipping...
2022-10-17 23:15:49: Already run predictor 'RFO' on group 'MS', skipping...
2022-10-17 23:15:49: Already run predictor 'RP' on group 'MS', skipping...
2022-10-17 23:15:49: Already run predictor 'SVM' on group 'MS', skipping...
2022-10-17 23:15:49: Already run predictor 'NB' on group 'MS', skipping...
2022-10-17 23:15:49: Already run predictor 'KNN' on group 'MS', skipping...
2022-10-17 23:15:49: Already run predictor 'KNNC' on group 'MS', skipping...
2022-10-17 23:15:49: Running predictor 'XGB' for group 'MS'.
2022-10-17 23:15:49: CV num 1:
Error in train.default(Xtrain, factor(Ytrain), method = "xgbTree", trControl = trControl,  : 
  object 'trControl' not found
2022-10-17 23:15:49: ## Ran group 'MS' in 0.01 minutes.

