2022-10-17 23:15:39: ###### Treating group of Categories: ClPa
2022-10-17 23:15:39: Selected columns:
Clinical.ATM, Clinical.OpticNeuritis, Clinical.INO, Clinical.MotorWeakness, Clinical.SensoryDisturbance, Clinical.Ataxia, Clinical.BladderDisturbance, Clinical.BowelDisturbance, Clinical.Myelopathy, Clinical.CogDisturbance, Clinical.VisualLoss, Patient.AgeOfOnset, Patient.Gender
2022-10-17 23:15:39: Already run predictor 'GLM' on group 'ClPa', skipping...
2022-10-17 23:15:39: Already run predictor 'RF' on group 'ClPa', skipping...
2022-10-17 23:15:39: Already run predictor 'RF2' on group 'ClPa', skipping...
2022-10-17 23:15:39: Already run predictor 'RF3' on group 'ClPa', skipping...
2022-10-17 23:15:39: Already run predictor 'RFO' on group 'ClPa', skipping...
2022-10-17 23:15:39: Already run predictor 'RP' on group 'ClPa', skipping...
2022-10-17 23:15:39: Already run predictor 'SVM' on group 'ClPa', skipping...
2022-10-17 23:15:39: Already run predictor 'NB' on group 'ClPa', skipping...
2022-10-17 23:15:39: Already run predictor 'KNN' on group 'ClPa', skipping...
2022-10-17 23:15:39: Already run predictor 'KNNC' on group 'ClPa', skipping...
2022-10-17 23:15:39: Running predictor 'XGB' for group 'ClPa'.
2022-10-17 23:15:39: CV num 1:
Loading required package: xgboost

Attaching package: ‘xgboost’

The following object is masked from ‘package:dplyr’:

    slice

Loading required package: plyr
------------------------------------------------------------------------------
You have loaded plyr after dplyr - this is likely to cause problems.
If you need functions from both plyr and dplyr, please load plyr first, then dplyr:
library(plyr); library(dplyr)
------------------------------------------------------------------------------

Attaching package: ‘plyr’

The following objects are masked from ‘package:dplyr’:

    arrange, count, desc, failwith, id, mutate, rename, summarise,
    summarize

Error in train.default(Xtrain, factor(Ytrain), method = "xgbTree", trControl = trControl,  : 
  object 'trControl' not found
2022-10-17 23:15:48: ## Ran group 'ClPa' in 0.15 minutes.

2022-10-17 23:15:48: ###### Treating group of Categories: Co
2022-10-17 23:15:48: Selected columns:
Core.AgeAtExam, Core.EDSS, Core.DiseaseDuration, Core.DiseaseCourse, Core.MSSS
2022-10-17 23:15:48: Already run predictor 'GLM' on group 'Co', skipping...
2022-10-17 23:15:48: Already run predictor 'RF' on group 'Co', skipping...
2022-10-17 23:15:48: Already run predictor 'RF2' on group 'Co', skipping...
2022-10-17 23:15:48: Already run predictor 'RF3' on group 'Co', skipping...
2022-10-17 23:15:48: Already run predictor 'RFO' on group 'Co', skipping...
2022-10-17 23:15:48: Already run predictor 'RP' on group 'Co', skipping...
2022-10-17 23:15:48: Already run predictor 'SVM' on group 'Co', skipping...
2022-10-17 23:15:48: Already run predictor 'NB' on group 'Co', skipping...
2022-10-17 23:15:48: Already run predictor 'KNN' on group 'Co', skipping...
2022-10-17 23:15:48: Already run predictor 'KNNC' on group 'Co', skipping...
2022-10-17 23:15:48: Running predictor 'XGB' for group 'Co'.
2022-10-17 23:15:48: CV num 1:
Error in train.default(Xtrain, factor(Ytrain), method = "xgbTree", trControl = trControl,  : 
  object 'trControl' not found
2022-10-17 23:15:48: ## Ran group 'Co' in 0.00 minutes.

2022-10-17 23:15:48: ###### Treating group of Categories: CoPa
2022-10-17 23:15:48: Selected columns:
Core.AgeAtExam, Core.EDSS, Core.DiseaseDuration, Core.DiseaseCourse, Core.MSSS, Patient.AgeOfOnset, Patient.Gender
2022-10-17 23:15:48: Already run predictor 'GLM' on group 'CoPa', skipping...
2022-10-17 23:15:48: Already run predictor 'RF' on group 'CoPa', skipping...
2022-10-17 23:15:48: Already run predictor 'RF2' on group 'CoPa', skipping...
2022-10-17 23:15:48: Already run predictor 'RF3' on group 'CoPa', skipping...
2022-10-17 23:15:48: Already run predictor 'RFO' on group 'CoPa', skipping...
2022-10-17 23:15:48: Already run predictor 'RP' on group 'CoPa', skipping...
2022-10-17 23:15:48: Already run predictor 'SVM' on group 'CoPa', skipping...
2022-10-17 23:15:48: Already run predictor 'NB' on group 'CoPa', skipping...
2022-10-17 23:15:48: Already run predictor 'KNN' on group 'CoPa', skipping...
2022-10-17 23:15:48: Already run predictor 'KNNC' on group 'CoPa', skipping...
2022-10-17 23:15:48: Running predictor 'XGB' for group 'CoPa'.
2022-10-17 23:15:48: CV num 1:
Error in train.default(Xtrain, factor(Ytrain), method = "xgbTree", trControl = trControl,  : 
  object 'trControl' not found
2022-10-17 23:15:48: ## Ran group 'CoPa' in 0.00 minutes.

2022-10-17 23:15:48: ###### Treating group of Categories: CoLiMS
2022-10-17 23:15:48: Selected columns:
Core.AgeAtExam, Core.EDSS, Core.DiseaseDuration, Core.DiseaseCourse, Core.MSSS, Life.CaffeineFreq, Life.MemoryConcerns, Life.Smoking, MSFC.T25FW, MSFC.NHPT
2022-10-17 23:15:48: Already run predictor 'GLM' on group 'CoLiMS', skipping...
2022-10-17 23:15:48: Already run predictor 'RF' on group 'CoLiMS', skipping...
2022-10-17 23:15:48: Already run predictor 'RF2' on group 'CoLiMS', skipping...
2022-10-17 23:15:48: Already run predictor 'RF3' on group 'CoLiMS', skipping...
2022-10-17 23:15:48: Already run predictor 'RFO' on group 'CoLiMS', skipping...
2022-10-17 23:15:48: Already run predictor 'RP' on group 'CoLiMS', skipping...
2022-10-17 23:15:48: Already run predictor 'SVM' on group 'CoLiMS', skipping...
2022-10-17 23:15:48: Already run predictor 'NB' on group 'CoLiMS', skipping...
2022-10-17 23:15:48: Already run predictor 'KNN' on group 'CoLiMS', skipping...
2022-10-17 23:15:48: Already run predictor 'KNNC' on group 'CoLiMS', skipping...
2022-10-17 23:15:48: Running predictor 'XGB' for group 'CoLiMS'.
2022-10-17 23:15:48: CV num 1:
Error in train.default(Xtrain, factor(Ytrain), method = "xgbTree", trControl = trControl,  : 
  object 'trControl' not found
2022-10-17 23:15:48: ## Ran group 'CoLiMS' in 0.00 minutes.

2022-10-17 23:15:48: ###### Treating group of Categories: CoMSTr
2022-10-17 23:15:48: Selected columns:
Core.AgeAtExam, Core.EDSS, Core.DiseaseDuration, Core.DiseaseCourse, Core.MSSS, MSFC.T25FW, MSFC.NHPT, Treatments.nDMT, Treatments.hasIM, Treatments.hasIS, Treatments.hasMA, Treatments.DMTcategory
2022-10-17 23:15:48: Already run predictor 'GLM' on group 'CoMSTr', skipping...
2022-10-17 23:15:48: Already run predictor 'RF' on group 'CoMSTr', skipping...
2022-10-17 23:15:48: Already run predictor 'RF2' on group 'CoMSTr', skipping...
2022-10-17 23:15:48: Already run predictor 'RF3' on group 'CoMSTr', skipping...
2022-10-17 23:15:48: Already run predictor 'RFO' on group 'CoMSTr', skipping...
2022-10-17 23:15:48: Already run predictor 'RP' on group 'CoMSTr', skipping...
2022-10-17 23:15:48: Already run predictor 'SVM' on group 'CoMSTr', skipping...
2022-10-17 23:15:48: Already run predictor 'NB' on group 'CoMSTr', skipping...
2022-10-17 23:15:48: Already run predictor 'KNN' on group 'CoMSTr', skipping...
2022-10-17 23:15:48: Already run predictor 'KNNC' on group 'CoMSTr', skipping...
2022-10-17 23:15:48: Running predictor 'XGB' for group 'CoMSTr'.
2022-10-17 23:15:48: CV num 1:
Error in train.default(Xtrain, factor(Ytrain), method = "xgbTree", trControl = trControl,  : 
  object 'trControl' not found
2022-10-17 23:15:48: ## Ran group 'CoMSTr' in 0.00 minutes.

2022-10-17 23:15:48: ###### Treating group of Categories: FSTr
2022-10-17 23:15:48: Selected columns:
FSSs.Visual, FSSs.Brainstem, FSSs.Pyramidal, FSSs.Cerebellar, FSSs.Sensory, FSSs.Bowel, FSSs.Mental, Treatments.nDMT, Treatments.hasIM, Treatments.hasIS, Treatments.hasMA, Treatments.DMTcategory
2022-10-17 23:15:48: Already run predictor 'GLM' on group 'FSTr', skipping...
2022-10-17 23:15:48: Already run predictor 'RF' on group 'FSTr', skipping...
2022-10-17 23:15:48: Already run predictor 'RF2' on group 'FSTr', skipping...
2022-10-17 23:15:48: Already run predictor 'RF3' on group 'FSTr', skipping...
2022-10-17 23:15:48: Already run predictor 'RFO' on group 'FSTr', skipping...
2022-10-17 23:15:48: Already run predictor 'RP' on group 'FSTr', skipping...
2022-10-17 23:15:48: Already run predictor 'SVM' on group 'FSTr', skipping...
2022-10-17 23:15:48: Already run predictor 'NB' on group 'FSTr', skipping...
2022-10-17 23:15:48: Already run predictor 'KNN' on group 'FSTr', skipping...
2022-10-17 23:15:48: Already run predictor 'KNNC' on group 'FSTr', skipping...
2022-10-17 23:15:48: Running predictor 'XGB' for group 'FSTr'.
2022-10-17 23:15:48: CV num 1:
Error in train.default(Xtrain, factor(Ytrain), method = "xgbTree", trControl = trControl,  : 
  object 'trControl' not found
2022-10-17 23:15:49: ## Ran group 'FSTr' in 0.01 minutes.

2022-10-17 23:15:49: ###### Treating group of Categories: MRQO
2022-10-17 23:15:49: Selected columns:
MRI.CE_Lesion, MRI.GM_Volume, MRI.Siena_PBVC, QOL.LackFocus, QOL.LackEnergy, QOL.PsychoDown, QOL.RelativePain, QOL.NotEnjoyLife
2022-10-17 23:15:49: Already run predictor 'GLM' on group 'MRQO', skipping...
2022-10-17 23:15:49: Already run predictor 'RF' on group 'MRQO', skipping...
2022-10-17 23:15:49: Already run predictor 'RF2' on group 'MRQO', skipping...
2022-10-17 23:15:49: Already run predictor 'RF3' on group 'MRQO', skipping...
2022-10-17 23:15:49: Already run predictor 'RFO' on group 'MRQO', skipping...
2022-10-17 23:15:49: Already run predictor 'RP' on group 'MRQO', skipping...
2022-10-17 23:15:49: Already run predictor 'SVM' on group 'MRQO', skipping...
2022-10-17 23:15:49: Already run predictor 'NB' on group 'MRQO', skipping...
2022-10-17 23:15:49: Already run predictor 'KNN' on group 'MRQO', skipping...
2022-10-17 23:15:49: Already run predictor 'KNNC' on group 'MRQO', skipping...
2022-10-17 23:15:49: Running predictor 'XGB' for group 'MRQO'.
2022-10-17 23:15:49: CV num 1:
Error in train.default(Xtrain, factor(Ytrain), method = "xgbTree", trControl = trControl,  : 
  object 'trControl' not found
2022-10-17 23:15:49: ## Ran group 'MRQO' in 0.01 minutes.

2022-10-17 23:15:49: ###### Treating group of Categories: QOTr
2022-10-17 23:15:49: Selected columns:
QOL.LackFocus, QOL.LackEnergy, QOL.PsychoDown, QOL.RelativePain, QOL.NotEnjoyLife, Treatments.nDMT, Treatments.hasIM, Treatments.hasIS, Treatments.hasMA, Treatments.DMTcategory
2022-10-17 23:15:49: Already run predictor 'GLM' on group 'QOTr', skipping...
2022-10-17 23:15:49: Already run predictor 'RF' on group 'QOTr', skipping...
2022-10-17 23:15:49: Already run predictor 'RF2' on group 'QOTr', skipping...
2022-10-17 23:15:49: Already run predictor 'RF3' on group 'QOTr', skipping...
2022-10-17 23:15:49: Already run predictor 'RFO' on group 'QOTr', skipping...
2022-10-17 23:15:49: Already run predictor 'RP' on group 'QOTr', skipping...
2022-10-17 23:15:49: Already run predictor 'SVM' on group 'QOTr', skipping...
2022-10-17 23:15:49: Already run predictor 'NB' on group 'QOTr', skipping...
2022-10-17 23:15:49: Already run predictor 'KNN' on group 'QOTr', skipping...
2022-10-17 23:15:49: Already run predictor 'KNNC' on group 'QOTr', skipping...
2022-10-17 23:15:49: Running predictor 'XGB' for group 'QOTr'.
2022-10-17 23:15:49: CV num 1:
Error in train.default(Xtrain, factor(Ytrain), method = "xgbTree", trControl = trControl,  : 
  object 'trControl' not found
2022-10-17 23:15:49: ## Ran group 'QOTr' in 0.00 minutes.

