2022-10-17 23:15:39: ###### Treating group of Categories: ClFS
2022-10-17 23:15:39: Selected columns:
Clinical.ATM, Clinical.OpticNeuritis, Clinical.INO, Clinical.MotorWeakness, Clinical.SensoryDisturbance, Clinical.Ataxia, Clinical.BladderDisturbance, Clinical.BowelDisturbance, Clinical.Myelopathy, Clinical.CogDisturbance, Clinical.VisualLoss, FSSs.Visual, FSSs.Brainstem, FSSs.Pyramidal, FSSs.Cerebellar, FSSs.Sensory, FSSs.Bowel, FSSs.Mental
2022-10-17 23:15:39: Already run predictor 'GLM' on group 'ClFS', skipping...
2022-10-17 23:15:39: Already run predictor 'RF' on group 'ClFS', skipping...
2022-10-17 23:15:39: Already run predictor 'RF2' on group 'ClFS', skipping...
2022-10-17 23:15:39: Already run predictor 'RF3' on group 'ClFS', skipping...
2022-10-17 23:15:39: Already run predictor 'RFO' on group 'ClFS', skipping...
2022-10-17 23:15:39: Already run predictor 'RP' on group 'ClFS', skipping...
2022-10-17 23:15:39: Already run predictor 'SVM' on group 'ClFS', skipping...
2022-10-17 23:15:39: Already run predictor 'NB' on group 'ClFS', skipping...
2022-10-17 23:15:39: Already run predictor 'KNN' on group 'ClFS', skipping...
2022-10-17 23:15:39: Already run predictor 'KNNC' on group 'ClFS', skipping...
2022-10-17 23:15:39: Running predictor 'XGB' for group 'ClFS'.
2022-10-17 23:15:39: CV num 1:
Loading required package: xgboost

Attaching package: ‘xgboost’

The following object is masked from ‘package:dplyr’:

    slice

Loading required package: plyr
------------------------------------------------------------------------------
You have loaded plyr after dplyr - this is likely to cause problems.
If you need functions from both plyr and dplyr, please load plyr first, then dplyr:
library(plyr); library(dplyr)
------------------------------------------------------------------------------

Attaching package: ‘plyr’

The following objects are masked from ‘package:dplyr’:

    arrange, count, desc, failwith, id, mutate, rename, summarise,
    summarize

Error in train.default(Xtrain, factor(Ytrain), method = "xgbTree", trControl = trControl,  : 
  object 'trControl' not found
2022-10-17 23:15:48: ## Ran group 'ClFS' in 0.15 minutes.

2022-10-17 23:15:48: ###### Treating group of Categories: CoFSPa
2022-10-17 23:15:48: Selected columns:
Core.AgeAtExam, Core.EDSS, Core.DiseaseDuration, Core.DiseaseCourse, Core.MSSS, FSSs.Visual, FSSs.Brainstem, FSSs.Pyramidal, FSSs.Cerebellar, FSSs.Sensory, FSSs.Bowel, FSSs.Mental, Patient.AgeOfOnset, Patient.Gender
2022-10-17 23:15:48: Already run predictor 'GLM' on group 'CoFSPa', skipping...
2022-10-17 23:15:48: Already run predictor 'RF' on group 'CoFSPa', skipping...
2022-10-17 23:15:48: Already run predictor 'RF2' on group 'CoFSPa', skipping...
2022-10-17 23:15:48: Already run predictor 'RF3' on group 'CoFSPa', skipping...
2022-10-17 23:15:48: Already run predictor 'RFO' on group 'CoFSPa', skipping...
2022-10-17 23:15:48: Already run predictor 'RP' on group 'CoFSPa', skipping...
2022-10-17 23:15:48: Already run predictor 'SVM' on group 'CoFSPa', skipping...
2022-10-17 23:15:48: Already run predictor 'NB' on group 'CoFSPa', skipping...
2022-10-17 23:15:48: Already run predictor 'KNN' on group 'CoFSPa', skipping...
2022-10-17 23:15:48: Already run predictor 'KNNC' on group 'CoFSPa', skipping...
2022-10-17 23:15:48: Running predictor 'XGB' for group 'CoFSPa'.
2022-10-17 23:15:48: CV num 1:
Error in train.default(Xtrain, factor(Ytrain), method = "xgbTree", trControl = trControl,  : 
  object 'trControl' not found
2022-10-17 23:15:48: ## Ran group 'CoFSPa' in 0.00 minutes.

2022-10-17 23:15:48: ###### Treating group of Categories: CoMRMS
2022-10-17 23:15:48: Selected columns:
Core.AgeAtExam, Core.EDSS, Core.DiseaseDuration, Core.DiseaseCourse, Core.MSSS, MRI.CE_Lesion, MRI.GM_Volume, MRI.Siena_PBVC, MSFC.T25FW, MSFC.NHPT
2022-10-17 23:15:48: Already run predictor 'GLM' on group 'CoMRMS', skipping...
2022-10-17 23:15:48: Already run predictor 'RF' on group 'CoMRMS', skipping...
2022-10-17 23:15:48: Already run predictor 'RF2' on group 'CoMRMS', skipping...
2022-10-17 23:15:48: Already run predictor 'RF3' on group 'CoMRMS', skipping...
2022-10-17 23:15:48: Already run predictor 'RFO' on group 'CoMRMS', skipping...
2022-10-17 23:15:48: Already run predictor 'RP' on group 'CoMRMS', skipping...
2022-10-17 23:15:48: Already run predictor 'SVM' on group 'CoMRMS', skipping...
2022-10-17 23:15:48: Already run predictor 'NB' on group 'CoMRMS', skipping...
2022-10-17 23:15:48: Already run predictor 'KNN' on group 'CoMRMS', skipping...
2022-10-17 23:15:48: Already run predictor 'KNNC' on group 'CoMRMS', skipping...
2022-10-17 23:15:48: Running predictor 'XGB' for group 'CoMRMS'.
2022-10-17 23:15:48: CV num 1:
Error in train.default(Xtrain, factor(Ytrain), method = "xgbTree", trControl = trControl,  : 
  object 'trControl' not found
2022-10-17 23:15:48: ## Ran group 'CoMRMS' in 0.00 minutes.

2022-10-17 23:15:48: ###### Treating group of Categories: FS
2022-10-17 23:15:48: Selected columns:
FSSs.Visual, FSSs.Brainstem, FSSs.Pyramidal, FSSs.Cerebellar, FSSs.Sensory, FSSs.Bowel, FSSs.Mental
2022-10-17 23:15:48: Already run predictor 'GLM' on group 'FS', skipping...
2022-10-17 23:15:48: Already run predictor 'RF' on group 'FS', skipping...
2022-10-17 23:15:48: Already run predictor 'RF2' on group 'FS', skipping...
2022-10-17 23:15:48: Already run predictor 'RF3' on group 'FS', skipping...
2022-10-17 23:15:48: Already run predictor 'RFO' on group 'FS', skipping...
2022-10-17 23:15:48: Already run predictor 'RP' on group 'FS', skipping...
2022-10-17 23:15:48: Already run predictor 'SVM' on group 'FS', skipping...
2022-10-17 23:15:48: Already run predictor 'NB' on group 'FS', skipping...
2022-10-17 23:15:48: Already run predictor 'KNN' on group 'FS', skipping...
2022-10-17 23:15:48: Already run predictor 'KNNC' on group 'FS', skipping...
2022-10-17 23:15:48: Running predictor 'XGB' for group 'FS'.
2022-10-17 23:15:48: CV num 1:
Error in train.default(Xtrain, factor(Ytrain), method = "xgbTree", trControl = trControl,  : 
  object 'trControl' not found
2022-10-17 23:15:48: ## Ran group 'FS' in 0.00 minutes.

2022-10-17 23:15:48: ###### Treating group of Categories: LiQO
2022-10-17 23:15:48: Selected columns:
Life.CaffeineFreq, Life.MemoryConcerns, Life.Smoking, QOL.LackFocus, QOL.LackEnergy, QOL.PsychoDown, QOL.RelativePain, QOL.NotEnjoyLife
2022-10-17 23:15:48: Already run predictor 'GLM' on group 'LiQO', skipping...
2022-10-17 23:15:48: Already run predictor 'RF' on group 'LiQO', skipping...
2022-10-17 23:15:48: Already run predictor 'RF2' on group 'LiQO', skipping...
2022-10-17 23:15:48: Already run predictor 'RF3' on group 'LiQO', skipping...
2022-10-17 23:15:48: Already run predictor 'RFO' on group 'LiQO', skipping...
2022-10-17 23:15:48: Already run predictor 'RP' on group 'LiQO', skipping...
2022-10-17 23:15:48: Already run predictor 'SVM' on group 'LiQO', skipping...
2022-10-17 23:15:48: Already run predictor 'NB' on group 'LiQO', skipping...
2022-10-17 23:15:48: Already run predictor 'KNN' on group 'LiQO', skipping...
2022-10-17 23:15:48: Already run predictor 'KNNC' on group 'LiQO', skipping...
2022-10-17 23:15:48: Running predictor 'XGB' for group 'LiQO'.
2022-10-17 23:15:48: CV num 1:
Error in train.default(Xtrain, factor(Ytrain), method = "xgbTree", trControl = trControl,  : 
  object 'trControl' not found
2022-10-17 23:15:49: ## Ran group 'LiQO' in 0.01 minutes.

2022-10-17 23:15:49: ###### Treating group of Categories: MSPa
2022-10-17 23:15:49: Selected columns:
MSFC.T25FW, MSFC.NHPT, Patient.AgeOfOnset, Patient.Gender
2022-10-17 23:15:49: Already run predictor 'GLM' on group 'MSPa', skipping...
2022-10-17 23:15:49: Already run predictor 'RF' on group 'MSPa', skipping...
2022-10-17 23:15:49: Already run predictor 'RF2' on group 'MSPa', skipping...
2022-10-17 23:15:49: Already run predictor 'RF3' on group 'MSPa', skipping...
2022-10-17 23:15:49: Already run predictor 'RFO' on group 'MSPa', skipping...
2022-10-17 23:15:49: Already run predictor 'RP' on group 'MSPa', skipping...
2022-10-17 23:15:49: Already run predictor 'SVM' on group 'MSPa', skipping...
2022-10-17 23:15:49: Already run predictor 'NB' on group 'MSPa', skipping...
2022-10-17 23:15:49: Already run predictor 'KNN' on group 'MSPa', skipping...
2022-10-17 23:15:49: Already run predictor 'KNNC' on group 'MSPa', skipping...
2022-10-17 23:15:49: Running predictor 'XGB' for group 'MSPa'.
2022-10-17 23:15:49: CV num 1:
Error in train.default(Xtrain, factor(Ytrain), method = "xgbTree", trControl = trControl,  : 
  object 'trControl' not found
2022-10-17 23:15:49: ## Ran group 'MSPa' in 0.00 minutes.

2022-10-17 23:15:49: ###### Treating group of Categories: Tr
2022-10-17 23:15:49: Selected columns:
Treatments.nDMT, Treatments.hasIM, Treatments.hasIS, Treatments.hasMA, Treatments.DMTcategory
2022-10-17 23:15:49: Already run predictor 'GLM' on group 'Tr', skipping...
2022-10-17 23:15:49: Already run predictor 'RF' on group 'Tr', skipping...
2022-10-17 23:15:49: Already run predictor 'RF2' on group 'Tr', skipping...
2022-10-17 23:15:49: Already run predictor 'RF3' on group 'Tr', skipping...
2022-10-17 23:15:49: Already run predictor 'RFO' on group 'Tr', skipping...
2022-10-17 23:15:49: Already run predictor 'RP' on group 'Tr', skipping...
2022-10-17 23:15:49: Already run predictor 'SVM' on group 'Tr', skipping...
2022-10-17 23:15:49: Already run predictor 'NB' on group 'Tr', skipping...
2022-10-17 23:15:49: Already run predictor 'KNN' on group 'Tr', skipping...
2022-10-17 23:15:49: Already run predictor 'KNNC' on group 'Tr', skipping...
2022-10-17 23:15:49: Running predictor 'XGB' for group 'Tr'.
2022-10-17 23:15:49: CV num 1:
Error in train.default(Xtrain, factor(Ytrain), method = "xgbTree", trControl = trControl,  : 
  object 'trControl' not found
2022-10-17 23:15:49: ## Ran group 'Tr' in 0.00 minutes.

