2022-10-17 23:15:39: ###### Treating group of Categories: ClCo
2022-10-17 23:15:39: Selected columns:
Clinical.ATM, Clinical.OpticNeuritis, Clinical.INO, Clinical.MotorWeakness, Clinical.SensoryDisturbance, Clinical.Ataxia, Clinical.BladderDisturbance, Clinical.BowelDisturbance, Clinical.Myelopathy, Clinical.CogDisturbance, Clinical.VisualLoss, Core.AgeAtExam, Core.EDSS, Core.DiseaseDuration, Core.DiseaseCourse, Core.MSSS
2022-10-17 23:15:39: Already run predictor 'GLM' on group 'ClCo', skipping...
2022-10-17 23:15:39: Already run predictor 'RF' on group 'ClCo', skipping...
2022-10-17 23:15:39: Already run predictor 'RF2' on group 'ClCo', skipping...
2022-10-17 23:15:39: Already run predictor 'RF3' on group 'ClCo', skipping...
2022-10-17 23:15:39: Already run predictor 'RFO' on group 'ClCo', skipping...
2022-10-17 23:15:39: Already run predictor 'RP' on group 'ClCo', skipping...
2022-10-17 23:15:39: Already run predictor 'SVM' on group 'ClCo', skipping...
2022-10-17 23:15:39: Already run predictor 'NB' on group 'ClCo', skipping...
2022-10-17 23:15:39: Already run predictor 'KNN' on group 'ClCo', skipping...
2022-10-17 23:15:39: Already run predictor 'KNNC' on group 'ClCo', skipping...
2022-10-17 23:15:39: Running predictor 'XGB' for group 'ClCo'.
2022-10-17 23:15:39: CV num 1:
Loading required package: xgboost

Attaching package: ‘xgboost’

The following object is masked from ‘package:dplyr’:

    slice

Loading required package: plyr
------------------------------------------------------------------------------
You have loaded plyr after dplyr - this is likely to cause problems.
If you need functions from both plyr and dplyr, please load plyr first, then dplyr:
library(plyr); library(dplyr)
------------------------------------------------------------------------------

Attaching package: ‘plyr’

The following objects are masked from ‘package:dplyr’:

    arrange, count, desc, failwith, id, mutate, rename, summarise,
    summarize

Error in train.default(Xtrain, factor(Ytrain), method = "xgbTree", trControl = trControl,  : 
  object 'trControl' not found
2022-10-17 23:15:48: ## Ran group 'ClCo' in 0.15 minutes.

2022-10-17 23:15:48: ###### Treating group of Categories: CoFSLi
2022-10-17 23:15:48: Selected columns:
Core.AgeAtExam, Core.EDSS, Core.DiseaseDuration, Core.DiseaseCourse, Core.MSSS, FSSs.Visual, FSSs.Brainstem, FSSs.Pyramidal, FSSs.Cerebellar, FSSs.Sensory, FSSs.Bowel, FSSs.Mental, Life.CaffeineFreq, Life.MemoryConcerns, Life.Smoking
2022-10-17 23:15:48: Already run predictor 'GLM' on group 'CoFSLi', skipping...
2022-10-17 23:15:48: Already run predictor 'RF' on group 'CoFSLi', skipping...
2022-10-17 23:15:48: Already run predictor 'RF2' on group 'CoFSLi', skipping...
2022-10-17 23:15:48: Already run predictor 'RF3' on group 'CoFSLi', skipping...
2022-10-17 23:15:48: Already run predictor 'RFO' on group 'CoFSLi', skipping...
2022-10-17 23:15:48: Already run predictor 'RP' on group 'CoFSLi', skipping...
2022-10-17 23:15:48: Already run predictor 'SVM' on group 'CoFSLi', skipping...
2022-10-17 23:15:48: Already run predictor 'NB' on group 'CoFSLi', skipping...
2022-10-17 23:15:48: Already run predictor 'KNN' on group 'CoFSLi', skipping...
2022-10-17 23:15:48: Already run predictor 'KNNC' on group 'CoFSLi', skipping...
2022-10-17 23:15:48: Running predictor 'XGB' for group 'CoFSLi'.
2022-10-17 23:15:48: CV num 1:
Error in train.default(Xtrain, factor(Ytrain), method = "xgbTree", trControl = trControl,  : 
  object 'trControl' not found
2022-10-17 23:15:48: ## Ran group 'CoFSLi' in 0.00 minutes.

2022-10-17 23:15:48: ###### Treating group of Categories: CoLiQO
2022-10-17 23:15:48: Selected columns:
Core.AgeAtExam, Core.EDSS, Core.DiseaseDuration, Core.DiseaseCourse, Core.MSSS, Life.CaffeineFreq, Life.MemoryConcerns, Life.Smoking, QOL.LackFocus, QOL.LackEnergy, QOL.PsychoDown, QOL.RelativePain, QOL.NotEnjoyLife
2022-10-17 23:15:48: Already run predictor 'GLM' on group 'CoLiQO', skipping...
2022-10-17 23:15:48: Already run predictor 'RF' on group 'CoLiQO', skipping...
2022-10-17 23:15:48: Already run predictor 'RF2' on group 'CoLiQO', skipping...
2022-10-17 23:15:48: Already run predictor 'RF3' on group 'CoLiQO', skipping...
2022-10-17 23:15:48: Already run predictor 'RFO' on group 'CoLiQO', skipping...
2022-10-17 23:15:48: Already run predictor 'RP' on group 'CoLiQO', skipping...
2022-10-17 23:15:48: Already run predictor 'SVM' on group 'CoLiQO', skipping...
2022-10-17 23:15:48: Already run predictor 'NB' on group 'CoLiQO', skipping...
2022-10-17 23:15:48: Already run predictor 'KNN' on group 'CoLiQO', skipping...
2022-10-17 23:15:48: Already run predictor 'KNNC' on group 'CoLiQO', skipping...
2022-10-17 23:15:48: Running predictor 'XGB' for group 'CoLiQO'.
2022-10-17 23:15:48: CV num 1:
Error in train.default(Xtrain, factor(Ytrain), method = "xgbTree", trControl = trControl,  : 
  object 'trControl' not found
2022-10-17 23:15:48: ## Ran group 'CoLiQO' in 0.00 minutes.

2022-10-17 23:15:48: ###### Treating group of Categories: CoQOTr
2022-10-17 23:15:48: Selected columns:
Core.AgeAtExam, Core.EDSS, Core.DiseaseDuration, Core.DiseaseCourse, Core.MSSS, QOL.LackFocus, QOL.LackEnergy, QOL.PsychoDown, QOL.RelativePain, QOL.NotEnjoyLife, Treatments.nDMT, Treatments.hasIM, Treatments.hasIS, Treatments.hasMA, Treatments.DMTcategory
2022-10-17 23:15:48: Already run predictor 'GLM' on group 'CoQOTr', skipping...
2022-10-17 23:15:48: Already run predictor 'RF' on group 'CoQOTr', skipping...
2022-10-17 23:15:48: Already run predictor 'RF2' on group 'CoQOTr', skipping...
2022-10-17 23:15:48: Already run predictor 'RF3' on group 'CoQOTr', skipping...
2022-10-17 23:15:48: Already run predictor 'RFO' on group 'CoQOTr', skipping...
2022-10-17 23:15:48: Already run predictor 'RP' on group 'CoQOTr', skipping...
2022-10-17 23:15:48: Already run predictor 'SVM' on group 'CoQOTr', skipping...
2022-10-17 23:15:48: Already run predictor 'NB' on group 'CoQOTr', skipping...
2022-10-17 23:15:48: Already run predictor 'KNN' on group 'CoQOTr', skipping...
2022-10-17 23:15:48: Already run predictor 'KNNC' on group 'CoQOTr', skipping...
2022-10-17 23:15:48: Running predictor 'XGB' for group 'CoQOTr'.
2022-10-17 23:15:48: CV num 1:
Error in train.default(Xtrain, factor(Ytrain), method = "xgbTree", trControl = trControl,  : 
  object 'trControl' not found
2022-10-17 23:15:48: ## Ran group 'CoQOTr' in 0.00 minutes.

2022-10-17 23:15:48: ###### Treating group of Categories: Li
2022-10-17 23:15:48: Selected columns:
Life.CaffeineFreq, Life.MemoryConcerns, Life.Smoking
2022-10-17 23:15:48: Already run predictor 'GLM' on group 'Li', skipping...
2022-10-17 23:15:48: Already run predictor 'RF' on group 'Li', skipping...
2022-10-17 23:15:48: Already run predictor 'RF2' on group 'Li', skipping...
2022-10-17 23:15:48: Already run predictor 'RF3' on group 'Li', skipping...
2022-10-17 23:15:48: Already run predictor 'RFO' on group 'Li', skipping...
2022-10-17 23:15:48: Already run predictor 'RP' on group 'Li', skipping...
2022-10-17 23:15:48: Already run predictor 'SVM' on group 'Li', skipping...
2022-10-17 23:15:48: Already run predictor 'NB' on group 'Li', skipping...
2022-10-17 23:15:48: Already run predictor 'KNN' on group 'Li', skipping...
2022-10-17 23:15:48: Already run predictor 'KNNC' on group 'Li', skipping...
2022-10-17 23:15:48: Running predictor 'XGB' for group 'Li'.
2022-10-17 23:15:48: CV num 1:
Error in train.default(Xtrain, factor(Ytrain), method = "xgbTree", trControl = trControl,  : 
  object 'trControl' not found
2022-10-17 23:15:49: ## Ran group 'Li' in 0.01 minutes.

2022-10-17 23:15:49: ###### Treating group of Categories: MSTr
2022-10-17 23:15:49: Selected columns:
MSFC.T25FW, MSFC.NHPT, Treatments.nDMT, Treatments.hasIM, Treatments.hasIS, Treatments.hasMA, Treatments.DMTcategory
2022-10-17 23:15:49: Already run predictor 'GLM' on group 'MSTr', skipping...
2022-10-17 23:15:49: Already run predictor 'RF' on group 'MSTr', skipping...
2022-10-17 23:15:49: Already run predictor 'RF2' on group 'MSTr', skipping...
2022-10-17 23:15:49: Already run predictor 'RF3' on group 'MSTr', skipping...
2022-10-17 23:15:49: Already run predictor 'RFO' on group 'MSTr', skipping...
2022-10-17 23:15:49: Already run predictor 'RP' on group 'MSTr', skipping...
2022-10-17 23:15:49: Already run predictor 'SVM' on group 'MSTr', skipping...
2022-10-17 23:15:49: Already run predictor 'NB' on group 'MSTr', skipping...
2022-10-17 23:15:49: Already run predictor 'KNN' on group 'MSTr', skipping...
2022-10-17 23:15:49: Already run predictor 'KNNC' on group 'MSTr', skipping...
2022-10-17 23:15:49: Running predictor 'XGB' for group 'MSTr'.
2022-10-17 23:15:49: CV num 1:
Error in train.default(Xtrain, factor(Ytrain), method = "xgbTree", trControl = trControl,  : 
  object 'trControl' not found
2022-10-17 23:15:49: ## Ran group 'MSTr' in 0.01 minutes.

