2022-10-17 23:23:54: ###### Treating group of Categories: ClCoFS
2022-10-17 23:23:54: Selected columns:
Clinical.ATM, Clinical.OpticNeuritis, Clinical.INO, Clinical.MotorWeakness, Clinical.SensoryDisturbance, Clinical.Ataxia, Clinical.BladderDisturbance, Clinical.BowelDisturbance, Clinical.Myelopathy, Clinical.CogDisturbance, Clinical.VisualLoss, Core.AgeAtExam, Core.EDSS, Core.DiseaseDuration, Core.DiseaseCourse, Core.MSSS, FSSs.Visual, FSSs.Brainstem, FSSs.Pyramidal, FSSs.Cerebellar, FSSs.Sensory, FSSs.Bowel, FSSs.Mental
2022-10-17 23:23:54: Already run predictor 'GLM' on group 'ClCoFS', skipping...
2022-10-17 23:23:54: Already run predictor 'RF' on group 'ClCoFS', skipping...
2022-10-17 23:23:54: Already run predictor 'RF2' on group 'ClCoFS', skipping...
2022-10-17 23:23:54: Already run predictor 'RF3' on group 'ClCoFS', skipping...
2022-10-17 23:23:54: Already run predictor 'RFO' on group 'ClCoFS', skipping...
2022-10-17 23:23:54: Already run predictor 'RP' on group 'ClCoFS', skipping...
2022-10-17 23:23:54: Already run predictor 'SVM' on group 'ClCoFS', skipping...
2022-10-17 23:23:54: Already run predictor 'NB' on group 'ClCoFS', skipping...
2022-10-17 23:23:54: Already run predictor 'KNN' on group 'ClCoFS', skipping...
2022-10-17 23:23:54: Already run predictor 'KNNC' on group 'ClCoFS', skipping...
2022-10-17 23:23:54: Running predictor 'XGB' for group 'ClCoFS'.
2022-10-17 23:23:54: CV num 1:
Loading required package: xgboost

Attaching package: ‘xgboost’

The following object is masked from ‘package:dplyr’:

    slice

Loading required package: plyr
------------------------------------------------------------------------------
You have loaded plyr after dplyr - this is likely to cause problems.
If you need functions from both plyr and dplyr, please load plyr first, then dplyr:
library(plyr); library(dplyr)
------------------------------------------------------------------------------

Attaching package: ‘plyr’

The following objects are masked from ‘package:dplyr’:

    arrange, count, desc, failwith, id, mutate, rename, summarise,
    summarize

Error in train.default(Xtrain, factor(Ytrain), method = "xgbTree", trControl = trControl,  : 
  object 'trControl' not found
2022-10-17 23:23:59: ## Ran group 'ClCoFS' in 0.08 minutes.

2022-10-17 23:23:59: ###### Treating group of Categories: ClCoPa
2022-10-17 23:23:59: Selected columns:
Clinical.ATM, Clinical.OpticNeuritis, Clinical.INO, Clinical.MotorWeakness, Clinical.SensoryDisturbance, Clinical.Ataxia, Clinical.BladderDisturbance, Clinical.BowelDisturbance, Clinical.Myelopathy, Clinical.CogDisturbance, Clinical.VisualLoss, Core.AgeAtExam, Core.EDSS, Core.DiseaseDuration, Core.DiseaseCourse, Core.MSSS, Patient.AgeOfOnset, Patient.Gender
2022-10-17 23:23:59: Already run predictor 'GLM' on group 'ClCoPa', skipping...
2022-10-17 23:23:59: Already run predictor 'RF' on group 'ClCoPa', skipping...
2022-10-17 23:23:59: Already run predictor 'RF2' on group 'ClCoPa', skipping...
2022-10-17 23:23:59: Already run predictor 'RF3' on group 'ClCoPa', skipping...
2022-10-17 23:23:59: Already run predictor 'RFO' on group 'ClCoPa', skipping...
2022-10-17 23:23:59: Already run predictor 'RP' on group 'ClCoPa', skipping...
2022-10-17 23:23:59: Already run predictor 'SVM' on group 'ClCoPa', skipping...
2022-10-17 23:23:59: Already run predictor 'NB' on group 'ClCoPa', skipping...
2022-10-17 23:23:59: Already run predictor 'KNN' on group 'ClCoPa', skipping...
2022-10-17 23:23:59: Already run predictor 'KNNC' on group 'ClCoPa', skipping...
2022-10-17 23:23:59: Running predictor 'XGB' for group 'ClCoPa'.
2022-10-17 23:23:59: CV num 1:
Error in train.default(Xtrain, factor(Ytrain), method = "xgbTree", trControl = trControl,  : 
  object 'trControl' not found
2022-10-17 23:23:59: ## Ran group 'ClCoPa' in 0.00 minutes.

2022-10-17 23:23:59: ###### Treating group of Categories: CoPa
2022-10-17 23:23:59: Selected columns:
Core.AgeAtExam, Core.EDSS, Core.DiseaseDuration, Core.DiseaseCourse, Core.MSSS, Patient.AgeOfOnset, Patient.Gender
2022-10-17 23:23:59: Already run predictor 'GLM' on group 'CoPa', skipping...
2022-10-17 23:23:59: Already run predictor 'RF' on group 'CoPa', skipping...
2022-10-17 23:23:59: Already run predictor 'RF2' on group 'CoPa', skipping...
2022-10-17 23:23:59: Already run predictor 'RF3' on group 'CoPa', skipping...
2022-10-17 23:23:59: Already run predictor 'RFO' on group 'CoPa', skipping...
2022-10-17 23:23:59: Already run predictor 'RP' on group 'CoPa', skipping...
2022-10-17 23:23:59: Already run predictor 'SVM' on group 'CoPa', skipping...
2022-10-17 23:23:59: Already run predictor 'NB' on group 'CoPa', skipping...
2022-10-17 23:23:59: Already run predictor 'KNN' on group 'CoPa', skipping...
2022-10-17 23:23:59: Already run predictor 'KNNC' on group 'CoPa', skipping...
2022-10-17 23:23:59: Running predictor 'XGB' for group 'CoPa'.
2022-10-17 23:23:59: CV num 1:
Error in train.default(Xtrain, factor(Ytrain), method = "xgbTree", trControl = trControl,  : 
  object 'trControl' not found
2022-10-17 23:23:59: ## Ran group 'CoPa' in 0.00 minutes.

2022-10-17 23:23:59: ###### Treating group of Categories: CoLiMS
2022-10-17 23:23:59: Selected columns:
Core.AgeAtExam, Core.EDSS, Core.DiseaseDuration, Core.DiseaseCourse, Core.MSSS, Life.CaffeineFreq, Life.MemoryConcerns, Life.Smoking, MSFC.T25FW, MSFC.NHPT
2022-10-17 23:23:59: Already run predictor 'GLM' on group 'CoLiMS', skipping...
2022-10-17 23:23:59: Already run predictor 'RF' on group 'CoLiMS', skipping...
2022-10-17 23:23:59: Already run predictor 'RF2' on group 'CoLiMS', skipping...
2022-10-17 23:23:59: Already run predictor 'RF3' on group 'CoLiMS', skipping...
2022-10-17 23:23:59: Already run predictor 'RFO' on group 'CoLiMS', skipping...
2022-10-17 23:23:59: Already run predictor 'RP' on group 'CoLiMS', skipping...
2022-10-17 23:23:59: Already run predictor 'SVM' on group 'CoLiMS', skipping...
2022-10-17 23:23:59: Already run predictor 'NB' on group 'CoLiMS', skipping...
2022-10-17 23:23:59: Already run predictor 'KNN' on group 'CoLiMS', skipping...
2022-10-17 23:23:59: Already run predictor 'KNNC' on group 'CoLiMS', skipping...
2022-10-17 23:23:59: Running predictor 'XGB' for group 'CoLiMS'.
2022-10-17 23:23:59: CV num 1:
Error in train.default(Xtrain, factor(Ytrain), method = "xgbTree", trControl = trControl,  : 
  object 'trControl' not found
2022-10-17 23:23:59: ## Ran group 'CoLiMS' in 0.00 minutes.

2022-10-17 23:23:59: ###### Treating group of Categories: CoMRPa
2022-10-17 23:23:59: Selected columns:
Core.AgeAtExam, Core.EDSS, Core.DiseaseDuration, Core.DiseaseCourse, Core.MSSS, MRI.CE_Lesion, MRI.GM_Volume, MRI.Siena_PBVC, Patient.AgeOfOnset, Patient.Gender
2022-10-17 23:23:59: Already run predictor 'GLM' on group 'CoMRPa', skipping...
2022-10-17 23:23:59: Already run predictor 'RF' on group 'CoMRPa', skipping...
2022-10-17 23:23:59: Already run predictor 'RF2' on group 'CoMRPa', skipping...
2022-10-17 23:23:59: Already run predictor 'RF3' on group 'CoMRPa', skipping...
2022-10-17 23:23:59: Already run predictor 'RFO' on group 'CoMRPa', skipping...
2022-10-17 23:23:59: Already run predictor 'RP' on group 'CoMRPa', skipping...
2022-10-17 23:23:59: Already run predictor 'SVM' on group 'CoMRPa', skipping...
2022-10-17 23:23:59: Already run predictor 'NB' on group 'CoMRPa', skipping...
2022-10-17 23:23:59: Already run predictor 'KNN' on group 'CoMRPa', skipping...
2022-10-17 23:23:59: Already run predictor 'KNNC' on group 'CoMRPa', skipping...
2022-10-17 23:23:59: Running predictor 'XGB' for group 'CoMRPa'.
2022-10-17 23:23:59: CV num 1:
Warning: closing unused connection 11 (RunData/Subj-3-2-1914_2022-08-22_10-53/logs/run_2022-10-17_23-23_7701.log)
Warning: closing unused connection 9 (RunData/Subj-3-2-1914_2022-08-22_10-53/logs/run_2022-10-17_23-23_7701.log)
Warning: closing unused connection 7 (RunData/Subj-3-2-1914_2022-08-22_10-53/logs/run_2022-10-17_23-23_7701.log)
Error in train.default(Xtrain, factor(Ytrain), method = "xgbTree", trControl = trControl,  : 
  object 'trControl' not found
2022-10-17 23:23:59: ## Ran group 'CoMRPa' in 0.00 minutes.

2022-10-17 23:23:59: ###### Treating group of Categories: FS
2022-10-17 23:23:59: Selected columns:
FSSs.Visual, FSSs.Brainstem, FSSs.Pyramidal, FSSs.Cerebellar, FSSs.Sensory, FSSs.Bowel, FSSs.Mental
2022-10-17 23:23:59: Already run predictor 'GLM' on group 'FS', skipping...
2022-10-17 23:23:59: Already run predictor 'RF' on group 'FS', skipping...
2022-10-17 23:23:59: Already run predictor 'RF2' on group 'FS', skipping...
2022-10-17 23:23:59: Already run predictor 'RF3' on group 'FS', skipping...
2022-10-17 23:23:59: Already run predictor 'RFO' on group 'FS', skipping...
2022-10-17 23:23:59: Already run predictor 'RP' on group 'FS', skipping...
2022-10-17 23:23:59: Already run predictor 'SVM' on group 'FS', skipping...
2022-10-17 23:23:59: Already run predictor 'NB' on group 'FS', skipping...
2022-10-17 23:23:59: Already run predictor 'KNN' on group 'FS', skipping...
2022-10-17 23:23:59: Already run predictor 'KNNC' on group 'FS', skipping...
2022-10-17 23:23:59: Running predictor 'XGB' for group 'FS'.
2022-10-17 23:23:59: CV num 1:
Error in train.default(Xtrain, factor(Ytrain), method = "xgbTree", trControl = trControl,  : 
  object 'trControl' not found
2022-10-17 23:23:59: ## Ran group 'FS' in 0.00 minutes.

2022-10-17 23:23:59: ###### Treating group of Categories: LiQO
2022-10-17 23:23:59: Selected columns:
Life.CaffeineFreq, Life.MemoryConcerns, Life.Smoking, QOL.LackFocus, QOL.LackEnergy, QOL.PsychoDown, QOL.RelativePain, QOL.NotEnjoyLife
2022-10-17 23:23:59: Already run predictor 'GLM' on group 'LiQO', skipping...
2022-10-17 23:23:59: Already run predictor 'RF' on group 'LiQO', skipping...
2022-10-17 23:23:59: Already run predictor 'RF2' on group 'LiQO', skipping...
2022-10-17 23:23:59: Already run predictor 'RF3' on group 'LiQO', skipping...
2022-10-17 23:23:59: Already run predictor 'RFO' on group 'LiQO', skipping...
2022-10-17 23:23:59: Already run predictor 'RP' on group 'LiQO', skipping...
2022-10-17 23:23:59: Already run predictor 'SVM' on group 'LiQO', skipping...
2022-10-17 23:23:59: Already run predictor 'NB' on group 'LiQO', skipping...
2022-10-17 23:23:59: Already run predictor 'KNN' on group 'LiQO', skipping...
2022-10-17 23:23:59: Already run predictor 'KNNC' on group 'LiQO', skipping...
2022-10-17 23:23:59: Running predictor 'XGB' for group 'LiQO'.
2022-10-17 23:23:59: CV num 1:
Error in train.default(Xtrain, factor(Ytrain), method = "xgbTree", trControl = trControl,  : 
  object 'trControl' not found
2022-10-17 23:23:59: ## Ran group 'LiQO' in 0.00 minutes.

2022-10-17 23:23:59: ###### Treating group of Categories: MSTr
2022-10-17 23:23:59: Selected columns:
MSFC.T25FW, MSFC.NHPT, Treatments.nDMT, Treatments.hasIM, Treatments.hasIS, Treatments.hasMA, Treatments.DMTcategory
2022-10-17 23:24:00: Already run predictor 'GLM' on group 'MSTr', skipping...
2022-10-17 23:24:00: Already run predictor 'RF' on group 'MSTr', skipping...
2022-10-17 23:24:00: Already run predictor 'RF2' on group 'MSTr', skipping...
2022-10-17 23:24:00: Already run predictor 'RF3' on group 'MSTr', skipping...
2022-10-17 23:24:00: Already run predictor 'RFO' on group 'MSTr', skipping...
2022-10-17 23:24:00: Already run predictor 'RP' on group 'MSTr', skipping...
2022-10-17 23:24:00: Already run predictor 'SVM' on group 'MSTr', skipping...
2022-10-17 23:24:00: Already run predictor 'NB' on group 'MSTr', skipping...
2022-10-17 23:24:00: Already run predictor 'KNN' on group 'MSTr', skipping...
2022-10-17 23:24:00: Already run predictor 'KNNC' on group 'MSTr', skipping...
2022-10-17 23:24:00: Running predictor 'XGB' for group 'MSTr'.
2022-10-17 23:24:00: CV num 1:
Error in train.default(Xtrain, factor(Ytrain), method = "xgbTree", trControl = trControl,  : 
  object 'trControl' not found
2022-10-17 23:24:00: ## Ran group 'MSTr' in 0.00 minutes.

