2022-10-17 23:28:54: ###### Treating group of Categories: ClCoFS
2022-10-17 23:28:54: Selected columns:
Clinical.ATM, Clinical.OpticNeuritis, Clinical.INO, Clinical.MotorWeakness, Clinical.SensoryDisturbance, Clinical.Ataxia, Clinical.BladderDisturbance, Clinical.BowelDisturbance, Clinical.Myelopathy, Clinical.CogDisturbance, Clinical.VisualLoss, Core.AgeAtExam, Core.EDSS, Core.DiseaseDuration, Core.DiseaseCourse, Core.MSSS, FSSs.Visual, FSSs.Brainstem, FSSs.Pyramidal, FSSs.Cerebellar, FSSs.Sensory, FSSs.Bowel, FSSs.Mental
2022-10-17 23:28:54: Already run predictor 'GLM' on group 'ClCoFS', skipping...
2022-10-17 23:28:54: Already run predictor 'RF' on group 'ClCoFS', skipping...
2022-10-17 23:28:54: Already run predictor 'RF2' on group 'ClCoFS', skipping...
2022-10-17 23:28:54: Already run predictor 'RF3' on group 'ClCoFS', skipping...
2022-10-17 23:28:54: Already run predictor 'RFO' on group 'ClCoFS', skipping...
2022-10-17 23:28:54: Already run predictor 'RP' on group 'ClCoFS', skipping...
2022-10-17 23:28:54: Already run predictor 'SVM' on group 'ClCoFS', skipping...
2022-10-17 23:28:54: Already run predictor 'NB' on group 'ClCoFS', skipping...
2022-10-17 23:28:54: Already run predictor 'KNN' on group 'ClCoFS', skipping...
2022-10-17 23:28:54: Already run predictor 'KNNC' on group 'ClCoFS', skipping...
2022-10-17 23:28:54: Running predictor 'XGB' for group 'ClCoFS'.
2022-10-17 23:28:54: CV num 1:
Loading required package: xgboost

Attaching package: ‘xgboost’

The following object is masked from ‘package:dplyr’:

    slice

Loading required package: plyr
------------------------------------------------------------------------------
You have loaded plyr after dplyr - this is likely to cause problems.
If you need functions from both plyr and dplyr, please load plyr first, then dplyr:
library(plyr); library(dplyr)
------------------------------------------------------------------------------

Attaching package: ‘plyr’

The following objects are masked from ‘package:dplyr’:

    arrange, count, desc, failwith, id, mutate, rename, summarise,
    summarize

Error : nrow(x) == n is not TRUE
2022-10-17 23:28:59: ## Ran group 'ClCoFS' in 0.08 minutes.

2022-10-17 23:28:59: ###### Treating group of Categories: ClCoLi
2022-10-17 23:28:59: Selected columns:
Clinical.ATM, Clinical.OpticNeuritis, Clinical.INO, Clinical.MotorWeakness, Clinical.SensoryDisturbance, Clinical.Ataxia, Clinical.BladderDisturbance, Clinical.BowelDisturbance, Clinical.Myelopathy, Clinical.CogDisturbance, Clinical.VisualLoss, Core.AgeAtExam, Core.EDSS, Core.DiseaseDuration, Core.DiseaseCourse, Core.MSSS, Life.CaffeineFreq, Life.MemoryConcerns, Life.Smoking
2022-10-17 23:28:59: Already run predictor 'GLM' on group 'ClCoLi', skipping...
2022-10-17 23:28:59: Already run predictor 'RF' on group 'ClCoLi', skipping...
2022-10-17 23:28:59: Already run predictor 'RF2' on group 'ClCoLi', skipping...
2022-10-17 23:28:59: Already run predictor 'RF3' on group 'ClCoLi', skipping...
2022-10-17 23:28:59: Already run predictor 'RFO' on group 'ClCoLi', skipping...
2022-10-17 23:28:59: Already run predictor 'RP' on group 'ClCoLi', skipping...
2022-10-17 23:28:59: Already run predictor 'SVM' on group 'ClCoLi', skipping...
2022-10-17 23:28:59: Already run predictor 'NB' on group 'ClCoLi', skipping...
2022-10-17 23:28:59: Already run predictor 'KNN' on group 'ClCoLi', skipping...
2022-10-17 23:28:59: Already run predictor 'KNNC' on group 'ClCoLi', skipping...
2022-10-17 23:28:59: Running predictor 'XGB' for group 'ClCoLi'.
2022-10-17 23:28:59: CV num 1:
Error : nrow(x) == n is not TRUE
2022-10-17 23:28:59: ## Ran group 'ClCoLi' in 0.00 minutes.

2022-10-17 23:28:59: ###### Treating group of Categories: ClCoQO
2022-10-17 23:28:59: Selected columns:
Clinical.ATM, Clinical.OpticNeuritis, Clinical.INO, Clinical.MotorWeakness, Clinical.SensoryDisturbance, Clinical.Ataxia, Clinical.BladderDisturbance, Clinical.BowelDisturbance, Clinical.Myelopathy, Clinical.CogDisturbance, Clinical.VisualLoss, Core.AgeAtExam, Core.EDSS, Core.DiseaseDuration, Core.DiseaseCourse, Core.MSSS, QOL.LackFocus, QOL.LackEnergy, QOL.PsychoDown, QOL.RelativePain, QOL.NotEnjoyLife
2022-10-17 23:28:59: Already run predictor 'GLM' on group 'ClCoQO', skipping...
2022-10-17 23:28:59: Already run predictor 'RF' on group 'ClCoQO', skipping...
2022-10-17 23:28:59: Already run predictor 'RF2' on group 'ClCoQO', skipping...
2022-10-17 23:28:59: Already run predictor 'RF3' on group 'ClCoQO', skipping...
2022-10-17 23:28:59: Already run predictor 'RFO' on group 'ClCoQO', skipping...
2022-10-17 23:28:59: Already run predictor 'RP' on group 'ClCoQO', skipping...
2022-10-17 23:28:59: Already run predictor 'SVM' on group 'ClCoQO', skipping...
2022-10-17 23:28:59: Already run predictor 'NB' on group 'ClCoQO', skipping...
2022-10-17 23:28:59: Already run predictor 'KNN' on group 'ClCoQO', skipping...
2022-10-17 23:28:59: Already run predictor 'KNNC' on group 'ClCoQO', skipping...
2022-10-17 23:28:59: Running predictor 'XGB' for group 'ClCoQO'.
2022-10-17 23:28:59: CV num 1:
Error : nrow(x) == n is not TRUE
2022-10-17 23:28:59: ## Ran group 'ClCoQO' in 0.00 minutes.

2022-10-17 23:28:59: ###### Treating group of Categories: CoFSLi
2022-10-17 23:28:59: Selected columns:
Core.AgeAtExam, Core.EDSS, Core.DiseaseDuration, Core.DiseaseCourse, Core.MSSS, FSSs.Visual, FSSs.Brainstem, FSSs.Pyramidal, FSSs.Cerebellar, FSSs.Sensory, FSSs.Bowel, FSSs.Mental, Life.CaffeineFreq, Life.MemoryConcerns, Life.Smoking
2022-10-17 23:28:59: Already run predictor 'GLM' on group 'CoFSLi', skipping...
2022-10-17 23:28:59: Already run predictor 'RF' on group 'CoFSLi', skipping...
2022-10-17 23:28:59: Already run predictor 'RF2' on group 'CoFSLi', skipping...
2022-10-17 23:28:59: Already run predictor 'RF3' on group 'CoFSLi', skipping...
2022-10-17 23:28:59: Already run predictor 'RFO' on group 'CoFSLi', skipping...
2022-10-17 23:28:59: Already run predictor 'RP' on group 'CoFSLi', skipping...
2022-10-17 23:28:59: Already run predictor 'SVM' on group 'CoFSLi', skipping...
2022-10-17 23:28:59: Already run predictor 'NB' on group 'CoFSLi', skipping...
2022-10-17 23:28:59: Already run predictor 'KNN' on group 'CoFSLi', skipping...
2022-10-17 23:28:59: Already run predictor 'KNNC' on group 'CoFSLi', skipping...
2022-10-17 23:28:59: Running predictor 'XGB' for group 'CoFSLi'.
2022-10-17 23:28:59: CV num 1:
Error : nrow(x) == n is not TRUE
2022-10-17 23:28:59: ## Ran group 'CoFSLi' in 0.00 minutes.

2022-10-17 23:28:59: ###### Treating group of Categories: CoLiQO
2022-10-17 23:28:59: Selected columns:
Core.AgeAtExam, Core.EDSS, Core.DiseaseDuration, Core.DiseaseCourse, Core.MSSS, Life.CaffeineFreq, Life.MemoryConcerns, Life.Smoking, QOL.LackFocus, QOL.LackEnergy, QOL.PsychoDown, QOL.RelativePain, QOL.NotEnjoyLife
2022-10-17 23:28:59: Already run predictor 'GLM' on group 'CoLiQO', skipping...
2022-10-17 23:28:59: Already run predictor 'RF' on group 'CoLiQO', skipping...
2022-10-17 23:28:59: Already run predictor 'RF2' on group 'CoLiQO', skipping...
2022-10-17 23:28:59: Already run predictor 'RF3' on group 'CoLiQO', skipping...
2022-10-17 23:28:59: Already run predictor 'RFO' on group 'CoLiQO', skipping...
2022-10-17 23:28:59: Already run predictor 'RP' on group 'CoLiQO', skipping...
2022-10-17 23:28:59: Already run predictor 'SVM' on group 'CoLiQO', skipping...
2022-10-17 23:28:59: Already run predictor 'NB' on group 'CoLiQO', skipping...
2022-10-17 23:28:59: Already run predictor 'KNN' on group 'CoLiQO', skipping...
Warning: closing unused connection 11 (RunData/Subj-3-2-1914_2022-08-22_10-53/logs/run_2022-10-17_23-28_8001.log)
Warning: closing unused connection 9 (RunData/Subj-3-2-1914_2022-08-22_10-53/logs/run_2022-10-17_23-28_8001.log)
Warning: closing unused connection 7 (RunData/Subj-3-2-1914_2022-08-22_10-53/logs/run_2022-10-17_23-28_8001.log)
2022-10-17 23:28:59: Already run predictor 'KNNC' on group 'CoLiQO', skipping...
2022-10-17 23:28:59: Running predictor 'XGB' for group 'CoLiQO'.
2022-10-17 23:28:59: CV num 1:
Error : nrow(x) == n is not TRUE
2022-10-17 23:28:59: ## Ran group 'CoLiQO' in 0.00 minutes.

2022-10-17 23:28:59: ###### Treating group of Categories: CoQOTr
2022-10-17 23:28:59: Selected columns:
Core.AgeAtExam, Core.EDSS, Core.DiseaseDuration, Core.DiseaseCourse, Core.MSSS, QOL.LackFocus, QOL.LackEnergy, QOL.PsychoDown, QOL.RelativePain, QOL.NotEnjoyLife, Treatments.nDMT, Treatments.hasIM, Treatments.hasIS, Treatments.hasMA, Treatments.DMTcategory
2022-10-17 23:28:59: Already run predictor 'GLM' on group 'CoQOTr', skipping...
2022-10-17 23:28:59: Already run predictor 'RF' on group 'CoQOTr', skipping...
2022-10-17 23:28:59: Already run predictor 'RF2' on group 'CoQOTr', skipping...
2022-10-17 23:28:59: Already run predictor 'RF3' on group 'CoQOTr', skipping...
2022-10-17 23:28:59: Already run predictor 'RFO' on group 'CoQOTr', skipping...
2022-10-17 23:28:59: Already run predictor 'RP' on group 'CoQOTr', skipping...
2022-10-17 23:28:59: Already run predictor 'SVM' on group 'CoQOTr', skipping...
2022-10-17 23:28:59: Already run predictor 'NB' on group 'CoQOTr', skipping...
2022-10-17 23:28:59: Already run predictor 'KNN' on group 'CoQOTr', skipping...
2022-10-17 23:28:59: Already run predictor 'KNNC' on group 'CoQOTr', skipping...
2022-10-17 23:28:59: Running predictor 'XGB' for group 'CoQOTr'.
2022-10-17 23:28:59: CV num 1:
Error : nrow(x) == n is not TRUE
2022-10-17 23:28:59: ## Ran group 'CoQOTr' in 0.00 minutes.

2022-10-17 23:28:59: ###### Treating group of Categories: FSTr
2022-10-17 23:28:59: Selected columns:
FSSs.Visual, FSSs.Brainstem, FSSs.Pyramidal, FSSs.Cerebellar, FSSs.Sensory, FSSs.Bowel, FSSs.Mental, Treatments.nDMT, Treatments.hasIM, Treatments.hasIS, Treatments.hasMA, Treatments.DMTcategory
2022-10-17 23:28:59: Already run predictor 'GLM' on group 'FSTr', skipping...
2022-10-17 23:28:59: Already run predictor 'RF' on group 'FSTr', skipping...
2022-10-17 23:28:59: Already run predictor 'RF2' on group 'FSTr', skipping...
2022-10-17 23:28:59: Already run predictor 'RF3' on group 'FSTr', skipping...
2022-10-17 23:28:59: Already run predictor 'RFO' on group 'FSTr', skipping...
2022-10-17 23:28:59: Already run predictor 'RP' on group 'FSTr', skipping...
2022-10-17 23:28:59: Already run predictor 'SVM' on group 'FSTr', skipping...
2022-10-17 23:28:59: Already run predictor 'NB' on group 'FSTr', skipping...
2022-10-17 23:28:59: Already run predictor 'KNN' on group 'FSTr', skipping...
2022-10-17 23:28:59: Already run predictor 'KNNC' on group 'FSTr', skipping...
2022-10-17 23:28:59: Running predictor 'XGB' for group 'FSTr'.
2022-10-17 23:28:59: CV num 1:
Error : nrow(x) == n is not TRUE
2022-10-17 23:29:00: ## Ran group 'FSTr' in 0.00 minutes.

2022-10-17 23:29:00: ###### Treating group of Categories: MRPa
2022-10-17 23:29:00: Selected columns:
MRI.CE_Lesion, MRI.GM_Volume, MRI.Siena_PBVC, Patient.AgeOfOnset, Patient.Gender
2022-10-17 23:29:00: Already run predictor 'GLM' on group 'MRPa', skipping...
2022-10-17 23:29:00: Already run predictor 'RF' on group 'MRPa', skipping...
2022-10-17 23:29:00: Already run predictor 'RF2' on group 'MRPa', skipping...
2022-10-17 23:29:00: Already run predictor 'RF3' on group 'MRPa', skipping...
2022-10-17 23:29:00: Already run predictor 'RFO' on group 'MRPa', skipping...
2022-10-17 23:29:00: Already run predictor 'RP' on group 'MRPa', skipping...
2022-10-17 23:29:00: Already run predictor 'SVM' on group 'MRPa', skipping...
2022-10-17 23:29:00: Already run predictor 'NB' on group 'MRPa', skipping...
2022-10-17 23:29:00: Already run predictor 'KNN' on group 'MRPa', skipping...
2022-10-17 23:29:00: Already run predictor 'KNNC' on group 'MRPa', skipping...
2022-10-17 23:29:00: Running predictor 'XGB' for group 'MRPa'.
2022-10-17 23:29:00: CV num 1:
Warning: closing unused connection 11 (RunData/Subj-3-2-1914_2022-08-22_10-53/logs/run_2022-10-17_23-28_8001.log)
Warning: closing unused connection 7 (RunData/Subj-3-2-1914_2022-08-22_10-53/logs/run_2022-10-17_23-28_8001.log)
Error : nrow(x) == n is not TRUE
2022-10-17 23:29:00: ## Ran group 'MRPa' in 0.00 minutes.

2022-10-17 23:29:00: ###### Treating group of Categories: Tr
2022-10-17 23:29:00: Selected columns:
Treatments.nDMT, Treatments.hasIM, Treatments.hasIS, Treatments.hasMA, Treatments.DMTcategory
2022-10-17 23:29:00: Already run predictor 'GLM' on group 'Tr', skipping...
2022-10-17 23:29:00: Already run predictor 'RF' on group 'Tr', skipping...
2022-10-17 23:29:00: Already run predictor 'RF2' on group 'Tr', skipping...
2022-10-17 23:29:00: Already run predictor 'RF3' on group 'Tr', skipping...
2022-10-17 23:29:00: Already run predictor 'RFO' on group 'Tr', skipping...
2022-10-17 23:29:00: Already run predictor 'RP' on group 'Tr', skipping...
2022-10-17 23:29:00: Already run predictor 'SVM' on group 'Tr', skipping...
2022-10-17 23:29:00: Already run predictor 'NB' on group 'Tr', skipping...
2022-10-17 23:29:00: Already run predictor 'KNN' on group 'Tr', skipping...
2022-10-17 23:29:00: Already run predictor 'KNNC' on group 'Tr', skipping...
2022-10-17 23:29:00: Running predictor 'XGB' for group 'Tr'.
2022-10-17 23:29:00: CV num 1:
Error : nrow(x) == n is not TRUE
2022-10-17 23:29:00: ## Ran group 'Tr' in 0.00 minutes.

