2022-10-17 23:27:29: ###### Treating group of Categories: ClQO
2022-10-17 23:27:29: Selected columns:
Clinical.ATM, Clinical.OpticNeuritis, Clinical.INO, Clinical.MotorWeakness, Clinical.SensoryDisturbance, Clinical.Ataxia, Clinical.BladderDisturbance, Clinical.BowelDisturbance, Clinical.Myelopathy, Clinical.CogDisturbance, Clinical.VisualLoss, QOL.LackFocus, QOL.LackEnergy, QOL.PsychoDown, QOL.RelativePain, QOL.NotEnjoyLife
2022-10-17 23:27:29: Already run predictor 'GLM' on group 'ClQO', skipping...
2022-10-17 23:27:29: Already run predictor 'RF' on group 'ClQO', skipping...
2022-10-17 23:27:29: Already run predictor 'RF2' on group 'ClQO', skipping...
2022-10-17 23:27:29: Already run predictor 'RF3' on group 'ClQO', skipping...
2022-10-17 23:27:29: Already run predictor 'RFO' on group 'ClQO', skipping...
2022-10-17 23:27:29: Already run predictor 'RP' on group 'ClQO', skipping...
2022-10-17 23:27:29: Already run predictor 'SVM' on group 'ClQO', skipping...
2022-10-17 23:27:29: Already run predictor 'NB' on group 'ClQO', skipping...
2022-10-17 23:27:29: Already run predictor 'KNN' on group 'ClQO', skipping...
2022-10-17 23:27:29: Already run predictor 'KNNC' on group 'ClQO', skipping...
2022-10-17 23:27:29: Running predictor 'XGB' for group 'ClQO'.
2022-10-17 23:27:29: CV num 1:
Loading required package: xgboost

Attaching package: ‘xgboost’

The following object is masked from ‘package:dplyr’:

    slice

Loading required package: plyr
------------------------------------------------------------------------------
You have loaded plyr after dplyr - this is likely to cause problems.
If you need functions from both plyr and dplyr, please load plyr first, then dplyr:
library(plyr); library(dplyr)
------------------------------------------------------------------------------

Attaching package: ‘plyr’

The following objects are masked from ‘package:dplyr’:

    arrange, count, desc, failwith, id, mutate, rename, summarise,
    summarize

Error : At least one of the class levels is not a valid R variable name; This will cause errors when class probabilities are generated because the variables names will be converted to  FALSE., TRUE. . Please use factor levels that can be used as valid R variable names  (see ?make.names for help).
2022-10-17 23:27:33: ## Ran group 'ClQO' in 0.08 minutes.

2022-10-17 23:27:33: ###### Treating group of Categories: ClCoPa
2022-10-17 23:27:33: Selected columns:
Clinical.ATM, Clinical.OpticNeuritis, Clinical.INO, Clinical.MotorWeakness, Clinical.SensoryDisturbance, Clinical.Ataxia, Clinical.BladderDisturbance, Clinical.BowelDisturbance, Clinical.Myelopathy, Clinical.CogDisturbance, Clinical.VisualLoss, Core.AgeAtExam, Core.EDSS, Core.DiseaseDuration, Core.DiseaseCourse, Core.MSSS, Patient.AgeOfOnset, Patient.Gender
2022-10-17 23:27:33: Already run predictor 'GLM' on group 'ClCoPa', skipping...
2022-10-17 23:27:33: Already run predictor 'RF' on group 'ClCoPa', skipping...
2022-10-17 23:27:33: Already run predictor 'RF2' on group 'ClCoPa', skipping...
2022-10-17 23:27:33: Already run predictor 'RF3' on group 'ClCoPa', skipping...
2022-10-17 23:27:33: Already run predictor 'RFO' on group 'ClCoPa', skipping...
2022-10-17 23:27:33: Already run predictor 'RP' on group 'ClCoPa', skipping...
2022-10-17 23:27:33: Already run predictor 'SVM' on group 'ClCoPa', skipping...
2022-10-17 23:27:33: Already run predictor 'NB' on group 'ClCoPa', skipping...
2022-10-17 23:27:33: Already run predictor 'KNN' on group 'ClCoPa', skipping...
2022-10-17 23:27:33: Already run predictor 'KNNC' on group 'ClCoPa', skipping...
2022-10-17 23:27:33: Running predictor 'XGB' for group 'ClCoPa'.
2022-10-17 23:27:33: CV num 1:
Error : At least one of the class levels is not a valid R variable name; This will cause errors when class probabilities are generated because the variables names will be converted to  FALSE., TRUE. . Please use factor levels that can be used as valid R variable names  (see ?make.names for help).
2022-10-17 23:27:33: ## Ran group 'ClCoPa' in 0.00 minutes.

2022-10-17 23:27:33: ###### Treating group of Categories: CoFS
2022-10-17 23:27:33: Selected columns:
Core.AgeAtExam, Core.EDSS, Core.DiseaseDuration, Core.DiseaseCourse, Core.MSSS, FSSs.Visual, FSSs.Brainstem, FSSs.Pyramidal, FSSs.Cerebellar, FSSs.Sensory, FSSs.Bowel, FSSs.Mental
2022-10-17 23:27:33: Already run predictor 'GLM' on group 'CoFS', skipping...
2022-10-17 23:27:33: Already run predictor 'RF' on group 'CoFS', skipping...
2022-10-17 23:27:33: Already run predictor 'RF2' on group 'CoFS', skipping...
2022-10-17 23:27:33: Already run predictor 'RF3' on group 'CoFS', skipping...
2022-10-17 23:27:33: Already run predictor 'RFO' on group 'CoFS', skipping...
2022-10-17 23:27:33: Already run predictor 'RP' on group 'CoFS', skipping...
2022-10-17 23:27:33: Already run predictor 'SVM' on group 'CoFS', skipping...
2022-10-17 23:27:33: Already run predictor 'NB' on group 'CoFS', skipping...
2022-10-17 23:27:33: Already run predictor 'KNN' on group 'CoFS', skipping...
2022-10-17 23:27:33: Already run predictor 'KNNC' on group 'CoFS', skipping...
2022-10-17 23:27:33: Running predictor 'XGB' for group 'CoFS'.
2022-10-17 23:27:33: CV num 1:
Error : At least one of the class levels is not a valid R variable name; This will cause errors when class probabilities are generated because the variables names will be converted to  FALSE., TRUE. . Please use factor levels that can be used as valid R variable names  (see ?make.names for help).
2022-10-17 23:27:33: ## Ran group 'CoFS' in 0.00 minutes.

2022-10-17 23:27:33: ###### Treating group of Categories: CoQO
2022-10-17 23:27:33: Selected columns:
Core.AgeAtExam, Core.EDSS, Core.DiseaseDuration, Core.DiseaseCourse, Core.MSSS, QOL.LackFocus, QOL.LackEnergy, QOL.PsychoDown, QOL.RelativePain, QOL.NotEnjoyLife
2022-10-17 23:27:33: Already run predictor 'GLM' on group 'CoQO', skipping...
2022-10-17 23:27:33: Already run predictor 'RF' on group 'CoQO', skipping...
2022-10-17 23:27:33: Already run predictor 'RF2' on group 'CoQO', skipping...
2022-10-17 23:27:33: Already run predictor 'RF3' on group 'CoQO', skipping...
2022-10-17 23:27:33: Already run predictor 'RFO' on group 'CoQO', skipping...
2022-10-17 23:27:33: Already run predictor 'RP' on group 'CoQO', skipping...
2022-10-17 23:27:33: Already run predictor 'SVM' on group 'CoQO', skipping...
2022-10-17 23:27:33: Already run predictor 'NB' on group 'CoQO', skipping...
2022-10-17 23:27:33: Already run predictor 'KNN' on group 'CoQO', skipping...
2022-10-17 23:27:33: Already run predictor 'KNNC' on group 'CoQO', skipping...
2022-10-17 23:27:33: Running predictor 'XGB' for group 'CoQO'.
2022-10-17 23:27:33: CV num 1:
Error : At least one of the class levels is not a valid R variable name; This will cause errors when class probabilities are generated because the variables names will be converted to  FALSE., TRUE. . Please use factor levels that can be used as valid R variable names  (see ?make.names for help).
2022-10-17 23:27:34: ## Ran group 'CoQO' in 0.00 minutes.

2022-10-17 23:27:34: ###### Treating group of Categories: CoLiMR
2022-10-17 23:27:34: Selected columns:
Core.AgeAtExam, Core.EDSS, Core.DiseaseDuration, Core.DiseaseCourse, Core.MSSS, Life.CaffeineFreq, Life.MemoryConcerns, Life.Smoking, MRI.CE_Lesion, MRI.GM_Volume, MRI.Siena_PBVC
2022-10-17 23:27:34: Already run predictor 'GLM' on group 'CoLiMR', skipping...
2022-10-17 23:27:34: Already run predictor 'RF' on group 'CoLiMR', skipping...
2022-10-17 23:27:34: Already run predictor 'RF2' on group 'CoLiMR', skipping...
2022-10-17 23:27:34: Already run predictor 'RF3' on group 'CoLiMR', skipping...
2022-10-17 23:27:34: Already run predictor 'RFO' on group 'CoLiMR', skipping...
2022-10-17 23:27:34: Already run predictor 'RP' on group 'CoLiMR', skipping...
2022-10-17 23:27:34: Already run predictor 'SVM' on group 'CoLiMR', skipping...
2022-10-17 23:27:34: Already run predictor 'NB' on group 'CoLiMR', skipping...
2022-10-17 23:27:34: Already run predictor 'KNN' on group 'CoLiMR', skipping...
2022-10-17 23:27:34: Already run predictor 'KNNC' on group 'CoLiMR', skipping...
2022-10-17 23:27:34: Running predictor 'XGB' for group 'CoLiMR'.
2022-10-17 23:27:34: CV num 1:
Warning: closing unused connection 11 (RunData/Subj-3-2-1914_2022-08-22_10-53/logs/run_2022-10-17_23-27_7825.log)
Warning: closing unused connection 9 (RunData/Subj-3-2-1914_2022-08-22_10-53/logs/run_2022-10-17_23-27_7825.log)
Warning: closing unused connection 7 (RunData/Subj-3-2-1914_2022-08-22_10-53/logs/run_2022-10-17_23-27_7825.log)
Error : At least one of the class levels is not a valid R variable name; This will cause errors when class probabilities are generated because the variables names will be converted to  FALSE., TRUE. . Please use factor levels that can be used as valid R variable names  (see ?make.names for help).
2022-10-17 23:27:34: ## Ran group 'CoLiMR' in 0.00 minutes.

2022-10-17 23:27:34: ###### Treating group of Categories: CoQOTr
2022-10-17 23:27:34: Selected columns:
Core.AgeAtExam, Core.EDSS, Core.DiseaseDuration, Core.DiseaseCourse, Core.MSSS, QOL.LackFocus, QOL.LackEnergy, QOL.PsychoDown, QOL.RelativePain, QOL.NotEnjoyLife, Treatments.nDMT, Treatments.hasIM, Treatments.hasIS, Treatments.hasMA, Treatments.DMTcategory
2022-10-17 23:27:34: Already run predictor 'GLM' on group 'CoQOTr', skipping...
2022-10-17 23:27:34: Already run predictor 'RF' on group 'CoQOTr', skipping...
2022-10-17 23:27:34: Already run predictor 'RF2' on group 'CoQOTr', skipping...
2022-10-17 23:27:34: Already run predictor 'RF3' on group 'CoQOTr', skipping...
2022-10-17 23:27:34: Already run predictor 'RFO' on group 'CoQOTr', skipping...
2022-10-17 23:27:34: Already run predictor 'RP' on group 'CoQOTr', skipping...
2022-10-17 23:27:34: Already run predictor 'SVM' on group 'CoQOTr', skipping...
2022-10-17 23:27:34: Already run predictor 'NB' on group 'CoQOTr', skipping...
2022-10-17 23:27:34: Already run predictor 'KNN' on group 'CoQOTr', skipping...
2022-10-17 23:27:34: Already run predictor 'KNNC' on group 'CoQOTr', skipping...
2022-10-17 23:27:34: Running predictor 'XGB' for group 'CoQOTr'.
2022-10-17 23:27:34: CV num 1:
Error : At least one of the class levels is not a valid R variable name; This will cause errors when class probabilities are generated because the variables names will be converted to  FALSE., TRUE. . Please use factor levels that can be used as valid R variable names  (see ?make.names for help).
2022-10-17 23:27:34: ## Ran group 'CoQOTr' in 0.00 minutes.

2022-10-17 23:27:34: ###### Treating group of Categories: LiMR
2022-10-17 23:27:34: Selected columns:
Life.CaffeineFreq, Life.MemoryConcerns, Life.Smoking, MRI.CE_Lesion, MRI.GM_Volume, MRI.Siena_PBVC
2022-10-17 23:27:34: Already run predictor 'GLM' on group 'LiMR', skipping...
2022-10-17 23:27:34: Already run predictor 'RF' on group 'LiMR', skipping...
2022-10-17 23:27:34: Already run predictor 'RF2' on group 'LiMR', skipping...
2022-10-17 23:27:34: Already run predictor 'RF3' on group 'LiMR', skipping...
2022-10-17 23:27:34: Already run predictor 'RFO' on group 'LiMR', skipping...
2022-10-17 23:27:34: Already run predictor 'RP' on group 'LiMR', skipping...
2022-10-17 23:27:34: Already run predictor 'SVM' on group 'LiMR', skipping...
2022-10-17 23:27:34: Already run predictor 'NB' on group 'LiMR', skipping...
2022-10-17 23:27:34: Already run predictor 'KNN' on group 'LiMR', skipping...
2022-10-17 23:27:34: Already run predictor 'KNNC' on group 'LiMR', skipping...
2022-10-17 23:27:34: Running predictor 'XGB' for group 'LiMR'.
2022-10-17 23:27:34: CV num 1:
Error : At least one of the class levels is not a valid R variable name; This will cause errors when class probabilities are generated because the variables names will be converted to  FALSE., TRUE. . Please use factor levels that can be used as valid R variable names  (see ?make.names for help).
2022-10-17 23:27:34: ## Ran group 'LiMR' in 0.00 minutes.

2022-10-17 23:27:34: ###### Treating group of Categories: LiTr
2022-10-17 23:27:34: Selected columns:
Life.CaffeineFreq, Life.MemoryConcerns, Life.Smoking, Treatments.nDMT, Treatments.hasIM, Treatments.hasIS, Treatments.hasMA, Treatments.DMTcategory
2022-10-17 23:27:34: Already run predictor 'GLM' on group 'LiTr', skipping...
2022-10-17 23:27:34: Already run predictor 'RF' on group 'LiTr', skipping...
2022-10-17 23:27:34: Already run predictor 'RF2' on group 'LiTr', skipping...
2022-10-17 23:27:34: Already run predictor 'RF3' on group 'LiTr', skipping...
2022-10-17 23:27:34: Already run predictor 'RFO' on group 'LiTr', skipping...
2022-10-17 23:27:34: Already run predictor 'RP' on group 'LiTr', skipping...
2022-10-17 23:27:34: Already run predictor 'SVM' on group 'LiTr', skipping...
2022-10-17 23:27:34: Already run predictor 'NB' on group 'LiTr', skipping...
2022-10-17 23:27:34: Already run predictor 'KNN' on group 'LiTr', skipping...
2022-10-17 23:27:34: Already run predictor 'KNNC' on group 'LiTr', skipping...
2022-10-17 23:27:34: Running predictor 'XGB' for group 'LiTr'.
2022-10-17 23:27:34: CV num 1:
Error : At least one of the class levels is not a valid R variable name; This will cause errors when class probabilities are generated because the variables names will be converted to  FALSE., TRUE. . Please use factor levels that can be used as valid R variable names  (see ?make.names for help).
2022-10-17 23:27:34: ## Ran group 'LiTr' in 0.00 minutes.

2022-10-17 23:27:34: ###### Treating group of Categories: QO
2022-10-17 23:27:34: Selected columns:
QOL.LackFocus, QOL.LackEnergy, QOL.PsychoDown, QOL.RelativePain, QOL.NotEnjoyLife
2022-10-17 23:27:34: Already run predictor 'GLM' on group 'QO', skipping...
2022-10-17 23:27:34: Already run predictor 'RF' on group 'QO', skipping...
2022-10-17 23:27:34: Already run predictor 'RF2' on group 'QO', skipping...
2022-10-17 23:27:34: Already run predictor 'RF3' on group 'QO', skipping...
2022-10-17 23:27:34: Already run predictor 'RFO' on group 'QO', skipping...
2022-10-17 23:27:34: Already run predictor 'RP' on group 'QO', skipping...
2022-10-17 23:27:34: Already run predictor 'SVM' on group 'QO', skipping...
2022-10-17 23:27:34: Already run predictor 'NB' on group 'QO', skipping...
2022-10-17 23:27:34: Already run predictor 'KNN' on group 'QO', skipping...
2022-10-17 23:27:34: Already run predictor 'KNNC' on group 'QO', skipping...
2022-10-17 23:27:34: Running predictor 'XGB' for group 'QO'.
2022-10-17 23:27:34: CV num 1:
Error : At least one of the class levels is not a valid R variable name; This will cause errors when class probabilities are generated because the variables names will be converted to  FALSE., TRUE. . Please use factor levels that can be used as valid R variable names  (see ?make.names for help).
2022-10-17 23:27:34: ## Ran group 'QO' in 0.00 minutes.

