2022-10-17 23:15:39: ###### Treating group of Categories: ClQO
2022-10-17 23:15:39: Selected columns:
Clinical.ATM, Clinical.OpticNeuritis, Clinical.INO, Clinical.MotorWeakness, Clinical.SensoryDisturbance, Clinical.Ataxia, Clinical.BladderDisturbance, Clinical.BowelDisturbance, Clinical.Myelopathy, Clinical.CogDisturbance, Clinical.VisualLoss, QOL.LackFocus, QOL.LackEnergy, QOL.PsychoDown, QOL.RelativePain, QOL.NotEnjoyLife
2022-10-17 23:15:39: Already run predictor 'GLM' on group 'ClQO', skipping...
2022-10-17 23:15:39: Already run predictor 'RF' on group 'ClQO', skipping...
2022-10-17 23:15:39: Already run predictor 'RF2' on group 'ClQO', skipping...
2022-10-17 23:15:39: Already run predictor 'RF3' on group 'ClQO', skipping...
2022-10-17 23:15:39: Already run predictor 'RFO' on group 'ClQO', skipping...
2022-10-17 23:15:39: Already run predictor 'RP' on group 'ClQO', skipping...
2022-10-17 23:15:39: Already run predictor 'SVM' on group 'ClQO', skipping...
2022-10-17 23:15:39: Already run predictor 'NB' on group 'ClQO', skipping...
2022-10-17 23:15:39: Already run predictor 'KNN' on group 'ClQO', skipping...
2022-10-17 23:15:39: Already run predictor 'KNNC' on group 'ClQO', skipping...
2022-10-17 23:15:39: Running predictor 'XGB' for group 'ClQO'.
2022-10-17 23:15:39: CV num 1:
Loading required package: xgboost

Attaching package: ‘xgboost’

The following object is masked from ‘package:dplyr’:

    slice

Loading required package: plyr
------------------------------------------------------------------------------
You have loaded plyr after dplyr - this is likely to cause problems.
If you need functions from both plyr and dplyr, please load plyr first, then dplyr:
library(plyr); library(dplyr)
------------------------------------------------------------------------------

Attaching package: ‘plyr’

The following objects are masked from ‘package:dplyr’:

    arrange, count, desc, failwith, id, mutate, rename, summarise,
    summarize

Error in train.default(Xtrain, factor(Ytrain), method = "xgbTree", trControl = trControl,  : 
  object 'trControl' not found
2022-10-17 23:15:48: ## Ran group 'ClQO' in 0.15 minutes.

2022-10-17 23:15:48: ###### Treating group of Categories: ClCoPa
2022-10-17 23:15:48: Selected columns:
Clinical.ATM, Clinical.OpticNeuritis, Clinical.INO, Clinical.MotorWeakness, Clinical.SensoryDisturbance, Clinical.Ataxia, Clinical.BladderDisturbance, Clinical.BowelDisturbance, Clinical.Myelopathy, Clinical.CogDisturbance, Clinical.VisualLoss, Core.AgeAtExam, Core.EDSS, Core.DiseaseDuration, Core.DiseaseCourse, Core.MSSS, Patient.AgeOfOnset, Patient.Gender
2022-10-17 23:15:48: Already run predictor 'GLM' on group 'ClCoPa', skipping...
2022-10-17 23:15:48: Already run predictor 'RF' on group 'ClCoPa', skipping...
2022-10-17 23:15:48: Already run predictor 'RF2' on group 'ClCoPa', skipping...
2022-10-17 23:15:48: Already run predictor 'RF3' on group 'ClCoPa', skipping...
2022-10-17 23:15:48: Already run predictor 'RFO' on group 'ClCoPa', skipping...
2022-10-17 23:15:48: Already run predictor 'RP' on group 'ClCoPa', skipping...
2022-10-17 23:15:48: Already run predictor 'SVM' on group 'ClCoPa', skipping...
2022-10-17 23:15:48: Already run predictor 'NB' on group 'ClCoPa', skipping...
2022-10-17 23:15:48: Already run predictor 'KNN' on group 'ClCoPa', skipping...
2022-10-17 23:15:48: Already run predictor 'KNNC' on group 'ClCoPa', skipping...
2022-10-17 23:15:48: Running predictor 'XGB' for group 'ClCoPa'.
2022-10-17 23:15:48: CV num 1:
Error in train.default(Xtrain, factor(Ytrain), method = "xgbTree", trControl = trControl,  : 
  object 'trControl' not found
2022-10-17 23:15:48: ## Ran group 'ClCoPa' in 0.00 minutes.

2022-10-17 23:15:48: ###### Treating group of Categories: ClCoTr
2022-10-17 23:15:48: Selected columns:
Clinical.ATM, Clinical.OpticNeuritis, Clinical.INO, Clinical.MotorWeakness, Clinical.SensoryDisturbance, Clinical.Ataxia, Clinical.BladderDisturbance, Clinical.BowelDisturbance, Clinical.Myelopathy, Clinical.CogDisturbance, Clinical.VisualLoss, Core.AgeAtExam, Core.EDSS, Core.DiseaseDuration, Core.DiseaseCourse, Core.MSSS, Treatments.nDMT, Treatments.hasIM, Treatments.hasIS, Treatments.hasMA, Treatments.DMTcategory
2022-10-17 23:15:48: Already run predictor 'GLM' on group 'ClCoTr', skipping...
2022-10-17 23:15:48: Already run predictor 'RF' on group 'ClCoTr', skipping...
2022-10-17 23:15:48: Already run predictor 'RF2' on group 'ClCoTr', skipping...
2022-10-17 23:15:48: Already run predictor 'RF3' on group 'ClCoTr', skipping...
2022-10-17 23:15:48: Already run predictor 'RFO' on group 'ClCoTr', skipping...
2022-10-17 23:15:48: Already run predictor 'RP' on group 'ClCoTr', skipping...
2022-10-17 23:15:48: Already run predictor 'SVM' on group 'ClCoTr', skipping...
2022-10-17 23:15:48: Already run predictor 'NB' on group 'ClCoTr', skipping...
2022-10-17 23:15:48: Already run predictor 'KNN' on group 'ClCoTr', skipping...
2022-10-17 23:15:48: Already run predictor 'KNNC' on group 'ClCoTr', skipping...
2022-10-17 23:15:48: Running predictor 'XGB' for group 'ClCoTr'.
2022-10-17 23:15:48: CV num 1:
Error in train.default(Xtrain, factor(Ytrain), method = "xgbTree", trControl = trControl,  : 
  object 'trControl' not found
2022-10-17 23:15:48: ## Ran group 'ClCoTr' in 0.00 minutes.

2022-10-17 23:15:48: ###### Treating group of Categories: CoTr
2022-10-17 23:15:48: Selected columns:
Core.AgeAtExam, Core.EDSS, Core.DiseaseDuration, Core.DiseaseCourse, Core.MSSS, Treatments.nDMT, Treatments.hasIM, Treatments.hasIS, Treatments.hasMA, Treatments.DMTcategory
2022-10-17 23:15:48: Already run predictor 'GLM' on group 'CoTr', skipping...
2022-10-17 23:15:48: Already run predictor 'RF' on group 'CoTr', skipping...
2022-10-17 23:15:48: Already run predictor 'RF2' on group 'CoTr', skipping...
2022-10-17 23:15:48: Already run predictor 'RF3' on group 'CoTr', skipping...
2022-10-17 23:15:48: Already run predictor 'RFO' on group 'CoTr', skipping...
2022-10-17 23:15:48: Already run predictor 'RP' on group 'CoTr', skipping...
2022-10-17 23:15:48: Already run predictor 'SVM' on group 'CoTr', skipping...
2022-10-17 23:15:48: Already run predictor 'NB' on group 'CoTr', skipping...
2022-10-17 23:15:48: Already run predictor 'KNN' on group 'CoTr', skipping...
2022-10-17 23:15:48: Already run predictor 'KNNC' on group 'CoTr', skipping...
2022-10-17 23:15:48: Running predictor 'XGB' for group 'CoTr'.
2022-10-17 23:15:48: CV num 1:
Error in train.default(Xtrain, factor(Ytrain), method = "xgbTree", trControl = trControl,  : 
  object 'trControl' not found
2022-10-17 23:15:48: ## Ran group 'CoTr' in 0.00 minutes.

2022-10-17 23:15:48: ###### Treating group of Categories: CoLiPa
2022-10-17 23:15:48: Selected columns:
Core.AgeAtExam, Core.EDSS, Core.DiseaseDuration, Core.DiseaseCourse, Core.MSSS, Life.CaffeineFreq, Life.MemoryConcerns, Life.Smoking, Patient.AgeOfOnset, Patient.Gender
2022-10-17 23:15:48: Already run predictor 'GLM' on group 'CoLiPa', skipping...
2022-10-17 23:15:48: Already run predictor 'RF' on group 'CoLiPa', skipping...
2022-10-17 23:15:48: Already run predictor 'RF2' on group 'CoLiPa', skipping...
2022-10-17 23:15:48: Already run predictor 'RF3' on group 'CoLiPa', skipping...
2022-10-17 23:15:48: Already run predictor 'RFO' on group 'CoLiPa', skipping...
2022-10-17 23:15:48: Already run predictor 'RP' on group 'CoLiPa', skipping...
2022-10-17 23:15:48: Already run predictor 'SVM' on group 'CoLiPa', skipping...
2022-10-17 23:15:48: Already run predictor 'NB' on group 'CoLiPa', skipping...
2022-10-17 23:15:48: Already run predictor 'KNN' on group 'CoLiPa', skipping...
2022-10-17 23:15:48: Already run predictor 'KNNC' on group 'CoLiPa', skipping...
2022-10-17 23:15:48: Running predictor 'XGB' for group 'CoLiPa'.
2022-10-17 23:15:48: CV num 1:
Error in train.default(Xtrain, factor(Ytrain), method = "xgbTree", trControl = trControl,  : 
  object 'trControl' not found
2022-10-17 23:15:48: ## Ran group 'CoLiPa' in 0.00 minutes.

2022-10-17 23:15:48: ###### Treating group of Categories: CoPaQO
2022-10-17 23:15:48: Selected columns:
Core.AgeAtExam, Core.EDSS, Core.DiseaseDuration, Core.DiseaseCourse, Core.MSSS, Patient.AgeOfOnset, Patient.Gender, QOL.LackFocus, QOL.LackEnergy, QOL.PsychoDown, QOL.RelativePain, QOL.NotEnjoyLife
2022-10-17 23:15:48: Already run predictor 'GLM' on group 'CoPaQO', skipping...
2022-10-17 23:15:48: Already run predictor 'RF' on group 'CoPaQO', skipping...
2022-10-17 23:15:48: Already run predictor 'RF2' on group 'CoPaQO', skipping...
2022-10-17 23:15:48: Already run predictor 'RF3' on group 'CoPaQO', skipping...
2022-10-17 23:15:48: Already run predictor 'RFO' on group 'CoPaQO', skipping...
2022-10-17 23:15:48: Already run predictor 'RP' on group 'CoPaQO', skipping...
2022-10-17 23:15:48: Already run predictor 'SVM' on group 'CoPaQO', skipping...
2022-10-17 23:15:48: Already run predictor 'NB' on group 'CoPaQO', skipping...
2022-10-17 23:15:48: Already run predictor 'KNN' on group 'CoPaQO', skipping...
2022-10-17 23:15:48: Already run predictor 'KNNC' on group 'CoPaQO', skipping...
2022-10-17 23:15:48: Running predictor 'XGB' for group 'CoPaQO'.
2022-10-17 23:15:48: CV num 1:
Error in train.default(Xtrain, factor(Ytrain), method = "xgbTree", trControl = trControl,  : 
  object 'trControl' not found
2022-10-17 23:15:48: ## Ran group 'CoPaQO' in 0.00 minutes.

2022-10-17 23:15:48: ###### Treating group of Categories: FSQO
2022-10-17 23:15:48: Selected columns:
FSSs.Visual, FSSs.Brainstem, FSSs.Pyramidal, FSSs.Cerebellar, FSSs.Sensory, FSSs.Bowel, FSSs.Mental, QOL.LackFocus, QOL.LackEnergy, QOL.PsychoDown, QOL.RelativePain, QOL.NotEnjoyLife
2022-10-17 23:15:48: Already run predictor 'GLM' on group 'FSQO', skipping...
2022-10-17 23:15:48: Already run predictor 'RF' on group 'FSQO', skipping...
2022-10-17 23:15:48: Already run predictor 'RF2' on group 'FSQO', skipping...
2022-10-17 23:15:48: Already run predictor 'RF3' on group 'FSQO', skipping...
2022-10-17 23:15:48: Already run predictor 'RFO' on group 'FSQO', skipping...
2022-10-17 23:15:48: Already run predictor 'RP' on group 'FSQO', skipping...
2022-10-17 23:15:48: Already run predictor 'SVM' on group 'FSQO', skipping...
2022-10-17 23:15:48: Already run predictor 'NB' on group 'FSQO', skipping...
2022-10-17 23:15:48: Already run predictor 'KNN' on group 'FSQO', skipping...
2022-10-17 23:15:48: Already run predictor 'KNNC' on group 'FSQO', skipping...
2022-10-17 23:15:48: Running predictor 'XGB' for group 'FSQO'.
2022-10-17 23:15:48: CV num 1:
Error in train.default(Xtrain, factor(Ytrain), method = "xgbTree", trControl = trControl,  : 
  object 'trControl' not found
2022-10-17 23:15:49: ## Ran group 'FSQO' in 0.01 minutes.

2022-10-17 23:15:49: ###### Treating group of Categories: MRTr
2022-10-17 23:15:49: Selected columns:
MRI.CE_Lesion, MRI.GM_Volume, MRI.Siena_PBVC, Treatments.nDMT, Treatments.hasIM, Treatments.hasIS, Treatments.hasMA, Treatments.DMTcategory
2022-10-17 23:15:49: Already run predictor 'GLM' on group 'MRTr', skipping...
2022-10-17 23:15:49: Already run predictor 'RF' on group 'MRTr', skipping...
2022-10-17 23:15:49: Already run predictor 'RF2' on group 'MRTr', skipping...
2022-10-17 23:15:49: Already run predictor 'RF3' on group 'MRTr', skipping...
2022-10-17 23:15:49: Already run predictor 'RFO' on group 'MRTr', skipping...
2022-10-17 23:15:49: Already run predictor 'RP' on group 'MRTr', skipping...
2022-10-17 23:15:49: Already run predictor 'SVM' on group 'MRTr', skipping...
2022-10-17 23:15:49: Already run predictor 'NB' on group 'MRTr', skipping...
2022-10-17 23:15:49: Already run predictor 'KNN' on group 'MRTr', skipping...
2022-10-17 23:15:49: Already run predictor 'KNNC' on group 'MRTr', skipping...
2022-10-17 23:15:49: Running predictor 'XGB' for group 'MRTr'.
2022-10-17 23:15:49: CV num 1:
Error in train.default(Xtrain, factor(Ytrain), method = "xgbTree", trControl = trControl,  : 
  object 'trControl' not found
2022-10-17 23:15:49: ## Ran group 'MRTr' in 0.01 minutes.

2022-10-17 23:15:49: ###### Treating group of Categories: .
2022-10-17 23:15:49: Selected columns:
Clinical.ATM, Clinical.OpticNeuritis, Clinical.INO, Clinical.MotorWeakness, Clinical.SensoryDisturbance, Clinical.Ataxia, Clinical.BladderDisturbance, Clinical.BowelDisturbance, Clinical.Myelopathy, Clinical.CogDisturbance, Clinical.VisualLoss, Core.AgeAtExam, Core.EDSS, Core.DiseaseDuration, Core.DiseaseCourse, Core.MSSS, FSSs.Visual, FSSs.Brainstem, FSSs.Pyramidal, FSSs.Cerebellar, FSSs.Sensory, FSSs.Bowel, FSSs.Mental, Life.CaffeineFreq, Life.MemoryConcerns, Life.Smoking, MRI.CE_Lesion, MRI.GM_Volume, MRI.Siena_PBVC, MSFC.T25FW, MSFC.NHPT, Patient.AgeOfOnset, Patient.Gender, QOL.LackFocus, QOL.LackEnergy, QOL.PsychoDown, QOL.RelativePain, QOL.NotEnjoyLife, Treatments.nDMT, Treatments.hasIM, Treatments.hasIS, Treatments.hasMA, Treatments.DMTcategory
2022-10-17 23:15:49: Already run predictor 'GLM' on group '.', skipping...
2022-10-17 23:15:49: Already run predictor 'RF' on group '.', skipping...
2022-10-17 23:15:49: Already run predictor 'RF2' on group '.', skipping...
2022-10-17 23:15:49: Already run predictor 'RF3' on group '.', skipping...
2022-10-17 23:15:49: Already run predictor 'RFO' on group '.', skipping...
2022-10-17 23:15:49: Already run predictor 'RP' on group '.', skipping...
2022-10-17 23:15:49: Already run predictor 'SVM' on group '.', skipping...
2022-10-17 23:15:49: Already run predictor 'NB' on group '.', skipping...
2022-10-17 23:15:49: Already run predictor 'KNN' on group '.', skipping...
2022-10-17 23:15:49: Already run predictor 'KNNC' on group '.', skipping...
2022-10-17 23:15:49: Running predictor 'XGB' for group '.'.
2022-10-17 23:15:49: CV num 1:
Error in train.default(Xtrain, factor(Ytrain), method = "xgbTree", trControl = trControl,  : 
  object 'trControl' not found
2022-10-17 23:15:49: ## Ran group '.' in 0.00 minutes.

