2022-10-17 23:28:54: ###### Treating group of Categories: Cl
2022-10-17 23:28:54: Selected columns:
Clinical.ATM, Clinical.OpticNeuritis, Clinical.INO, Clinical.MotorWeakness, Clinical.SensoryDisturbance, Clinical.Ataxia, Clinical.BladderDisturbance, Clinical.BowelDisturbance, Clinical.Myelopathy, Clinical.CogDisturbance, Clinical.VisualLoss
2022-10-17 23:28:54: Already run predictor 'GLM' on group 'Cl', skipping...
2022-10-17 23:28:54: Already run predictor 'RF' on group 'Cl', skipping...
2022-10-17 23:28:54: Already run predictor 'RF2' on group 'Cl', skipping...
2022-10-17 23:28:54: Already run predictor 'RF3' on group 'Cl', skipping...
2022-10-17 23:28:54: Already run predictor 'RFO' on group 'Cl', skipping...
2022-10-17 23:28:54: Already run predictor 'RP' on group 'Cl', skipping...
2022-10-17 23:28:54: Already run predictor 'SVM' on group 'Cl', skipping...
2022-10-17 23:28:54: Already run predictor 'NB' on group 'Cl', skipping...
2022-10-17 23:28:54: Already run predictor 'KNN' on group 'Cl', skipping...
2022-10-17 23:28:54: Already run predictor 'KNNC' on group 'Cl', skipping...
2022-10-17 23:28:54: Running predictor 'XGB' for group 'Cl'.
2022-10-17 23:28:54: CV num 1:
Loading required package: xgboost

Attaching package: ‘xgboost’

The following object is masked from ‘package:dplyr’:

    slice

Loading required package: plyr
------------------------------------------------------------------------------
You have loaded plyr after dplyr - this is likely to cause problems.
If you need functions from both plyr and dplyr, please load plyr first, then dplyr:
library(plyr); library(dplyr)
------------------------------------------------------------------------------

Attaching package: ‘plyr’

The following objects are masked from ‘package:dplyr’:

    arrange, count, desc, failwith, id, mutate, rename, summarise,
    summarize

Error : nrow(x) == n is not TRUE
2022-10-17 23:28:59: ## Ran group 'Cl' in 0.09 minutes.

2022-10-17 23:28:59: ###### Treating group of Categories: CoLiPa
2022-10-17 23:28:59: Selected columns:
Core.AgeAtExam, Core.EDSS, Core.DiseaseDuration, Core.DiseaseCourse, Core.MSSS, Life.CaffeineFreq, Life.MemoryConcerns, Life.Smoking, Patient.AgeOfOnset, Patient.Gender
2022-10-17 23:28:59: Already run predictor 'GLM' on group 'CoLiPa', skipping...
2022-10-17 23:28:59: Already run predictor 'RF' on group 'CoLiPa', skipping...
2022-10-17 23:28:59: Already run predictor 'RF2' on group 'CoLiPa', skipping...
2022-10-17 23:28:59: Already run predictor 'RF3' on group 'CoLiPa', skipping...
2022-10-17 23:28:59: Already run predictor 'RFO' on group 'CoLiPa', skipping...
2022-10-17 23:28:59: Already run predictor 'RP' on group 'CoLiPa', skipping...
2022-10-17 23:28:59: Already run predictor 'SVM' on group 'CoLiPa', skipping...
2022-10-17 23:28:59: Already run predictor 'NB' on group 'CoLiPa', skipping...
2022-10-17 23:28:59: Already run predictor 'KNN' on group 'CoLiPa', skipping...
2022-10-17 23:28:59: Already run predictor 'KNNC' on group 'CoLiPa', skipping...
2022-10-17 23:28:59: Running predictor 'XGB' for group 'CoLiPa'.
2022-10-17 23:28:59: CV num 1:
Error : nrow(x) == n is not TRUE
2022-10-17 23:28:59: ## Ran group 'CoLiPa' in 0.00 minutes.

2022-10-17 23:28:59: ###### Treating group of Categories: CoPaTr
2022-10-17 23:28:59: Selected columns:
Core.AgeAtExam, Core.EDSS, Core.DiseaseDuration, Core.DiseaseCourse, Core.MSSS, Patient.AgeOfOnset, Patient.Gender, Treatments.nDMT, Treatments.hasIM, Treatments.hasIS, Treatments.hasMA, Treatments.DMTcategory
2022-10-17 23:28:59: Already run predictor 'GLM' on group 'CoPaTr', skipping...
2022-10-17 23:28:59: Already run predictor 'RF' on group 'CoPaTr', skipping...
2022-10-17 23:28:59: Already run predictor 'RF2' on group 'CoPaTr', skipping...
2022-10-17 23:28:59: Already run predictor 'RF3' on group 'CoPaTr', skipping...
2022-10-17 23:28:59: Already run predictor 'RFO' on group 'CoPaTr', skipping...
2022-10-17 23:28:59: Already run predictor 'RP' on group 'CoPaTr', skipping...
2022-10-17 23:28:59: Already run predictor 'SVM' on group 'CoPaTr', skipping...
2022-10-17 23:28:59: Already run predictor 'NB' on group 'CoPaTr', skipping...
2022-10-17 23:28:59: Already run predictor 'KNN' on group 'CoPaTr', skipping...
2022-10-17 23:28:59: Already run predictor 'KNNC' on group 'CoPaTr', skipping...
2022-10-17 23:28:59: Running predictor 'XGB' for group 'CoPaTr'.
2022-10-17 23:28:59: CV num 1:
Error : nrow(x) == n is not TRUE
2022-10-17 23:28:59: ## Ran group 'CoPaTr' in 0.00 minutes.

2022-10-17 23:28:59: ###### Treating group of Categories: LiMS
2022-10-17 23:28:59: Selected columns:
Life.CaffeineFreq, Life.MemoryConcerns, Life.Smoking, MSFC.T25FW, MSFC.NHPT
2022-10-17 23:28:59: Already run predictor 'GLM' on group 'LiMS', skipping...
2022-10-17 23:28:59: Already run predictor 'RF' on group 'LiMS', skipping...
2022-10-17 23:28:59: Already run predictor 'RF2' on group 'LiMS', skipping...
2022-10-17 23:28:59: Already run predictor 'RF3' on group 'LiMS', skipping...
2022-10-17 23:28:59: Already run predictor 'RFO' on group 'LiMS', skipping...
2022-10-17 23:28:59: Already run predictor 'RP' on group 'LiMS', skipping...
2022-10-17 23:28:59: Already run predictor 'SVM' on group 'LiMS', skipping...
2022-10-17 23:28:59: Already run predictor 'NB' on group 'LiMS', skipping...
2022-10-17 23:28:59: Already run predictor 'KNN' on group 'LiMS', skipping...
2022-10-17 23:28:59: Already run predictor 'KNNC' on group 'LiMS', skipping...
2022-10-17 23:28:59: Running predictor 'XGB' for group 'LiMS'.
2022-10-17 23:28:59: CV num 1:
Error : nrow(x) == n is not TRUE
2022-10-17 23:29:00: ## Ran group 'LiMS' in 0.00 minutes.

2022-10-17 23:29:00: ###### Treating group of Categories: MSQO
2022-10-17 23:29:00: Selected columns:
MSFC.T25FW, MSFC.NHPT, QOL.LackFocus, QOL.LackEnergy, QOL.PsychoDown, QOL.RelativePain, QOL.NotEnjoyLife
2022-10-17 23:29:00: Already run predictor 'GLM' on group 'MSQO', skipping...
2022-10-17 23:29:00: Already run predictor 'RF' on group 'MSQO', skipping...
2022-10-17 23:29:00: Already run predictor 'RF2' on group 'MSQO', skipping...
2022-10-17 23:29:00: Already run predictor 'RF3' on group 'MSQO', skipping...
2022-10-17 23:29:00: Already run predictor 'RFO' on group 'MSQO', skipping...
2022-10-17 23:29:00: Already run predictor 'RP' on group 'MSQO', skipping...
2022-10-17 23:29:00: Already run predictor 'SVM' on group 'MSQO', skipping...
2022-10-17 23:29:00: Already run predictor 'NB' on group 'MSQO', skipping...
2022-10-17 23:29:00: Already run predictor 'KNN' on group 'MSQO', skipping...
2022-10-17 23:29:00: Already run predictor 'KNNC' on group 'MSQO', skipping...
2022-10-17 23:29:00: Running predictor 'XGB' for group 'MSQO'.
2022-10-17 23:29:00: CV num 1:
Warning: closing unused connection 11 (RunData/Subj-3-2-1914_2022-08-22_10-53/logs/run_2022-10-17_23-28_7884.log)
Warning: closing unused connection 9 (RunData/Subj-3-2-1914_2022-08-22_10-53/logs/run_2022-10-17_23-28_7884.log)
Warning: closing unused connection 7 (RunData/Subj-3-2-1914_2022-08-22_10-53/logs/run_2022-10-17_23-28_7884.log)
Error : nrow(x) == n is not TRUE
2022-10-17 23:29:00: ## Ran group 'MSQO' in 0.00 minutes.

