2022-10-17 23:27:29: ###### Treating group of Categories: ClCoFS
2022-10-17 23:27:29: Selected columns:
Clinical.ATM, Clinical.OpticNeuritis, Clinical.INO, Clinical.MotorWeakness, Clinical.SensoryDisturbance, Clinical.Ataxia, Clinical.BladderDisturbance, Clinical.BowelDisturbance, Clinical.Myelopathy, Clinical.CogDisturbance, Clinical.VisualLoss, Core.AgeAtExam, Core.EDSS, Core.DiseaseDuration, Core.DiseaseCourse, Core.MSSS, FSSs.Visual, FSSs.Brainstem, FSSs.Pyramidal, FSSs.Cerebellar, FSSs.Sensory, FSSs.Bowel, FSSs.Mental
2022-10-17 23:27:29: Already run predictor 'GLM' on group 'ClCoFS', skipping...
2022-10-17 23:27:29: Already run predictor 'RF' on group 'ClCoFS', skipping...
2022-10-17 23:27:29: Already run predictor 'RF2' on group 'ClCoFS', skipping...
2022-10-17 23:27:29: Already run predictor 'RF3' on group 'ClCoFS', skipping...
2022-10-17 23:27:29: Already run predictor 'RFO' on group 'ClCoFS', skipping...
2022-10-17 23:27:29: Already run predictor 'RP' on group 'ClCoFS', skipping...
2022-10-17 23:27:29: Already run predictor 'SVM' on group 'ClCoFS', skipping...
2022-10-17 23:27:29: Already run predictor 'NB' on group 'ClCoFS', skipping...
2022-10-17 23:27:29: Already run predictor 'KNN' on group 'ClCoFS', skipping...
2022-10-17 23:27:29: Already run predictor 'KNNC' on group 'ClCoFS', skipping...
2022-10-17 23:27:29: Running predictor 'XGB' for group 'ClCoFS'.
2022-10-17 23:27:29: CV num 1:
Loading required package: xgboost

Attaching package: ‘xgboost’

The following object is masked from ‘package:dplyr’:

    slice

Loading required package: plyr
------------------------------------------------------------------------------
You have loaded plyr after dplyr - this is likely to cause problems.
If you need functions from both plyr and dplyr, please load plyr first, then dplyr:
library(plyr); library(dplyr)
------------------------------------------------------------------------------

Attaching package: ‘plyr’

The following objects are masked from ‘package:dplyr’:

    arrange, count, desc, failwith, id, mutate, rename, summarise,
    summarize

Error : At least one of the class levels is not a valid R variable name; This will cause errors when class probabilities are generated because the variables names will be converted to  FALSE., TRUE. . Please use factor levels that can be used as valid R variable names  (see ?make.names for help).
2022-10-17 23:27:33: ## Ran group 'ClCoFS' in 0.08 minutes.

2022-10-17 23:27:33: ###### Treating group of Categories: Co
2022-10-17 23:27:33: Selected columns:
Core.AgeAtExam, Core.EDSS, Core.DiseaseDuration, Core.DiseaseCourse, Core.MSSS
2022-10-17 23:27:33: Already run predictor 'GLM' on group 'Co', skipping...
2022-10-17 23:27:33: Already run predictor 'RF' on group 'Co', skipping...
2022-10-17 23:27:33: Already run predictor 'RF2' on group 'Co', skipping...
2022-10-17 23:27:33: Already run predictor 'RF3' on group 'Co', skipping...
2022-10-17 23:27:33: Already run predictor 'RFO' on group 'Co', skipping...
2022-10-17 23:27:33: Already run predictor 'RP' on group 'Co', skipping...
2022-10-17 23:27:33: Already run predictor 'SVM' on group 'Co', skipping...
2022-10-17 23:27:33: Already run predictor 'NB' on group 'Co', skipping...
2022-10-17 23:27:33: Already run predictor 'KNN' on group 'Co', skipping...
2022-10-17 23:27:33: Already run predictor 'KNNC' on group 'Co', skipping...
2022-10-17 23:27:33: Running predictor 'XGB' for group 'Co'.
2022-10-17 23:27:33: CV num 1:
Error : At least one of the class levels is not a valid R variable name; This will cause errors when class probabilities are generated because the variables names will be converted to  FALSE., TRUE. . Please use factor levels that can be used as valid R variable names  (see ?make.names for help).
2022-10-17 23:27:33: ## Ran group 'Co' in 0.00 minutes.

2022-10-17 23:27:33: ###### Treating group of Categories: CoTr
2022-10-17 23:27:33: Selected columns:
Core.AgeAtExam, Core.EDSS, Core.DiseaseDuration, Core.DiseaseCourse, Core.MSSS, Treatments.nDMT, Treatments.hasIM, Treatments.hasIS, Treatments.hasMA, Treatments.DMTcategory
2022-10-17 23:27:33: Already run predictor 'GLM' on group 'CoTr', skipping...
2022-10-17 23:27:33: Already run predictor 'RF' on group 'CoTr', skipping...
2022-10-17 23:27:33: Already run predictor 'RF2' on group 'CoTr', skipping...
2022-10-17 23:27:33: Already run predictor 'RF3' on group 'CoTr', skipping...
2022-10-17 23:27:33: Already run predictor 'RFO' on group 'CoTr', skipping...
2022-10-17 23:27:33: Already run predictor 'RP' on group 'CoTr', skipping...
2022-10-17 23:27:33: Already run predictor 'SVM' on group 'CoTr', skipping...
2022-10-17 23:27:33: Already run predictor 'NB' on group 'CoTr', skipping...
2022-10-17 23:27:33: Already run predictor 'KNN' on group 'CoTr', skipping...
2022-10-17 23:27:33: Already run predictor 'KNNC' on group 'CoTr', skipping...
2022-10-17 23:27:33: Running predictor 'XGB' for group 'CoTr'.
2022-10-17 23:27:33: CV num 1:
Error : At least one of the class levels is not a valid R variable name; This will cause errors when class probabilities are generated because the variables names will be converted to  FALSE., TRUE. . Please use factor levels that can be used as valid R variable names  (see ?make.names for help).
2022-10-17 23:27:34: ## Ran group 'CoTr' in 0.00 minutes.

2022-10-17 23:27:34: ###### Treating group of Categories: CoLiTr
2022-10-17 23:27:34: Selected columns:
Core.AgeAtExam, Core.EDSS, Core.DiseaseDuration, Core.DiseaseCourse, Core.MSSS, Life.CaffeineFreq, Life.MemoryConcerns, Life.Smoking, Treatments.nDMT, Treatments.hasIM, Treatments.hasIS, Treatments.hasMA, Treatments.DMTcategory
2022-10-17 23:27:34: Already run predictor 'GLM' on group 'CoLiTr', skipping...
2022-10-17 23:27:34: Already run predictor 'RF' on group 'CoLiTr', skipping...
2022-10-17 23:27:34: Already run predictor 'RF2' on group 'CoLiTr', skipping...
2022-10-17 23:27:34: Already run predictor 'RF3' on group 'CoLiTr', skipping...
2022-10-17 23:27:34: Already run predictor 'RFO' on group 'CoLiTr', skipping...
2022-10-17 23:27:34: Already run predictor 'RP' on group 'CoLiTr', skipping...
2022-10-17 23:27:34: Already run predictor 'SVM' on group 'CoLiTr', skipping...
2022-10-17 23:27:34: Already run predictor 'NB' on group 'CoLiTr', skipping...
2022-10-17 23:27:34: Already run predictor 'KNN' on group 'CoLiTr', skipping...
2022-10-17 23:27:34: Already run predictor 'KNNC' on group 'CoLiTr', skipping...
2022-10-17 23:27:34: Running predictor 'XGB' for group 'CoLiTr'.
2022-10-17 23:27:34: CV num 1:
Error : At least one of the class levels is not a valid R variable name; This will cause errors when class probabilities are generated because the variables names will be converted to  FALSE., TRUE. . Please use factor levels that can be used as valid R variable names  (see ?make.names for help).
2022-10-17 23:27:34: ## Ran group 'CoLiTr' in 0.00 minutes.

2022-10-17 23:27:34: ###### Treating group of Categories: FS
2022-10-17 23:27:34: Selected columns:
FSSs.Visual, FSSs.Brainstem, FSSs.Pyramidal, FSSs.Cerebellar, FSSs.Sensory, FSSs.Bowel, FSSs.Mental
2022-10-17 23:27:34: Already run predictor 'GLM' on group 'FS', skipping...
2022-10-17 23:27:34: Already run predictor 'RF' on group 'FS', skipping...
2022-10-17 23:27:34: Already run predictor 'RF2' on group 'FS', skipping...
2022-10-17 23:27:34: Already run predictor 'RF3' on group 'FS', skipping...
2022-10-17 23:27:34: Already run predictor 'RFO' on group 'FS', skipping...
2022-10-17 23:27:34: Already run predictor 'RP' on group 'FS', skipping...
2022-10-17 23:27:34: Already run predictor 'SVM' on group 'FS', skipping...
2022-10-17 23:27:34: Already run predictor 'NB' on group 'FS', skipping...
2022-10-17 23:27:34: Already run predictor 'KNN' on group 'FS', skipping...
2022-10-17 23:27:34: Already run predictor 'KNNC' on group 'FS', skipping...
2022-10-17 23:27:34: Running predictor 'XGB' for group 'FS'.
2022-10-17 23:27:34: CV num 1:
Warning: closing unused connection 11 (RunData/Subj-3-2-1914_2022-08-22_10-53/logs/run_2022-10-17_23-27_7851.log)
Warning: closing unused connection 9 (RunData/Subj-3-2-1914_2022-08-22_10-53/logs/run_2022-10-17_23-27_7851.log)
Warning: closing unused connection 7 (RunData/Subj-3-2-1914_2022-08-22_10-53/logs/run_2022-10-17_23-27_7851.log)
Error : At least one of the class levels is not a valid R variable name; This will cause errors when class probabilities are generated because the variables names will be converted to  FALSE., TRUE. . Please use factor levels that can be used as valid R variable names  (see ?make.names for help).
2022-10-17 23:27:34: ## Ran group 'FS' in 0.00 minutes.

2022-10-17 23:27:34: ###### Treating group of Categories: LiMS
2022-10-17 23:27:34: Selected columns:
Life.CaffeineFreq, Life.MemoryConcerns, Life.Smoking, MSFC.T25FW, MSFC.NHPT
2022-10-17 23:27:34: Already run predictor 'GLM' on group 'LiMS', skipping...
2022-10-17 23:27:34: Already run predictor 'RF' on group 'LiMS', skipping...
2022-10-17 23:27:34: Already run predictor 'RF2' on group 'LiMS', skipping...
2022-10-17 23:27:34: Already run predictor 'RF3' on group 'LiMS', skipping...
2022-10-17 23:27:34: Already run predictor 'RFO' on group 'LiMS', skipping...
2022-10-17 23:27:34: Already run predictor 'RP' on group 'LiMS', skipping...
2022-10-17 23:27:34: Already run predictor 'SVM' on group 'LiMS', skipping...
2022-10-17 23:27:34: Already run predictor 'NB' on group 'LiMS', skipping...
2022-10-17 23:27:34: Already run predictor 'KNN' on group 'LiMS', skipping...
2022-10-17 23:27:34: Already run predictor 'KNNC' on group 'LiMS', skipping...
2022-10-17 23:27:34: Running predictor 'XGB' for group 'LiMS'.
2022-10-17 23:27:34: CV num 1:
Error : At least one of the class levels is not a valid R variable name; This will cause errors when class probabilities are generated because the variables names will be converted to  FALSE., TRUE. . Please use factor levels that can be used as valid R variable names  (see ?make.names for help).
2022-10-17 23:27:34: ## Ran group 'LiMS' in 0.00 minutes.

2022-10-17 23:27:34: ###### Treating group of Categories: MSQO
2022-10-17 23:27:34: Selected columns:
MSFC.T25FW, MSFC.NHPT, QOL.LackFocus, QOL.LackEnergy, QOL.PsychoDown, QOL.RelativePain, QOL.NotEnjoyLife
2022-10-17 23:27:34: Already run predictor 'GLM' on group 'MSQO', skipping...
2022-10-17 23:27:34: Already run predictor 'RF' on group 'MSQO', skipping...
2022-10-17 23:27:34: Already run predictor 'RF2' on group 'MSQO', skipping...
2022-10-17 23:27:34: Already run predictor 'RF3' on group 'MSQO', skipping...
2022-10-17 23:27:34: Already run predictor 'RFO' on group 'MSQO', skipping...
2022-10-17 23:27:34: Already run predictor 'RP' on group 'MSQO', skipping...
2022-10-17 23:27:34: Already run predictor 'SVM' on group 'MSQO', skipping...
2022-10-17 23:27:34: Already run predictor 'NB' on group 'MSQO', skipping...
2022-10-17 23:27:34: Already run predictor 'KNN' on group 'MSQO', skipping...
2022-10-17 23:27:34: Already run predictor 'KNNC' on group 'MSQO', skipping...
2022-10-17 23:27:34: Running predictor 'XGB' for group 'MSQO'.
2022-10-17 23:27:34: CV num 1:
Error : At least one of the class levels is not a valid R variable name; This will cause errors when class probabilities are generated because the variables names will be converted to  FALSE., TRUE. . Please use factor levels that can be used as valid R variable names  (see ?make.names for help).
2022-10-17 23:27:34: ## Ran group 'MSQO' in 0.00 minutes.

