2022-11-07 12:00:36: ###### Treating group of Categories: Cl
2022-11-07 12:00:36: Selected columns:
Clinical.ATM, Clinical.OpticNeuritis, Clinical.INO, Clinical.MotorWeakness, Clinical.SensoryDisturbance, Clinical.Ataxia, Clinical.BladderDisturbance, Clinical.BowelDisturbance, Clinical.Myelopathy, Clinical.CogDisturbance, Clinical.VisualLoss
2022-11-07 12:00:36: Already run predictor 'GLM' on group 'Cl', skipping...
2022-11-07 12:00:36: Already run predictor 'RF' on group 'Cl', skipping...
2022-11-07 12:00:36: Already run predictor 'RF2' on group 'Cl', skipping...
2022-11-07 12:00:36: Already run predictor 'RF3' on group 'Cl', skipping...
2022-11-07 12:00:36: Already run predictor 'RFO' on group 'Cl', skipping...
2022-11-07 12:00:36: Already run predictor 'RP' on group 'Cl', skipping...
2022-11-07 12:00:36: Already run predictor 'SVM' on group 'Cl', skipping...
2022-11-07 12:00:36: Already run predictor 'NB' on group 'Cl', skipping...
2022-11-07 12:00:36: Already run predictor 'KNN' on group 'Cl', skipping...
2022-11-07 12:00:36: Already run predictor 'KNNC' on group 'Cl', skipping...
2022-11-07 12:00:36: Already run predictor 'XGB' on group 'Cl', skipping...
2022-11-07 12:00:36: ## Ran group 'Cl' in 0.00 minutes.

2022-11-07 12:00:36: ###### Treating group of Categories: ClFS
Warning: closing unused connection 5 (RunData/Subj-3-2-1914_2022-08-22_10-53/logs/run_2022-11-07_12-00_188.log)
2022-11-07 12:00:36: Selected columns:
Clinical.ATM, Clinical.OpticNeuritis, Clinical.INO, Clinical.MotorWeakness, Clinical.SensoryDisturbance, Clinical.Ataxia, Clinical.BladderDisturbance, Clinical.BowelDisturbance, Clinical.Myelopathy, Clinical.CogDisturbance, Clinical.VisualLoss, FSSs.Visual, FSSs.Brainstem, FSSs.Pyramidal, FSSs.Cerebellar, FSSs.Sensory, FSSs.Bowel, FSSs.Mental
2022-11-07 12:00:36: Already run predictor 'GLM' on group 'ClFS', skipping...
2022-11-07 12:00:36: Already run predictor 'RF' on group 'ClFS', skipping...
2022-11-07 12:00:36: Already run predictor 'RF2' on group 'ClFS', skipping...
2022-11-07 12:00:36: Already run predictor 'RF3' on group 'ClFS', skipping...
2022-11-07 12:00:36: Already run predictor 'RFO' on group 'ClFS', skipping...
2022-11-07 12:00:36: Already run predictor 'RP' on group 'ClFS', skipping...
2022-11-07 12:00:36: Already run predictor 'SVM' on group 'ClFS', skipping...
2022-11-07 12:00:36: Already run predictor 'NB' on group 'ClFS', skipping...
2022-11-07 12:00:36: Already run predictor 'KNN' on group 'ClFS', skipping...
2022-11-07 12:00:37: Already run predictor 'KNNC' on group 'ClFS', skipping...
2022-11-07 12:00:37: Running predictor 'XGB' for group 'ClFS'.
2022-11-07 12:00:37: CV num 1:
Loading required package: xgboost

Attaching package: ‘xgboost’

The following object is masked from ‘package:dplyr’:

    slice

Loading required package: lattice
Loading required package: ggplot2

2022-11-07 12:00:53: XGB for groups Clinical - FSSs                     ( 18 features) -> best nrounds: 50  / eta 0.10 / max_depth 2 [perf: 0.675]
 num [1:645] 0.414 0.398 0.528 0.44 0.229 ...
Classes ‘tbl_df’, ‘tbl’ and 'data.frame':	645 obs. of  18 variables:
 $ Clinical.ATM               : Factor w/ 4 levels "N","NONREC","RECUR",..: 1 1 1 1 1 1 1 2 1 1 ...
 $ Clinical.OpticNeuritis     : Factor w/ 4 levels "N","UNI","BI",..: 4 4 4 3 3 4 3 4 3 3 ...
 $ Clinical.INO               : Factor w/ 2 levels "NO","YES": 2 1 1 1 1 1 1 1 1 1 ...
 $ Clinical.MotorWeakness     : Factor w/ 2 levels "NO","YES": 1 1 1 2 2 2 2 2 1 2 ...
 $ Clinical.SensoryDisturbance: Factor w/ 2 levels "NO","YES": 2 2 1 2 2 2 1 2 2 2 ...
 $ Clinical.Ataxia            : Factor w/ 2 levels "NO","YES": 2 1 1 2 2 1 1 2 1 1 ...
 $ Clinical.BladderDisturbance: Factor w/ 2 levels "NO","YES": 2 1 1 1 1 2 2 2 1 2 ...
 $ Clinical.BowelDisturbance  : Factor w/ 2 levels "NO","YES": 1 1 1 1 2 1 1 1 1 2 ...
 $ Clinical.Myelopathy        : Factor w/ 2 levels "NO","YES": 1 2 1 2 2 2 2 2 2 2 ...
 $ Clinical.CogDisturbance    : Factor w/ 2 levels "NO","YES": 2 1 1 1 2 1 1 1 1 2 ...
 $ Clinical.VisualLoss        : Factor w/ 3 levels "NO","UNI","BI": 3 3 3 2 2 3 2 3 2 2 ...
 $ FSSs.Visual                : num  0 0 0 0 0 0 0 1 0 1 ...
 $ FSSs.Brainstem             : num  1 0 0 0 0 0 1 0 0 1 ...
 $ FSSs.Pyramidal             : num  0 0 0 0 1 3 2 0 0 2 ...
 $ FSSs.Cerebellar            : num  1 0 0 1 2 0 0 3 0 0 ...
 $ FSSs.Sensory               : num  0 1 0 1 2 0 1 1 0 3 ...
 $ FSSs.Bowel                 : num  0 0 0 0 0 0 0 0 0 1 ...
 $ FSSs.Mental                : num  0 0 0 0 1 0 0 0 0 0 ...
2022-11-07 12:00:53: ERROR running train/test for predictor 'XGB' and group 'ClFS': 
 length(res) == sum(foldIdx == i) is not TRUE
TRACEBACK:
1: run(X, Y, pred, FIs)
2: stopifnot(length(res) == sum(foldIdx == i)) at Code/Helpers/CVer.R:151
3: stop(sprintf(ngettext(length(r), "%s is not TRUE", "%s are not all TRUE"), ch), call. = FALSE, 
     domain = NA)
Error : length(res) == sum(foldIdx == i) is not TRUE
2022-11-07 12:00:53: ## Ran group 'ClFS' in 0.27 minutes.

2022-11-07 12:00:53: ###### Treating group of Categories: ClMS
2022-11-07 12:00:53: Selected columns:
Clinical.ATM, Clinical.OpticNeuritis, Clinical.INO, Clinical.MotorWeakness, Clinical.SensoryDisturbance, Clinical.Ataxia, Clinical.BladderDisturbance, Clinical.BowelDisturbance, Clinical.Myelopathy, Clinical.CogDisturbance, Clinical.VisualLoss, MSFC.T25FW, MSFC.NHPT
2022-11-07 12:00:53: Already run predictor 'GLM' on group 'ClMS', skipping...
2022-11-07 12:00:53: Already run predictor 'RF' on group 'ClMS', skipping...
2022-11-07 12:00:53: Already run predictor 'RF2' on group 'ClMS', skipping...
2022-11-07 12:00:53: Already run predictor 'RF3' on group 'ClMS', skipping...
2022-11-07 12:00:53: Already run predictor 'RFO' on group 'ClMS', skipping...
2022-11-07 12:00:53: Already run predictor 'RP' on group 'ClMS', skipping...
2022-11-07 12:00:53: Already run predictor 'SVM' on group 'ClMS', skipping...
2022-11-07 12:00:53: Already run predictor 'NB' on group 'ClMS', skipping...
2022-11-07 12:00:53: Already run predictor 'KNN' on group 'ClMS', skipping...
2022-11-07 12:00:53: Already run predictor 'KNNC' on group 'ClMS', skipping...
2022-11-07 12:00:53: Running predictor 'XGB' for group 'ClMS'.
2022-11-07 12:00:53: CV num 1:
Warning: closing unused connection 7 (RunData/Subj-3-2-1914_2022-08-22_10-53/logs/run_2022-11-07_12-00_188.log)

2022-11-07 12:01:06: XGB for groups Clinical - MSFC                     ( 13 features) -> best nrounds: 30  / eta 0.10 / max_depth 1 [perf: 0.572]
 num [1:645] 0.291 0.339 0.339 0.347 0.352 ...
Classes ‘tbl_df’, ‘tbl’ and 'data.frame':	645 obs. of  13 variables:
 $ Clinical.ATM               : Factor w/ 4 levels "N","NONREC","RECUR",..: 1 1 1 1 1 1 1 2 1 1 ...
 $ Clinical.OpticNeuritis     : Factor w/ 4 levels "N","UNI","BI",..: 4 4 4 3 3 4 3 4 3 3 ...
 $ Clinical.INO               : Factor w/ 2 levels "NO","YES": 2 1 1 1 1 1 1 1 1 1 ...
 $ Clinical.MotorWeakness     : Factor w/ 2 levels "NO","YES": 1 1 1 2 2 2 2 2 1 2 ...
 $ Clinical.SensoryDisturbance: Factor w/ 2 levels "NO","YES": 2 2 1 2 2 2 1 2 2 2 ...
 $ Clinical.Ataxia            : Factor w/ 2 levels "NO","YES": 2 1 1 2 2 1 1 2 1 1 ...
 $ Clinical.BladderDisturbance: Factor w/ 2 levels "NO","YES": 2 1 1 1 1 2 2 2 1 2 ...
 $ Clinical.BowelDisturbance  : Factor w/ 2 levels "NO","YES": 1 1 1 1 2 1 1 1 1 2 ...
 $ Clinical.Myelopathy        : Factor w/ 2 levels "NO","YES": 1 2 1 2 2 2 2 2 2 2 ...
 $ Clinical.CogDisturbance    : Factor w/ 2 levels "NO","YES": 2 1 1 1 2 1 1 1 1 2 ...
 $ Clinical.VisualLoss        : Factor w/ 3 levels "NO","UNI","BI": 3 3 3 2 2 3 2 3 2 2 ...
 $ MSFC.T25FW                 : num  4.2 4.35 4.35 3.95 6.45 ...
 $ MSFC.NHPT                  : num  22.9 17.8 17.4 19.8 18.8 ...
2022-11-07 12:01:06: ERROR running train/test for predictor 'XGB' and group 'ClMS': 
 length(res) == sum(foldIdx == i) is not TRUE
TRACEBACK:
1: run(X, Y, pred, FIs)
2: stopifnot(length(res) == sum(foldIdx == i)) at Code/Helpers/CVer.R:151
3: stop(sprintf(ngettext(length(r), "%s is not TRUE", "%s are not all TRUE"), ch), call. = FALSE, 
     domain = NA)
Error : length(res) == sum(foldIdx == i) is not TRUE
2022-11-07 12:01:06: ## Ran group 'ClMS' in 0.22 minutes.

2022-11-07 12:01:06: ###### Treating group of Categories: ClQO
2022-11-07 12:01:06: Selected columns:
Clinical.ATM, Clinical.OpticNeuritis, Clinical.INO, Clinical.MotorWeakness, Clinical.SensoryDisturbance, Clinical.Ataxia, Clinical.BladderDisturbance, Clinical.BowelDisturbance, Clinical.Myelopathy, Clinical.CogDisturbance, Clinical.VisualLoss, QOL.LackFocus, QOL.LackEnergy, QOL.PsychoDown, QOL.RelativePain, QOL.NotEnjoyLife
2022-11-07 12:01:06: Already run predictor 'GLM' on group 'ClQO', skipping...
2022-11-07 12:01:06: Already run predictor 'RF' on group 'ClQO', skipping...
2022-11-07 12:01:06: Already run predictor 'RF2' on group 'ClQO', skipping...
2022-11-07 12:01:06: Already run predictor 'RF3' on group 'ClQO', skipping...
2022-11-07 12:01:06: Already run predictor 'RFO' on group 'ClQO', skipping...
2022-11-07 12:01:06: Already run predictor 'RP' on group 'ClQO', skipping...
2022-11-07 12:01:06: Already run predictor 'SVM' on group 'ClQO', skipping...
2022-11-07 12:01:06: Already run predictor 'NB' on group 'ClQO', skipping...
2022-11-07 12:01:06: Already run predictor 'KNN' on group 'ClQO', skipping...
2022-11-07 12:01:06: Already run predictor 'KNNC' on group 'ClQO', skipping...
2022-11-07 12:01:06: Running predictor 'XGB' for group 'ClQO'.
2022-11-07 12:01:06: CV num 1:
Warning: closing unused connection 5 (RunData/Subj-3-2-1914_2022-08-22_10-53/logs/run_2022-11-07_12-00_188.log)

2022-11-07 12:01:19: XGB for groups Clinical - QOL                      ( 16 features) -> best nrounds: 50  / eta 0.10 / max_depth 1 [perf: 0.556]
 num [1:645] 0.26 0.359 0.286 0.36 0.302 ...
Classes ‘tbl_df’, ‘tbl’ and 'data.frame':	645 obs. of  16 variables:
 $ Clinical.ATM               : Factor w/ 4 levels "N","NONREC","RECUR",..: 1 1 1 1 1 1 1 2 1 1 ...
 $ Clinical.OpticNeuritis     : Factor w/ 4 levels "N","UNI","BI",..: 4 4 4 3 3 4 3 4 3 3 ...
 $ Clinical.INO               : Factor w/ 2 levels "NO","YES": 2 1 1 1 1 1 1 1 1 1 ...
 $ Clinical.MotorWeakness     : Factor w/ 2 levels "NO","YES": 1 1 1 2 2 2 2 2 1 2 ...
 $ Clinical.SensoryDisturbance: Factor w/ 2 levels "NO","YES": 2 2 1 2 2 2 1 2 2 2 ...
 $ Clinical.Ataxia            : Factor w/ 2 levels "NO","YES": 2 1 1 2 2 1 1 2 1 1 ...
 $ Clinical.BladderDisturbance: Factor w/ 2 levels "NO","YES": 2 1 1 1 1 2 2 2 1 2 ...
 $ Clinical.BowelDisturbance  : Factor w/ 2 levels "NO","YES": 1 1 1 1 2 1 1 1 1 2 ...
 $ Clinical.Myelopathy        : Factor w/ 2 levels "NO","YES": 1 2 1 2 2 2 2 2 2 2 ...
 $ Clinical.CogDisturbance    : Factor w/ 2 levels "NO","YES": 2 1 1 1 2 1 1 1 1 2 ...
 $ Clinical.VisualLoss        : Factor w/ 3 levels "NO","UNI","BI": 3 3 3 2 2 3 2 3 2 2 ...
 $ QOL.LackFocus              : num  1.274 1.82 0 0.499 2.274 ...
 $ QOL.LackEnergy             : num  0.802 1.003 0 2 2 ...
 $ QOL.PsychoDown             : num  0.158 0.204 0 1.792 0 ...
 $ QOL.RelativePain           : num  0 0 2 0 2.4 0 0.4 0 2 2.8 ...
 $ QOL.NotEnjoyLife           : int  1 0 0 1 4 0 0 2 0 2 ...
2022-11-07 12:01:19: ERROR running train/test for predictor 'XGB' and group 'ClQO': 
 length(res) == sum(foldIdx == i) is not TRUE
TRACEBACK:
1: run(X, Y, pred, FIs)
2: stopifnot(length(res) == sum(foldIdx == i)) at Code/Helpers/CVer.R:151
3: stop(sprintf(ngettext(length(r), "%s is not TRUE", "%s are not all TRUE"), ch), call. = FALSE, 
     domain = NA)
Error : length(res) == sum(foldIdx == i) is not TRUE
2022-11-07 12:01:19: ## Ran group 'ClQO' in 0.21 minutes.

2022-11-07 12:01:19: ###### Treating group of Categories: ClCoFS
2022-11-07 12:01:19: Selected columns:
Clinical.ATM, Clinical.OpticNeuritis, Clinical.INO, Clinical.MotorWeakness, Clinical.SensoryDisturbance, Clinical.Ataxia, Clinical.BladderDisturbance, Clinical.BowelDisturbance, Clinical.Myelopathy, Clinical.CogDisturbance, Clinical.VisualLoss, Core.AgeAtExam, Core.EDSS, Core.DiseaseDuration, Core.DiseaseCourse, Core.MSSS, FSSs.Visual, FSSs.Brainstem, FSSs.Pyramidal, FSSs.Cerebellar, FSSs.Sensory, FSSs.Bowel, FSSs.Mental
2022-11-07 12:01:19: Already run predictor 'GLM' on group 'ClCoFS', skipping...
2022-11-07 12:01:19: Already run predictor 'RF' on group 'ClCoFS', skipping...
2022-11-07 12:01:19: Already run predictor 'RF2' on group 'ClCoFS', skipping...
2022-11-07 12:01:19: Already run predictor 'RF3' on group 'ClCoFS', skipping...
2022-11-07 12:01:19: Already run predictor 'RFO' on group 'ClCoFS', skipping...
2022-11-07 12:01:19: Already run predictor 'RP' on group 'ClCoFS', skipping...
2022-11-07 12:01:19: Already run predictor 'SVM' on group 'ClCoFS', skipping...
2022-11-07 12:01:19: Already run predictor 'NB' on group 'ClCoFS', skipping...
2022-11-07 12:01:19: Already run predictor 'KNN' on group 'ClCoFS', skipping...
2022-11-07 12:01:19: Already run predictor 'KNNC' on group 'ClCoFS', skipping...
2022-11-07 12:01:19: Running predictor 'XGB' for group 'ClCoFS'.
2022-11-07 12:01:19: CV num 1:
Warning: closing unused connection 7 (RunData/Subj-3-2-1914_2022-08-22_10-53/logs/run_2022-11-07_12-00_188.log)

2022-11-07 12:01:33: XGB for groups Clinical - Core - FSSs              ( 23 features) -> best nrounds: 200  / eta 0.10 / max_depth 1 [perf: 0.719]
 num [1:645] 0.175 0.438 0.598 0.208 0.213 ...
Classes ‘tbl_df’, ‘tbl’ and 'data.frame':	645 obs. of  23 variables:
 $ Clinical.ATM               : Factor w/ 4 levels "N","NONREC","RECUR",..: 1 1 1 1 1 1 1 2 1 1 ...
 $ Clinical.OpticNeuritis     : Factor w/ 4 levels "N","UNI","BI",..: 4 4 4 3 3 4 3 4 3 3 ...
 $ Clinical.INO               : Factor w/ 2 levels "NO","YES": 2 1 1 1 1 1 1 1 1 1 ...
 $ Clinical.MotorWeakness     : Factor w/ 2 levels "NO","YES": 1 1 1 2 2 2 2 2 1 2 ...
 $ Clinical.SensoryDisturbance: Factor w/ 2 levels "NO","YES": 2 2 1 2 2 2 1 2 2 2 ...
 $ Clinical.Ataxia            : Factor w/ 2 levels "NO","YES": 2 1 1 2 2 1 1 2 1 1 ...
 $ Clinical.BladderDisturbance: Factor w/ 2 levels "NO","YES": 2 1 1 1 1 2 2 2 1 2 ...
 $ Clinical.BowelDisturbance  : Factor w/ 2 levels "NO","YES": 1 1 1 1 2 1 1 1 1 2 ...
 $ Clinical.Myelopathy        : Factor w/ 2 levels "NO","YES": 1 2 1 2 2 2 2 2 2 2 ...
 $ Clinical.CogDisturbance    : Factor w/ 2 levels "NO","YES": 2 1 1 1 2 1 1 1 1 2 ...
 $ Clinical.VisualLoss        : Factor w/ 3 levels "NO","UNI","BI": 3 3 3 2 2 3 2 3 2 2 ...
 $ Core.AgeAtExam             : int  31 46 32 22 60 39 45 57 35 36 ...
 $ Core.EDSS                  : num  1.5 1 0 1.5 2.5 3 2 3 0 3.5 ...
 $ Core.DiseaseDuration       : int  4 7 1 2 2 18 11 31 3 12 ...
 $ Core.DiseaseCourse         : Factor w/ 4 levels "CIS","PP","RR",..: 3 3 1 3 3 3 3 4 3 3 ...
 $ Core.MSSS                  : num  2.87 1.04 0.67 3.69 6.46 2.09 2.13 1.45 0.45 3.94 ...
 $ FSSs.Visual                : num  0 0 0 0 0 0 0 1 0 1 ...
 $ FSSs.Brainstem             : num  1 0 0 0 0 0 1 0 0 1 ...
 $ FSSs.Pyramidal             : num  0 0 0 0 1 3 2 0 0 2 ...
 $ FSSs.Cerebellar            : num  1 0 0 1 2 0 0 3 0 0 ...
 $ FSSs.Sensory               : num  0 1 0 1 2 0 1 1 0 3 ...
 $ FSSs.Bowel                 : num  0 0 0 0 0 0 0 0 0 1 ...
 $ FSSs.Mental                : num  0 0 0 0 1 0 0 0 0 0 ...
2022-11-07 12:01:33: ERROR running train/test for predictor 'XGB' and group 'ClCoFS': 
 length(res) == sum(foldIdx == i) is not TRUE
TRACEBACK:
1: run(X, Y, pred, FIs)
2: stopifnot(length(res) == sum(foldIdx == i)) at Code/Helpers/CVer.R:151
3: stop(sprintf(ngettext(length(r), "%s is not TRUE", "%s are not all TRUE"), ch), call. = FALSE, 
     domain = NA)
Error : length(res) == sum(foldIdx == i) is not TRUE
2022-11-07 12:01:33: ## Ran group 'ClCoFS' in 0.24 minutes.

2022-11-07 12:01:33: ###### Treating group of Categories: ClCoMR
2022-11-07 12:01:33: Selected columns:
Clinical.ATM, Clinical.OpticNeuritis, Clinical.INO, Clinical.MotorWeakness, Clinical.SensoryDisturbance, Clinical.Ataxia, Clinical.BladderDisturbance, Clinical.BowelDisturbance, Clinical.Myelopathy, Clinical.CogDisturbance, Clinical.VisualLoss, Core.AgeAtExam, Core.EDSS, Core.DiseaseDuration, Core.DiseaseCourse, Core.MSSS, MRI.CE_Lesion, MRI.GM_Volume, MRI.Siena_PBVC
2022-11-07 12:01:33: Already run predictor 'GLM' on group 'ClCoMR', skipping...
2022-11-07 12:01:33: Already run predictor 'RF' on group 'ClCoMR', skipping...
2022-11-07 12:01:33: Already run predictor 'RF2' on group 'ClCoMR', skipping...
2022-11-07 12:01:33: Already run predictor 'RF3' on group 'ClCoMR', skipping...
2022-11-07 12:01:33: Already run predictor 'RFO' on group 'ClCoMR', skipping...
2022-11-07 12:01:33: Already run predictor 'RP' on group 'ClCoMR', skipping...
2022-11-07 12:01:33: Already run predictor 'SVM' on group 'ClCoMR', skipping...
2022-11-07 12:01:33: Already run predictor 'NB' on group 'ClCoMR', skipping...
2022-11-07 12:01:33: Already run predictor 'KNN' on group 'ClCoMR', skipping...
2022-11-07 12:01:33: Already run predictor 'KNNC' on group 'ClCoMR', skipping...
2022-11-07 12:01:33: Running predictor 'XGB' for group 'ClCoMR'.
2022-11-07 12:01:33: CV num 1:
Warning: closing unused connection 5 (RunData/Subj-3-2-1914_2022-08-22_10-53/logs/run_2022-11-07_12-00_188.log)

2022-11-07 12:01:48: XGB for groups Clinical - Core - MRI               ( 19 features) -> best nrounds: 200  / eta 0.10 / max_depth 1 [perf: 0.726]
 num [1:645] 0.217 0.533 0.601 0.219 0.2 ...
Classes ‘tbl_df’, ‘tbl’ and 'data.frame':	645 obs. of  19 variables:
 $ Clinical.ATM               : Factor w/ 4 levels "N","NONREC","RECUR",..: 1 1 1 1 1 1 1 2 1 1 ...
 $ Clinical.OpticNeuritis     : Factor w/ 4 levels "N","UNI","BI",..: 4 4 4 3 3 4 3 4 3 3 ...
 $ Clinical.INO               : Factor w/ 2 levels "NO","YES": 2 1 1 1 1 1 1 1 1 1 ...
 $ Clinical.MotorWeakness     : Factor w/ 2 levels "NO","YES": 1 1 1 2 2 2 2 2 1 2 ...
 $ Clinical.SensoryDisturbance: Factor w/ 2 levels "NO","YES": 2 2 1 2 2 2 1 2 2 2 ...
 $ Clinical.Ataxia            : Factor w/ 2 levels "NO","YES": 2 1 1 2 2 1 1 2 1 1 ...
 $ Clinical.BladderDisturbance: Factor w/ 2 levels "NO","YES": 2 1 1 1 1 2 2 2 1 2 ...
 $ Clinical.BowelDisturbance  : Factor w/ 2 levels "NO","YES": 1 1 1 1 2 1 1 1 1 2 ...
 $ Clinical.Myelopathy        : Factor w/ 2 levels "NO","YES": 1 2 1 2 2 2 2 2 2 2 ...
 $ Clinical.CogDisturbance    : Factor w/ 2 levels "NO","YES": 2 1 1 1 2 1 1 1 1 2 ...
 $ Clinical.VisualLoss        : Factor w/ 3 levels "NO","UNI","BI": 3 3 3 2 2 3 2 3 2 2 ...
 $ Core.AgeAtExam             : int  31 46 32 22 60 39 45 57 35 36 ...
 $ Core.EDSS                  : num  1.5 1 0 1.5 2.5 3 2 3 0 3.5 ...
 $ Core.DiseaseDuration       : int  4 7 1 2 2 18 11 31 3 12 ...
 $ Core.DiseaseCourse         : Factor w/ 4 levels "CIS","PP","RR",..: 3 3 1 3 3 3 3 4 3 3 ...
 $ Core.MSSS                  : num  2.87 1.04 0.67 3.69 6.46 2.09 2.13 1.45 0.45 3.94 ...
 $ MRI.CE_Lesion              : num  0 0 0 0 0 0 0 0 1 0 ...
 $ MRI.GM_Volume              : num  632482 543682 650481 765549 611530 ...
 $ MRI.Siena_PBVC             : num  0 0 0 0 0 0 0 0 0 0 ...
2022-11-07 12:01:48: ERROR running train/test for predictor 'XGB' and group 'ClCoMR': 
 length(res) == sum(foldIdx == i) is not TRUE
TRACEBACK:
1: run(X, Y, pred, FIs)
2: stopifnot(length(res) == sum(foldIdx == i)) at Code/Helpers/CVer.R:151
3: stop(sprintf(ngettext(length(r), "%s is not TRUE", "%s are not all TRUE"), ch), call. = FALSE, 
     domain = NA)
Error : length(res) == sum(foldIdx == i) is not TRUE
2022-11-07 12:01:48: ## Ran group 'ClCoMR' in 0.26 minutes.

2022-11-07 12:01:48: ###### Treating group of Categories: ClCoPa
2022-11-07 12:01:48: Selected columns:
Clinical.ATM, Clinical.OpticNeuritis, Clinical.INO, Clinical.MotorWeakness, Clinical.SensoryDisturbance, Clinical.Ataxia, Clinical.BladderDisturbance, Clinical.BowelDisturbance, Clinical.Myelopathy, Clinical.CogDisturbance, Clinical.VisualLoss, Core.AgeAtExam, Core.EDSS, Core.DiseaseDuration, Core.DiseaseCourse, Core.MSSS, Patient.AgeOfOnset, Patient.Gender
2022-11-07 12:01:48: Already run predictor 'GLM' on group 'ClCoPa', skipping...
2022-11-07 12:01:48: Already run predictor 'RF' on group 'ClCoPa', skipping...
2022-11-07 12:01:48: Already run predictor 'RF2' on group 'ClCoPa', skipping...
2022-11-07 12:01:48: Already run predictor 'RF3' on group 'ClCoPa', skipping...
2022-11-07 12:01:48: Already run predictor 'RFO' on group 'ClCoPa', skipping...
2022-11-07 12:01:48: Already run predictor 'RP' on group 'ClCoPa', skipping...
2022-11-07 12:01:48: Already run predictor 'SVM' on group 'ClCoPa', skipping...
2022-11-07 12:01:48: Already run predictor 'NB' on group 'ClCoPa', skipping...
2022-11-07 12:01:48: Already run predictor 'KNN' on group 'ClCoPa', skipping...
2022-11-07 12:01:48: Already run predictor 'KNNC' on group 'ClCoPa', skipping...
2022-11-07 12:01:48: Running predictor 'XGB' for group 'ClCoPa'.
2022-11-07 12:01:48: CV num 1:
Warning: closing unused connection 7 (RunData/Subj-3-2-1914_2022-08-22_10-53/logs/run_2022-11-07_12-00_188.log)

2022-11-07 12:02:04: XGB for groups Clinical - Core - Patient           ( 18 features) -> best nrounds: 250  / eta 0.05 / max_depth 1 [perf: 0.725]
 num [1:645] 0.203 0.455 0.598 0.219 0.28 ...
Classes ‘tbl_df’, ‘tbl’ and 'data.frame':	645 obs. of  18 variables:
 $ Clinical.ATM               : Factor w/ 4 levels "N","NONREC","RECUR",..: 1 1 1 1 1 1 1 2 1 1 ...
 $ Clinical.OpticNeuritis     : Factor w/ 4 levels "N","UNI","BI",..: 4 4 4 3 3 4 3 4 3 3 ...
 $ Clinical.INO               : Factor w/ 2 levels "NO","YES": 2 1 1 1 1 1 1 1 1 1 ...
 $ Clinical.MotorWeakness     : Factor w/ 2 levels "NO","YES": 1 1 1 2 2 2 2 2 1 2 ...
 $ Clinical.SensoryDisturbance: Factor w/ 2 levels "NO","YES": 2 2 1 2 2 2 1 2 2 2 ...
 $ Clinical.Ataxia            : Factor w/ 2 levels "NO","YES": 2 1 1 2 2 1 1 2 1 1 ...
 $ Clinical.BladderDisturbance: Factor w/ 2 levels "NO","YES": 2 1 1 1 1 2 2 2 1 2 ...
 $ Clinical.BowelDisturbance  : Factor w/ 2 levels "NO","YES": 1 1 1 1 2 1 1 1 1 2 ...
 $ Clinical.Myelopathy        : Factor w/ 2 levels "NO","YES": 1 2 1 2 2 2 2 2 2 2 ...
 $ Clinical.CogDisturbance    : Factor w/ 2 levels "NO","YES": 2 1 1 1 2 1 1 1 1 2 ...
 $ Clinical.VisualLoss        : Factor w/ 3 levels "NO","UNI","BI": 3 3 3 2 2 3 2 3 2 2 ...
 $ Core.AgeAtExam             : int  31 46 32 22 60 39 45 57 35 36 ...
 $ Core.EDSS                  : num  1.5 1 0 1.5 2.5 3 2 3 0 3.5 ...
 $ Core.DiseaseDuration       : int  4 7 1 2 2 18 11 31 3 12 ...
 $ Core.DiseaseCourse         : Factor w/ 4 levels "CIS","PP","RR",..: 3 3 1 3 3 3 3 4 3 3 ...
 $ Core.MSSS                  : num  2.87 1.04 0.67 3.69 6.46 2.09 2.13 1.45 0.45 3.94 ...
 $ Patient.AgeOfOnset         : int  27 39 31 20 58 21 33 26 32 24 ...
 $ Patient.Gender             : Factor w/ 2 levels "F","M": 2 1 1 2 1 2 2 1 1 1 ...
2022-11-07 12:02:04: ERROR running train/test for predictor 'XGB' and group 'ClCoPa': 
 length(res) == sum(foldIdx == i) is not TRUE
TRACEBACK:
1: run(X, Y, pred, FIs)
2: stopifnot(length(res) == sum(foldIdx == i)) at Code/Helpers/CVer.R:151
3: stop(sprintf(ngettext(length(r), "%s is not TRUE", "%s are not all TRUE"), ch), call. = FALSE, 
     domain = NA)
Error : length(res) == sum(foldIdx == i) is not TRUE
2022-11-07 12:02:04: ## Ran group 'ClCoPa' in 0.26 minutes.

