2022-10-17 23:15:39: ###### Treating group of Categories: Cl
2022-10-17 23:15:39: Selected columns:
Clinical.ATM, Clinical.OpticNeuritis, Clinical.INO, Clinical.MotorWeakness, Clinical.SensoryDisturbance, Clinical.Ataxia, Clinical.BladderDisturbance, Clinical.BowelDisturbance, Clinical.Myelopathy, Clinical.CogDisturbance, Clinical.VisualLoss
2022-10-17 23:15:39: Already run predictor 'GLM' on group 'Cl', skipping...
2022-10-17 23:15:39: Already run predictor 'RF' on group 'Cl', skipping...
2022-10-17 23:15:39: Already run predictor 'RF2' on group 'Cl', skipping...
2022-10-17 23:15:39: Already run predictor 'RF3' on group 'Cl', skipping...
2022-10-17 23:15:39: Already run predictor 'RFO' on group 'Cl', skipping...
2022-10-17 23:15:39: Already run predictor 'RP' on group 'Cl', skipping...
2022-10-17 23:15:39: Already run predictor 'SVM' on group 'Cl', skipping...
2022-10-17 23:15:39: Already run predictor 'NB' on group 'Cl', skipping...
2022-10-17 23:15:39: Already run predictor 'KNN' on group 'Cl', skipping...
2022-10-17 23:15:39: Already run predictor 'KNNC' on group 'Cl', skipping...
2022-10-17 23:15:39: Running predictor 'XGB' for group 'Cl'.
2022-10-17 23:15:39: CV num 1:
Loading required package: xgboost

Attaching package: ‘xgboost’

The following object is masked from ‘package:dplyr’:

    slice

Loading required package: plyr
------------------------------------------------------------------------------
You have loaded plyr after dplyr - this is likely to cause problems.
If you need functions from both plyr and dplyr, please load plyr first, then dplyr:
library(plyr); library(dplyr)
------------------------------------------------------------------------------

Attaching package: ‘plyr’

The following objects are masked from ‘package:dplyr’:

    arrange, count, desc, failwith, id, mutate, rename, summarise,
    summarize

Error in train.default(Xtrain, factor(Ytrain), method = "xgbTree", trControl = trControl,  : 
  object 'trControl' not found
2022-10-17 23:15:48: ## Ran group 'Cl' in 0.15 minutes.

2022-10-17 23:15:48: ###### Treating group of Categories: CoLiMR
2022-10-17 23:15:48: Selected columns:
Core.AgeAtExam, Core.EDSS, Core.DiseaseDuration, Core.DiseaseCourse, Core.MSSS, Life.CaffeineFreq, Life.MemoryConcerns, Life.Smoking, MRI.CE_Lesion, MRI.GM_Volume, MRI.Siena_PBVC
2022-10-17 23:15:48: Already run predictor 'GLM' on group 'CoLiMR', skipping...
2022-10-17 23:15:48: Already run predictor 'RF' on group 'CoLiMR', skipping...
2022-10-17 23:15:48: Already run predictor 'RF2' on group 'CoLiMR', skipping...
2022-10-17 23:15:48: Already run predictor 'RF3' on group 'CoLiMR', skipping...
2022-10-17 23:15:48: Already run predictor 'RFO' on group 'CoLiMR', skipping...
2022-10-17 23:15:48: Already run predictor 'RP' on group 'CoLiMR', skipping...
2022-10-17 23:15:48: Already run predictor 'SVM' on group 'CoLiMR', skipping...
2022-10-17 23:15:48: Already run predictor 'NB' on group 'CoLiMR', skipping...
2022-10-17 23:15:48: Already run predictor 'KNN' on group 'CoLiMR', skipping...
2022-10-17 23:15:48: Already run predictor 'KNNC' on group 'CoLiMR', skipping...
2022-10-17 23:15:48: Running predictor 'XGB' for group 'CoLiMR'.
2022-10-17 23:15:48: CV num 1:
Error in train.default(Xtrain, factor(Ytrain), method = "xgbTree", trControl = trControl,  : 
  object 'trControl' not found
2022-10-17 23:15:48: ## Ran group 'CoLiMR' in 0.00 minutes.

2022-10-17 23:15:48: ###### Treating group of Categories: CoMRTr
2022-10-17 23:15:48: Selected columns:
Core.AgeAtExam, Core.EDSS, Core.DiseaseDuration, Core.DiseaseCourse, Core.MSSS, MRI.CE_Lesion, MRI.GM_Volume, MRI.Siena_PBVC, Treatments.nDMT, Treatments.hasIM, Treatments.hasIS, Treatments.hasMA, Treatments.DMTcategory
2022-10-17 23:15:48: Already run predictor 'GLM' on group 'CoMRTr', skipping...
2022-10-17 23:15:48: Already run predictor 'RF' on group 'CoMRTr', skipping...
2022-10-17 23:15:48: Already run predictor 'RF2' on group 'CoMRTr', skipping...
2022-10-17 23:15:48: Already run predictor 'RF3' on group 'CoMRTr', skipping...
2022-10-17 23:15:48: Already run predictor 'RFO' on group 'CoMRTr', skipping...
2022-10-17 23:15:48: Already run predictor 'RP' on group 'CoMRTr', skipping...
2022-10-17 23:15:48: Already run predictor 'SVM' on group 'CoMRTr', skipping...
2022-10-17 23:15:48: Already run predictor 'NB' on group 'CoMRTr', skipping...
2022-10-17 23:15:48: Already run predictor 'KNN' on group 'CoMRTr', skipping...
2022-10-17 23:15:48: Already run predictor 'KNNC' on group 'CoMRTr', skipping...
2022-10-17 23:15:48: Running predictor 'XGB' for group 'CoMRTr'.
2022-10-17 23:15:48: CV num 1:
Error in train.default(Xtrain, factor(Ytrain), method = "xgbTree", trControl = trControl,  : 
  object 'trControl' not found
2022-10-17 23:15:48: ## Ran group 'CoMRTr' in 0.00 minutes.

2022-10-17 23:15:48: ###### Treating group of Categories: FSPa
2022-10-17 23:15:48: Selected columns:
FSSs.Visual, FSSs.Brainstem, FSSs.Pyramidal, FSSs.Cerebellar, FSSs.Sensory, FSSs.Bowel, FSSs.Mental, Patient.AgeOfOnset, Patient.Gender
2022-10-17 23:15:48: Already run predictor 'GLM' on group 'FSPa', skipping...
2022-10-17 23:15:48: Already run predictor 'RF' on group 'FSPa', skipping...
2022-10-17 23:15:48: Already run predictor 'RF2' on group 'FSPa', skipping...
2022-10-17 23:15:48: Already run predictor 'RF3' on group 'FSPa', skipping...
2022-10-17 23:15:48: Already run predictor 'RFO' on group 'FSPa', skipping...
2022-10-17 23:15:48: Already run predictor 'RP' on group 'FSPa', skipping...
2022-10-17 23:15:48: Already run predictor 'SVM' on group 'FSPa', skipping...
2022-10-17 23:15:48: Already run predictor 'NB' on group 'FSPa', skipping...
2022-10-17 23:15:48: Already run predictor 'KNN' on group 'FSPa', skipping...
2022-10-17 23:15:48: Already run predictor 'KNNC' on group 'FSPa', skipping...
2022-10-17 23:15:48: Running predictor 'XGB' for group 'FSPa'.
2022-10-17 23:15:48: CV num 1:
Error in train.default(Xtrain, factor(Ytrain), method = "xgbTree", trControl = trControl,  : 
  object 'trControl' not found
2022-10-17 23:15:48: ## Ran group 'FSPa' in 0.01 minutes.

2022-10-17 23:15:48: ###### Treating group of Categories: LiTr
2022-10-17 23:15:48: Selected columns:
Life.CaffeineFreq, Life.MemoryConcerns, Life.Smoking, Treatments.nDMT, Treatments.hasIM, Treatments.hasIS, Treatments.hasMA, Treatments.DMTcategory
2022-10-17 23:15:48: Already run predictor 'GLM' on group 'LiTr', skipping...
2022-10-17 23:15:48: Already run predictor 'RF' on group 'LiTr', skipping...
2022-10-17 23:15:48: Already run predictor 'RF2' on group 'LiTr', skipping...
2022-10-17 23:15:48: Already run predictor 'RF3' on group 'LiTr', skipping...
2022-10-17 23:15:48: Already run predictor 'RFO' on group 'LiTr', skipping...
2022-10-17 23:15:49: Already run predictor 'RP' on group 'LiTr', skipping...
2022-10-17 23:15:49: Already run predictor 'SVM' on group 'LiTr', skipping...
2022-10-17 23:15:49: Already run predictor 'NB' on group 'LiTr', skipping...
2022-10-17 23:15:49: Already run predictor 'KNN' on group 'LiTr', skipping...
2022-10-17 23:15:49: Already run predictor 'KNNC' on group 'LiTr', skipping...
2022-10-17 23:15:49: Running predictor 'XGB' for group 'LiTr'.
2022-10-17 23:15:49: CV num 1:
Error in train.default(Xtrain, factor(Ytrain), method = "xgbTree", trControl = trControl,  : 
  object 'trControl' not found
2022-10-17 23:15:49: ## Ran group 'LiTr' in 0.00 minutes.

2022-10-17 23:15:49: ###### Treating group of Categories: MSQO
2022-10-17 23:15:49: Selected columns:
MSFC.T25FW, MSFC.NHPT, QOL.LackFocus, QOL.LackEnergy, QOL.PsychoDown, QOL.RelativePain, QOL.NotEnjoyLife
2022-10-17 23:15:49: Already run predictor 'GLM' on group 'MSQO', skipping...
2022-10-17 23:15:49: Already run predictor 'RF' on group 'MSQO', skipping...
2022-10-17 23:15:49: Already run predictor 'RF2' on group 'MSQO', skipping...
2022-10-17 23:15:49: Already run predictor 'RF3' on group 'MSQO', skipping...
2022-10-17 23:15:49: Already run predictor 'RFO' on group 'MSQO', skipping...
2022-10-17 23:15:49: Already run predictor 'RP' on group 'MSQO', skipping...
2022-10-17 23:15:49: Already run predictor 'SVM' on group 'MSQO', skipping...
2022-10-17 23:15:49: Already run predictor 'NB' on group 'MSQO', skipping...
2022-10-17 23:15:49: Already run predictor 'KNN' on group 'MSQO', skipping...
2022-10-17 23:15:49: Already run predictor 'KNNC' on group 'MSQO', skipping...
2022-10-17 23:15:49: Running predictor 'XGB' for group 'MSQO'.
2022-10-17 23:15:49: CV num 1:
Error in train.default(Xtrain, factor(Ytrain), method = "xgbTree", trControl = trControl,  : 
  object 'trControl' not found
2022-10-17 23:15:49: ## Ran group 'MSQO' in 0.01 minutes.

