2022-10-17 23:27:29: ###### Treating group of Categories: ClTr
2022-10-17 23:27:29: Selected columns:
Clinical.ATM, Clinical.OpticNeuritis, Clinical.INO, Clinical.MotorWeakness, Clinical.SensoryDisturbance, Clinical.Ataxia, Clinical.BladderDisturbance, Clinical.BowelDisturbance, Clinical.Myelopathy, Clinical.CogDisturbance, Clinical.VisualLoss, Treatments.nDMT, Treatments.hasIM, Treatments.hasIS, Treatments.hasMA, Treatments.DMTcategory
2022-10-17 23:27:29: Already run predictor 'GLM' on group 'ClTr', skipping...
2022-10-17 23:27:29: Already run predictor 'RF' on group 'ClTr', skipping...
2022-10-17 23:27:29: Already run predictor 'RF2' on group 'ClTr', skipping...
2022-10-17 23:27:29: Already run predictor 'RF3' on group 'ClTr', skipping...
2022-10-17 23:27:29: Already run predictor 'RFO' on group 'ClTr', skipping...
2022-10-17 23:27:29: Already run predictor 'RP' on group 'ClTr', skipping...
2022-10-17 23:27:29: Already run predictor 'SVM' on group 'ClTr', skipping...
2022-10-17 23:27:29: Already run predictor 'NB' on group 'ClTr', skipping...
2022-10-17 23:27:29: Already run predictor 'KNN' on group 'ClTr', skipping...
2022-10-17 23:27:29: Already run predictor 'KNNC' on group 'ClTr', skipping...
2022-10-17 23:27:29: Running predictor 'XGB' for group 'ClTr'.
2022-10-17 23:27:29: CV num 1:
Loading required package: xgboost

Attaching package: ‘xgboost’

The following object is masked from ‘package:dplyr’:

    slice

Loading required package: plyr
------------------------------------------------------------------------------
You have loaded plyr after dplyr - this is likely to cause problems.
If you need functions from both plyr and dplyr, please load plyr first, then dplyr:
library(plyr); library(dplyr)
------------------------------------------------------------------------------

Attaching package: ‘plyr’

The following objects are masked from ‘package:dplyr’:

    arrange, count, desc, failwith, id, mutate, rename, summarise,
    summarize

Error : At least one of the class levels is not a valid R variable name; This will cause errors when class probabilities are generated because the variables names will be converted to  FALSE., TRUE. . Please use factor levels that can be used as valid R variable names  (see ?make.names for help).
2022-10-17 23:27:33: ## Ran group 'ClTr' in 0.08 minutes.

2022-10-17 23:27:33: ###### Treating group of Categories: ClCoTr
2022-10-17 23:27:33: Selected columns:
Clinical.ATM, Clinical.OpticNeuritis, Clinical.INO, Clinical.MotorWeakness, Clinical.SensoryDisturbance, Clinical.Ataxia, Clinical.BladderDisturbance, Clinical.BowelDisturbance, Clinical.Myelopathy, Clinical.CogDisturbance, Clinical.VisualLoss, Core.AgeAtExam, Core.EDSS, Core.DiseaseDuration, Core.DiseaseCourse, Core.MSSS, Treatments.nDMT, Treatments.hasIM, Treatments.hasIS, Treatments.hasMA, Treatments.DMTcategory
2022-10-17 23:27:33: Already run predictor 'GLM' on group 'ClCoTr', skipping...
2022-10-17 23:27:33: Already run predictor 'RF' on group 'ClCoTr', skipping...
2022-10-17 23:27:33: Already run predictor 'RF2' on group 'ClCoTr', skipping...
2022-10-17 23:27:33: Already run predictor 'RF3' on group 'ClCoTr', skipping...
2022-10-17 23:27:33: Already run predictor 'RFO' on group 'ClCoTr', skipping...
2022-10-17 23:27:33: Already run predictor 'RP' on group 'ClCoTr', skipping...
2022-10-17 23:27:33: Already run predictor 'SVM' on group 'ClCoTr', skipping...
2022-10-17 23:27:33: Already run predictor 'NB' on group 'ClCoTr', skipping...
2022-10-17 23:27:33: Already run predictor 'KNN' on group 'ClCoTr', skipping...
2022-10-17 23:27:33: Already run predictor 'KNNC' on group 'ClCoTr', skipping...
2022-10-17 23:27:33: Running predictor 'XGB' for group 'ClCoTr'.
2022-10-17 23:27:33: CV num 1:
Error : At least one of the class levels is not a valid R variable name; This will cause errors when class probabilities are generated because the variables names will be converted to  FALSE., TRUE. . Please use factor levels that can be used as valid R variable names  (see ?make.names for help).
2022-10-17 23:27:33: ## Ran group 'ClCoTr' in 0.00 minutes.

2022-10-17 23:27:33: ###### Treating group of Categories: CoPa
2022-10-17 23:27:33: Selected columns:
Core.AgeAtExam, Core.EDSS, Core.DiseaseDuration, Core.DiseaseCourse, Core.MSSS, Patient.AgeOfOnset, Patient.Gender
2022-10-17 23:27:33: Already run predictor 'GLM' on group 'CoPa', skipping...
2022-10-17 23:27:33: Already run predictor 'RF' on group 'CoPa', skipping...
2022-10-17 23:27:33: Already run predictor 'RF2' on group 'CoPa', skipping...
2022-10-17 23:27:33: Already run predictor 'RF3' on group 'CoPa', skipping...
2022-10-17 23:27:33: Already run predictor 'RFO' on group 'CoPa', skipping...
2022-10-17 23:27:33: Already run predictor 'RP' on group 'CoPa', skipping...
2022-10-17 23:27:33: Already run predictor 'SVM' on group 'CoPa', skipping...
2022-10-17 23:27:33: Already run predictor 'NB' on group 'CoPa', skipping...
2022-10-17 23:27:33: Already run predictor 'KNN' on group 'CoPa', skipping...
2022-10-17 23:27:33: Already run predictor 'KNNC' on group 'CoPa', skipping...
2022-10-17 23:27:33: Running predictor 'XGB' for group 'CoPa'.
2022-10-17 23:27:33: CV num 1:
Error : At least one of the class levels is not a valid R variable name; This will cause errors when class probabilities are generated because the variables names will be converted to  FALSE., TRUE. . Please use factor levels that can be used as valid R variable names  (see ?make.names for help).
2022-10-17 23:27:34: ## Ran group 'CoPa' in 0.00 minutes.

2022-10-17 23:27:34: ###### Treating group of Categories: CoLiMS
2022-10-17 23:27:34: Selected columns:
Core.AgeAtExam, Core.EDSS, Core.DiseaseDuration, Core.DiseaseCourse, Core.MSSS, Life.CaffeineFreq, Life.MemoryConcerns, Life.Smoking, MSFC.T25FW, MSFC.NHPT
2022-10-17 23:27:34: Already run predictor 'GLM' on group 'CoLiMS', skipping...
2022-10-17 23:27:34: Already run predictor 'RF' on group 'CoLiMS', skipping...
2022-10-17 23:27:34: Already run predictor 'RF2' on group 'CoLiMS', skipping...
2022-10-17 23:27:34: Already run predictor 'RF3' on group 'CoLiMS', skipping...
2022-10-17 23:27:34: Already run predictor 'RFO' on group 'CoLiMS', skipping...
2022-10-17 23:27:34: Already run predictor 'RP' on group 'CoLiMS', skipping...
2022-10-17 23:27:34: Already run predictor 'SVM' on group 'CoLiMS', skipping...
2022-10-17 23:27:34: Already run predictor 'NB' on group 'CoLiMS', skipping...
2022-10-17 23:27:34: Already run predictor 'KNN' on group 'CoLiMS', skipping...
2022-10-17 23:27:34: Already run predictor 'KNNC' on group 'CoLiMS', skipping...
2022-10-17 23:27:34: Running predictor 'XGB' for group 'CoLiMS'.
2022-10-17 23:27:34: CV num 1:
Error : At least one of the class levels is not a valid R variable name; This will cause errors when class probabilities are generated because the variables names will be converted to  FALSE., TRUE. . Please use factor levels that can be used as valid R variable names  (see ?make.names for help).
2022-10-17 23:27:34: ## Ran group 'CoLiMS' in 0.00 minutes.

2022-10-17 23:27:34: ###### Treating group of Categories: CoMRPa
2022-10-17 23:27:34: Selected columns:
Core.AgeAtExam, Core.EDSS, Core.DiseaseDuration, Core.DiseaseCourse, Core.MSSS, MRI.CE_Lesion, MRI.GM_Volume, MRI.Siena_PBVC, Patient.AgeOfOnset, Patient.Gender
2022-10-17 23:27:34: Already run predictor 'GLM' on group 'CoMRPa', skipping...
2022-10-17 23:27:34: Already run predictor 'RF' on group 'CoMRPa', skipping...
2022-10-17 23:27:34: Already run predictor 'RF2' on group 'CoMRPa', skipping...
2022-10-17 23:27:34: Already run predictor 'RF3' on group 'CoMRPa', skipping...
2022-10-17 23:27:34: Already run predictor 'RFO' on group 'CoMRPa', skipping...
2022-10-17 23:27:34: Already run predictor 'RP' on group 'CoMRPa', skipping...
2022-10-17 23:27:34: Already run predictor 'SVM' on group 'CoMRPa', skipping...
2022-10-17 23:27:34: Already run predictor 'NB' on group 'CoMRPa', skipping...
2022-10-17 23:27:34: Already run predictor 'KNN' on group 'CoMRPa', skipping...
2022-10-17 23:27:34: Already run predictor 'KNNC' on group 'CoMRPa', skipping...
2022-10-17 23:27:34: Running predictor 'XGB' for group 'CoMRPa'.
2022-10-17 23:27:34: CV num 1:
Warning: closing unused connection 11 (RunData/Subj-3-2-1914_2022-08-22_10-53/logs/run_2022-10-17_23-27_7838.log)
Warning: closing unused connection 9 (RunData/Subj-3-2-1914_2022-08-22_10-53/logs/run_2022-10-17_23-27_7838.log)
Warning: closing unused connection 7 (RunData/Subj-3-2-1914_2022-08-22_10-53/logs/run_2022-10-17_23-27_7838.log)
Error : At least one of the class levels is not a valid R variable name; This will cause errors when class probabilities are generated because the variables names will be converted to  FALSE., TRUE. . Please use factor levels that can be used as valid R variable names  (see ?make.names for help).
2022-10-17 23:27:34: ## Ran group 'CoMRPa' in 0.00 minutes.

2022-10-17 23:27:34: ###### Treating group of Categories: Li
2022-10-17 23:27:34: Selected columns:
Life.CaffeineFreq, Life.MemoryConcerns, Life.Smoking
2022-10-17 23:27:34: Already run predictor 'GLM' on group 'Li', skipping...
2022-10-17 23:27:34: Already run predictor 'RF' on group 'Li', skipping...
2022-10-17 23:27:34: Already run predictor 'RF2' on group 'Li', skipping...
2022-10-17 23:27:34: Already run predictor 'RF3' on group 'Li', skipping...
2022-10-17 23:27:34: Already run predictor 'RFO' on group 'Li', skipping...
2022-10-17 23:27:34: Already run predictor 'RP' on group 'Li', skipping...
2022-10-17 23:27:34: Already run predictor 'SVM' on group 'Li', skipping...
2022-10-17 23:27:34: Already run predictor 'NB' on group 'Li', skipping...
2022-10-17 23:27:34: Already run predictor 'KNN' on group 'Li', skipping...
2022-10-17 23:27:34: Already run predictor 'KNNC' on group 'Li', skipping...
2022-10-17 23:27:34: Running predictor 'XGB' for group 'Li'.
2022-10-17 23:27:34: CV num 1:
Error : At least one of the class levels is not a valid R variable name; This will cause errors when class probabilities are generated because the variables names will be converted to  FALSE., TRUE. . Please use factor levels that can be used as valid R variable names  (see ?make.names for help).
2022-10-17 23:27:34: ## Ran group 'Li' in 0.00 minutes.

2022-10-17 23:27:34: ###### Treating group of Categories: MR
2022-10-17 23:27:34: Selected columns:
MRI.CE_Lesion, MRI.GM_Volume, MRI.Siena_PBVC
2022-10-17 23:27:34: Already run predictor 'GLM' on group 'MR', skipping...
2022-10-17 23:27:34: Already run predictor 'RF' on group 'MR', skipping...
2022-10-17 23:27:34: Already run predictor 'RF2' on group 'MR', skipping...
2022-10-17 23:27:34: Already run predictor 'RF3' on group 'MR', skipping...
2022-10-17 23:27:34: Already run predictor 'RFO' on group 'MR', skipping...
2022-10-17 23:27:34: Already run predictor 'RP' on group 'MR', skipping...
2022-10-17 23:27:34: Already run predictor 'SVM' on group 'MR', skipping...
2022-10-17 23:27:34: Already run predictor 'NB' on group 'MR', skipping...
2022-10-17 23:27:34: Already run predictor 'KNN' on group 'MR', skipping...
2022-10-17 23:27:34: Already run predictor 'KNNC' on group 'MR', skipping...
2022-10-17 23:27:34: Running predictor 'XGB' for group 'MR'.
2022-10-17 23:27:34: CV num 1:
Error : At least one of the class levels is not a valid R variable name; This will cause errors when class probabilities are generated because the variables names will be converted to  FALSE., TRUE. . Please use factor levels that can be used as valid R variable names  (see ?make.names for help).
2022-10-17 23:27:34: ## Ran group 'MR' in 0.00 minutes.

2022-10-17 23:27:34: ###### Treating group of Categories: PaQO
2022-10-17 23:27:34: Selected columns:
Patient.AgeOfOnset, Patient.Gender, QOL.LackFocus, QOL.LackEnergy, QOL.PsychoDown, QOL.RelativePain, QOL.NotEnjoyLife
2022-10-17 23:27:34: Already run predictor 'GLM' on group 'PaQO', skipping...
2022-10-17 23:27:34: Already run predictor 'RF' on group 'PaQO', skipping...
2022-10-17 23:27:34: Already run predictor 'RF2' on group 'PaQO', skipping...
2022-10-17 23:27:34: Already run predictor 'RF3' on group 'PaQO', skipping...
2022-10-17 23:27:34: Already run predictor 'RFO' on group 'PaQO', skipping...
2022-10-17 23:27:34: Already run predictor 'RP' on group 'PaQO', skipping...
2022-10-17 23:27:34: Already run predictor 'SVM' on group 'PaQO', skipping...
2022-10-17 23:27:34: Already run predictor 'NB' on group 'PaQO', skipping...
2022-10-17 23:27:34: Already run predictor 'KNN' on group 'PaQO', skipping...
2022-10-17 23:27:34: Already run predictor 'KNNC' on group 'PaQO', skipping...
2022-10-17 23:27:34: Running predictor 'XGB' for group 'PaQO'.
2022-10-17 23:27:34: CV num 1:
Error : At least one of the class levels is not a valid R variable name; This will cause errors when class probabilities are generated because the variables names will be converted to  FALSE., TRUE. . Please use factor levels that can be used as valid R variable names  (see ?make.names for help).
2022-10-17 23:27:34: ## Ran group 'PaQO' in 0.00 minutes.

