2022-10-17 23:27:29: ###### Treating group of Categories: ClCo
2022-10-17 23:27:29: Selected columns:
Clinical.ATM, Clinical.OpticNeuritis, Clinical.INO, Clinical.MotorWeakness, Clinical.SensoryDisturbance, Clinical.Ataxia, Clinical.BladderDisturbance, Clinical.BowelDisturbance, Clinical.Myelopathy, Clinical.CogDisturbance, Clinical.VisualLoss, Core.AgeAtExam, Core.EDSS, Core.DiseaseDuration, Core.DiseaseCourse, Core.MSSS
2022-10-17 23:27:29: Already run predictor 'GLM' on group 'ClCo', skipping...
2022-10-17 23:27:29: Already run predictor 'RF' on group 'ClCo', skipping...
2022-10-17 23:27:29: Already run predictor 'RF2' on group 'ClCo', skipping...
2022-10-17 23:27:29: Already run predictor 'RF3' on group 'ClCo', skipping...
2022-10-17 23:27:29: Already run predictor 'RFO' on group 'ClCo', skipping...
2022-10-17 23:27:29: Already run predictor 'RP' on group 'ClCo', skipping...
2022-10-17 23:27:29: Already run predictor 'SVM' on group 'ClCo', skipping...
2022-10-17 23:27:29: Already run predictor 'NB' on group 'ClCo', skipping...
2022-10-17 23:27:29: Already run predictor 'KNN' on group 'ClCo', skipping...
2022-10-17 23:27:29: Already run predictor 'KNNC' on group 'ClCo', skipping...
2022-10-17 23:27:29: Running predictor 'XGB' for group 'ClCo'.
2022-10-17 23:27:29: CV num 1:
Loading required package: xgboost

Attaching package: ‘xgboost’

The following object is masked from ‘package:dplyr’:

    slice

Loading required package: plyr
------------------------------------------------------------------------------
You have loaded plyr after dplyr - this is likely to cause problems.
If you need functions from both plyr and dplyr, please load plyr first, then dplyr:
library(plyr); library(dplyr)
------------------------------------------------------------------------------

Attaching package: ‘plyr’

The following objects are masked from ‘package:dplyr’:

    arrange, count, desc, failwith, id, mutate, rename, summarise,
    summarize

Error : At least one of the class levels is not a valid R variable name; This will cause errors when class probabilities are generated because the variables names will be converted to  FALSE., TRUE. . Please use factor levels that can be used as valid R variable names  (see ?make.names for help).
2022-10-17 23:27:33: ## Ran group 'ClCo' in 0.08 minutes.

2022-10-17 23:27:33: ###### Treating group of Categories: CoLi
2022-10-17 23:27:33: Selected columns:
Core.AgeAtExam, Core.EDSS, Core.DiseaseDuration, Core.DiseaseCourse, Core.MSSS, Life.CaffeineFreq, Life.MemoryConcerns, Life.Smoking
2022-10-17 23:27:33: Already run predictor 'GLM' on group 'CoLi', skipping...
2022-10-17 23:27:33: Already run predictor 'RF' on group 'CoLi', skipping...
2022-10-17 23:27:33: Already run predictor 'RF2' on group 'CoLi', skipping...
2022-10-17 23:27:33: Already run predictor 'RF3' on group 'CoLi', skipping...
2022-10-17 23:27:33: Already run predictor 'RFO' on group 'CoLi', skipping...
2022-10-17 23:27:33: Already run predictor 'RP' on group 'CoLi', skipping...
2022-10-17 23:27:33: Already run predictor 'SVM' on group 'CoLi', skipping...
2022-10-17 23:27:33: Already run predictor 'NB' on group 'CoLi', skipping...
2022-10-17 23:27:33: Already run predictor 'KNN' on group 'CoLi', skipping...
2022-10-17 23:27:33: Already run predictor 'KNNC' on group 'CoLi', skipping...
2022-10-17 23:27:33: Running predictor 'XGB' for group 'CoLi'.
2022-10-17 23:27:33: CV num 1:
Error : At least one of the class levels is not a valid R variable name; This will cause errors when class probabilities are generated because the variables names will be converted to  FALSE., TRUE. . Please use factor levels that can be used as valid R variable names  (see ?make.names for help).
2022-10-17 23:27:33: ## Ran group 'CoLi' in 0.00 minutes.

2022-10-17 23:27:33: ###### Treating group of Categories: CoFSLi
2022-10-17 23:27:33: Selected columns:
Core.AgeAtExam, Core.EDSS, Core.DiseaseDuration, Core.DiseaseCourse, Core.MSSS, FSSs.Visual, FSSs.Brainstem, FSSs.Pyramidal, FSSs.Cerebellar, FSSs.Sensory, FSSs.Bowel, FSSs.Mental, Life.CaffeineFreq, Life.MemoryConcerns, Life.Smoking
2022-10-17 23:27:33: Already run predictor 'GLM' on group 'CoFSLi', skipping...
2022-10-17 23:27:33: Already run predictor 'RF' on group 'CoFSLi', skipping...
2022-10-17 23:27:33: Already run predictor 'RF2' on group 'CoFSLi', skipping...
2022-10-17 23:27:33: Already run predictor 'RF3' on group 'CoFSLi', skipping...
2022-10-17 23:27:33: Already run predictor 'RFO' on group 'CoFSLi', skipping...
2022-10-17 23:27:33: Already run predictor 'RP' on group 'CoFSLi', skipping...
2022-10-17 23:27:33: Already run predictor 'SVM' on group 'CoFSLi', skipping...
2022-10-17 23:27:33: Already run predictor 'NB' on group 'CoFSLi', skipping...
2022-10-17 23:27:33: Already run predictor 'KNN' on group 'CoFSLi', skipping...
2022-10-17 23:27:33: Already run predictor 'KNNC' on group 'CoFSLi', skipping...
2022-10-17 23:27:33: Running predictor 'XGB' for group 'CoFSLi'.
2022-10-17 23:27:33: CV num 1:
Error : At least one of the class levels is not a valid R variable name; This will cause errors when class probabilities are generated because the variables names will be converted to  FALSE., TRUE. . Please use factor levels that can be used as valid R variable names  (see ?make.names for help).
2022-10-17 23:27:34: ## Ran group 'CoFSLi' in 0.00 minutes.

2022-10-17 23:27:34: ###### Treating group of Categories: CoLiQO
2022-10-17 23:27:34: Selected columns:
Core.AgeAtExam, Core.EDSS, Core.DiseaseDuration, Core.DiseaseCourse, Core.MSSS, Life.CaffeineFreq, Life.MemoryConcerns, Life.Smoking, QOL.LackFocus, QOL.LackEnergy, QOL.PsychoDown, QOL.RelativePain, QOL.NotEnjoyLife
2022-10-17 23:27:34: Already run predictor 'GLM' on group 'CoLiQO', skipping...
2022-10-17 23:27:34: Already run predictor 'RF' on group 'CoLiQO', skipping...
2022-10-17 23:27:34: Already run predictor 'RF2' on group 'CoLiQO', skipping...
2022-10-17 23:27:34: Already run predictor 'RF3' on group 'CoLiQO', skipping...
2022-10-17 23:27:34: Already run predictor 'RFO' on group 'CoLiQO', skipping...
2022-10-17 23:27:34: Already run predictor 'RP' on group 'CoLiQO', skipping...
2022-10-17 23:27:34: Already run predictor 'SVM' on group 'CoLiQO', skipping...
2022-10-17 23:27:34: Already run predictor 'NB' on group 'CoLiQO', skipping...
2022-10-17 23:27:34: Already run predictor 'KNN' on group 'CoLiQO', skipping...
2022-10-17 23:27:34: Already run predictor 'KNNC' on group 'CoLiQO', skipping...
2022-10-17 23:27:34: Running predictor 'XGB' for group 'CoLiQO'.
2022-10-17 23:27:34: CV num 1:
Error : At least one of the class levels is not a valid R variable name; This will cause errors when class probabilities are generated because the variables names will be converted to  FALSE., TRUE. . Please use factor levels that can be used as valid R variable names  (see ?make.names for help).
2022-10-17 23:27:34: ## Ran group 'CoLiQO' in 0.00 minutes.

2022-10-17 23:27:34: ###### Treating group of Categories: CoMSTr
2022-10-17 23:27:34: Selected columns:
Core.AgeAtExam, Core.EDSS, Core.DiseaseDuration, Core.DiseaseCourse, Core.MSSS, MSFC.T25FW, MSFC.NHPT, Treatments.nDMT, Treatments.hasIM, Treatments.hasIS, Treatments.hasMA, Treatments.DMTcategory
2022-10-17 23:27:34: Already run predictor 'GLM' on group 'CoMSTr', skipping...
2022-10-17 23:27:34: Already run predictor 'RF' on group 'CoMSTr', skipping...
2022-10-17 23:27:34: Already run predictor 'RF2' on group 'CoMSTr', skipping...
2022-10-17 23:27:34: Already run predictor 'RF3' on group 'CoMSTr', skipping...
2022-10-17 23:27:34: Already run predictor 'RFO' on group 'CoMSTr', skipping...
2022-10-17 23:27:34: Already run predictor 'RP' on group 'CoMSTr', skipping...
2022-10-17 23:27:34: Already run predictor 'SVM' on group 'CoMSTr', skipping...
2022-10-17 23:27:34: Already run predictor 'NB' on group 'CoMSTr', skipping...
2022-10-17 23:27:34: Already run predictor 'KNN' on group 'CoMSTr', skipping...
2022-10-17 23:27:34: Already run predictor 'KNNC' on group 'CoMSTr', skipping...
2022-10-17 23:27:34: Running predictor 'XGB' for group 'CoMSTr'.
2022-10-17 23:27:34: CV num 1:
Warning: closing unused connection 11 (RunData/Subj-3-2-1914_2022-08-22_10-53/logs/run_2022-10-17_23-27_7747.log)
Warning: closing unused connection 9 (RunData/Subj-3-2-1914_2022-08-22_10-53/logs/run_2022-10-17_23-27_7747.log)
Warning: closing unused connection 7 (RunData/Subj-3-2-1914_2022-08-22_10-53/logs/run_2022-10-17_23-27_7747.log)
Error : At least one of the class levels is not a valid R variable name; This will cause errors when class probabilities are generated because the variables names will be converted to  FALSE., TRUE. . Please use factor levels that can be used as valid R variable names  (see ?make.names for help).
2022-10-17 23:27:34: ## Ran group 'CoMSTr' in 0.00 minutes.

2022-10-17 23:27:34: ###### Treating group of Categories: LiPa
2022-10-17 23:27:34: Selected columns:
Life.CaffeineFreq, Life.MemoryConcerns, Life.Smoking, Patient.AgeOfOnset, Patient.Gender
2022-10-17 23:27:34: Already run predictor 'GLM' on group 'LiPa', skipping...
2022-10-17 23:27:34: Already run predictor 'RF' on group 'LiPa', skipping...
2022-10-17 23:27:34: Already run predictor 'RF2' on group 'LiPa', skipping...
2022-10-17 23:27:34: Already run predictor 'RF3' on group 'LiPa', skipping...
2022-10-17 23:27:34: Already run predictor 'RFO' on group 'LiPa', skipping...
2022-10-17 23:27:34: Already run predictor 'RP' on group 'LiPa', skipping...
2022-10-17 23:27:34: Already run predictor 'SVM' on group 'LiPa', skipping...
2022-10-17 23:27:34: Already run predictor 'NB' on group 'LiPa', skipping...
2022-10-17 23:27:34: Already run predictor 'KNN' on group 'LiPa', skipping...
2022-10-17 23:27:34: Already run predictor 'KNNC' on group 'LiPa', skipping...
2022-10-17 23:27:34: Running predictor 'XGB' for group 'LiPa'.
2022-10-17 23:27:34: CV num 1:
Error : At least one of the class levels is not a valid R variable name; This will cause errors when class probabilities are generated because the variables names will be converted to  FALSE., TRUE. . Please use factor levels that can be used as valid R variable names  (see ?make.names for help).
2022-10-17 23:27:34: ## Ran group 'LiPa' in 0.00 minutes.

2022-10-17 23:27:34: ###### Treating group of Categories: MSPa
2022-10-17 23:27:34: Selected columns:
MSFC.T25FW, MSFC.NHPT, Patient.AgeOfOnset, Patient.Gender
2022-10-17 23:27:34: Already run predictor 'GLM' on group 'MSPa', skipping...
2022-10-17 23:27:34: Already run predictor 'RF' on group 'MSPa', skipping...
2022-10-17 23:27:34: Already run predictor 'RF2' on group 'MSPa', skipping...
2022-10-17 23:27:34: Already run predictor 'RF3' on group 'MSPa', skipping...
2022-10-17 23:27:34: Already run predictor 'RFO' on group 'MSPa', skipping...
2022-10-17 23:27:34: Already run predictor 'RP' on group 'MSPa', skipping...
2022-10-17 23:27:34: Already run predictor 'SVM' on group 'MSPa', skipping...
2022-10-17 23:27:34: Already run predictor 'NB' on group 'MSPa', skipping...
2022-10-17 23:27:34: Already run predictor 'KNN' on group 'MSPa', skipping...
2022-10-17 23:27:34: Already run predictor 'KNNC' on group 'MSPa', skipping...
2022-10-17 23:27:34: Running predictor 'XGB' for group 'MSPa'.
2022-10-17 23:27:34: CV num 1:
Error : At least one of the class levels is not a valid R variable name; This will cause errors when class probabilities are generated because the variables names will be converted to  FALSE., TRUE. . Please use factor levels that can be used as valid R variable names  (see ?make.names for help).
2022-10-17 23:27:34: ## Ran group 'MSPa' in 0.00 minutes.

2022-10-17 23:27:34: ###### Treating group of Categories: PaTr
2022-10-17 23:27:34: Selected columns:
Patient.AgeOfOnset, Patient.Gender, Treatments.nDMT, Treatments.hasIM, Treatments.hasIS, Treatments.hasMA, Treatments.DMTcategory
2022-10-17 23:27:34: Already run predictor 'GLM' on group 'PaTr', skipping...
2022-10-17 23:27:34: Already run predictor 'RF' on group 'PaTr', skipping...
2022-10-17 23:27:34: Already run predictor 'RF2' on group 'PaTr', skipping...
2022-10-17 23:27:34: Already run predictor 'RF3' on group 'PaTr', skipping...
2022-10-17 23:27:34: Already run predictor 'RFO' on group 'PaTr', skipping...
2022-10-17 23:27:34: Already run predictor 'RP' on group 'PaTr', skipping...
2022-10-17 23:27:34: Already run predictor 'SVM' on group 'PaTr', skipping...
2022-10-17 23:27:34: Already run predictor 'NB' on group 'PaTr', skipping...
2022-10-17 23:27:34: Already run predictor 'KNN' on group 'PaTr', skipping...
2022-10-17 23:27:34: Already run predictor 'KNNC' on group 'PaTr', skipping...
2022-10-17 23:27:34: Running predictor 'XGB' for group 'PaTr'.
2022-10-17 23:27:34: CV num 1:
Error : At least one of the class levels is not a valid R variable name; This will cause errors when class probabilities are generated because the variables names will be converted to  FALSE., TRUE. . Please use factor levels that can be used as valid R variable names  (see ?make.names for help).
2022-10-17 23:27:34: ## Ran group 'PaTr' in 0.00 minutes.

