2022-11-07 13:11:06: ###### Treating group of Categories: ClCo
2022-11-07 13:11:06: Selected columns:
Clinical.ATM, Clinical.OpticNeuritis, Clinical.INO, Clinical.MotorWeakness, Clinical.SensoryDisturbance, Clinical.Ataxia, Clinical.BladderDisturbance, Clinical.BowelDisturbance, Clinical.Myelopathy, Clinical.CogDisturbance, Clinical.VisualLoss, Core.AgeAtExam, Core.EDSS, Core.DiseaseDuration, Core.DiseaseCourse, Core.MSSS
2022-11-07 13:11:06: Already run predictor 'GLM' on group 'ClCo', skipping...
2022-11-07 13:11:06: Already run predictor 'RF' on group 'ClCo', skipping...
2022-11-07 13:11:06: Already run predictor 'RF2' on group 'ClCo', skipping...
2022-11-07 13:11:06: Already run predictor 'RF3' on group 'ClCo', skipping...
2022-11-07 13:11:06: Already run predictor 'RFO' on group 'ClCo', skipping...
2022-11-07 13:11:06: Already run predictor 'RP' on group 'ClCo', skipping...
2022-11-07 13:11:06: Already run predictor 'SVM' on group 'ClCo', skipping...
2022-11-07 13:11:06: Already run predictor 'NB' on group 'ClCo', skipping...
2022-11-07 13:11:06: Already run predictor 'KNN' on group 'ClCo', skipping...
2022-11-07 13:11:06: Already run predictor 'KNNC' on group 'ClCo', skipping...
2022-11-07 13:11:06: Already run predictor 'XGB' on group 'ClCo', skipping...
2022-11-07 13:11:06: ## Ran group 'ClCo' in 0.00 minutes.

2022-11-07 13:11:06: ###### Treating group of Categories: ClFS
2022-11-07 13:11:06: Selected columns:
Clinical.ATM, Clinical.OpticNeuritis, Clinical.INO, Clinical.MotorWeakness, Clinical.SensoryDisturbance, Clinical.Ataxia, Clinical.BladderDisturbance, Clinical.BowelDisturbance, Clinical.Myelopathy, Clinical.CogDisturbance, Clinical.VisualLoss, FSSs.Visual, FSSs.Brainstem, FSSs.Pyramidal, FSSs.Cerebellar, FSSs.Sensory, FSSs.Bowel, FSSs.Mental
2022-11-07 13:11:06: Already run predictor 'GLM' on group 'ClFS', skipping...
2022-11-07 13:11:06: Already run predictor 'RF' on group 'ClFS', skipping...
2022-11-07 13:11:06: Already run predictor 'RF2' on group 'ClFS', skipping...
2022-11-07 13:11:06: Already run predictor 'RF3' on group 'ClFS', skipping...
2022-11-07 13:11:06: Already run predictor 'RFO' on group 'ClFS', skipping...
2022-11-07 13:11:06: Already run predictor 'RP' on group 'ClFS', skipping...
2022-11-07 13:11:06: Already run predictor 'SVM' on group 'ClFS', skipping...
2022-11-07 13:11:06: Already run predictor 'NB' on group 'ClFS', skipping...
2022-11-07 13:11:06: Already run predictor 'KNN' on group 'ClFS', skipping...
2022-11-07 13:11:06: Already run predictor 'KNNC' on group 'ClFS', skipping...
2022-11-07 13:11:06: Already run predictor 'XGB' on group 'ClFS', skipping...
2022-11-07 13:11:06: ## Ran group 'ClFS' in 0.00 minutes.

2022-11-07 13:11:06: ###### Treating group of Categories: ClMR
Warning: closing unused connection 7 (RunData/Subj-3-2-1914_2022-08-22_10-53/logs/run_2022-11-07_13-11_224.log)
Warning: closing unused connection 5 (RunData/Subj-3-2-1914_2022-08-22_10-53/logs/run_2022-11-07_13-11_224.log)
2022-11-07 13:11:06: Selected columns:
Clinical.ATM, Clinical.OpticNeuritis, Clinical.INO, Clinical.MotorWeakness, Clinical.SensoryDisturbance, Clinical.Ataxia, Clinical.BladderDisturbance, Clinical.BowelDisturbance, Clinical.Myelopathy, Clinical.CogDisturbance, Clinical.VisualLoss, MRI.CE_Lesion, MRI.GM_Volume, MRI.Siena_PBVC
2022-11-07 13:11:06: Already run predictor 'GLM' on group 'ClMR', skipping...
2022-11-07 13:11:06: Already run predictor 'RF' on group 'ClMR', skipping...
2022-11-07 13:11:06: Already run predictor 'RF2' on group 'ClMR', skipping...
2022-11-07 13:11:06: Already run predictor 'RF3' on group 'ClMR', skipping...
2022-11-07 13:11:06: Already run predictor 'RFO' on group 'ClMR', skipping...
2022-11-07 13:11:06: Already run predictor 'RP' on group 'ClMR', skipping...
2022-11-07 13:11:06: Already run predictor 'SVM' on group 'ClMR', skipping...
2022-11-07 13:11:06: Already run predictor 'NB' on group 'ClMR', skipping...
2022-11-07 13:11:06: Already run predictor 'KNN' on group 'ClMR', skipping...
2022-11-07 13:11:06: Already run predictor 'KNNC' on group 'ClMR', skipping...
2022-11-07 13:11:06: Already run predictor 'XGB' on group 'ClMR', skipping...
2022-11-07 13:11:06: ## Ran group 'ClMR' in 0.00 minutes.

2022-11-07 13:11:06: ###### Treating group of Categories: ClPa
2022-11-07 13:11:06: Selected columns:
Clinical.ATM, Clinical.OpticNeuritis, Clinical.INO, Clinical.MotorWeakness, Clinical.SensoryDisturbance, Clinical.Ataxia, Clinical.BladderDisturbance, Clinical.BowelDisturbance, Clinical.Myelopathy, Clinical.CogDisturbance, Clinical.VisualLoss, Patient.AgeOfOnset, Patient.Gender
2022-11-07 13:11:06: Already run predictor 'GLM' on group 'ClPa', skipping...
2022-11-07 13:11:06: Already run predictor 'RF' on group 'ClPa', skipping...
2022-11-07 13:11:06: Already run predictor 'RF2' on group 'ClPa', skipping...
2022-11-07 13:11:06: Already run predictor 'RF3' on group 'ClPa', skipping...
2022-11-07 13:11:06: Already run predictor 'RFO' on group 'ClPa', skipping...
2022-11-07 13:11:06: Already run predictor 'RP' on group 'ClPa', skipping...
2022-11-07 13:11:06: Already run predictor 'SVM' on group 'ClPa', skipping...
2022-11-07 13:11:06: Already run predictor 'NB' on group 'ClPa', skipping...
2022-11-07 13:11:06: Already run predictor 'KNN' on group 'ClPa', skipping...
2022-11-07 13:11:06: Already run predictor 'KNNC' on group 'ClPa', skipping...
2022-11-07 13:11:06: Already run predictor 'XGB' on group 'ClPa', skipping...
2022-11-07 13:11:06: ## Ran group 'ClPa' in 0.00 minutes.

2022-11-07 13:11:06: ###### Treating group of Categories: ClTr
2022-11-07 13:11:06: Selected columns:
Clinical.ATM, Clinical.OpticNeuritis, Clinical.INO, Clinical.MotorWeakness, Clinical.SensoryDisturbance, Clinical.Ataxia, Clinical.BladderDisturbance, Clinical.BowelDisturbance, Clinical.Myelopathy, Clinical.CogDisturbance, Clinical.VisualLoss, Treatments.nDMT, Treatments.hasIM, Treatments.hasIS, Treatments.hasMA, Treatments.DMTcategory
2022-11-07 13:11:06: Already run predictor 'GLM' on group 'ClTr', skipping...
2022-11-07 13:11:06: Already run predictor 'RF' on group 'ClTr', skipping...
2022-11-07 13:11:06: Already run predictor 'RF2' on group 'ClTr', skipping...
2022-11-07 13:11:06: Already run predictor 'RF3' on group 'ClTr', skipping...
2022-11-07 13:11:06: Already run predictor 'RFO' on group 'ClTr', skipping...
2022-11-07 13:11:06: Already run predictor 'RP' on group 'ClTr', skipping...
2022-11-07 13:11:06: Already run predictor 'SVM' on group 'ClTr', skipping...
2022-11-07 13:11:06: Already run predictor 'NB' on group 'ClTr', skipping...
2022-11-07 13:11:06: Already run predictor 'KNN' on group 'ClTr', skipping...
2022-11-07 13:11:06: Already run predictor 'KNNC' on group 'ClTr', skipping...
2022-11-07 13:11:06: Running predictor 'XGB' for group 'ClTr'.
2022-11-07 13:11:06: CV num 1:
Warning: closing unused connection 5 (RunData/Subj-3-2-1914_2022-08-22_10-53/logs/run_2022-11-07_13-11_224.log)
Warning: closing unused connection 9 (RunData/Subj-3-2-1914_2022-08-22_10-53/logs/run_2022-11-07_13-11_224.log)
Loading required package: xgboost

Attaching package: ‘xgboost’

The following object is masked from ‘package:dplyr’:

    slice

Loading required package: lattice
Loading required package: ggplot2

2022-11-07 13:11:22: XGB for groups Clinical - Treatments               ( 16 features) -> best nrounds: 10  / eta 0.05 / max_depth 2 [perf: 0.521]

2022-11-07 13:11:36: XGB for groups Clinical - Treatments               ( 16 features) -> best nrounds: 10  / eta 0.10 / max_depth 1 [perf: 0.511]

2022-11-07 13:11:49: XGB for groups Clinical - Treatments               ( 16 features) -> best nrounds: 20  / eta 0.20 / max_depth 1 [perf: 0.517]
2022-11-07 13:11:49: CV num 2:

2022-11-07 13:12:03: XGB for groups Clinical - Treatments               ( 16 features) -> best nrounds: 10  / eta 0.05 / max_depth 1 [perf: 0.509]

2022-11-07 13:12:18: XGB for groups Clinical - Treatments               ( 16 features) -> best nrounds: 10  / eta 0.05 / max_depth 1 [perf: 0.511]

2022-11-07 13:12:33: XGB for groups Clinical - Treatments               ( 16 features) -> best nrounds: 10  / eta 0.05 / max_depth 1 [perf: 0.535]
2022-11-07 13:12:33: Ran predictor 'XGB' for group 'ClTr' in 1.46 minutes.
2022-11-07 13:12:33: ## Ran group 'ClTr' in 1.46 minutes.

2022-11-07 13:12:33: ###### Treating group of Categories: ClCoLi
2022-11-07 13:12:33: Selected columns:
Clinical.ATM, Clinical.OpticNeuritis, Clinical.INO, Clinical.MotorWeakness, Clinical.SensoryDisturbance, Clinical.Ataxia, Clinical.BladderDisturbance, Clinical.BowelDisturbance, Clinical.Myelopathy, Clinical.CogDisturbance, Clinical.VisualLoss, Core.AgeAtExam, Core.EDSS, Core.DiseaseDuration, Core.DiseaseCourse, Core.MSSS, Life.CaffeineFreq, Life.MemoryConcerns, Life.Smoking
2022-11-07 13:12:33: Already run predictor 'GLM' on group 'ClCoLi', skipping...
2022-11-07 13:12:33: Already run predictor 'RF' on group 'ClCoLi', skipping...
2022-11-07 13:12:33: Already run predictor 'RF2' on group 'ClCoLi', skipping...
2022-11-07 13:12:33: Already run predictor 'RF3' on group 'ClCoLi', skipping...
2022-11-07 13:12:33: Already run predictor 'RFO' on group 'ClCoLi', skipping...
2022-11-07 13:12:33: Already run predictor 'RP' on group 'ClCoLi', skipping...
2022-11-07 13:12:33: Already run predictor 'SVM' on group 'ClCoLi', skipping...
2022-11-07 13:12:33: Already run predictor 'NB' on group 'ClCoLi', skipping...
2022-11-07 13:12:33: Already run predictor 'KNN' on group 'ClCoLi', skipping...
2022-11-07 13:12:33: Already run predictor 'KNNC' on group 'ClCoLi', skipping...
2022-11-07 13:12:33: Running predictor 'XGB' for group 'ClCoLi'.
2022-11-07 13:12:33: CV num 1:
Warning: closing unused connection 11 (RunData/Subj-3-2-1914_2022-08-22_10-53/logs/run_2022-11-07_13-11_224.log)

2022-11-07 13:12:50: XGB for groups Clinical - Core - Life              ( 19 features) -> best nrounds: 200  / eta 0.05 / max_depth 2 [perf: 0.717]

2022-11-07 13:13:07: XGB for groups Clinical - Core - Life              ( 19 features) -> best nrounds: 50  / eta 0.10 / max_depth 2 [perf: 0.688]

2022-11-07 13:13:23: XGB for groups Clinical - Core - Life              ( 19 features) -> best nrounds: 250  / eta 0.10 / max_depth 1 [perf: 0.682]
2022-11-07 13:13:23: CV num 2:

2022-11-07 13:13:39: XGB for groups Clinical - Core - Life              ( 19 features) -> best nrounds: 200  / eta 0.20 / max_depth 1 [perf: 0.685]

2022-11-07 13:13:53: XGB for groups Clinical - Core - Life              ( 19 features) -> best nrounds: 250  / eta 0.10 / max_depth 1 [perf: 0.701]

2022-11-07 13:14:11: XGB for groups Clinical - Core - Life              ( 19 features) -> best nrounds: 250  / eta 0.10 / max_depth 1 [perf: 0.704]
2022-11-07 13:14:11: Ran predictor 'XGB' for group 'ClCoLi' in 1.63 minutes.
2022-11-07 13:14:11: ## Ran group 'ClCoLi' in 1.63 minutes.

2022-11-07 13:14:11: ###### Treating group of Categories: ClCoMS
2022-11-07 13:14:11: Selected columns:
Clinical.ATM, Clinical.OpticNeuritis, Clinical.INO, Clinical.MotorWeakness, Clinical.SensoryDisturbance, Clinical.Ataxia, Clinical.BladderDisturbance, Clinical.BowelDisturbance, Clinical.Myelopathy, Clinical.CogDisturbance, Clinical.VisualLoss, Core.AgeAtExam, Core.EDSS, Core.DiseaseDuration, Core.DiseaseCourse, Core.MSSS, MSFC.T25FW, MSFC.NHPT
2022-11-07 13:14:11: Already run predictor 'GLM' on group 'ClCoMS', skipping...
2022-11-07 13:14:11: Already run predictor 'RF' on group 'ClCoMS', skipping...
2022-11-07 13:14:11: Already run predictor 'RF2' on group 'ClCoMS', skipping...
2022-11-07 13:14:11: Already run predictor 'RF3' on group 'ClCoMS', skipping...
2022-11-07 13:14:11: Already run predictor 'RFO' on group 'ClCoMS', skipping...
2022-11-07 13:14:11: Already run predictor 'RP' on group 'ClCoMS', skipping...
2022-11-07 13:14:11: Already run predictor 'SVM' on group 'ClCoMS', skipping...
2022-11-07 13:14:11: Already run predictor 'NB' on group 'ClCoMS', skipping...
2022-11-07 13:14:11: Already run predictor 'KNN' on group 'ClCoMS', skipping...
2022-11-07 13:14:11: Already run predictor 'KNNC' on group 'ClCoMS', skipping...
2022-11-07 13:14:11: Running predictor 'XGB' for group 'ClCoMS'.
2022-11-07 13:14:11: CV num 1:
Warning: closing unused connection 5 (RunData/Subj-3-2-1914_2022-08-22_10-53/logs/run_2022-11-07_13-11_224.log)

2022-11-07 13:14:28: XGB for groups Clinical - Core - MSFC              ( 18 features) -> best nrounds: 250  / eta 0.10 / max_depth 1 [perf: 0.759]

2022-11-07 13:14:44: XGB for groups Clinical - Core - MSFC              ( 18 features) -> best nrounds: 250  / eta 0.10 / max_depth 1 [perf: 0.738]

2022-11-07 13:14:59: XGB for groups Clinical - Core - MSFC              ( 18 features) -> best nrounds: 250  / eta 0.10 / max_depth 1 [perf: 0.720]
2022-11-07 13:14:59: CV num 2:

2022-11-07 13:15:14: XGB for groups Clinical - Core - MSFC              ( 18 features) -> best nrounds: 250  / eta 0.10 / max_depth 1 [perf: 0.717]

2022-11-07 13:15:28: XGB for groups Clinical - Core - MSFC              ( 18 features) -> best nrounds: 200  / eta 0.10 / max_depth 1 [perf: 0.729]

2022-11-07 13:15:43: XGB for groups Clinical - Core - MSFC              ( 18 features) -> best nrounds: 100  / eta 0.20 / max_depth 1 [perf: 0.745]
2022-11-07 13:15:43: Ran predictor 'XGB' for group 'ClCoMS' in 1.53 minutes.
2022-11-07 13:15:43: ## Ran group 'ClCoMS' in 1.53 minutes.

2022-11-07 13:15:43: ###### Treating group of Categories: ClCoQO
2022-11-07 13:15:43: Selected columns:
Clinical.ATM, Clinical.OpticNeuritis, Clinical.INO, Clinical.MotorWeakness, Clinical.SensoryDisturbance, Clinical.Ataxia, Clinical.BladderDisturbance, Clinical.BowelDisturbance, Clinical.Myelopathy, Clinical.CogDisturbance, Clinical.VisualLoss, Core.AgeAtExam, Core.EDSS, Core.DiseaseDuration, Core.DiseaseCourse, Core.MSSS, QOL.LackFocus, QOL.LackEnergy, QOL.PsychoDown, QOL.RelativePain, QOL.NotEnjoyLife
2022-11-07 13:15:43: Already run predictor 'GLM' on group 'ClCoQO', skipping...
2022-11-07 13:15:43: Already run predictor 'RF' on group 'ClCoQO', skipping...
2022-11-07 13:15:43: Already run predictor 'RF2' on group 'ClCoQO', skipping...
2022-11-07 13:15:43: Already run predictor 'RF3' on group 'ClCoQO', skipping...
2022-11-07 13:15:43: Already run predictor 'RFO' on group 'ClCoQO', skipping...
2022-11-07 13:15:43: Already run predictor 'RP' on group 'ClCoQO', skipping...
2022-11-07 13:15:43: Already run predictor 'SVM' on group 'ClCoQO', skipping...
2022-11-07 13:15:43: Already run predictor 'NB' on group 'ClCoQO', skipping...
2022-11-07 13:15:43: Already run predictor 'KNN' on group 'ClCoQO', skipping...
2022-11-07 13:15:43: Already run predictor 'KNNC' on group 'ClCoQO', skipping...
2022-11-07 13:15:43: Running predictor 'XGB' for group 'ClCoQO'.
2022-11-07 13:15:43: CV num 1:
Warning: closing unused connection 11 (RunData/Subj-3-2-1914_2022-08-22_10-53/logs/run_2022-11-07_13-11_224.log)

2022-11-07 13:16:00: XGB for groups Clinical - Core - QOL               ( 21 features) -> best nrounds: 250  / eta 0.05 / max_depth 1 [perf: 0.719]

2022-11-07 13:16:25: XGB for groups Clinical - Core - QOL               ( 21 features) -> best nrounds: 150  / eta 0.05 / max_depth 1 [perf: 0.700]
