2022-10-17 23:27:29: ###### Treating group of Categories: Cl
2022-10-17 23:27:29: Selected columns:
Clinical.ATM, Clinical.OpticNeuritis, Clinical.INO, Clinical.MotorWeakness, Clinical.SensoryDisturbance, Clinical.Ataxia, Clinical.BladderDisturbance, Clinical.BowelDisturbance, Clinical.Myelopathy, Clinical.CogDisturbance, Clinical.VisualLoss
2022-10-17 23:27:29: Already run predictor 'GLM' on group 'Cl', skipping...
2022-10-17 23:27:29: Already run predictor 'RF' on group 'Cl', skipping...
2022-10-17 23:27:29: Already run predictor 'RF2' on group 'Cl', skipping...
2022-10-17 23:27:29: Already run predictor 'RF3' on group 'Cl', skipping...
2022-10-17 23:27:29: Already run predictor 'RFO' on group 'Cl', skipping...
2022-10-17 23:27:29: Already run predictor 'RP' on group 'Cl', skipping...
2022-10-17 23:27:29: Already run predictor 'SVM' on group 'Cl', skipping...
2022-10-17 23:27:29: Already run predictor 'NB' on group 'Cl', skipping...
2022-10-17 23:27:29: Already run predictor 'KNN' on group 'Cl', skipping...
2022-10-17 23:27:29: Already run predictor 'KNNC' on group 'Cl', skipping...
2022-10-17 23:27:29: Running predictor 'XGB' for group 'Cl'.
2022-10-17 23:27:29: CV num 1:
Loading required package: xgboost

Attaching package: ‘xgboost’

The following object is masked from ‘package:dplyr’:

    slice

Loading required package: plyr
------------------------------------------------------------------------------
You have loaded plyr after dplyr - this is likely to cause problems.
If you need functions from both plyr and dplyr, please load plyr first, then dplyr:
library(plyr); library(dplyr)
------------------------------------------------------------------------------

Attaching package: ‘plyr’

The following objects are masked from ‘package:dplyr’:

    arrange, count, desc, failwith, id, mutate, rename, summarise,
    summarize

Error : At least one of the class levels is not a valid R variable name; This will cause errors when class probabilities are generated because the variables names will be converted to  FALSE., TRUE. . Please use factor levels that can be used as valid R variable names  (see ?make.names for help).
2022-10-17 23:27:34: ## Ran group 'Cl' in 0.08 minutes.

2022-10-17 23:27:34: ###### Treating group of Categories: CoFSTr
2022-10-17 23:27:34: Selected columns:
Core.AgeAtExam, Core.EDSS, Core.DiseaseDuration, Core.DiseaseCourse, Core.MSSS, FSSs.Visual, FSSs.Brainstem, FSSs.Pyramidal, FSSs.Cerebellar, FSSs.Sensory, FSSs.Bowel, FSSs.Mental, Treatments.nDMT, Treatments.hasIM, Treatments.hasIS, Treatments.hasMA, Treatments.DMTcategory
2022-10-17 23:27:34: Already run predictor 'GLM' on group 'CoFSTr', skipping...
2022-10-17 23:27:34: Already run predictor 'RF' on group 'CoFSTr', skipping...
2022-10-17 23:27:34: Already run predictor 'RF2' on group 'CoFSTr', skipping...
2022-10-17 23:27:34: Already run predictor 'RF3' on group 'CoFSTr', skipping...
2022-10-17 23:27:34: Already run predictor 'RFO' on group 'CoFSTr', skipping...
2022-10-17 23:27:34: Already run predictor 'RP' on group 'CoFSTr', skipping...
2022-10-17 23:27:34: Already run predictor 'SVM' on group 'CoFSTr', skipping...
2022-10-17 23:27:34: Already run predictor 'NB' on group 'CoFSTr', skipping...
2022-10-17 23:27:34: Already run predictor 'KNN' on group 'CoFSTr', skipping...
2022-10-17 23:27:34: Already run predictor 'KNNC' on group 'CoFSTr', skipping...
2022-10-17 23:27:34: Running predictor 'XGB' for group 'CoFSTr'.
2022-10-17 23:27:34: CV num 1:
Error : At least one of the class levels is not a valid R variable name; This will cause errors when class probabilities are generated because the variables names will be converted to  FALSE., TRUE. . Please use factor levels that can be used as valid R variable names  (see ?make.names for help).
2022-10-17 23:27:34: ## Ran group 'CoFSTr' in 0.00 minutes.

2022-10-17 23:27:34: ###### Treating group of Categories: CoMSQO
2022-10-17 23:27:34: Selected columns:
Core.AgeAtExam, Core.EDSS, Core.DiseaseDuration, Core.DiseaseCourse, Core.MSSS, MSFC.T25FW, MSFC.NHPT, QOL.LackFocus, QOL.LackEnergy, QOL.PsychoDown, QOL.RelativePain, QOL.NotEnjoyLife
2022-10-17 23:27:34: Already run predictor 'GLM' on group 'CoMSQO', skipping...
2022-10-17 23:27:34: Already run predictor 'RF' on group 'CoMSQO', skipping...
2022-10-17 23:27:34: Already run predictor 'RF2' on group 'CoMSQO', skipping...
2022-10-17 23:27:34: Already run predictor 'RF3' on group 'CoMSQO', skipping...
2022-10-17 23:27:34: Already run predictor 'RFO' on group 'CoMSQO', skipping...
2022-10-17 23:27:34: Already run predictor 'RP' on group 'CoMSQO', skipping...
2022-10-17 23:27:34: Already run predictor 'SVM' on group 'CoMSQO', skipping...
2022-10-17 23:27:34: Already run predictor 'NB' on group 'CoMSQO', skipping...
2022-10-17 23:27:34: Already run predictor 'KNN' on group 'CoMSQO', skipping...
2022-10-17 23:27:34: Already run predictor 'KNNC' on group 'CoMSQO', skipping...
2022-10-17 23:27:34: Running predictor 'XGB' for group 'CoMSQO'.
2022-10-17 23:27:34: CV num 1:
Error : At least one of the class levels is not a valid R variable name; This will cause errors when class probabilities are generated because the variables names will be converted to  FALSE., TRUE. . Please use factor levels that can be used as valid R variable names  (see ?make.names for help).
2022-10-17 23:27:34: ## Ran group 'CoMSQO' in 0.00 minutes.

2022-10-17 23:27:34: ###### Treating group of Categories: FSMS
2022-10-17 23:27:34: Selected columns:
FSSs.Visual, FSSs.Brainstem, FSSs.Pyramidal, FSSs.Cerebellar, FSSs.Sensory, FSSs.Bowel, FSSs.Mental, MSFC.T25FW, MSFC.NHPT
2022-10-17 23:27:34: Already run predictor 'GLM' on group 'FSMS', skipping...
2022-10-17 23:27:34: Already run predictor 'RF' on group 'FSMS', skipping...
2022-10-17 23:27:34: Already run predictor 'RF2' on group 'FSMS', skipping...
2022-10-17 23:27:34: Already run predictor 'RF3' on group 'FSMS', skipping...
2022-10-17 23:27:34: Already run predictor 'RFO' on group 'FSMS', skipping...
2022-10-17 23:27:34: Already run predictor 'RP' on group 'FSMS', skipping...
2022-10-17 23:27:34: Already run predictor 'SVM' on group 'FSMS', skipping...
2022-10-17 23:27:34: Already run predictor 'NB' on group 'FSMS', skipping...
2022-10-17 23:27:34: Already run predictor 'KNN' on group 'FSMS', skipping...
2022-10-17 23:27:34: Already run predictor 'KNNC' on group 'FSMS', skipping...
2022-10-17 23:27:34: Running predictor 'XGB' for group 'FSMS'.
2022-10-17 23:27:34: CV num 1:
Error : At least one of the class levels is not a valid R variable name; This will cause errors when class probabilities are generated because the variables names will be converted to  FALSE., TRUE. . Please use factor levels that can be used as valid R variable names  (see ?make.names for help).
2022-10-17 23:27:34: ## Ran group 'FSMS' in 0.00 minutes.

2022-10-17 23:27:34: ###### Treating group of Categories: MS
2022-10-17 23:27:34: Selected columns:
MSFC.T25FW, MSFC.NHPT
2022-10-17 23:27:34: Already run predictor 'GLM' on group 'MS', skipping...
2022-10-17 23:27:34: Already run predictor 'RF' on group 'MS', skipping...
2022-10-17 23:27:34: Already run predictor 'RF2' on group 'MS', skipping...
2022-10-17 23:27:34: Already run predictor 'RF3' on group 'MS', skipping...
2022-10-17 23:27:34: Already run predictor 'RFO' on group 'MS', skipping...
2022-10-17 23:27:34: Already run predictor 'RP' on group 'MS', skipping...
2022-10-17 23:27:34: Already run predictor 'SVM' on group 'MS', skipping...
2022-10-17 23:27:34: Already run predictor 'NB' on group 'MS', skipping...
2022-10-17 23:27:34: Already run predictor 'KNN' on group 'MS', skipping...
2022-10-17 23:27:34: Already run predictor 'KNNC' on group 'MS', skipping...
2022-10-17 23:27:34: Running predictor 'XGB' for group 'MS'.
2022-10-17 23:27:34: CV num 1:
Warning: closing unused connection 11 (RunData/Subj-3-2-1914_2022-08-22_10-53/logs/run_2022-10-17_23-27_7734.log)
Warning: closing unused connection 9 (RunData/Subj-3-2-1914_2022-08-22_10-53/logs/run_2022-10-17_23-27_7734.log)
Warning: closing unused connection 7 (RunData/Subj-3-2-1914_2022-08-22_10-53/logs/run_2022-10-17_23-27_7734.log)
Error : At least one of the class levels is not a valid R variable name; This will cause errors when class probabilities are generated because the variables names will be converted to  FALSE., TRUE. . Please use factor levels that can be used as valid R variable names  (see ?make.names for help).
2022-10-17 23:27:34: ## Ran group 'MS' in 0.00 minutes.

