2022-10-17 23:23:54: ###### Treating group of Categories: ClPa
2022-10-17 23:23:54: Selected columns:
Clinical.ATM, Clinical.OpticNeuritis, Clinical.INO, Clinical.MotorWeakness, Clinical.SensoryDisturbance, Clinical.Ataxia, Clinical.BladderDisturbance, Clinical.BowelDisturbance, Clinical.Myelopathy, Clinical.CogDisturbance, Clinical.VisualLoss, Patient.AgeOfOnset, Patient.Gender
2022-10-17 23:23:54: Already run predictor 'GLM' on group 'ClPa', skipping...
2022-10-17 23:23:54: Already run predictor 'RF' on group 'ClPa', skipping...
2022-10-17 23:23:54: Already run predictor 'RF2' on group 'ClPa', skipping...
2022-10-17 23:23:54: Already run predictor 'RF3' on group 'ClPa', skipping...
2022-10-17 23:23:54: Already run predictor 'RFO' on group 'ClPa', skipping...
2022-10-17 23:23:54: Already run predictor 'RP' on group 'ClPa', skipping...
2022-10-17 23:23:54: Already run predictor 'SVM' on group 'ClPa', skipping...
2022-10-17 23:23:54: Already run predictor 'NB' on group 'ClPa', skipping...
2022-10-17 23:23:54: Already run predictor 'KNN' on group 'ClPa', skipping...
2022-10-17 23:23:54: Already run predictor 'KNNC' on group 'ClPa', skipping...
2022-10-17 23:23:54: Running predictor 'XGB' for group 'ClPa'.
2022-10-17 23:23:54: CV num 1:
Loading required package: xgboost

Attaching package: ‘xgboost’

The following object is masked from ‘package:dplyr’:

    slice

Loading required package: plyr
------------------------------------------------------------------------------
You have loaded plyr after dplyr - this is likely to cause problems.
If you need functions from both plyr and dplyr, please load plyr first, then dplyr:
library(plyr); library(dplyr)
------------------------------------------------------------------------------

Attaching package: ‘plyr’

The following objects are masked from ‘package:dplyr’:

    arrange, count, desc, failwith, id, mutate, rename, summarise,
    summarize

Error in train.default(Xtrain, factor(Ytrain), method = "xgbTree", trControl = trControl,  : 
  object 'trControl' not found
2022-10-17 23:23:59: ## Ran group 'ClPa' in 0.08 minutes.

2022-10-17 23:23:59: ###### Treating group of Categories: CoMR
2022-10-17 23:23:59: Selected columns:
Core.AgeAtExam, Core.EDSS, Core.DiseaseDuration, Core.DiseaseCourse, Core.MSSS, MRI.CE_Lesion, MRI.GM_Volume, MRI.Siena_PBVC
2022-10-17 23:23:59: Already run predictor 'GLM' on group 'CoMR', skipping...
2022-10-17 23:23:59: Already run predictor 'RF' on group 'CoMR', skipping...
2022-10-17 23:23:59: Already run predictor 'RF2' on group 'CoMR', skipping...
2022-10-17 23:23:59: Already run predictor 'RF3' on group 'CoMR', skipping...
2022-10-17 23:23:59: Already run predictor 'RFO' on group 'CoMR', skipping...
2022-10-17 23:23:59: Already run predictor 'RP' on group 'CoMR', skipping...
2022-10-17 23:23:59: Already run predictor 'SVM' on group 'CoMR', skipping...
2022-10-17 23:23:59: Already run predictor 'NB' on group 'CoMR', skipping...
2022-10-17 23:23:59: Already run predictor 'KNN' on group 'CoMR', skipping...
2022-10-17 23:23:59: Already run predictor 'KNNC' on group 'CoMR', skipping...
2022-10-17 23:23:59: Running predictor 'XGB' for group 'CoMR'.
2022-10-17 23:23:59: CV num 1:
Error in train.default(Xtrain, factor(Ytrain), method = "xgbTree", trControl = trControl,  : 
  object 'trControl' not found
2022-10-17 23:23:59: ## Ran group 'CoMR' in 0.00 minutes.

2022-10-17 23:23:59: ###### Treating group of Categories: CoFSTr
2022-10-17 23:23:59: Selected columns:
Core.AgeAtExam, Core.EDSS, Core.DiseaseDuration, Core.DiseaseCourse, Core.MSSS, FSSs.Visual, FSSs.Brainstem, FSSs.Pyramidal, FSSs.Cerebellar, FSSs.Sensory, FSSs.Bowel, FSSs.Mental, Treatments.nDMT, Treatments.hasIM, Treatments.hasIS, Treatments.hasMA, Treatments.DMTcategory
2022-10-17 23:23:59: Already run predictor 'GLM' on group 'CoFSTr', skipping...
2022-10-17 23:23:59: Already run predictor 'RF' on group 'CoFSTr', skipping...
2022-10-17 23:23:59: Already run predictor 'RF2' on group 'CoFSTr', skipping...
2022-10-17 23:23:59: Already run predictor 'RF3' on group 'CoFSTr', skipping...
2022-10-17 23:23:59: Already run predictor 'RFO' on group 'CoFSTr', skipping...
2022-10-17 23:23:59: Already run predictor 'RP' on group 'CoFSTr', skipping...
2022-10-17 23:23:59: Already run predictor 'SVM' on group 'CoFSTr', skipping...
2022-10-17 23:23:59: Already run predictor 'NB' on group 'CoFSTr', skipping...
2022-10-17 23:23:59: Already run predictor 'KNN' on group 'CoFSTr', skipping...
2022-10-17 23:23:59: Already run predictor 'KNNC' on group 'CoFSTr', skipping...
2022-10-17 23:23:59: Running predictor 'XGB' for group 'CoFSTr'.
2022-10-17 23:23:59: CV num 1:
Error in train.default(Xtrain, factor(Ytrain), method = "xgbTree", trControl = trControl,  : 
  object 'trControl' not found
2022-10-17 23:23:59: ## Ran group 'CoFSTr' in 0.00 minutes.

2022-10-17 23:23:59: ###### Treating group of Categories: CoMSQO
2022-10-17 23:23:59: Selected columns:
Core.AgeAtExam, Core.EDSS, Core.DiseaseDuration, Core.DiseaseCourse, Core.MSSS, MSFC.T25FW, MSFC.NHPT, QOL.LackFocus, QOL.LackEnergy, QOL.PsychoDown, QOL.RelativePain, QOL.NotEnjoyLife
2022-10-17 23:23:59: Already run predictor 'GLM' on group 'CoMSQO', skipping...
2022-10-17 23:23:59: Already run predictor 'RF' on group 'CoMSQO', skipping...
2022-10-17 23:23:59: Already run predictor 'RF2' on group 'CoMSQO', skipping...
2022-10-17 23:23:59: Already run predictor 'RF3' on group 'CoMSQO', skipping...
2022-10-17 23:23:59: Already run predictor 'RFO' on group 'CoMSQO', skipping...
2022-10-17 23:23:59: Already run predictor 'RP' on group 'CoMSQO', skipping...
2022-10-17 23:23:59: Already run predictor 'SVM' on group 'CoMSQO', skipping...
2022-10-17 23:23:59: Already run predictor 'NB' on group 'CoMSQO', skipping...
2022-10-17 23:23:59: Already run predictor 'KNN' on group 'CoMSQO', skipping...
2022-10-17 23:23:59: Already run predictor 'KNNC' on group 'CoMSQO', skipping...
2022-10-17 23:23:59: Running predictor 'XGB' for group 'CoMSQO'.
2022-10-17 23:23:59: CV num 1:
Error in train.default(Xtrain, factor(Ytrain), method = "xgbTree", trControl = trControl,  : 
  object 'trControl' not found
2022-10-17 23:23:59: ## Ran group 'CoMSQO' in 0.00 minutes.

2022-10-17 23:23:59: ###### Treating group of Categories: FSLi
2022-10-17 23:23:59: Selected columns:
FSSs.Visual, FSSs.Brainstem, FSSs.Pyramidal, FSSs.Cerebellar, FSSs.Sensory, FSSs.Bowel, FSSs.Mental, Life.CaffeineFreq, Life.MemoryConcerns, Life.Smoking
2022-10-17 23:23:59: Already run predictor 'GLM' on group 'FSLi', skipping...
2022-10-17 23:23:59: Already run predictor 'RF' on group 'FSLi', skipping...
2022-10-17 23:23:59: Already run predictor 'RF2' on group 'FSLi', skipping...
2022-10-17 23:23:59: Already run predictor 'RF3' on group 'FSLi', skipping...
2022-10-17 23:23:59: Already run predictor 'RFO' on group 'FSLi', skipping...
2022-10-17 23:23:59: Already run predictor 'RP' on group 'FSLi', skipping...
2022-10-17 23:23:59: Already run predictor 'SVM' on group 'FSLi', skipping...
2022-10-17 23:23:59: Already run predictor 'NB' on group 'FSLi', skipping...
2022-10-17 23:23:59: Already run predictor 'KNN' on group 'FSLi', skipping...
2022-10-17 23:23:59: Already run predictor 'KNNC' on group 'FSLi', skipping...
2022-10-17 23:23:59: Running predictor 'XGB' for group 'FSLi'.
2022-10-17 23:23:59: CV num 1:
Warning: closing unused connection 11 (RunData/Subj-3-2-1914_2022-08-22_10-53/logs/run_2022-10-17_23-23_7662.log)
Warning: closing unused connection 9 (RunData/Subj-3-2-1914_2022-08-22_10-53/logs/run_2022-10-17_23-23_7662.log)
Warning: closing unused connection 7 (RunData/Subj-3-2-1914_2022-08-22_10-53/logs/run_2022-10-17_23-23_7662.log)
Error in train.default(Xtrain, factor(Ytrain), method = "xgbTree", trControl = trControl,  : 
  object 'trControl' not found
2022-10-17 23:23:59: ## Ran group 'FSLi' in 0.00 minutes.

2022-10-17 23:23:59: ###### Treating group of Categories: LiMS
2022-10-17 23:23:59: Selected columns:
Life.CaffeineFreq, Life.MemoryConcerns, Life.Smoking, MSFC.T25FW, MSFC.NHPT
2022-10-17 23:23:59: Already run predictor 'GLM' on group 'LiMS', skipping...
2022-10-17 23:23:59: Already run predictor 'RF' on group 'LiMS', skipping...
2022-10-17 23:23:59: Already run predictor 'RF2' on group 'LiMS', skipping...
2022-10-17 23:23:59: Already run predictor 'RF3' on group 'LiMS', skipping...
2022-10-17 23:23:59: Already run predictor 'RFO' on group 'LiMS', skipping...
2022-10-17 23:23:59: Already run predictor 'RP' on group 'LiMS', skipping...
2022-10-17 23:23:59: Already run predictor 'SVM' on group 'LiMS', skipping...
2022-10-17 23:23:59: Already run predictor 'NB' on group 'LiMS', skipping...
2022-10-17 23:23:59: Already run predictor 'KNN' on group 'LiMS', skipping...
2022-10-17 23:23:59: Already run predictor 'KNNC' on group 'LiMS', skipping...
2022-10-17 23:23:59: Running predictor 'XGB' for group 'LiMS'.
2022-10-17 23:23:59: CV num 1:
Error in train.default(Xtrain, factor(Ytrain), method = "xgbTree", trControl = trControl,  : 
  object 'trControl' not found
2022-10-17 23:23:59: ## Ran group 'LiMS' in 0.00 minutes.

2022-10-17 23:23:59: ###### Treating group of Categories: MRPa
2022-10-17 23:23:59: Selected columns:
MRI.CE_Lesion, MRI.GM_Volume, MRI.Siena_PBVC, Patient.AgeOfOnset, Patient.Gender
2022-10-17 23:23:59: Already run predictor 'GLM' on group 'MRPa', skipping...
2022-10-17 23:23:59: Already run predictor 'RF' on group 'MRPa', skipping...
2022-10-17 23:23:59: Already run predictor 'RF2' on group 'MRPa', skipping...
2022-10-17 23:23:59: Already run predictor 'RF3' on group 'MRPa', skipping...
2022-10-17 23:23:59: Already run predictor 'RFO' on group 'MRPa', skipping...
2022-10-17 23:23:59: Already run predictor 'RP' on group 'MRPa', skipping...
2022-10-17 23:23:59: Already run predictor 'SVM' on group 'MRPa', skipping...
2022-10-17 23:23:59: Already run predictor 'NB' on group 'MRPa', skipping...
2022-10-17 23:23:59: Already run predictor 'KNN' on group 'MRPa', skipping...
2022-10-17 23:23:59: Already run predictor 'KNNC' on group 'MRPa', skipping...
2022-10-17 23:23:59: Running predictor 'XGB' for group 'MRPa'.
2022-10-17 23:23:59: CV num 1:
Error in train.default(Xtrain, factor(Ytrain), method = "xgbTree", trControl = trControl,  : 
  object 'trControl' not found
2022-10-17 23:24:00: ## Ran group 'MRPa' in 0.00 minutes.

