2022-11-07 13:16:58: ###### Treating group of Categories: ClCo
2022-11-07 13:16:58: Selected columns:
Clinical.ATM, Clinical.OpticNeuritis, Clinical.INO, Clinical.MotorWeakness, Clinical.SensoryDisturbance, Clinical.Ataxia, Clinical.BladderDisturbance, Clinical.BowelDisturbance, Clinical.Myelopathy, Clinical.CogDisturbance, Clinical.VisualLoss, Core.AgeAtExam, Core.EDSS, Core.DiseaseDuration, Core.DiseaseCourse, Core.MSSS
2022-11-07 13:16:58: Already run predictor 'GLM' on group 'ClCo', skipping...
2022-11-07 13:16:58: Already run predictor 'RF' on group 'ClCo', skipping...
2022-11-07 13:16:58: Already run predictor 'RF2' on group 'ClCo', skipping...
2022-11-07 13:16:58: Already run predictor 'RF3' on group 'ClCo', skipping...
2022-11-07 13:16:58: Already run predictor 'RFO' on group 'ClCo', skipping...
2022-11-07 13:16:58: Already run predictor 'RP' on group 'ClCo', skipping...
2022-11-07 13:16:58: Already run predictor 'SVM' on group 'ClCo', skipping...
2022-11-07 13:16:58: Already run predictor 'NB' on group 'ClCo', skipping...
2022-11-07 13:16:58: Already run predictor 'KNN' on group 'ClCo', skipping...
2022-11-07 13:16:58: Already run predictor 'KNNC' on group 'ClCo', skipping...
2022-11-07 13:16:58: Already run predictor 'XGB' on group 'ClCo', skipping...
2022-11-07 13:16:58: ## Ran group 'ClCo' in 0.00 minutes.

2022-11-07 13:16:58: ###### Treating group of Categories: ClFS
2022-11-07 13:16:58: Selected columns:
Clinical.ATM, Clinical.OpticNeuritis, Clinical.INO, Clinical.MotorWeakness, Clinical.SensoryDisturbance, Clinical.Ataxia, Clinical.BladderDisturbance, Clinical.BowelDisturbance, Clinical.Myelopathy, Clinical.CogDisturbance, Clinical.VisualLoss, FSSs.Visual, FSSs.Brainstem, FSSs.Pyramidal, FSSs.Cerebellar, FSSs.Sensory, FSSs.Bowel, FSSs.Mental
2022-11-07 13:16:58: Already run predictor 'GLM' on group 'ClFS', skipping...
2022-11-07 13:16:58: Already run predictor 'RF' on group 'ClFS', skipping...
2022-11-07 13:16:58: Already run predictor 'RF2' on group 'ClFS', skipping...
2022-11-07 13:16:58: Already run predictor 'RF3' on group 'ClFS', skipping...
2022-11-07 13:16:58: Already run predictor 'RFO' on group 'ClFS', skipping...
2022-11-07 13:16:58: Already run predictor 'RP' on group 'ClFS', skipping...
2022-11-07 13:16:58: Already run predictor 'SVM' on group 'ClFS', skipping...
2022-11-07 13:16:58: Already run predictor 'NB' on group 'ClFS', skipping...
2022-11-07 13:16:58: Already run predictor 'KNN' on group 'ClFS', skipping...
2022-11-07 13:16:58: Already run predictor 'KNNC' on group 'ClFS', skipping...
2022-11-07 13:16:58: Already run predictor 'XGB' on group 'ClFS', skipping...
2022-11-07 13:16:58: ## Ran group 'ClFS' in 0.00 minutes.

2022-11-07 13:16:58: ###### Treating group of Categories: ClMR
Warning: closing unused connection 7 (RunData/Subj-3-2-1914_2022-08-22_10-53/logs/run_2022-11-07_13-16_275.log)
Warning: closing unused connection 5 (RunData/Subj-3-2-1914_2022-08-22_10-53/logs/run_2022-11-07_13-16_275.log)
2022-11-07 13:16:58: Selected columns:
Clinical.ATM, Clinical.OpticNeuritis, Clinical.INO, Clinical.MotorWeakness, Clinical.SensoryDisturbance, Clinical.Ataxia, Clinical.BladderDisturbance, Clinical.BowelDisturbance, Clinical.Myelopathy, Clinical.CogDisturbance, Clinical.VisualLoss, MRI.CE_Lesion, MRI.GM_Volume, MRI.Siena_PBVC
2022-11-07 13:16:58: Already run predictor 'GLM' on group 'ClMR', skipping...
2022-11-07 13:16:58: Already run predictor 'RF' on group 'ClMR', skipping...
2022-11-07 13:16:58: Already run predictor 'RF2' on group 'ClMR', skipping...
2022-11-07 13:16:58: Already run predictor 'RF3' on group 'ClMR', skipping...
2022-11-07 13:16:58: Already run predictor 'RFO' on group 'ClMR', skipping...
2022-11-07 13:16:58: Already run predictor 'RP' on group 'ClMR', skipping...
2022-11-07 13:16:58: Already run predictor 'SVM' on group 'ClMR', skipping...
2022-11-07 13:16:58: Already run predictor 'NB' on group 'ClMR', skipping...
2022-11-07 13:16:58: Already run predictor 'KNN' on group 'ClMR', skipping...
2022-11-07 13:16:58: Already run predictor 'KNNC' on group 'ClMR', skipping...
2022-11-07 13:16:58: Already run predictor 'XGB' on group 'ClMR', skipping...
2022-11-07 13:16:58: ## Ran group 'ClMR' in 0.00 minutes.

2022-11-07 13:16:58: ###### Treating group of Categories: ClQO
2022-11-07 13:16:58: Selected columns:
Clinical.ATM, Clinical.OpticNeuritis, Clinical.INO, Clinical.MotorWeakness, Clinical.SensoryDisturbance, Clinical.Ataxia, Clinical.BladderDisturbance, Clinical.BowelDisturbance, Clinical.Myelopathy, Clinical.CogDisturbance, Clinical.VisualLoss, QOL.LackFocus, QOL.LackEnergy, QOL.PsychoDown, QOL.RelativePain, QOL.NotEnjoyLife
2022-11-07 13:16:58: Already run predictor 'GLM' on group 'ClQO', skipping...
2022-11-07 13:16:58: Already run predictor 'RF' on group 'ClQO', skipping...
2022-11-07 13:16:58: Already run predictor 'RF2' on group 'ClQO', skipping...
2022-11-07 13:16:58: Already run predictor 'RF3' on group 'ClQO', skipping...
2022-11-07 13:16:58: Already run predictor 'RFO' on group 'ClQO', skipping...
2022-11-07 13:16:58: Already run predictor 'RP' on group 'ClQO', skipping...
2022-11-07 13:16:58: Already run predictor 'SVM' on group 'ClQO', skipping...
2022-11-07 13:16:58: Already run predictor 'NB' on group 'ClQO', skipping...
2022-11-07 13:16:58: Already run predictor 'KNN' on group 'ClQO', skipping...
2022-11-07 13:16:58: Already run predictor 'KNNC' on group 'ClQO', skipping...
2022-11-07 13:16:58: Already run predictor 'XGB' on group 'ClQO', skipping...
2022-11-07 13:16:58: ## Ran group 'ClQO' in 0.00 minutes.

2022-11-07 13:16:58: ###### Treating group of Categories: ClCoFS
2022-11-07 13:16:58: Selected columns:
Clinical.ATM, Clinical.OpticNeuritis, Clinical.INO, Clinical.MotorWeakness, Clinical.SensoryDisturbance, Clinical.Ataxia, Clinical.BladderDisturbance, Clinical.BowelDisturbance, Clinical.Myelopathy, Clinical.CogDisturbance, Clinical.VisualLoss, Core.AgeAtExam, Core.EDSS, Core.DiseaseDuration, Core.DiseaseCourse, Core.MSSS, FSSs.Visual, FSSs.Brainstem, FSSs.Pyramidal, FSSs.Cerebellar, FSSs.Sensory, FSSs.Bowel, FSSs.Mental
2022-11-07 13:16:58: Already run predictor 'GLM' on group 'ClCoFS', skipping...
2022-11-07 13:16:58: Already run predictor 'RF' on group 'ClCoFS', skipping...
2022-11-07 13:16:58: Already run predictor 'RF2' on group 'ClCoFS', skipping...
2022-11-07 13:16:58: Already run predictor 'RF3' on group 'ClCoFS', skipping...
2022-11-07 13:16:58: Already run predictor 'RFO' on group 'ClCoFS', skipping...
2022-11-07 13:16:58: Already run predictor 'RP' on group 'ClCoFS', skipping...
2022-11-07 13:16:58: Already run predictor 'SVM' on group 'ClCoFS', skipping...
2022-11-07 13:16:58: Already run predictor 'NB' on group 'ClCoFS', skipping...
2022-11-07 13:16:58: Already run predictor 'KNN' on group 'ClCoFS', skipping...
2022-11-07 13:16:58: Already run predictor 'KNNC' on group 'ClCoFS', skipping...
2022-11-07 13:16:58: Already run predictor 'XGB' on group 'ClCoFS', skipping...
2022-11-07 13:16:58: ## Ran group 'ClCoFS' in 0.00 minutes.

2022-11-07 13:16:58: ###### Treating group of Categories: ClCoLi
2022-11-07 13:16:58: Selected columns:
Clinical.ATM, Clinical.OpticNeuritis, Clinical.INO, Clinical.MotorWeakness, Clinical.SensoryDisturbance, Clinical.Ataxia, Clinical.BladderDisturbance, Clinical.BowelDisturbance, Clinical.Myelopathy, Clinical.CogDisturbance, Clinical.VisualLoss, Core.AgeAtExam, Core.EDSS, Core.DiseaseDuration, Core.DiseaseCourse, Core.MSSS, Life.CaffeineFreq, Life.MemoryConcerns, Life.Smoking
2022-11-07 13:16:58: Already run predictor 'GLM' on group 'ClCoLi', skipping...
2022-11-07 13:16:58: Already run predictor 'RF' on group 'ClCoLi', skipping...
2022-11-07 13:16:58: Already run predictor 'RF2' on group 'ClCoLi', skipping...
2022-11-07 13:16:58: Already run predictor 'RF3' on group 'ClCoLi', skipping...
2022-11-07 13:16:58: Already run predictor 'RFO' on group 'ClCoLi', skipping...
2022-11-07 13:16:58: Already run predictor 'RP' on group 'ClCoLi', skipping...
2022-11-07 13:16:58: Already run predictor 'SVM' on group 'ClCoLi', skipping...
2022-11-07 13:16:58: Already run predictor 'NB' on group 'ClCoLi', skipping...
2022-11-07 13:16:58: Already run predictor 'KNN' on group 'ClCoLi', skipping...
2022-11-07 13:16:58: Already run predictor 'KNNC' on group 'ClCoLi', skipping...
2022-11-07 13:16:58: Already run predictor 'XGB' on group 'ClCoLi', skipping...
2022-11-07 13:16:58: ## Ran group 'ClCoLi' in 0.00 minutes.

2022-11-07 13:16:58: ###### Treating group of Categories: ClCoPa
2022-11-07 13:16:58: Selected columns:
Clinical.ATM, Clinical.OpticNeuritis, Clinical.INO, Clinical.MotorWeakness, Clinical.SensoryDisturbance, Clinical.Ataxia, Clinical.BladderDisturbance, Clinical.BowelDisturbance, Clinical.Myelopathy, Clinical.CogDisturbance, Clinical.VisualLoss, Core.AgeAtExam, Core.EDSS, Core.DiseaseDuration, Core.DiseaseCourse, Core.MSSS, Patient.AgeOfOnset, Patient.Gender
2022-11-07 13:16:58: Already run predictor 'GLM' on group 'ClCoPa', skipping...
2022-11-07 13:16:58: Already run predictor 'RF' on group 'ClCoPa', skipping...
2022-11-07 13:16:58: Already run predictor 'RF2' on group 'ClCoPa', skipping...
2022-11-07 13:16:58: Already run predictor 'RF3' on group 'ClCoPa', skipping...
2022-11-07 13:16:58: Already run predictor 'RFO' on group 'ClCoPa', skipping...
2022-11-07 13:16:58: Already run predictor 'RP' on group 'ClCoPa', skipping...
2022-11-07 13:16:58: Already run predictor 'SVM' on group 'ClCoPa', skipping...
2022-11-07 13:16:58: Already run predictor 'NB' on group 'ClCoPa', skipping...
2022-11-07 13:16:58: Already run predictor 'KNN' on group 'ClCoPa', skipping...
2022-11-07 13:16:58: Already run predictor 'KNNC' on group 'ClCoPa', skipping...
2022-11-07 13:16:58: Already run predictor 'XGB' on group 'ClCoPa', skipping...
2022-11-07 13:16:58: ## Ran group 'ClCoPa' in 0.00 minutes.

2022-11-07 13:16:58: ###### Treating group of Categories: ClCoTr
Warning: closing unused connection 15 (RunData/Subj-3-2-1914_2022-08-22_10-53/logs/run_2022-11-07_13-16_275.log)
Warning: closing unused connection 13 (RunData/Subj-3-2-1914_2022-08-22_10-53/logs/run_2022-11-07_13-16_275.log)
Warning: closing unused connection 11 (RunData/Subj-3-2-1914_2022-08-22_10-53/logs/run_2022-11-07_13-16_275.log)
Warning: closing unused connection 5 (RunData/Subj-3-2-1914_2022-08-22_10-53/logs/run_2022-11-07_13-16_275.log)
2022-11-07 13:16:58: Selected columns:
Clinical.ATM, Clinical.OpticNeuritis, Clinical.INO, Clinical.MotorWeakness, Clinical.SensoryDisturbance, Clinical.Ataxia, Clinical.BladderDisturbance, Clinical.BowelDisturbance, Clinical.Myelopathy, Clinical.CogDisturbance, Clinical.VisualLoss, Core.AgeAtExam, Core.EDSS, Core.DiseaseDuration, Core.DiseaseCourse, Core.MSSS, Treatments.nDMT, Treatments.hasIM, Treatments.hasIS, Treatments.hasMA, Treatments.DMTcategory
2022-11-07 13:16:58: Already run predictor 'GLM' on group 'ClCoTr', skipping...
2022-11-07 13:16:58: Already run predictor 'RF' on group 'ClCoTr', skipping...
2022-11-07 13:16:58: Already run predictor 'RF2' on group 'ClCoTr', skipping...
2022-11-07 13:16:58: Already run predictor 'RF3' on group 'ClCoTr', skipping...
2022-11-07 13:16:58: Already run predictor 'RFO' on group 'ClCoTr', skipping...
2022-11-07 13:16:58: Already run predictor 'RP' on group 'ClCoTr', skipping...
2022-11-07 13:16:58: Already run predictor 'SVM' on group 'ClCoTr', skipping...
2022-11-07 13:16:58: Already run predictor 'NB' on group 'ClCoTr', skipping...
2022-11-07 13:16:58: Already run predictor 'KNN' on group 'ClCoTr', skipping...
2022-11-07 13:16:58: Already run predictor 'KNNC' on group 'ClCoTr', skipping...
2022-11-07 13:16:58: Running predictor 'XGB' for group 'ClCoTr'.
2022-11-07 13:16:58: CV num 1:
Warning: closing unused connection 9 (RunData/Subj-3-2-1914_2022-08-22_10-53/logs/run_2022-11-07_13-16_275.log)
Loading required package: xgboost

Attaching package: ‘xgboost’

The following object is masked from ‘package:dplyr’:

    slice

Loading required package: lattice
Loading required package: ggplot2

2022-11-07 13:17:18: XGB for groups Clinical - Core - Treatments        ( 21 features) -> best nrounds: 100  / eta 0.20 / max_depth 1 [perf: 0.713]
