2022-11-07 12:00:36: ###### Treating group of Categories: ClCo
2022-11-07 12:00:36: Selected columns:
Clinical.ATM, Clinical.OpticNeuritis, Clinical.INO, Clinical.MotorWeakness, Clinical.SensoryDisturbance, Clinical.Ataxia, Clinical.BladderDisturbance, Clinical.BowelDisturbance, Clinical.Myelopathy, Clinical.CogDisturbance, Clinical.VisualLoss, Core.AgeAtExam, Core.EDSS, Core.DiseaseDuration, Core.DiseaseCourse, Core.MSSS
2022-11-07 12:00:36: Already run predictor 'GLM' on group 'ClCo', skipping...
2022-11-07 12:00:36: Already run predictor 'RF' on group 'ClCo', skipping...
2022-11-07 12:00:36: Already run predictor 'RF2' on group 'ClCo', skipping...
2022-11-07 12:00:36: Already run predictor 'RF3' on group 'ClCo', skipping...
2022-11-07 12:00:36: Already run predictor 'RFO' on group 'ClCo', skipping...
2022-11-07 12:00:36: Already run predictor 'RP' on group 'ClCo', skipping...
2022-11-07 12:00:36: Already run predictor 'SVM' on group 'ClCo', skipping...
2022-11-07 12:00:36: Already run predictor 'NB' on group 'ClCo', skipping...
2022-11-07 12:00:36: Already run predictor 'KNN' on group 'ClCo', skipping...
2022-11-07 12:00:36: Already run predictor 'KNNC' on group 'ClCo', skipping...
2022-11-07 12:00:36: Already run predictor 'XGB' on group 'ClCo', skipping...
2022-11-07 12:00:36: ## Ran group 'ClCo' in 0.00 minutes.

2022-11-07 12:00:36: ###### Treating group of Categories: ClLi
Warning: closing unused connection 5 (RunData/Subj-3-2-1914_2022-08-22_10-53/logs/run_2022-11-07_12-00_201.log)
2022-11-07 12:00:36: Selected columns:
Clinical.ATM, Clinical.OpticNeuritis, Clinical.INO, Clinical.MotorWeakness, Clinical.SensoryDisturbance, Clinical.Ataxia, Clinical.BladderDisturbance, Clinical.BowelDisturbance, Clinical.Myelopathy, Clinical.CogDisturbance, Clinical.VisualLoss, Life.CaffeineFreq, Life.MemoryConcerns, Life.Smoking
2022-11-07 12:00:36: Already run predictor 'GLM' on group 'ClLi', skipping...
2022-11-07 12:00:36: Already run predictor 'RF' on group 'ClLi', skipping...
2022-11-07 12:00:36: Already run predictor 'RF2' on group 'ClLi', skipping...
2022-11-07 12:00:36: Already run predictor 'RF3' on group 'ClLi', skipping...
2022-11-07 12:00:36: Already run predictor 'RFO' on group 'ClLi', skipping...
2022-11-07 12:00:37: Already run predictor 'RP' on group 'ClLi', skipping...
2022-11-07 12:00:37: Already run predictor 'SVM' on group 'ClLi', skipping...
2022-11-07 12:00:37: Already run predictor 'NB' on group 'ClLi', skipping...
2022-11-07 12:00:37: Already run predictor 'KNN' on group 'ClLi', skipping...
2022-11-07 12:00:37: Already run predictor 'KNNC' on group 'ClLi', skipping...
2022-11-07 12:00:37: Running predictor 'XGB' for group 'ClLi'.
2022-11-07 12:00:37: CV num 1:
Loading required package: xgboost

Attaching package: ‘xgboost’

The following object is masked from ‘package:dplyr’:

    slice

Loading required package: lattice
Loading required package: ggplot2

2022-11-07 12:00:52: XGB for groups Clinical - Life                     ( 14 features) -> best nrounds: 10  / eta 0.05 / max_depth 1 [perf: 0.518]
 num [1:645] 0.414 0.436 0.436 0.436 0.437 ...
Classes ‘tbl_df’, ‘tbl’ and 'data.frame':	645 obs. of  14 variables:
 $ Clinical.ATM               : Factor w/ 4 levels "N","NONREC","RECUR",..: 1 1 1 1 1 1 1 2 1 1 ...
 $ Clinical.OpticNeuritis     : Factor w/ 4 levels "N","UNI","BI",..: 4 4 4 3 3 4 3 4 3 3 ...
 $ Clinical.INO               : Factor w/ 2 levels "NO","YES": 2 1 1 1 1 1 1 1 1 1 ...
 $ Clinical.MotorWeakness     : Factor w/ 2 levels "NO","YES": 1 1 1 2 2 2 2 2 1 2 ...
 $ Clinical.SensoryDisturbance: Factor w/ 2 levels "NO","YES": 2 2 1 2 2 2 1 2 2 2 ...
 $ Clinical.Ataxia            : Factor w/ 2 levels "NO","YES": 2 1 1 2 2 1 1 2 1 1 ...
 $ Clinical.BladderDisturbance: Factor w/ 2 levels "NO","YES": 2 1 1 1 1 2 2 2 1 2 ...
 $ Clinical.BowelDisturbance  : Factor w/ 2 levels "NO","YES": 1 1 1 1 2 1 1 1 1 2 ...
 $ Clinical.Myelopathy        : Factor w/ 2 levels "NO","YES": 1 2 1 2 2 2 2 2 2 2 ...
 $ Clinical.CogDisturbance    : Factor w/ 2 levels "NO","YES": 2 1 1 1 2 1 1 1 1 2 ...
 $ Clinical.VisualLoss        : Factor w/ 3 levels "NO","UNI","BI": 3 3 3 2 2 3 2 3 2 2 ...
 $ Life.CaffeineFreq          : Factor w/ 4 levels "None","1 to 3",..: 2 1 2 1 2 3 2 2 2 2 ...
 $ Life.MemoryConcerns        : logi  TRUE TRUE FALSE FALSE TRUE FALSE ...
 $ Life.Smoking               : num  157 157 157 157 208 157 157 51 157 212 ...
2022-11-07 12:00:52: ERROR running train/test for predictor 'XGB' and group 'ClLi': 
 length(res) == sum(foldIdx == i) is not TRUE
TRACEBACK:
1: run(X, Y, pred, FIs)
2: stopifnot(length(res) == sum(foldIdx == i)) at Code/Helpers/CVer.R:151
3: stop(sprintf(ngettext(length(r), "%s is not TRUE", "%s are not all TRUE"), ch), call. = FALSE, 
     domain = NA)
Error : length(res) == sum(foldIdx == i) is not TRUE
2022-11-07 12:00:52: ## Ran group 'ClLi' in 0.26 minutes.

2022-11-07 12:00:52: ###### Treating group of Categories: ClMR
2022-11-07 12:00:52: Selected columns:
Clinical.ATM, Clinical.OpticNeuritis, Clinical.INO, Clinical.MotorWeakness, Clinical.SensoryDisturbance, Clinical.Ataxia, Clinical.BladderDisturbance, Clinical.BowelDisturbance, Clinical.Myelopathy, Clinical.CogDisturbance, Clinical.VisualLoss, MRI.CE_Lesion, MRI.GM_Volume, MRI.Siena_PBVC
2022-11-07 12:00:52: Already run predictor 'GLM' on group 'ClMR', skipping...
2022-11-07 12:00:52: Already run predictor 'RF' on group 'ClMR', skipping...
2022-11-07 12:00:52: Already run predictor 'RF2' on group 'ClMR', skipping...
2022-11-07 12:00:52: Already run predictor 'RF3' on group 'ClMR', skipping...
2022-11-07 12:00:52: Already run predictor 'RFO' on group 'ClMR', skipping...
2022-11-07 12:00:52: Already run predictor 'RP' on group 'ClMR', skipping...
2022-11-07 12:00:52: Already run predictor 'SVM' on group 'ClMR', skipping...
2022-11-07 12:00:52: Already run predictor 'NB' on group 'ClMR', skipping...
2022-11-07 12:00:52: Already run predictor 'KNN' on group 'ClMR', skipping...
2022-11-07 12:00:52: Already run predictor 'KNNC' on group 'ClMR', skipping...
2022-11-07 12:00:52: Running predictor 'XGB' for group 'ClMR'.
2022-11-07 12:00:52: CV num 1:
Warning: closing unused connection 7 (RunData/Subj-3-2-1914_2022-08-22_10-53/logs/run_2022-11-07_12-00_201.log)

2022-11-07 12:01:05: XGB for groups Clinical - MRI                      ( 14 features) -> best nrounds: 10  / eta 0.10 / max_depth 2 [perf: 0.533]
 num [1:645] 0.417 0.465 0.426 0.417 0.415 ...
Classes ‘tbl_df’, ‘tbl’ and 'data.frame':	645 obs. of  14 variables:
 $ Clinical.ATM               : Factor w/ 4 levels "N","NONREC","RECUR",..: 1 1 1 1 1 1 1 2 1 1 ...
 $ Clinical.OpticNeuritis     : Factor w/ 4 levels "N","UNI","BI",..: 4 4 4 3 3 4 3 4 3 3 ...
 $ Clinical.INO               : Factor w/ 2 levels "NO","YES": 2 1 1 1 1 1 1 1 1 1 ...
 $ Clinical.MotorWeakness     : Factor w/ 2 levels "NO","YES": 1 1 1 2 2 2 2 2 1 2 ...
 $ Clinical.SensoryDisturbance: Factor w/ 2 levels "NO","YES": 2 2 1 2 2 2 1 2 2 2 ...
 $ Clinical.Ataxia            : Factor w/ 2 levels "NO","YES": 2 1 1 2 2 1 1 2 1 1 ...
 $ Clinical.BladderDisturbance: Factor w/ 2 levels "NO","YES": 2 1 1 1 1 2 2 2 1 2 ...
 $ Clinical.BowelDisturbance  : Factor w/ 2 levels "NO","YES": 1 1 1 1 2 1 1 1 1 2 ...
 $ Clinical.Myelopathy        : Factor w/ 2 levels "NO","YES": 1 2 1 2 2 2 2 2 2 2 ...
 $ Clinical.CogDisturbance    : Factor w/ 2 levels "NO","YES": 2 1 1 1 2 1 1 1 1 2 ...
 $ Clinical.VisualLoss        : Factor w/ 3 levels "NO","UNI","BI": 3 3 3 2 2 3 2 3 2 2 ...
 $ MRI.CE_Lesion              : num  0 0 0 0 0 0 0 0 1 0 ...
 $ MRI.GM_Volume              : num  632482 543682 650481 765549 611530 ...
 $ MRI.Siena_PBVC             : num  0 0 0 0 0 0 0 0 0 0 ...
2022-11-07 12:01:06: ERROR running train/test for predictor 'XGB' and group 'ClMR': 
 length(res) == sum(foldIdx == i) is not TRUE
TRACEBACK:
1: run(X, Y, pred, FIs)
2: stopifnot(length(res) == sum(foldIdx == i)) at Code/Helpers/CVer.R:151
3: stop(sprintf(ngettext(length(r), "%s is not TRUE", "%s are not all TRUE"), ch), call. = FALSE, 
     domain = NA)
Error : length(res) == sum(foldIdx == i) is not TRUE
2022-11-07 12:01:06: ## Ran group 'ClMR' in 0.23 minutes.

2022-11-07 12:01:06: ###### Treating group of Categories: ClPa
2022-11-07 12:01:06: Selected columns:
Clinical.ATM, Clinical.OpticNeuritis, Clinical.INO, Clinical.MotorWeakness, Clinical.SensoryDisturbance, Clinical.Ataxia, Clinical.BladderDisturbance, Clinical.BowelDisturbance, Clinical.Myelopathy, Clinical.CogDisturbance, Clinical.VisualLoss, Patient.AgeOfOnset, Patient.Gender
2022-11-07 12:01:06: Already run predictor 'GLM' on group 'ClPa', skipping...
2022-11-07 12:01:06: Already run predictor 'RF' on group 'ClPa', skipping...
2022-11-07 12:01:06: Already run predictor 'RF2' on group 'ClPa', skipping...
2022-11-07 12:01:06: Already run predictor 'RF3' on group 'ClPa', skipping...
2022-11-07 12:01:06: Already run predictor 'RFO' on group 'ClPa', skipping...
2022-11-07 12:01:06: Already run predictor 'RP' on group 'ClPa', skipping...
2022-11-07 12:01:06: Already run predictor 'SVM' on group 'ClPa', skipping...
2022-11-07 12:01:06: Already run predictor 'NB' on group 'ClPa', skipping...
2022-11-07 12:01:06: Already run predictor 'KNN' on group 'ClPa', skipping...
2022-11-07 12:01:06: Already run predictor 'KNNC' on group 'ClPa', skipping...
2022-11-07 12:01:06: Running predictor 'XGB' for group 'ClPa'.
2022-11-07 12:01:06: CV num 1:
Warning: closing unused connection 5 (RunData/Subj-3-2-1914_2022-08-22_10-53/logs/run_2022-11-07_12-00_201.log)

2022-11-07 12:01:18: XGB for groups Clinical - Patient                  ( 13 features) -> best nrounds: 10  / eta 0.05 / max_depth 1 [perf: 0.532]
 num [1:645] 0.415 0.442 0.442 0.437 0.445 ...
Classes ‘tbl_df’, ‘tbl’ and 'data.frame':	645 obs. of  13 variables:
 $ Clinical.ATM               : Factor w/ 4 levels "N","NONREC","RECUR",..: 1 1 1 1 1 1 1 2 1 1 ...
 $ Clinical.OpticNeuritis     : Factor w/ 4 levels "N","UNI","BI",..: 4 4 4 3 3 4 3 4 3 3 ...
 $ Clinical.INO               : Factor w/ 2 levels "NO","YES": 2 1 1 1 1 1 1 1 1 1 ...
 $ Clinical.MotorWeakness     : Factor w/ 2 levels "NO","YES": 1 1 1 2 2 2 2 2 1 2 ...
 $ Clinical.SensoryDisturbance: Factor w/ 2 levels "NO","YES": 2 2 1 2 2 2 1 2 2 2 ...
 $ Clinical.Ataxia            : Factor w/ 2 levels "NO","YES": 2 1 1 2 2 1 1 2 1 1 ...
 $ Clinical.BladderDisturbance: Factor w/ 2 levels "NO","YES": 2 1 1 1 1 2 2 2 1 2 ...
 $ Clinical.BowelDisturbance  : Factor w/ 2 levels "NO","YES": 1 1 1 1 2 1 1 1 1 2 ...
 $ Clinical.Myelopathy        : Factor w/ 2 levels "NO","YES": 1 2 1 2 2 2 2 2 2 2 ...
 $ Clinical.CogDisturbance    : Factor w/ 2 levels "NO","YES": 2 1 1 1 2 1 1 1 1 2 ...
 $ Clinical.VisualLoss        : Factor w/ 3 levels "NO","UNI","BI": 3 3 3 2 2 3 2 3 2 2 ...
 $ Patient.AgeOfOnset         : int  27 39 31 20 58 21 33 26 32 24 ...
 $ Patient.Gender             : Factor w/ 2 levels "F","M": 2 1 1 2 1 2 2 1 1 1 ...
2022-11-07 12:01:18: ERROR running train/test for predictor 'XGB' and group 'ClPa': 
 length(res) == sum(foldIdx == i) is not TRUE
TRACEBACK:
1: run(X, Y, pred, FIs)
2: stopifnot(length(res) == sum(foldIdx == i)) at Code/Helpers/CVer.R:151
3: stop(sprintf(ngettext(length(r), "%s is not TRUE", "%s are not all TRUE"), ch), call. = FALSE, 
     domain = NA)
Error : length(res) == sum(foldIdx == i) is not TRUE
2022-11-07 12:01:18: ## Ran group 'ClPa' in 0.20 minutes.

2022-11-07 12:01:18: ###### Treating group of Categories: ClTr
2022-11-07 12:01:18: Selected columns:
Clinical.ATM, Clinical.OpticNeuritis, Clinical.INO, Clinical.MotorWeakness, Clinical.SensoryDisturbance, Clinical.Ataxia, Clinical.BladderDisturbance, Clinical.BowelDisturbance, Clinical.Myelopathy, Clinical.CogDisturbance, Clinical.VisualLoss, Treatments.nDMT, Treatments.hasIM, Treatments.hasIS, Treatments.hasMA, Treatments.DMTcategory
2022-11-07 12:01:18: Already run predictor 'GLM' on group 'ClTr', skipping...
2022-11-07 12:01:18: Already run predictor 'RF' on group 'ClTr', skipping...
2022-11-07 12:01:18: Already run predictor 'RF2' on group 'ClTr', skipping...
2022-11-07 12:01:18: Already run predictor 'RF3' on group 'ClTr', skipping...
2022-11-07 12:01:18: Already run predictor 'RFO' on group 'ClTr', skipping...
2022-11-07 12:01:18: Already run predictor 'RP' on group 'ClTr', skipping...
2022-11-07 12:01:18: Already run predictor 'SVM' on group 'ClTr', skipping...
2022-11-07 12:01:18: Already run predictor 'NB' on group 'ClTr', skipping...
2022-11-07 12:01:18: Already run predictor 'KNN' on group 'ClTr', skipping...
2022-11-07 12:01:18: Already run predictor 'KNNC' on group 'ClTr', skipping...
2022-11-07 12:01:18: Running predictor 'XGB' for group 'ClTr'.
2022-11-07 12:01:18: CV num 1:
Warning: closing unused connection 7 (RunData/Subj-3-2-1914_2022-08-22_10-53/logs/run_2022-11-07_12-00_201.log)

2022-11-07 12:01:30: XGB for groups Clinical - Treatments               ( 16 features) -> best nrounds: 30  / eta 0.05 / max_depth 1 [perf: 0.533]
 num [1:645] 0.338 0.385 0.385 0.375 0.347 ...
Classes ‘tbl_df’, ‘tbl’ and 'data.frame':	645 obs. of  16 variables:
 $ Clinical.ATM               : Factor w/ 4 levels "N","NONREC","RECUR",..: 1 1 1 1 1 1 1 2 1 1 ...
 $ Clinical.OpticNeuritis     : Factor w/ 4 levels "N","UNI","BI",..: 4 4 4 3 3 4 3 4 3 3 ...
 $ Clinical.INO               : Factor w/ 2 levels "NO","YES": 2 1 1 1 1 1 1 1 1 1 ...
 $ Clinical.MotorWeakness     : Factor w/ 2 levels "NO","YES": 1 1 1 2 2 2 2 2 1 2 ...
 $ Clinical.SensoryDisturbance: Factor w/ 2 levels "NO","YES": 2 2 1 2 2 2 1 2 2 2 ...
 $ Clinical.Ataxia            : Factor w/ 2 levels "NO","YES": 2 1 1 2 2 1 1 2 1 1 ...
 $ Clinical.BladderDisturbance: Factor w/ 2 levels "NO","YES": 2 1 1 1 1 2 2 2 1 2 ...
 $ Clinical.BowelDisturbance  : Factor w/ 2 levels "NO","YES": 1 1 1 1 2 1 1 1 1 2 ...
 $ Clinical.Myelopathy        : Factor w/ 2 levels "NO","YES": 1 2 1 2 2 2 2 2 2 2 ...
 $ Clinical.CogDisturbance    : Factor w/ 2 levels "NO","YES": 2 1 1 1 2 1 1 1 1 2 ...
 $ Clinical.VisualLoss        : Factor w/ 3 levels "NO","UNI","BI": 3 3 3 2 2 3 2 3 2 2 ...
 $ Treatments.nDMT            : num  1 0 0 0 1 1 1 0 0 0 ...
 $ Treatments.hasIM           : logi  TRUE FALSE FALSE FALSE TRUE TRUE ...
 $ Treatments.hasIS           : logi  FALSE FALSE FALSE FALSE FALSE FALSE ...
 $ Treatments.hasMA           : logi  FALSE FALSE FALSE FALSE FALSE FALSE ...
 $ Treatments.DMTcategory     : num  1 0 0 0 1 1 1 0 0 0 ...
2022-11-07 12:01:30: ERROR running train/test for predictor 'XGB' and group 'ClTr': 
 length(res) == sum(foldIdx == i) is not TRUE
TRACEBACK:
1: run(X, Y, pred, FIs)
2: stopifnot(length(res) == sum(foldIdx == i)) at Code/Helpers/CVer.R:151
3: stop(sprintf(ngettext(length(r), "%s is not TRUE", "%s are not all TRUE"), ch), call. = FALSE, 
     domain = NA)
Error : length(res) == sum(foldIdx == i) is not TRUE
2022-11-07 12:01:30: ## Ran group 'ClTr' in 0.21 minutes.

2022-11-07 12:01:30: ###### Treating group of Categories: ClCoLi
2022-11-07 12:01:30: Selected columns:
Clinical.ATM, Clinical.OpticNeuritis, Clinical.INO, Clinical.MotorWeakness, Clinical.SensoryDisturbance, Clinical.Ataxia, Clinical.BladderDisturbance, Clinical.BowelDisturbance, Clinical.Myelopathy, Clinical.CogDisturbance, Clinical.VisualLoss, Core.AgeAtExam, Core.EDSS, Core.DiseaseDuration, Core.DiseaseCourse, Core.MSSS, Life.CaffeineFreq, Life.MemoryConcerns, Life.Smoking
2022-11-07 12:01:30: Already run predictor 'GLM' on group 'ClCoLi', skipping...
2022-11-07 12:01:30: Already run predictor 'RF' on group 'ClCoLi', skipping...
2022-11-07 12:01:30: Already run predictor 'RF2' on group 'ClCoLi', skipping...
2022-11-07 12:01:30: Already run predictor 'RF3' on group 'ClCoLi', skipping...
2022-11-07 12:01:30: Already run predictor 'RFO' on group 'ClCoLi', skipping...
2022-11-07 12:01:30: Already run predictor 'RP' on group 'ClCoLi', skipping...
2022-11-07 12:01:30: Already run predictor 'SVM' on group 'ClCoLi', skipping...
2022-11-07 12:01:30: Already run predictor 'NB' on group 'ClCoLi', skipping...
2022-11-07 12:01:30: Already run predictor 'KNN' on group 'ClCoLi', skipping...
2022-11-07 12:01:30: Already run predictor 'KNNC' on group 'ClCoLi', skipping...
2022-11-07 12:01:30: Running predictor 'XGB' for group 'ClCoLi'.
2022-11-07 12:01:30: CV num 1:
Warning: closing unused connection 5 (RunData/Subj-3-2-1914_2022-08-22_10-53/logs/run_2022-11-07_12-00_201.log)

2022-11-07 12:01:44: XGB for groups Clinical - Core - Life              ( 19 features) -> best nrounds: 70  / eta 0.10 / max_depth 2 [perf: 0.718]
 num [1:645] 0.189 0.469 0.572 0.14 0.375 ...
Classes ‘tbl_df’, ‘tbl’ and 'data.frame':	645 obs. of  19 variables:
 $ Clinical.ATM               : Factor w/ 4 levels "N","NONREC","RECUR",..: 1 1 1 1 1 1 1 2 1 1 ...
 $ Clinical.OpticNeuritis     : Factor w/ 4 levels "N","UNI","BI",..: 4 4 4 3 3 4 3 4 3 3 ...
 $ Clinical.INO               : Factor w/ 2 levels "NO","YES": 2 1 1 1 1 1 1 1 1 1 ...
 $ Clinical.MotorWeakness     : Factor w/ 2 levels "NO","YES": 1 1 1 2 2 2 2 2 1 2 ...
 $ Clinical.SensoryDisturbance: Factor w/ 2 levels "NO","YES": 2 2 1 2 2 2 1 2 2 2 ...
 $ Clinical.Ataxia            : Factor w/ 2 levels "NO","YES": 2 1 1 2 2 1 1 2 1 1 ...
 $ Clinical.BladderDisturbance: Factor w/ 2 levels "NO","YES": 2 1 1 1 1 2 2 2 1 2 ...
 $ Clinical.BowelDisturbance  : Factor w/ 2 levels "NO","YES": 1 1 1 1 2 1 1 1 1 2 ...
 $ Clinical.Myelopathy        : Factor w/ 2 levels "NO","YES": 1 2 1 2 2 2 2 2 2 2 ...
 $ Clinical.CogDisturbance    : Factor w/ 2 levels "NO","YES": 2 1 1 1 2 1 1 1 1 2 ...
 $ Clinical.VisualLoss        : Factor w/ 3 levels "NO","UNI","BI": 3 3 3 2 2 3 2 3 2 2 ...
 $ Core.AgeAtExam             : int  31 46 32 22 60 39 45 57 35 36 ...
 $ Core.EDSS                  : num  1.5 1 0 1.5 2.5 3 2 3 0 3.5 ...
 $ Core.DiseaseDuration       : int  4 7 1 2 2 18 11 31 3 12 ...
 $ Core.DiseaseCourse         : Factor w/ 4 levels "CIS","PP","RR",..: 3 3 1 3 3 3 3 4 3 3 ...
 $ Core.MSSS                  : num  2.87 1.04 0.67 3.69 6.46 2.09 2.13 1.45 0.45 3.94 ...
 $ Life.CaffeineFreq          : Factor w/ 4 levels "None","1 to 3",..: 2 1 2 1 2 3 2 2 2 2 ...
 $ Life.MemoryConcerns        : logi  TRUE TRUE FALSE FALSE TRUE FALSE ...
 $ Life.Smoking               : num  157 157 157 157 208 157 157 51 157 212 ...
2022-11-07 12:01:44: ERROR running train/test for predictor 'XGB' and group 'ClCoLi': 
 length(res) == sum(foldIdx == i) is not TRUE
TRACEBACK:
1: run(X, Y, pred, FIs)
2: stopifnot(length(res) == sum(foldIdx == i)) at Code/Helpers/CVer.R:151
3: stop(sprintf(ngettext(length(r), "%s is not TRUE", "%s are not all TRUE"), ch), call. = FALSE, 
     domain = NA)
Error : length(res) == sum(foldIdx == i) is not TRUE
2022-11-07 12:01:44: ## Ran group 'ClCoLi' in 0.23 minutes.

2022-11-07 12:01:44: ###### Treating group of Categories: ClCoMS
2022-11-07 12:01:44: Selected columns:
Clinical.ATM, Clinical.OpticNeuritis, Clinical.INO, Clinical.MotorWeakness, Clinical.SensoryDisturbance, Clinical.Ataxia, Clinical.BladderDisturbance, Clinical.BowelDisturbance, Clinical.Myelopathy, Clinical.CogDisturbance, Clinical.VisualLoss, Core.AgeAtExam, Core.EDSS, Core.DiseaseDuration, Core.DiseaseCourse, Core.MSSS, MSFC.T25FW, MSFC.NHPT
2022-11-07 12:01:44: Already run predictor 'GLM' on group 'ClCoMS', skipping...
2022-11-07 12:01:44: Already run predictor 'RF' on group 'ClCoMS', skipping...
2022-11-07 12:01:44: Already run predictor 'RF2' on group 'ClCoMS', skipping...
2022-11-07 12:01:44: Already run predictor 'RF3' on group 'ClCoMS', skipping...
2022-11-07 12:01:44: Already run predictor 'RFO' on group 'ClCoMS', skipping...
2022-11-07 12:01:44: Already run predictor 'RP' on group 'ClCoMS', skipping...
2022-11-07 12:01:44: Already run predictor 'SVM' on group 'ClCoMS', skipping...
2022-11-07 12:01:44: Already run predictor 'NB' on group 'ClCoMS', skipping...
2022-11-07 12:01:44: Already run predictor 'KNN' on group 'ClCoMS', skipping...
2022-11-07 12:01:44: Already run predictor 'KNNC' on group 'ClCoMS', skipping...
2022-11-07 12:01:44: Running predictor 'XGB' for group 'ClCoMS'.
2022-11-07 12:01:44: CV num 1:
Warning: closing unused connection 7 (RunData/Subj-3-2-1914_2022-08-22_10-53/logs/run_2022-11-07_12-00_201.log)

2022-11-07 12:02:01: XGB for groups Clinical - Core - MSFC              ( 18 features) -> best nrounds: 200  / eta 0.10 / max_depth 1 [perf: 0.747]
 num [1:645] 0.241 0.441 0.577 0.157 0.186 ...
Classes ‘tbl_df’, ‘tbl’ and 'data.frame':	645 obs. of  18 variables:
 $ Clinical.ATM               : Factor w/ 4 levels "N","NONREC","RECUR",..: 1 1 1 1 1 1 1 2 1 1 ...
 $ Clinical.OpticNeuritis     : Factor w/ 4 levels "N","UNI","BI",..: 4 4 4 3 3 4 3 4 3 3 ...
 $ Clinical.INO               : Factor w/ 2 levels "NO","YES": 2 1 1 1 1 1 1 1 1 1 ...
 $ Clinical.MotorWeakness     : Factor w/ 2 levels "NO","YES": 1 1 1 2 2 2 2 2 1 2 ...
 $ Clinical.SensoryDisturbance: Factor w/ 2 levels "NO","YES": 2 2 1 2 2 2 1 2 2 2 ...
 $ Clinical.Ataxia            : Factor w/ 2 levels "NO","YES": 2 1 1 2 2 1 1 2 1 1 ...
 $ Clinical.BladderDisturbance: Factor w/ 2 levels "NO","YES": 2 1 1 1 1 2 2 2 1 2 ...
 $ Clinical.BowelDisturbance  : Factor w/ 2 levels "NO","YES": 1 1 1 1 2 1 1 1 1 2 ...
 $ Clinical.Myelopathy        : Factor w/ 2 levels "NO","YES": 1 2 1 2 2 2 2 2 2 2 ...
 $ Clinical.CogDisturbance    : Factor w/ 2 levels "NO","YES": 2 1 1 1 2 1 1 1 1 2 ...
 $ Clinical.VisualLoss        : Factor w/ 3 levels "NO","UNI","BI": 3 3 3 2 2 3 2 3 2 2 ...
 $ Core.AgeAtExam             : int  31 46 32 22 60 39 45 57 35 36 ...
 $ Core.EDSS                  : num  1.5 1 0 1.5 2.5 3 2 3 0 3.5 ...
 $ Core.DiseaseDuration       : int  4 7 1 2 2 18 11 31 3 12 ...
 $ Core.DiseaseCourse         : Factor w/ 4 levels "CIS","PP","RR",..: 3 3 1 3 3 3 3 4 3 3 ...
 $ Core.MSSS                  : num  2.87 1.04 0.67 3.69 6.46 2.09 2.13 1.45 0.45 3.94 ...
 $ MSFC.T25FW                 : num  4.2 4.35 4.35 3.95 6.45 ...
 $ MSFC.NHPT                  : num  22.9 17.8 17.4 19.8 18.8 ...
2022-11-07 12:02:01: ERROR running train/test for predictor 'XGB' and group 'ClCoMS': 
 length(res) == sum(foldIdx == i) is not TRUE
TRACEBACK:
1: run(X, Y, pred, FIs)
2: stopifnot(length(res) == sum(foldIdx == i)) at Code/Helpers/CVer.R:151
3: stop(sprintf(ngettext(length(r), "%s is not TRUE", "%s are not all TRUE"), ch), call. = FALSE, 
     domain = NA)
Error : length(res) == sum(foldIdx == i) is not TRUE
2022-11-07 12:02:01: ## Ran group 'ClCoMS' in 0.28 minutes.

