2022-11-06 22:20:14: ###### Treating group of Categories: ClTr
2022-11-06 22:20:15: Selected columns:
Clinical.ATM, Clinical.OpticNeuritis, Clinical.INO, Clinical.MotorWeakness, Clinical.SensoryDisturbance, Clinical.Ataxia, Clinical.BladderDisturbance, Clinical.BowelDisturbance, Clinical.Myelopathy, Clinical.CogDisturbance, Clinical.VisualLoss, Treatments.nDMT, Treatments.hasIM, Treatments.hasIS, Treatments.hasMA, Treatments.DMTcategory
2022-11-06 22:20:15: Already run predictor 'GLM' on group 'ClTr', skipping...
2022-11-06 22:20:15: Already run predictor 'RF' on group 'ClTr', skipping...
2022-11-06 22:20:15: Already run predictor 'RF2' on group 'ClTr', skipping...
2022-11-06 22:20:15: Already run predictor 'RF3' on group 'ClTr', skipping...
2022-11-06 22:20:15: Already run predictor 'RFO' on group 'ClTr', skipping...
2022-11-06 22:20:15: Already run predictor 'RP' on group 'ClTr', skipping...
2022-11-06 22:20:15: Already run predictor 'SVM' on group 'ClTr', skipping...
2022-11-06 22:20:15: Already run predictor 'NB' on group 'ClTr', skipping...
2022-11-06 22:20:15: Already run predictor 'KNN' on group 'ClTr', skipping...
2022-11-06 22:20:15: Already run predictor 'KNNC' on group 'ClTr', skipping...
2022-11-06 22:20:15: Running predictor 'XGB' for group 'ClTr'.
2022-11-06 22:20:15: CV num 1:
Loading required package: xgboost

Attaching package: ‘xgboost’

The following object is masked from ‘package:dplyr’:

    slice

Loading required package: lattice
Loading required package: ggplot2
