2022-11-07 13:11:06: ###### Treating group of Categories: Cl
2022-11-07 13:11:06: Selected columns:
Clinical.ATM, Clinical.OpticNeuritis, Clinical.INO, Clinical.MotorWeakness, Clinical.SensoryDisturbance, Clinical.Ataxia, Clinical.BladderDisturbance, Clinical.BowelDisturbance, Clinical.Myelopathy, Clinical.CogDisturbance, Clinical.VisualLoss
2022-11-07 13:11:06: Already run predictor 'GLM' on group 'Cl', skipping...
2022-11-07 13:11:06: Already run predictor 'RF' on group 'Cl', skipping...
2022-11-07 13:11:06: Already run predictor 'RF2' on group 'Cl', skipping...
2022-11-07 13:11:06: Already run predictor 'RF3' on group 'Cl', skipping...
2022-11-07 13:11:06: Already run predictor 'RFO' on group 'Cl', skipping...
2022-11-07 13:11:06: Already run predictor 'RP' on group 'Cl', skipping...
2022-11-07 13:11:06: Already run predictor 'SVM' on group 'Cl', skipping...
2022-11-07 13:11:06: Already run predictor 'NB' on group 'Cl', skipping...
2022-11-07 13:11:06: Already run predictor 'KNN' on group 'Cl', skipping...
2022-11-07 13:11:06: Already run predictor 'KNNC' on group 'Cl', skipping...
2022-11-07 13:11:06: Already run predictor 'XGB' on group 'Cl', skipping...
2022-11-07 13:11:06: ## Ran group 'Cl' in 0.00 minutes.

2022-11-07 13:11:06: ###### Treating group of Categories: ClLi
2022-11-07 13:11:06: Selected columns:
Clinical.ATM, Clinical.OpticNeuritis, Clinical.INO, Clinical.MotorWeakness, Clinical.SensoryDisturbance, Clinical.Ataxia, Clinical.BladderDisturbance, Clinical.BowelDisturbance, Clinical.Myelopathy, Clinical.CogDisturbance, Clinical.VisualLoss, Life.CaffeineFreq, Life.MemoryConcerns, Life.Smoking
2022-11-07 13:11:06: Already run predictor 'GLM' on group 'ClLi', skipping...
2022-11-07 13:11:06: Already run predictor 'RF' on group 'ClLi', skipping...
2022-11-07 13:11:06: Already run predictor 'RF2' on group 'ClLi', skipping...
2022-11-07 13:11:06: Already run predictor 'RF3' on group 'ClLi', skipping...
2022-11-07 13:11:06: Already run predictor 'RFO' on group 'ClLi', skipping...
2022-11-07 13:11:06: Already run predictor 'RP' on group 'ClLi', skipping...
2022-11-07 13:11:06: Already run predictor 'SVM' on group 'ClLi', skipping...
2022-11-07 13:11:06: Already run predictor 'NB' on group 'ClLi', skipping...
2022-11-07 13:11:06: Already run predictor 'KNN' on group 'ClLi', skipping...
2022-11-07 13:11:06: Already run predictor 'KNNC' on group 'ClLi', skipping...
2022-11-07 13:11:06: Already run predictor 'XGB' on group 'ClLi', skipping...
2022-11-07 13:11:06: ## Ran group 'ClLi' in 0.00 minutes.

2022-11-07 13:11:06: ###### Treating group of Categories: ClMS
Warning: closing unused connection 7 (RunData/Subj-3-2-1914_2022-08-22_10-53/logs/run_2022-11-07_13-11_211.log)
Warning: closing unused connection 5 (RunData/Subj-3-2-1914_2022-08-22_10-53/logs/run_2022-11-07_13-11_211.log)
2022-11-07 13:11:06: Selected columns:
Clinical.ATM, Clinical.OpticNeuritis, Clinical.INO, Clinical.MotorWeakness, Clinical.SensoryDisturbance, Clinical.Ataxia, Clinical.BladderDisturbance, Clinical.BowelDisturbance, Clinical.Myelopathy, Clinical.CogDisturbance, Clinical.VisualLoss, MSFC.T25FW, MSFC.NHPT
2022-11-07 13:11:06: Already run predictor 'GLM' on group 'ClMS', skipping...
2022-11-07 13:11:06: Already run predictor 'RF' on group 'ClMS', skipping...
2022-11-07 13:11:06: Already run predictor 'RF2' on group 'ClMS', skipping...
2022-11-07 13:11:06: Already run predictor 'RF3' on group 'ClMS', skipping...
2022-11-07 13:11:06: Already run predictor 'RFO' on group 'ClMS', skipping...
2022-11-07 13:11:06: Already run predictor 'RP' on group 'ClMS', skipping...
2022-11-07 13:11:06: Already run predictor 'SVM' on group 'ClMS', skipping...
2022-11-07 13:11:06: Already run predictor 'NB' on group 'ClMS', skipping...
2022-11-07 13:11:06: Already run predictor 'KNN' on group 'ClMS', skipping...
2022-11-07 13:11:06: Already run predictor 'KNNC' on group 'ClMS', skipping...
2022-11-07 13:11:06: Already run predictor 'XGB' on group 'ClMS', skipping...
2022-11-07 13:11:06: ## Ran group 'ClMS' in 0.00 minutes.

2022-11-07 13:11:06: ###### Treating group of Categories: ClQO
2022-11-07 13:11:06: Selected columns:
Clinical.ATM, Clinical.OpticNeuritis, Clinical.INO, Clinical.MotorWeakness, Clinical.SensoryDisturbance, Clinical.Ataxia, Clinical.BladderDisturbance, Clinical.BowelDisturbance, Clinical.Myelopathy, Clinical.CogDisturbance, Clinical.VisualLoss, QOL.LackFocus, QOL.LackEnergy, QOL.PsychoDown, QOL.RelativePain, QOL.NotEnjoyLife
2022-11-07 13:11:06: Already run predictor 'GLM' on group 'ClQO', skipping...
2022-11-07 13:11:06: Already run predictor 'RF' on group 'ClQO', skipping...
2022-11-07 13:11:06: Already run predictor 'RF2' on group 'ClQO', skipping...
2022-11-07 13:11:06: Already run predictor 'RF3' on group 'ClQO', skipping...
2022-11-07 13:11:06: Already run predictor 'RFO' on group 'ClQO', skipping...
2022-11-07 13:11:06: Already run predictor 'RP' on group 'ClQO', skipping...
2022-11-07 13:11:06: Already run predictor 'SVM' on group 'ClQO', skipping...
2022-11-07 13:11:06: Already run predictor 'NB' on group 'ClQO', skipping...
2022-11-07 13:11:06: Already run predictor 'KNN' on group 'ClQO', skipping...
2022-11-07 13:11:06: Already run predictor 'KNNC' on group 'ClQO', skipping...
2022-11-07 13:11:06: Already run predictor 'XGB' on group 'ClQO', skipping...
2022-11-07 13:11:06: ## Ran group 'ClQO' in 0.00 minutes.

2022-11-07 13:11:06: ###### Treating group of Categories: ClCoFS
2022-11-07 13:11:06: Selected columns:
Clinical.ATM, Clinical.OpticNeuritis, Clinical.INO, Clinical.MotorWeakness, Clinical.SensoryDisturbance, Clinical.Ataxia, Clinical.BladderDisturbance, Clinical.BowelDisturbance, Clinical.Myelopathy, Clinical.CogDisturbance, Clinical.VisualLoss, Core.AgeAtExam, Core.EDSS, Core.DiseaseDuration, Core.DiseaseCourse, Core.MSSS, FSSs.Visual, FSSs.Brainstem, FSSs.Pyramidal, FSSs.Cerebellar, FSSs.Sensory, FSSs.Bowel, FSSs.Mental
2022-11-07 13:11:06: Already run predictor 'GLM' on group 'ClCoFS', skipping...
2022-11-07 13:11:06: Already run predictor 'RF' on group 'ClCoFS', skipping...
2022-11-07 13:11:06: Already run predictor 'RF2' on group 'ClCoFS', skipping...
2022-11-07 13:11:06: Already run predictor 'RF3' on group 'ClCoFS', skipping...
2022-11-07 13:11:06: Already run predictor 'RFO' on group 'ClCoFS', skipping...
2022-11-07 13:11:06: Already run predictor 'RP' on group 'ClCoFS', skipping...
2022-11-07 13:11:06: Already run predictor 'SVM' on group 'ClCoFS', skipping...
2022-11-07 13:11:06: Already run predictor 'NB' on group 'ClCoFS', skipping...
2022-11-07 13:11:06: Already run predictor 'KNN' on group 'ClCoFS', skipping...
2022-11-07 13:11:06: Already run predictor 'KNNC' on group 'ClCoFS', skipping...
2022-11-07 13:11:06: Running predictor 'XGB' for group 'ClCoFS'.
2022-11-07 13:11:06: CV num 1:
Warning: closing unused connection 5 (RunData/Subj-3-2-1914_2022-08-22_10-53/logs/run_2022-11-07_13-11_211.log)
Warning: closing unused connection 9 (RunData/Subj-3-2-1914_2022-08-22_10-53/logs/run_2022-11-07_13-11_211.log)
Loading required package: xgboost

Attaching package: ‘xgboost’

The following object is masked from ‘package:dplyr’:

    slice

Loading required package: lattice
Loading required package: ggplot2

2022-11-07 13:11:24: XGB for groups Clinical - Core - FSSs              ( 23 features) -> best nrounds: 200  / eta 0.05 / max_depth 2 [perf: 0.704]

2022-11-07 13:11:39: XGB for groups Clinical - Core - FSSs              ( 23 features) -> best nrounds: 200  / eta 0.05 / max_depth 2 [perf: 0.694]

2022-11-07 13:11:55: XGB for groups Clinical - Core - FSSs              ( 23 features) -> best nrounds: 250  / eta 0.20 / max_depth 1 [perf: 0.685]
2022-11-07 13:11:55: CV num 2:

2022-11-07 13:12:11: XGB for groups Clinical - Core - FSSs              ( 23 features) -> best nrounds: 250  / eta 0.10 / max_depth 1 [perf: 0.690]

2022-11-07 13:12:28: XGB for groups Clinical - Core - FSSs              ( 23 features) -> best nrounds: 20  / eta 0.10 / max_depth 3 [perf: 0.700]

2022-11-07 13:12:45: XGB for groups Clinical - Core - FSSs              ( 23 features) -> best nrounds: 250  / eta 0.05 / max_depth 1 [perf: 0.709]
2022-11-07 13:12:45: Ran predictor 'XGB' for group 'ClCoFS' in 1.66 minutes.
2022-11-07 13:12:45: ## Ran group 'ClCoFS' in 1.66 minutes.

2022-11-07 13:12:45: ###### Treating group of Categories: ClCoMR
2022-11-07 13:12:45: Selected columns:
Clinical.ATM, Clinical.OpticNeuritis, Clinical.INO, Clinical.MotorWeakness, Clinical.SensoryDisturbance, Clinical.Ataxia, Clinical.BladderDisturbance, Clinical.BowelDisturbance, Clinical.Myelopathy, Clinical.CogDisturbance, Clinical.VisualLoss, Core.AgeAtExam, Core.EDSS, Core.DiseaseDuration, Core.DiseaseCourse, Core.MSSS, MRI.CE_Lesion, MRI.GM_Volume, MRI.Siena_PBVC
2022-11-07 13:12:45: Already run predictor 'GLM' on group 'ClCoMR', skipping...
2022-11-07 13:12:45: Already run predictor 'RF' on group 'ClCoMR', skipping...
2022-11-07 13:12:45: Already run predictor 'RF2' on group 'ClCoMR', skipping...
2022-11-07 13:12:45: Already run predictor 'RF3' on group 'ClCoMR', skipping...
2022-11-07 13:12:45: Already run predictor 'RFO' on group 'ClCoMR', skipping...
2022-11-07 13:12:45: Already run predictor 'RP' on group 'ClCoMR', skipping...
2022-11-07 13:12:45: Already run predictor 'SVM' on group 'ClCoMR', skipping...
2022-11-07 13:12:45: Already run predictor 'NB' on group 'ClCoMR', skipping...
2022-11-07 13:12:45: Already run predictor 'KNN' on group 'ClCoMR', skipping...
2022-11-07 13:12:45: Already run predictor 'KNNC' on group 'ClCoMR', skipping...
2022-11-07 13:12:45: Running predictor 'XGB' for group 'ClCoMR'.
2022-11-07 13:12:45: CV num 1:
Warning: closing unused connection 11 (RunData/Subj-3-2-1914_2022-08-22_10-53/logs/run_2022-11-07_13-11_211.log)

2022-11-07 13:13:03: XGB for groups Clinical - Core - MRI               ( 19 features) -> best nrounds: 100  / eta 0.05 / max_depth 2 [perf: 0.710]

2022-11-07 13:13:19: XGB for groups Clinical - Core - MRI               ( 19 features) -> best nrounds: 250  / eta 0.10 / max_depth 1 [perf: 0.709]

2022-11-07 13:13:36: XGB for groups Clinical - Core - MRI               ( 19 features) -> best nrounds: 250  / eta 0.10 / max_depth 1 [perf: 0.692]
2022-11-07 13:13:36: CV num 2:

2022-11-07 13:13:51: XGB for groups Clinical - Core - MRI               ( 19 features) -> best nrounds: 150  / eta 0.20 / max_depth 1 [perf: 0.687]

2022-11-07 13:14:09: XGB for groups Clinical - Core - MRI               ( 19 features) -> best nrounds: 250  / eta 0.10 / max_depth 1 [perf: 0.704]

2022-11-07 13:14:25: XGB for groups Clinical - Core - MRI               ( 19 features) -> best nrounds: 200  / eta 0.10 / max_depth 1 [perf: 0.721]
2022-11-07 13:14:25: Ran predictor 'XGB' for group 'ClCoMR' in 1.67 minutes.
2022-11-07 13:14:25: ## Ran group 'ClCoMR' in 1.67 minutes.

2022-11-07 13:14:25: ###### Treating group of Categories: ClCoPa
2022-11-07 13:14:25: Selected columns:
Clinical.ATM, Clinical.OpticNeuritis, Clinical.INO, Clinical.MotorWeakness, Clinical.SensoryDisturbance, Clinical.Ataxia, Clinical.BladderDisturbance, Clinical.BowelDisturbance, Clinical.Myelopathy, Clinical.CogDisturbance, Clinical.VisualLoss, Core.AgeAtExam, Core.EDSS, Core.DiseaseDuration, Core.DiseaseCourse, Core.MSSS, Patient.AgeOfOnset, Patient.Gender
2022-11-07 13:14:25: Already run predictor 'GLM' on group 'ClCoPa', skipping...
2022-11-07 13:14:25: Already run predictor 'RF' on group 'ClCoPa', skipping...
2022-11-07 13:14:25: Already run predictor 'RF2' on group 'ClCoPa', skipping...
2022-11-07 13:14:25: Already run predictor 'RF3' on group 'ClCoPa', skipping...
2022-11-07 13:14:25: Already run predictor 'RFO' on group 'ClCoPa', skipping...
2022-11-07 13:14:25: Already run predictor 'RP' on group 'ClCoPa', skipping...
2022-11-07 13:14:26: Already run predictor 'SVM' on group 'ClCoPa', skipping...
2022-11-07 13:14:26: Already run predictor 'NB' on group 'ClCoPa', skipping...
2022-11-07 13:14:26: Already run predictor 'KNN' on group 'ClCoPa', skipping...
2022-11-07 13:14:26: Already run predictor 'KNNC' on group 'ClCoPa', skipping...
2022-11-07 13:14:26: Running predictor 'XGB' for group 'ClCoPa'.
2022-11-07 13:14:26: CV num 1:
Warning: closing unused connection 5 (RunData/Subj-3-2-1914_2022-08-22_10-53/logs/run_2022-11-07_13-11_211.log)

2022-11-07 13:14:41: XGB for groups Clinical - Core - Patient           ( 18 features) -> best nrounds: 150  / eta 0.05 / max_depth 2 [perf: 0.725]

2022-11-07 13:14:56: XGB for groups Clinical - Core - Patient           ( 18 features) -> best nrounds: 50  / eta 0.20 / max_depth 2 [perf: 0.691]

2022-11-07 13:15:10: XGB for groups Clinical - Core - Patient           ( 18 features) -> best nrounds: 200  / eta 0.10 / max_depth 1 [perf: 0.678]
2022-11-07 13:15:10: CV num 2:

2022-11-07 13:15:25: XGB for groups Clinical - Core - Patient           ( 18 features) -> best nrounds: 250  / eta 0.05 / max_depth 2 [perf: 0.694]

2022-11-07 13:15:40: XGB for groups Clinical - Core - Patient           ( 18 features) -> best nrounds: 200  / eta 0.10 / max_depth 1 [perf: 0.706]

2022-11-07 13:15:54: XGB for groups Clinical - Core - Patient           ( 18 features) -> best nrounds: 70  / eta 0.20 / max_depth 1 [perf: 0.713]
2022-11-07 13:15:54: Ran predictor 'XGB' for group 'ClCoPa' in 1.48 minutes.
2022-11-07 13:15:54: ## Ran group 'ClCoPa' in 1.48 minutes.

2022-11-07 13:15:54: ###### Treating group of Categories: ClCoTr
2022-11-07 13:15:54: Selected columns:
Clinical.ATM, Clinical.OpticNeuritis, Clinical.INO, Clinical.MotorWeakness, Clinical.SensoryDisturbance, Clinical.Ataxia, Clinical.BladderDisturbance, Clinical.BowelDisturbance, Clinical.Myelopathy, Clinical.CogDisturbance, Clinical.VisualLoss, Core.AgeAtExam, Core.EDSS, Core.DiseaseDuration, Core.DiseaseCourse, Core.MSSS, Treatments.nDMT, Treatments.hasIM, Treatments.hasIS, Treatments.hasMA, Treatments.DMTcategory
2022-11-07 13:15:54: Already run predictor 'GLM' on group 'ClCoTr', skipping...
2022-11-07 13:15:54: Already run predictor 'RF' on group 'ClCoTr', skipping...
2022-11-07 13:15:54: Already run predictor 'RF2' on group 'ClCoTr', skipping...
2022-11-07 13:15:54: Already run predictor 'RF3' on group 'ClCoTr', skipping...
2022-11-07 13:15:54: Already run predictor 'RFO' on group 'ClCoTr', skipping...
2022-11-07 13:15:54: Already run predictor 'RP' on group 'ClCoTr', skipping...
2022-11-07 13:15:54: Already run predictor 'SVM' on group 'ClCoTr', skipping...
2022-11-07 13:15:54: Already run predictor 'NB' on group 'ClCoTr', skipping...
2022-11-07 13:15:54: Already run predictor 'KNN' on group 'ClCoTr', skipping...
2022-11-07 13:15:54: Already run predictor 'KNNC' on group 'ClCoTr', skipping...
2022-11-07 13:15:54: Running predictor 'XGB' for group 'ClCoTr'.
2022-11-07 13:15:54: CV num 1:
Warning: closing unused connection 11 (RunData/Subj-3-2-1914_2022-08-22_10-53/logs/run_2022-11-07_13-11_211.log)

2022-11-07 13:16:10: XGB for groups Clinical - Core - Treatments        ( 21 features) -> best nrounds: 200  / eta 0.05 / max_depth 2 [perf: 0.721]
