2022-10-17 23:28:54: ###### Treating group of Categories: ClMR
2022-10-17 23:28:54: Selected columns:
Clinical.ATM, Clinical.OpticNeuritis, Clinical.INO, Clinical.MotorWeakness, Clinical.SensoryDisturbance, Clinical.Ataxia, Clinical.BladderDisturbance, Clinical.BowelDisturbance, Clinical.Myelopathy, Clinical.CogDisturbance, Clinical.VisualLoss, MRI.CE_Lesion, MRI.GM_Volume, MRI.Siena_PBVC
2022-10-17 23:28:54: Already run predictor 'GLM' on group 'ClMR', skipping...
2022-10-17 23:28:54: Already run predictor 'RF' on group 'ClMR', skipping...
2022-10-17 23:28:54: Already run predictor 'RF2' on group 'ClMR', skipping...
2022-10-17 23:28:54: Already run predictor 'RF3' on group 'ClMR', skipping...
2022-10-17 23:28:54: Already run predictor 'RFO' on group 'ClMR', skipping...
2022-10-17 23:28:54: Already run predictor 'RP' on group 'ClMR', skipping...
2022-10-17 23:28:54: Already run predictor 'SVM' on group 'ClMR', skipping...
2022-10-17 23:28:54: Already run predictor 'NB' on group 'ClMR', skipping...
2022-10-17 23:28:54: Already run predictor 'KNN' on group 'ClMR', skipping...
2022-10-17 23:28:54: Already run predictor 'KNNC' on group 'ClMR', skipping...
2022-10-17 23:28:54: Running predictor 'XGB' for group 'ClMR'.
2022-10-17 23:28:54: CV num 1:
Loading required package: xgboost

Attaching package: ‘xgboost’

The following object is masked from ‘package:dplyr’:

    slice

Loading required package: plyr
------------------------------------------------------------------------------
You have loaded plyr after dplyr - this is likely to cause problems.
If you need functions from both plyr and dplyr, please load plyr first, then dplyr:
library(plyr); library(dplyr)
------------------------------------------------------------------------------

Attaching package: ‘plyr’

The following objects are masked from ‘package:dplyr’:

    arrange, count, desc, failwith, id, mutate, rename, summarise,
    summarize

Error : nrow(x) == n is not TRUE
2022-10-17 23:28:59: ## Ran group 'ClMR' in 0.08 minutes.

2022-10-17 23:28:59: ###### Treating group of Categories: Co
2022-10-17 23:28:59: Selected columns:
Core.AgeAtExam, Core.EDSS, Core.DiseaseDuration, Core.DiseaseCourse, Core.MSSS
2022-10-17 23:28:59: Already run predictor 'GLM' on group 'Co', skipping...
2022-10-17 23:28:59: Already run predictor 'RF' on group 'Co', skipping...
2022-10-17 23:28:59: Already run predictor 'RF2' on group 'Co', skipping...
2022-10-17 23:28:59: Already run predictor 'RF3' on group 'Co', skipping...
2022-10-17 23:28:59: Already run predictor 'RFO' on group 'Co', skipping...
2022-10-17 23:28:59: Already run predictor 'RP' on group 'Co', skipping...
2022-10-17 23:28:59: Already run predictor 'SVM' on group 'Co', skipping...
2022-10-17 23:28:59: Already run predictor 'NB' on group 'Co', skipping...
2022-10-17 23:28:59: Already run predictor 'KNN' on group 'Co', skipping...
2022-10-17 23:28:59: Already run predictor 'KNNC' on group 'Co', skipping...
2022-10-17 23:28:59: Running predictor 'XGB' for group 'Co'.
2022-10-17 23:28:59: CV num 1:
Error : nrow(x) == n is not TRUE
2022-10-17 23:28:59: ## Ran group 'Co' in 0.00 minutes.

2022-10-17 23:28:59: ###### Treating group of Categories: CoTr
2022-10-17 23:28:59: Selected columns:
Core.AgeAtExam, Core.EDSS, Core.DiseaseDuration, Core.DiseaseCourse, Core.MSSS, Treatments.nDMT, Treatments.hasIM, Treatments.hasIS, Treatments.hasMA, Treatments.DMTcategory
2022-10-17 23:28:59: Already run predictor 'GLM' on group 'CoTr', skipping...
2022-10-17 23:28:59: Already run predictor 'RF' on group 'CoTr', skipping...
2022-10-17 23:28:59: Already run predictor 'RF2' on group 'CoTr', skipping...
2022-10-17 23:28:59: Already run predictor 'RF3' on group 'CoTr', skipping...
2022-10-17 23:28:59: Already run predictor 'RFO' on group 'CoTr', skipping...
2022-10-17 23:28:59: Already run predictor 'RP' on group 'CoTr', skipping...
2022-10-17 23:28:59: Already run predictor 'SVM' on group 'CoTr', skipping...
2022-10-17 23:28:59: Already run predictor 'NB' on group 'CoTr', skipping...
2022-10-17 23:28:59: Already run predictor 'KNN' on group 'CoTr', skipping...
2022-10-17 23:28:59: Already run predictor 'KNNC' on group 'CoTr', skipping...
2022-10-17 23:28:59: Running predictor 'XGB' for group 'CoTr'.
2022-10-17 23:28:59: CV num 1:
Error : nrow(x) == n is not TRUE
2022-10-17 23:28:59: ## Ran group 'CoTr' in 0.00 minutes.

2022-10-17 23:28:59: ###### Treating group of Categories: CoLiTr
2022-10-17 23:28:59: Selected columns:
Core.AgeAtExam, Core.EDSS, Core.DiseaseDuration, Core.DiseaseCourse, Core.MSSS, Life.CaffeineFreq, Life.MemoryConcerns, Life.Smoking, Treatments.nDMT, Treatments.hasIM, Treatments.hasIS, Treatments.hasMA, Treatments.DMTcategory
2022-10-17 23:28:59: Already run predictor 'GLM' on group 'CoLiTr', skipping...
2022-10-17 23:28:59: Already run predictor 'RF' on group 'CoLiTr', skipping...
2022-10-17 23:28:59: Already run predictor 'RF2' on group 'CoLiTr', skipping...
2022-10-17 23:28:59: Already run predictor 'RF3' on group 'CoLiTr', skipping...
2022-10-17 23:28:59: Already run predictor 'RFO' on group 'CoLiTr', skipping...
2022-10-17 23:28:59: Already run predictor 'RP' on group 'CoLiTr', skipping...
2022-10-17 23:28:59: Already run predictor 'SVM' on group 'CoLiTr', skipping...
2022-10-17 23:28:59: Already run predictor 'NB' on group 'CoLiTr', skipping...
2022-10-17 23:28:59: Already run predictor 'KNN' on group 'CoLiTr', skipping...
2022-10-17 23:28:59: Already run predictor 'KNNC' on group 'CoLiTr', skipping...
2022-10-17 23:28:59: Running predictor 'XGB' for group 'CoLiTr'.
2022-10-17 23:28:59: CV num 1:
Error : nrow(x) == n is not TRUE
2022-10-17 23:28:59: ## Ran group 'CoLiTr' in 0.00 minutes.

2022-10-17 23:28:59: ###### Treating group of Categories: FS
2022-10-17 23:28:59: Selected columns:
FSSs.Visual, FSSs.Brainstem, FSSs.Pyramidal, FSSs.Cerebellar, FSSs.Sensory, FSSs.Bowel, FSSs.Mental
2022-10-17 23:28:59: Already run predictor 'GLM' on group 'FS', skipping...
2022-10-17 23:28:59: Already run predictor 'RF' on group 'FS', skipping...
2022-10-17 23:28:59: Already run predictor 'RF2' on group 'FS', skipping...
2022-10-17 23:28:59: Already run predictor 'RF3' on group 'FS', skipping...
2022-10-17 23:28:59: Already run predictor 'RFO' on group 'FS', skipping...
2022-10-17 23:28:59: Already run predictor 'RP' on group 'FS', skipping...
2022-10-17 23:28:59: Already run predictor 'SVM' on group 'FS', skipping...
2022-10-17 23:28:59: Already run predictor 'NB' on group 'FS', skipping...
2022-10-17 23:28:59: Already run predictor 'KNN' on group 'FS', skipping...
2022-10-17 23:28:59: Already run predictor 'KNNC' on group 'FS', skipping...
2022-10-17 23:28:59: Running predictor 'XGB' for group 'FS'.
2022-10-17 23:28:59: CV num 1:
Warning: closing unused connection 11 (RunData/Subj-3-2-1914_2022-08-22_10-53/logs/run_2022-10-17_23-28_7936.log)
Warning: closing unused connection 9 (RunData/Subj-3-2-1914_2022-08-22_10-53/logs/run_2022-10-17_23-28_7936.log)
Warning: closing unused connection 7 (RunData/Subj-3-2-1914_2022-08-22_10-53/logs/run_2022-10-17_23-28_7936.log)
Error : nrow(x) == n is not TRUE
2022-10-17 23:28:59: ## Ran group 'FS' in 0.00 minutes.

2022-10-17 23:28:59: ###### Treating group of Categories: LiPa
2022-10-17 23:28:59: Selected columns:
Life.CaffeineFreq, Life.MemoryConcerns, Life.Smoking, Patient.AgeOfOnset, Patient.Gender
2022-10-17 23:28:59: Already run predictor 'GLM' on group 'LiPa', skipping...
2022-10-17 23:28:59: Already run predictor 'RF' on group 'LiPa', skipping...
2022-10-17 23:28:59: Already run predictor 'RF2' on group 'LiPa', skipping...
2022-10-17 23:28:59: Already run predictor 'RF3' on group 'LiPa', skipping...
2022-10-17 23:28:59: Already run predictor 'RFO' on group 'LiPa', skipping...
2022-10-17 23:28:59: Already run predictor 'RP' on group 'LiPa', skipping...
2022-10-17 23:29:00: Already run predictor 'SVM' on group 'LiPa', skipping...
2022-10-17 23:29:00: Already run predictor 'NB' on group 'LiPa', skipping...
2022-10-17 23:29:00: Already run predictor 'KNN' on group 'LiPa', skipping...
2022-10-17 23:29:00: Already run predictor 'KNNC' on group 'LiPa', skipping...
2022-10-17 23:29:00: Running predictor 'XGB' for group 'LiPa'.
2022-10-17 23:29:00: CV num 1:
Error : nrow(x) == n is not TRUE
2022-10-17 23:29:00: ## Ran group 'LiPa' in 0.00 minutes.

2022-10-17 23:29:00: ###### Treating group of Categories: MSPa
2022-10-17 23:29:00: Selected columns:
MSFC.T25FW, MSFC.NHPT, Patient.AgeOfOnset, Patient.Gender
2022-10-17 23:29:00: Already run predictor 'GLM' on group 'MSPa', skipping...
2022-10-17 23:29:00: Already run predictor 'RF' on group 'MSPa', skipping...
2022-10-17 23:29:00: Already run predictor 'RF2' on group 'MSPa', skipping...
2022-10-17 23:29:00: Already run predictor 'RF3' on group 'MSPa', skipping...
2022-10-17 23:29:00: Already run predictor 'RFO' on group 'MSPa', skipping...
2022-10-17 23:29:00: Already run predictor 'RP' on group 'MSPa', skipping...
2022-10-17 23:29:00: Already run predictor 'SVM' on group 'MSPa', skipping...
2022-10-17 23:29:00: Already run predictor 'NB' on group 'MSPa', skipping...
2022-10-17 23:29:00: Already run predictor 'KNN' on group 'MSPa', skipping...
2022-10-17 23:29:00: Already run predictor 'KNNC' on group 'MSPa', skipping...
2022-10-17 23:29:00: Running predictor 'XGB' for group 'MSPa'.
2022-10-17 23:29:00: CV num 1:
Error : nrow(x) == n is not TRUE
2022-10-17 23:29:00: ## Ran group 'MSPa' in 0.00 minutes.

