2022-10-17 23:15:39: ###### Treating group of Categories: ClMS
2022-10-17 23:15:39: Selected columns:
Clinical.ATM, Clinical.OpticNeuritis, Clinical.INO, Clinical.MotorWeakness, Clinical.SensoryDisturbance, Clinical.Ataxia, Clinical.BladderDisturbance, Clinical.BowelDisturbance, Clinical.Myelopathy, Clinical.CogDisturbance, Clinical.VisualLoss, MSFC.T25FW, MSFC.NHPT
2022-10-17 23:15:39: Already run predictor 'GLM' on group 'ClMS', skipping...
2022-10-17 23:15:39: Already run predictor 'RF' on group 'ClMS', skipping...
2022-10-17 23:15:39: Already run predictor 'RF2' on group 'ClMS', skipping...
2022-10-17 23:15:39: Already run predictor 'RF3' on group 'ClMS', skipping...
2022-10-17 23:15:39: Already run predictor 'RFO' on group 'ClMS', skipping...
2022-10-17 23:15:39: Already run predictor 'RP' on group 'ClMS', skipping...
2022-10-17 23:15:39: Already run predictor 'SVM' on group 'ClMS', skipping...
2022-10-17 23:15:39: Already run predictor 'NB' on group 'ClMS', skipping...
2022-10-17 23:15:39: Already run predictor 'KNN' on group 'ClMS', skipping...
2022-10-17 23:15:39: Already run predictor 'KNNC' on group 'ClMS', skipping...
2022-10-17 23:15:39: Running predictor 'XGB' for group 'ClMS'.
2022-10-17 23:15:39: CV num 1:
Loading required package: xgboost

Attaching package: ‘xgboost’

The following object is masked from ‘package:dplyr’:

    slice

Loading required package: plyr
------------------------------------------------------------------------------
You have loaded plyr after dplyr - this is likely to cause problems.
If you need functions from both plyr and dplyr, please load plyr first, then dplyr:
library(plyr); library(dplyr)
------------------------------------------------------------------------------

Attaching package: ‘plyr’

The following objects are masked from ‘package:dplyr’:

    arrange, count, desc, failwith, id, mutate, rename, summarise,
    summarize

Error in train.default(Xtrain, factor(Ytrain), method = "xgbTree", trControl = trControl,  : 
  object 'trControl' not found
2022-10-17 23:15:47: ## Ran group 'ClMS' in 0.13 minutes.

2022-10-17 23:15:47: ###### Treating group of Categories: ClCoLi
2022-10-17 23:15:47: Selected columns:
Clinical.ATM, Clinical.OpticNeuritis, Clinical.INO, Clinical.MotorWeakness, Clinical.SensoryDisturbance, Clinical.Ataxia, Clinical.BladderDisturbance, Clinical.BowelDisturbance, Clinical.Myelopathy, Clinical.CogDisturbance, Clinical.VisualLoss, Core.AgeAtExam, Core.EDSS, Core.DiseaseDuration, Core.DiseaseCourse, Core.MSSS, Life.CaffeineFreq, Life.MemoryConcerns, Life.Smoking
2022-10-17 23:15:47: Already run predictor 'GLM' on group 'ClCoLi', skipping...
2022-10-17 23:15:47: Already run predictor 'RF' on group 'ClCoLi', skipping...
2022-10-17 23:15:47: Already run predictor 'RF2' on group 'ClCoLi', skipping...
2022-10-17 23:15:47: Already run predictor 'RF3' on group 'ClCoLi', skipping...
2022-10-17 23:15:47: Already run predictor 'RFO' on group 'ClCoLi', skipping...
2022-10-17 23:15:47: Already run predictor 'RP' on group 'ClCoLi', skipping...
2022-10-17 23:15:47: Already run predictor 'SVM' on group 'ClCoLi', skipping...
2022-10-17 23:15:47: Already run predictor 'NB' on group 'ClCoLi', skipping...
2022-10-17 23:15:47: Already run predictor 'KNN' on group 'ClCoLi', skipping...
2022-10-17 23:15:47: Already run predictor 'KNNC' on group 'ClCoLi', skipping...
2022-10-17 23:15:47: Running predictor 'XGB' for group 'ClCoLi'.
2022-10-17 23:15:47: CV num 1:
Error in train.default(Xtrain, factor(Ytrain), method = "xgbTree", trControl = trControl,  : 
  object 'trControl' not found
2022-10-17 23:15:47: ## Ran group 'ClCoLi' in 0.00 minutes.

2022-10-17 23:15:47: ###### Treating group of Categories: ClCoMR
2022-10-17 23:15:47: Selected columns:
Clinical.ATM, Clinical.OpticNeuritis, Clinical.INO, Clinical.MotorWeakness, Clinical.SensoryDisturbance, Clinical.Ataxia, Clinical.BladderDisturbance, Clinical.BowelDisturbance, Clinical.Myelopathy, Clinical.CogDisturbance, Clinical.VisualLoss, Core.AgeAtExam, Core.EDSS, Core.DiseaseDuration, Core.DiseaseCourse, Core.MSSS, MRI.CE_Lesion, MRI.GM_Volume, MRI.Siena_PBVC
2022-10-17 23:15:47: Already run predictor 'GLM' on group 'ClCoMR', skipping...
2022-10-17 23:15:47: Already run predictor 'RF' on group 'ClCoMR', skipping...
2022-10-17 23:15:47: Already run predictor 'RF2' on group 'ClCoMR', skipping...
2022-10-17 23:15:47: Already run predictor 'RF3' on group 'ClCoMR', skipping...
2022-10-17 23:15:47: Already run predictor 'RFO' on group 'ClCoMR', skipping...
2022-10-17 23:15:47: Already run predictor 'RP' on group 'ClCoMR', skipping...
2022-10-17 23:15:47: Already run predictor 'SVM' on group 'ClCoMR', skipping...
2022-10-17 23:15:47: Already run predictor 'NB' on group 'ClCoMR', skipping...
2022-10-17 23:15:47: Already run predictor 'KNN' on group 'ClCoMR', skipping...
2022-10-17 23:15:47: Already run predictor 'KNNC' on group 'ClCoMR', skipping...
2022-10-17 23:15:47: Running predictor 'XGB' for group 'ClCoMR'.
2022-10-17 23:15:47: CV num 1:
Error in train.default(Xtrain, factor(Ytrain), method = "xgbTree", trControl = trControl,  : 
  object 'trControl' not found
2022-10-17 23:15:47: ## Ran group 'ClCoMR' in 0.00 minutes.

2022-10-17 23:15:47: ###### Treating group of Categories: ClCoMS
2022-10-17 23:15:47: Selected columns:
Clinical.ATM, Clinical.OpticNeuritis, Clinical.INO, Clinical.MotorWeakness, Clinical.SensoryDisturbance, Clinical.Ataxia, Clinical.BladderDisturbance, Clinical.BowelDisturbance, Clinical.Myelopathy, Clinical.CogDisturbance, Clinical.VisualLoss, Core.AgeAtExam, Core.EDSS, Core.DiseaseDuration, Core.DiseaseCourse, Core.MSSS, MSFC.T25FW, MSFC.NHPT
2022-10-17 23:15:47: Already run predictor 'GLM' on group 'ClCoMS', skipping...
2022-10-17 23:15:47: Already run predictor 'RF' on group 'ClCoMS', skipping...
2022-10-17 23:15:47: Already run predictor 'RF2' on group 'ClCoMS', skipping...
2022-10-17 23:15:47: Already run predictor 'RF3' on group 'ClCoMS', skipping...
2022-10-17 23:15:47: Already run predictor 'RFO' on group 'ClCoMS', skipping...
2022-10-17 23:15:47: Already run predictor 'RP' on group 'ClCoMS', skipping...
2022-10-17 23:15:47: Already run predictor 'SVM' on group 'ClCoMS', skipping...
2022-10-17 23:15:47: Already run predictor 'NB' on group 'ClCoMS', skipping...
2022-10-17 23:15:47: Already run predictor 'KNN' on group 'ClCoMS', skipping...
2022-10-17 23:15:47: Already run predictor 'KNNC' on group 'ClCoMS', skipping...
2022-10-17 23:15:47: Running predictor 'XGB' for group 'ClCoMS'.
2022-10-17 23:15:47: CV num 1:
Error in train.default(Xtrain, factor(Ytrain), method = "xgbTree", trControl = trControl,  : 
  object 'trControl' not found
2022-10-17 23:15:48: ## Ran group 'ClCoMS' in 0.00 minutes.

2022-10-17 23:15:48: ###### Treating group of Categories: ClCoQO
2022-10-17 23:15:48: Selected columns:
Clinical.ATM, Clinical.OpticNeuritis, Clinical.INO, Clinical.MotorWeakness, Clinical.SensoryDisturbance, Clinical.Ataxia, Clinical.BladderDisturbance, Clinical.BowelDisturbance, Clinical.Myelopathy, Clinical.CogDisturbance, Clinical.VisualLoss, Core.AgeAtExam, Core.EDSS, Core.DiseaseDuration, Core.DiseaseCourse, Core.MSSS, QOL.LackFocus, QOL.LackEnergy, QOL.PsychoDown, QOL.RelativePain, QOL.NotEnjoyLife
2022-10-17 23:15:48: Already run predictor 'GLM' on group 'ClCoQO', skipping...
2022-10-17 23:15:48: Already run predictor 'RF' on group 'ClCoQO', skipping...
2022-10-17 23:15:48: Already run predictor 'RF2' on group 'ClCoQO', skipping...
2022-10-17 23:15:48: Already run predictor 'RF3' on group 'ClCoQO', skipping...
2022-10-17 23:15:48: Already run predictor 'RFO' on group 'ClCoQO', skipping...
2022-10-17 23:15:48: Already run predictor 'RP' on group 'ClCoQO', skipping...
2022-10-17 23:15:48: Already run predictor 'SVM' on group 'ClCoQO', skipping...
2022-10-17 23:15:48: Already run predictor 'NB' on group 'ClCoQO', skipping...
2022-10-17 23:15:48: Already run predictor 'KNN' on group 'ClCoQO', skipping...
2022-10-17 23:15:48: Already run predictor 'KNNC' on group 'ClCoQO', skipping...
2022-10-17 23:15:48: Running predictor 'XGB' for group 'ClCoQO'.
2022-10-17 23:15:48: CV num 1:
Error in train.default(Xtrain, factor(Ytrain), method = "xgbTree", trControl = trControl,  : 
  object 'trControl' not found
2022-10-17 23:15:48: ## Ran group 'ClCoQO' in 0.00 minutes.

2022-10-17 23:15:48: ###### Treating group of Categories: CoLi
2022-10-17 23:15:48: Selected columns:
Core.AgeAtExam, Core.EDSS, Core.DiseaseDuration, Core.DiseaseCourse, Core.MSSS, Life.CaffeineFreq, Life.MemoryConcerns, Life.Smoking
2022-10-17 23:15:48: Already run predictor 'GLM' on group 'CoLi', skipping...
2022-10-17 23:15:48: Already run predictor 'RF' on group 'CoLi', skipping...
2022-10-17 23:15:48: Already run predictor 'RF2' on group 'CoLi', skipping...
2022-10-17 23:15:48: Already run predictor 'RF3' on group 'CoLi', skipping...
2022-10-17 23:15:48: Already run predictor 'RFO' on group 'CoLi', skipping...
2022-10-17 23:15:48: Already run predictor 'RP' on group 'CoLi', skipping...
2022-10-17 23:15:48: Already run predictor 'SVM' on group 'CoLi', skipping...
2022-10-17 23:15:48: Already run predictor 'NB' on group 'CoLi', skipping...
2022-10-17 23:15:48: Already run predictor 'KNN' on group 'CoLi', skipping...
2022-10-17 23:15:48: Already run predictor 'KNNC' on group 'CoLi', skipping...
2022-10-17 23:15:48: Running predictor 'XGB' for group 'CoLi'.
2022-10-17 23:15:48: CV num 1:
Error in train.default(Xtrain, factor(Ytrain), method = "xgbTree", trControl = trControl,  : 
  object 'trControl' not found
2022-10-17 23:15:48: ## Ran group 'CoLi' in 0.00 minutes.

2022-10-17 23:15:48: ###### Treating group of Categories: CoQO
2022-10-17 23:15:48: Selected columns:
Core.AgeAtExam, Core.EDSS, Core.DiseaseDuration, Core.DiseaseCourse, Core.MSSS, QOL.LackFocus, QOL.LackEnergy, QOL.PsychoDown, QOL.RelativePain, QOL.NotEnjoyLife
2022-10-17 23:15:48: Already run predictor 'GLM' on group 'CoQO', skipping...
2022-10-17 23:15:48: Already run predictor 'RF' on group 'CoQO', skipping...
2022-10-17 23:15:48: Already run predictor 'RF2' on group 'CoQO', skipping...
2022-10-17 23:15:48: Already run predictor 'RF3' on group 'CoQO', skipping...
2022-10-17 23:15:48: Already run predictor 'RFO' on group 'CoQO', skipping...
2022-10-17 23:15:48: Already run predictor 'RP' on group 'CoQO', skipping...
2022-10-17 23:15:48: Already run predictor 'SVM' on group 'CoQO', skipping...
2022-10-17 23:15:48: Already run predictor 'NB' on group 'CoQO', skipping...
2022-10-17 23:15:48: Already run predictor 'KNN' on group 'CoQO', skipping...
2022-10-17 23:15:48: Already run predictor 'KNNC' on group 'CoQO', skipping...
2022-10-17 23:15:48: Running predictor 'XGB' for group 'CoQO'.
2022-10-17 23:15:48: CV num 1:
Error in train.default(Xtrain, factor(Ytrain), method = "xgbTree", trControl = trControl,  : 
  object 'trControl' not found
2022-10-17 23:15:48: ## Ran group 'CoQO' in 0.00 minutes.

2022-10-17 23:15:48: ###### Treating group of Categories: CoFSQO
2022-10-17 23:15:48: Selected columns:
Core.AgeAtExam, Core.EDSS, Core.DiseaseDuration, Core.DiseaseCourse, Core.MSSS, FSSs.Visual, FSSs.Brainstem, FSSs.Pyramidal, FSSs.Cerebellar, FSSs.Sensory, FSSs.Bowel, FSSs.Mental, QOL.LackFocus, QOL.LackEnergy, QOL.PsychoDown, QOL.RelativePain, QOL.NotEnjoyLife
2022-10-17 23:15:48: Already run predictor 'GLM' on group 'CoFSQO', skipping...
2022-10-17 23:15:48: Already run predictor 'RF' on group 'CoFSQO', skipping...
2022-10-17 23:15:48: Already run predictor 'RF2' on group 'CoFSQO', skipping...
2022-10-17 23:15:48: Already run predictor 'RF3' on group 'CoFSQO', skipping...
2022-10-17 23:15:48: Already run predictor 'RFO' on group 'CoFSQO', skipping...
2022-10-17 23:15:48: Already run predictor 'RP' on group 'CoFSQO', skipping...
2022-10-17 23:15:48: Already run predictor 'SVM' on group 'CoFSQO', skipping...
2022-10-17 23:15:48: Already run predictor 'NB' on group 'CoFSQO', skipping...
2022-10-17 23:15:48: Already run predictor 'KNN' on group 'CoFSQO', skipping...
2022-10-17 23:15:48: Already run predictor 'KNNC' on group 'CoFSQO', skipping...
2022-10-17 23:15:48: Running predictor 'XGB' for group 'CoFSQO'.
2022-10-17 23:15:48: CV num 1:
Error in train.default(Xtrain, factor(Ytrain), method = "xgbTree", trControl = trControl,  : 
  object 'trControl' not found
2022-10-17 23:15:48: ## Ran group 'CoFSQO' in 0.00 minutes.

2022-10-17 23:15:48: ###### Treating group of Categories: CoMRQO
2022-10-17 23:15:48: Selected columns:
Core.AgeAtExam, Core.EDSS, Core.DiseaseDuration, Core.DiseaseCourse, Core.MSSS, MRI.CE_Lesion, MRI.GM_Volume, MRI.Siena_PBVC, QOL.LackFocus, QOL.LackEnergy, QOL.PsychoDown, QOL.RelativePain, QOL.NotEnjoyLife
2022-10-17 23:15:48: Already run predictor 'GLM' on group 'CoMRQO', skipping...
2022-10-17 23:15:48: Already run predictor 'RF' on group 'CoMRQO', skipping...
2022-10-17 23:15:48: Already run predictor 'RF2' on group 'CoMRQO', skipping...
2022-10-17 23:15:48: Already run predictor 'RF3' on group 'CoMRQO', skipping...
2022-10-17 23:15:48: Already run predictor 'RFO' on group 'CoMRQO', skipping...
2022-10-17 23:15:48: Already run predictor 'RP' on group 'CoMRQO', skipping...
2022-10-17 23:15:48: Already run predictor 'SVM' on group 'CoMRQO', skipping...
2022-10-17 23:15:48: Already run predictor 'NB' on group 'CoMRQO', skipping...
2022-10-17 23:15:48: Already run predictor 'KNN' on group 'CoMRQO', skipping...
2022-10-17 23:15:48: Already run predictor 'KNNC' on group 'CoMRQO', skipping...
2022-10-17 23:15:48: Running predictor 'XGB' for group 'CoMRQO'.
2022-10-17 23:15:48: CV num 1:
Error in train.default(Xtrain, factor(Ytrain), method = "xgbTree", trControl = trControl,  : 
  object 'trControl' not found
2022-10-17 23:15:48: ## Ran group 'CoMRQO' in 0.00 minutes.

2022-10-17 23:15:48: ###### Treating group of Categories: FSMR
2022-10-17 23:15:48: Selected columns:
FSSs.Visual, FSSs.Brainstem, FSSs.Pyramidal, FSSs.Cerebellar, FSSs.Sensory, FSSs.Bowel, FSSs.Mental, MRI.CE_Lesion, MRI.GM_Volume, MRI.Siena_PBVC
2022-10-17 23:15:48: Already run predictor 'GLM' on group 'FSMR', skipping...
2022-10-17 23:15:48: Already run predictor 'RF' on group 'FSMR', skipping...
2022-10-17 23:15:48: Already run predictor 'RF2' on group 'FSMR', skipping...
2022-10-17 23:15:48: Already run predictor 'RF3' on group 'FSMR', skipping...
2022-10-17 23:15:48: Already run predictor 'RFO' on group 'FSMR', skipping...
2022-10-17 23:15:48: Already run predictor 'RP' on group 'FSMR', skipping...
2022-10-17 23:15:48: Already run predictor 'SVM' on group 'FSMR', skipping...
2022-10-17 23:15:48: Already run predictor 'NB' on group 'FSMR', skipping...
2022-10-17 23:15:48: Already run predictor 'KNN' on group 'FSMR', skipping...
2022-10-17 23:15:48: Already run predictor 'KNNC' on group 'FSMR', skipping...
2022-10-17 23:15:48: Running predictor 'XGB' for group 'FSMR'.
2022-10-17 23:15:48: CV num 1:
Error in train.default(Xtrain, factor(Ytrain), method = "xgbTree", trControl = trControl,  : 
  object 'trControl' not found
2022-10-17 23:15:49: ## Ran group 'FSMR' in 0.01 minutes.

2022-10-17 23:15:49: ###### Treating group of Categories: MRMS
2022-10-17 23:15:49: Selected columns:
MRI.CE_Lesion, MRI.GM_Volume, MRI.Siena_PBVC, MSFC.T25FW, MSFC.NHPT
2022-10-17 23:15:49: Already run predictor 'GLM' on group 'MRMS', skipping...
2022-10-17 23:15:49: Already run predictor 'RF' on group 'MRMS', skipping...
2022-10-17 23:15:49: Already run predictor 'RF2' on group 'MRMS', skipping...
2022-10-17 23:15:49: Already run predictor 'RF3' on group 'MRMS', skipping...
2022-10-17 23:15:49: Already run predictor 'RFO' on group 'MRMS', skipping...
2022-10-17 23:15:49: Already run predictor 'RP' on group 'MRMS', skipping...
2022-10-17 23:15:49: Already run predictor 'SVM' on group 'MRMS', skipping...
2022-10-17 23:15:49: Already run predictor 'NB' on group 'MRMS', skipping...
2022-10-17 23:15:49: Already run predictor 'KNN' on group 'MRMS', skipping...
2022-10-17 23:15:49: Already run predictor 'KNNC' on group 'MRMS', skipping...
2022-10-17 23:15:49: Running predictor 'XGB' for group 'MRMS'.
2022-10-17 23:15:49: CV num 1:
Error in train.default(Xtrain, factor(Ytrain), method = "xgbTree", trControl = trControl,  : 
  object 'trControl' not found
2022-10-17 23:15:49: ## Ran group 'MRMS' in 0.00 minutes.

2022-10-17 23:15:49: ###### Treating group of Categories: PaTr
2022-10-17 23:15:49: Selected columns:
Patient.AgeOfOnset, Patient.Gender, Treatments.nDMT, Treatments.hasIM, Treatments.hasIS, Treatments.hasMA, Treatments.DMTcategory
2022-10-17 23:15:49: Already run predictor 'GLM' on group 'PaTr', skipping...
2022-10-17 23:15:49: Already run predictor 'RF' on group 'PaTr', skipping...
2022-10-17 23:15:49: Already run predictor 'RF2' on group 'PaTr', skipping...
2022-10-17 23:15:49: Already run predictor 'RF3' on group 'PaTr', skipping...
2022-10-17 23:15:49: Already run predictor 'RFO' on group 'PaTr', skipping...
2022-10-17 23:15:49: Already run predictor 'RP' on group 'PaTr', skipping...
2022-10-17 23:15:49: Already run predictor 'SVM' on group 'PaTr', skipping...
2022-10-17 23:15:49: Already run predictor 'NB' on group 'PaTr', skipping...
2022-10-17 23:15:49: Already run predictor 'KNN' on group 'PaTr', skipping...
2022-10-17 23:15:49: Already run predictor 'KNNC' on group 'PaTr', skipping...
2022-10-17 23:15:49: Running predictor 'XGB' for group 'PaTr'.
2022-10-17 23:15:49: CV num 1:
Error in train.default(Xtrain, factor(Ytrain), method = "xgbTree", trControl = trControl,  : 
  object 'trControl' not found
2022-10-17 23:15:49: ## Ran group 'PaTr' in 0.01 minutes.

