2022-10-17 23:23:54: ###### Treating group of Categories: ClMR
2022-10-17 23:23:54: Selected columns:
Clinical.ATM, Clinical.OpticNeuritis, Clinical.INO, Clinical.MotorWeakness, Clinical.SensoryDisturbance, Clinical.Ataxia, Clinical.BladderDisturbance, Clinical.BowelDisturbance, Clinical.Myelopathy, Clinical.CogDisturbance, Clinical.VisualLoss, MRI.CE_Lesion, MRI.GM_Volume, MRI.Siena_PBVC
2022-10-17 23:23:54: Already run predictor 'GLM' on group 'ClMR', skipping...
2022-10-17 23:23:54: Already run predictor 'RF' on group 'ClMR', skipping...
2022-10-17 23:23:54: Already run predictor 'RF2' on group 'ClMR', skipping...
2022-10-17 23:23:54: Already run predictor 'RF3' on group 'ClMR', skipping...
2022-10-17 23:23:54: Already run predictor 'RFO' on group 'ClMR', skipping...
2022-10-17 23:23:54: Already run predictor 'RP' on group 'ClMR', skipping...
2022-10-17 23:23:54: Already run predictor 'SVM' on group 'ClMR', skipping...
2022-10-17 23:23:54: Already run predictor 'NB' on group 'ClMR', skipping...
2022-10-17 23:23:54: Already run predictor 'KNN' on group 'ClMR', skipping...
2022-10-17 23:23:54: Already run predictor 'KNNC' on group 'ClMR', skipping...
2022-10-17 23:23:54: Running predictor 'XGB' for group 'ClMR'.
2022-10-17 23:23:54: CV num 1:
Loading required package: xgboost

Attaching package: ‘xgboost’

The following object is masked from ‘package:dplyr’:

    slice

Loading required package: plyr
------------------------------------------------------------------------------
You have loaded plyr after dplyr - this is likely to cause problems.
If you need functions from both plyr and dplyr, please load plyr first, then dplyr:
library(plyr); library(dplyr)
------------------------------------------------------------------------------

Attaching package: ‘plyr’

The following objects are masked from ‘package:dplyr’:

    arrange, count, desc, failwith, id, mutate, rename, summarise,
    summarize

Error in train.default(Xtrain, factor(Ytrain), method = "xgbTree", trControl = trControl,  : 
  object 'trControl' not found
2022-10-17 23:23:59: ## Ran group 'ClMR' in 0.08 minutes.

2022-10-17 23:23:59: ###### Treating group of Categories: CoMS
2022-10-17 23:23:59: Selected columns:
Core.AgeAtExam, Core.EDSS, Core.DiseaseDuration, Core.DiseaseCourse, Core.MSSS, MSFC.T25FW, MSFC.NHPT
2022-10-17 23:23:59: Already run predictor 'GLM' on group 'CoMS', skipping...
2022-10-17 23:23:59: Already run predictor 'RF' on group 'CoMS', skipping...
2022-10-17 23:23:59: Already run predictor 'RF2' on group 'CoMS', skipping...
2022-10-17 23:23:59: Already run predictor 'RF3' on group 'CoMS', skipping...
2022-10-17 23:23:59: Already run predictor 'RFO' on group 'CoMS', skipping...
2022-10-17 23:23:59: Already run predictor 'RP' on group 'CoMS', skipping...
2022-10-17 23:23:59: Already run predictor 'SVM' on group 'CoMS', skipping...
2022-10-17 23:23:59: Already run predictor 'NB' on group 'CoMS', skipping...
2022-10-17 23:23:59: Already run predictor 'KNN' on group 'CoMS', skipping...
2022-10-17 23:23:59: Already run predictor 'KNNC' on group 'CoMS', skipping...
2022-10-17 23:23:59: Running predictor 'XGB' for group 'CoMS'.
2022-10-17 23:23:59: CV num 1:
Error in train.default(Xtrain, factor(Ytrain), method = "xgbTree", trControl = trControl,  : 
  object 'trControl' not found
2022-10-17 23:23:59: ## Ran group 'CoMS' in 0.00 minutes.

2022-10-17 23:23:59: ###### Treating group of Categories: CoFSPa
2022-10-17 23:23:59: Selected columns:
Core.AgeAtExam, Core.EDSS, Core.DiseaseDuration, Core.DiseaseCourse, Core.MSSS, FSSs.Visual, FSSs.Brainstem, FSSs.Pyramidal, FSSs.Cerebellar, FSSs.Sensory, FSSs.Bowel, FSSs.Mental, Patient.AgeOfOnset, Patient.Gender
2022-10-17 23:23:59: Already run predictor 'GLM' on group 'CoFSPa', skipping...
2022-10-17 23:23:59: Already run predictor 'RF' on group 'CoFSPa', skipping...
2022-10-17 23:23:59: Already run predictor 'RF2' on group 'CoFSPa', skipping...
2022-10-17 23:23:59: Already run predictor 'RF3' on group 'CoFSPa', skipping...
2022-10-17 23:23:59: Already run predictor 'RFO' on group 'CoFSPa', skipping...
2022-10-17 23:23:59: Already run predictor 'RP' on group 'CoFSPa', skipping...
2022-10-17 23:23:59: Already run predictor 'SVM' on group 'CoFSPa', skipping...
2022-10-17 23:23:59: Already run predictor 'NB' on group 'CoFSPa', skipping...
2022-10-17 23:23:59: Already run predictor 'KNN' on group 'CoFSPa', skipping...
2022-10-17 23:23:59: Already run predictor 'KNNC' on group 'CoFSPa', skipping...
2022-10-17 23:23:59: Running predictor 'XGB' for group 'CoFSPa'.
2022-10-17 23:23:59: CV num 1:
Error in train.default(Xtrain, factor(Ytrain), method = "xgbTree", trControl = trControl,  : 
  object 'trControl' not found
2022-10-17 23:23:59: ## Ran group 'CoFSPa' in 0.00 minutes.

2022-10-17 23:23:59: ###### Treating group of Categories: CoMRTr
2022-10-17 23:23:59: Selected columns:
Core.AgeAtExam, Core.EDSS, Core.DiseaseDuration, Core.DiseaseCourse, Core.MSSS, MRI.CE_Lesion, MRI.GM_Volume, MRI.Siena_PBVC, Treatments.nDMT, Treatments.hasIM, Treatments.hasIS, Treatments.hasMA, Treatments.DMTcategory
2022-10-17 23:23:59: Already run predictor 'GLM' on group 'CoMRTr', skipping...
2022-10-17 23:23:59: Already run predictor 'RF' on group 'CoMRTr', skipping...
2022-10-17 23:23:59: Already run predictor 'RF2' on group 'CoMRTr', skipping...
2022-10-17 23:23:59: Already run predictor 'RF3' on group 'CoMRTr', skipping...
2022-10-17 23:23:59: Already run predictor 'RFO' on group 'CoMRTr', skipping...
2022-10-17 23:23:59: Already run predictor 'RP' on group 'CoMRTr', skipping...
2022-10-17 23:23:59: Already run predictor 'SVM' on group 'CoMRTr', skipping...
2022-10-17 23:23:59: Already run predictor 'NB' on group 'CoMRTr', skipping...
2022-10-17 23:23:59: Already run predictor 'KNN' on group 'CoMRTr', skipping...
2022-10-17 23:23:59: Already run predictor 'KNNC' on group 'CoMRTr', skipping...
2022-10-17 23:23:59: Running predictor 'XGB' for group 'CoMRTr'.
2022-10-17 23:23:59: CV num 1:
Error in train.default(Xtrain, factor(Ytrain), method = "xgbTree", trControl = trControl,  : 
  object 'trControl' not found
2022-10-17 23:23:59: ## Ran group 'CoMRTr' in 0.00 minutes.

2022-10-17 23:23:59: ###### Treating group of Categories: FSPa
2022-10-17 23:23:59: Selected columns:
FSSs.Visual, FSSs.Brainstem, FSSs.Pyramidal, FSSs.Cerebellar, FSSs.Sensory, FSSs.Bowel, FSSs.Mental, Patient.AgeOfOnset, Patient.Gender
2022-10-17 23:23:59: Already run predictor 'GLM' on group 'FSPa', skipping...
2022-10-17 23:23:59: Already run predictor 'RF' on group 'FSPa', skipping...
2022-10-17 23:23:59: Already run predictor 'RF2' on group 'FSPa', skipping...
2022-10-17 23:23:59: Already run predictor 'RF3' on group 'FSPa', skipping...
2022-10-17 23:23:59: Already run predictor 'RFO' on group 'FSPa', skipping...
2022-10-17 23:23:59: Already run predictor 'RP' on group 'FSPa', skipping...
2022-10-17 23:23:59: Already run predictor 'SVM' on group 'FSPa', skipping...
2022-10-17 23:23:59: Already run predictor 'NB' on group 'FSPa', skipping...
2022-10-17 23:23:59: Already run predictor 'KNN' on group 'FSPa', skipping...
2022-10-17 23:23:59: Already run predictor 'KNNC' on group 'FSPa', skipping...
2022-10-17 23:23:59: Running predictor 'XGB' for group 'FSPa'.
2022-10-17 23:23:59: CV num 1:
Warning: closing unused connection 11 (RunData/Subj-3-2-1914_2022-08-22_10-53/logs/run_2022-10-17_23-23_7636.log)
Warning: closing unused connection 9 (RunData/Subj-3-2-1914_2022-08-22_10-53/logs/run_2022-10-17_23-23_7636.log)
Warning: closing unused connection 7 (RunData/Subj-3-2-1914_2022-08-22_10-53/logs/run_2022-10-17_23-23_7636.log)
Error in train.default(Xtrain, factor(Ytrain), method = "xgbTree", trControl = trControl,  : 
  object 'trControl' not found
2022-10-17 23:23:59: ## Ran group 'FSPa' in 0.00 minutes.

2022-10-17 23:23:59: ###### Treating group of Categories: MRTr
2022-10-17 23:23:59: Selected columns:
MRI.CE_Lesion, MRI.GM_Volume, MRI.Siena_PBVC, Treatments.nDMT, Treatments.hasIM, Treatments.hasIS, Treatments.hasMA, Treatments.DMTcategory
2022-10-17 23:23:59: Already run predictor 'GLM' on group 'MRTr', skipping...
2022-10-17 23:23:59: Already run predictor 'RF' on group 'MRTr', skipping...
2022-10-17 23:23:59: Already run predictor 'RF2' on group 'MRTr', skipping...
2022-10-17 23:23:59: Already run predictor 'RF3' on group 'MRTr', skipping...
2022-10-17 23:23:59: Already run predictor 'RFO' on group 'MRTr', skipping...
2022-10-17 23:23:59: Already run predictor 'RP' on group 'MRTr', skipping...
2022-10-17 23:23:59: Already run predictor 'SVM' on group 'MRTr', skipping...
2022-10-17 23:23:59: Already run predictor 'NB' on group 'MRTr', skipping...
2022-10-17 23:23:59: Already run predictor 'KNN' on group 'MRTr', skipping...
2022-10-17 23:23:59: Already run predictor 'KNNC' on group 'MRTr', skipping...
2022-10-17 23:23:59: Running predictor 'XGB' for group 'MRTr'.
2022-10-17 23:23:59: CV num 1:
Error in train.default(Xtrain, factor(Ytrain), method = "xgbTree", trControl = trControl,  : 
  object 'trControl' not found
2022-10-17 23:24:00: ## Ran group 'MRTr' in 0.00 minutes.

2022-10-17 23:24:00: ###### Treating group of Categories: Tr
2022-10-17 23:24:00: Selected columns:
Treatments.nDMT, Treatments.hasIM, Treatments.hasIS, Treatments.hasMA, Treatments.DMTcategory
2022-10-17 23:24:00: Already run predictor 'GLM' on group 'Tr', skipping...
2022-10-17 23:24:00: Already run predictor 'RF' on group 'Tr', skipping...
2022-10-17 23:24:00: Already run predictor 'RF2' on group 'Tr', skipping...
2022-10-17 23:24:00: Already run predictor 'RF3' on group 'Tr', skipping...
2022-10-17 23:24:00: Already run predictor 'RFO' on group 'Tr', skipping...
2022-10-17 23:24:00: Already run predictor 'RP' on group 'Tr', skipping...
2022-10-17 23:24:00: Already run predictor 'SVM' on group 'Tr', skipping...
2022-10-17 23:24:00: Already run predictor 'NB' on group 'Tr', skipping...
2022-10-17 23:24:00: Already run predictor 'KNN' on group 'Tr', skipping...
2022-10-17 23:24:00: Already run predictor 'KNNC' on group 'Tr', skipping...
2022-10-17 23:24:00: Running predictor 'XGB' for group 'Tr'.
2022-10-17 23:24:00: CV num 1:
Error in train.default(Xtrain, factor(Ytrain), method = "xgbTree", trControl = trControl,  : 
  object 'trControl' not found
2022-10-17 23:24:00: ## Ran group 'Tr' in 0.00 minutes.

