2022-11-06 23:17:44: ###### Treating group of Categories: Cl
2022-11-06 23:17:44: Selected columns:
Clinical.ATM, Clinical.OpticNeuritis, Clinical.INO, Clinical.MotorWeakness, Clinical.SensoryDisturbance, Clinical.Ataxia, Clinical.BladderDisturbance, Clinical.BowelDisturbance, Clinical.Myelopathy, Clinical.CogDisturbance, Clinical.VisualLoss
2022-11-06 23:17:44: Already run predictor 'GLM' on group 'Cl', skipping...
2022-11-06 23:17:44: Already run predictor 'RF' on group 'Cl', skipping...
2022-11-06 23:17:44: Already run predictor 'RF2' on group 'Cl', skipping...
2022-11-06 23:17:44: Already run predictor 'RF3' on group 'Cl', skipping...
2022-11-06 23:17:44: Already run predictor 'RFO' on group 'Cl', skipping...
2022-11-06 23:17:44: Already run predictor 'RP' on group 'Cl', skipping...
2022-11-06 23:17:44: Already run predictor 'SVM' on group 'Cl', skipping...
2022-11-06 23:17:44: Already run predictor 'NB' on group 'Cl', skipping...
2022-11-06 23:17:44: Already run predictor 'KNN' on group 'Cl', skipping...
2022-11-06 23:17:44: Already run predictor 'KNNC' on group 'Cl', skipping...
2022-11-06 23:17:44: Running predictor 'XGB' for group 'Cl'.
2022-11-06 23:17:44: CV num 1:
Loading required package: xgboost

Attaching package: ‘xgboost’

The following object is masked from ‘package:dplyr’:

    slice

Loading required package: lattice
Loading required package: ggplot2

2022-11-07 01:03:57: XGB for groups Clinical                            ( 11 features) -> best nrounds: 10  / eta 0.05 / max_depth 1 [perf: 0.524]
2022-11-07 01:03:57: ERROR running train/test for predictor 'XGB' and group 'Cl': 
 length(res) == sum(foldIdx == i) is not TRUE
TRACEBACK:
1: run(X, Y, pred, FIs)
2: stopifnot(length(res) == sum(foldIdx == i)) at Code/Helpers/CVer.R:151
3: stop(sprintf(ngettext(length(r), "%s is not TRUE", "%s are not all TRUE"), ch), call. = FALSE, 
     domain = NA)
Error : length(res) == sum(foldIdx == i) is not TRUE
2022-11-07 01:03:57: ## Ran group 'Cl' in 106.22 minutes.

2022-11-07 01:03:57: ###### Treating group of Categories: ClMS
2022-11-07 01:03:57: Selected columns:
Clinical.ATM, Clinical.OpticNeuritis, Clinical.INO, Clinical.MotorWeakness, Clinical.SensoryDisturbance, Clinical.Ataxia, Clinical.BladderDisturbance, Clinical.BowelDisturbance, Clinical.Myelopathy, Clinical.CogDisturbance, Clinical.VisualLoss, MSFC.T25FW, MSFC.NHPT
2022-11-07 01:03:57: Already run predictor 'GLM' on group 'ClMS', skipping...
2022-11-07 01:03:57: Already run predictor 'RF' on group 'ClMS', skipping...
2022-11-07 01:03:57: Already run predictor 'RF2' on group 'ClMS', skipping...
2022-11-07 01:03:57: Already run predictor 'RF3' on group 'ClMS', skipping...
2022-11-07 01:03:57: Already run predictor 'RFO' on group 'ClMS', skipping...
2022-11-07 01:03:57: Already run predictor 'RP' on group 'ClMS', skipping...
2022-11-07 01:03:57: Already run predictor 'SVM' on group 'ClMS', skipping...
2022-11-07 01:03:57: Already run predictor 'NB' on group 'ClMS', skipping...
2022-11-07 01:03:57: Already run predictor 'KNN' on group 'ClMS', skipping...
2022-11-07 01:03:57: Already run predictor 'KNNC' on group 'ClMS', skipping...
2022-11-07 01:03:57: Running predictor 'XGB' for group 'ClMS'.
2022-11-07 01:03:57: CV num 1:
Warning: closing unused connection 5 (RunData/Subj-3-2-1914_2022-08-22_10-53/logs/run_2022-11-06_23-17_216.log)

2022-11-07 02:39:32: XGB for groups Clinical - MSFC                     ( 13 features) -> best nrounds: 70  / eta 0.20 / max_depth 1 [perf: 0.548]
2022-11-07 02:39:32: ERROR running train/test for predictor 'XGB' and group 'ClMS': 
 length(res) == sum(foldIdx == i) is not TRUE
TRACEBACK:
1: run(X, Y, pred, FIs)
2: stopifnot(length(res) == sum(foldIdx == i)) at Code/Helpers/CVer.R:151
3: stop(sprintf(ngettext(length(r), "%s is not TRUE", "%s are not all TRUE"), ch), call. = FALSE, 
     domain = NA)
Error : length(res) == sum(foldIdx == i) is not TRUE
2022-11-07 02:39:32: ## Ran group 'ClMS' in 95.59 minutes.

2022-11-07 02:39:32: ###### Treating group of Categories: ClTr
2022-11-07 02:39:32: Selected columns:
Clinical.ATM, Clinical.OpticNeuritis, Clinical.INO, Clinical.MotorWeakness, Clinical.SensoryDisturbance, Clinical.Ataxia, Clinical.BladderDisturbance, Clinical.BowelDisturbance, Clinical.Myelopathy, Clinical.CogDisturbance, Clinical.VisualLoss, Treatments.nDMT, Treatments.hasIM, Treatments.hasIS, Treatments.hasMA, Treatments.DMTcategory
2022-11-07 02:39:32: Already run predictor 'GLM' on group 'ClTr', skipping...
2022-11-07 02:39:32: Already run predictor 'RF' on group 'ClTr', skipping...
2022-11-07 02:39:32: Already run predictor 'RF2' on group 'ClTr', skipping...
2022-11-07 02:39:32: Already run predictor 'RF3' on group 'ClTr', skipping...
2022-11-07 02:39:32: Already run predictor 'RFO' on group 'ClTr', skipping...
2022-11-07 02:39:32: Already run predictor 'RP' on group 'ClTr', skipping...
2022-11-07 02:39:32: Already run predictor 'SVM' on group 'ClTr', skipping...
2022-11-07 02:39:32: Already run predictor 'NB' on group 'ClTr', skipping...
2022-11-07 02:39:32: Already run predictor 'KNN' on group 'ClTr', skipping...
2022-11-07 02:39:32: Already run predictor 'KNNC' on group 'ClTr', skipping...
2022-11-07 02:39:32: Running predictor 'XGB' for group 'ClTr'.
2022-11-07 02:39:32: CV num 1:
Warning: closing unused connection 7 (RunData/Subj-3-2-1914_2022-08-22_10-53/logs/run_2022-11-06_23-17_216.log)

2022-11-07 03:09:02: XGB for groups Clinical - Treatments               ( 16 features) -> best nrounds: 10  / eta 0.10 / max_depth 1 [perf: 0.526]
2022-11-07 03:09:02: ERROR running train/test for predictor 'XGB' and group 'ClTr': 
 length(res) == sum(foldIdx == i) is not TRUE
TRACEBACK:
1: run(X, Y, pred, FIs)
2: stopifnot(length(res) == sum(foldIdx == i)) at Code/Helpers/CVer.R:151
3: stop(sprintf(ngettext(length(r), "%s is not TRUE", "%s are not all TRUE"), ch), call. = FALSE, 
     domain = NA)
Error : length(res) == sum(foldIdx == i) is not TRUE
2022-11-07 03:09:02: ## Ran group 'ClTr' in 29.50 minutes.

2022-11-07 03:09:02: ###### Treating group of Categories: ClCoFS
2022-11-07 03:09:02: Selected columns:
Clinical.ATM, Clinical.OpticNeuritis, Clinical.INO, Clinical.MotorWeakness, Clinical.SensoryDisturbance, Clinical.Ataxia, Clinical.BladderDisturbance, Clinical.BowelDisturbance, Clinical.Myelopathy, Clinical.CogDisturbance, Clinical.VisualLoss, Core.AgeAtExam, Core.EDSS, Core.DiseaseDuration, Core.DiseaseCourse, Core.MSSS, FSSs.Visual, FSSs.Brainstem, FSSs.Pyramidal, FSSs.Cerebellar, FSSs.Sensory, FSSs.Bowel, FSSs.Mental
2022-11-07 03:09:02: Already run predictor 'GLM' on group 'ClCoFS', skipping...
2022-11-07 03:09:02: Already run predictor 'RF' on group 'ClCoFS', skipping...
2022-11-07 03:09:02: Already run predictor 'RF2' on group 'ClCoFS', skipping...
2022-11-07 03:09:02: Already run predictor 'RF3' on group 'ClCoFS', skipping...
2022-11-07 03:09:02: Already run predictor 'RFO' on group 'ClCoFS', skipping...
2022-11-07 03:09:02: Already run predictor 'RP' on group 'ClCoFS', skipping...
2022-11-07 03:09:02: Already run predictor 'SVM' on group 'ClCoFS', skipping...
2022-11-07 03:09:02: Already run predictor 'NB' on group 'ClCoFS', skipping...
2022-11-07 03:09:02: Already run predictor 'KNN' on group 'ClCoFS', skipping...
2022-11-07 03:09:02: Already run predictor 'KNNC' on group 'ClCoFS', skipping...
2022-11-07 03:09:02: Running predictor 'XGB' for group 'ClCoFS'.
2022-11-07 03:09:02: CV num 1:
Warning: closing unused connection 5 (RunData/Subj-3-2-1914_2022-08-22_10-53/logs/run_2022-11-06_23-17_216.log)

2022-11-07 04:59:17: XGB for groups Clinical - Core - FSSs              ( 23 features) -> best nrounds: 200  / eta 0.05 / max_depth 2 [perf: 0.714]
2022-11-07 04:59:17: ERROR running train/test for predictor 'XGB' and group 'ClCoFS': 
 length(res) == sum(foldIdx == i) is not TRUE
TRACEBACK:
1: run(X, Y, pred, FIs)
2: stopifnot(length(res) == sum(foldIdx == i)) at Code/Helpers/CVer.R:151
3: stop(sprintf(ngettext(length(r), "%s is not TRUE", "%s are not all TRUE"), ch), call. = FALSE, 
     domain = NA)
Error : length(res) == sum(foldIdx == i) is not TRUE
2022-11-07 04:59:17: ## Ran group 'ClCoFS' in 110.25 minutes.

2022-11-07 04:59:17: ###### Treating group of Categories: ClCoMS
2022-11-07 04:59:17: Selected columns:
Clinical.ATM, Clinical.OpticNeuritis, Clinical.INO, Clinical.MotorWeakness, Clinical.SensoryDisturbance, Clinical.Ataxia, Clinical.BladderDisturbance, Clinical.BowelDisturbance, Clinical.Myelopathy, Clinical.CogDisturbance, Clinical.VisualLoss, Core.AgeAtExam, Core.EDSS, Core.DiseaseDuration, Core.DiseaseCourse, Core.MSSS, MSFC.T25FW, MSFC.NHPT
2022-11-07 04:59:17: Already run predictor 'GLM' on group 'ClCoMS', skipping...
2022-11-07 04:59:17: Already run predictor 'RF' on group 'ClCoMS', skipping...
2022-11-07 04:59:17: Already run predictor 'RF2' on group 'ClCoMS', skipping...
2022-11-07 04:59:17: Already run predictor 'RF3' on group 'ClCoMS', skipping...
2022-11-07 04:59:17: Already run predictor 'RFO' on group 'ClCoMS', skipping...
2022-11-07 04:59:17: Already run predictor 'RP' on group 'ClCoMS', skipping...
2022-11-07 04:59:17: Already run predictor 'SVM' on group 'ClCoMS', skipping...
2022-11-07 04:59:17: Already run predictor 'NB' on group 'ClCoMS', skipping...
2022-11-07 04:59:17: Already run predictor 'KNN' on group 'ClCoMS', skipping...
2022-11-07 04:59:17: Already run predictor 'KNNC' on group 'ClCoMS', skipping...
2022-11-07 04:59:17: Running predictor 'XGB' for group 'ClCoMS'.
2022-11-07 04:59:17: CV num 1:
Warning: closing unused connection 7 (RunData/Subj-3-2-1914_2022-08-22_10-53/logs/run_2022-11-06_23-17_216.log)

2022-11-07 05:49:35: XGB for groups Clinical - Core - MSFC              ( 18 features) -> best nrounds: 150  / eta 0.20 / max_depth 1 [perf: 0.755]
2022-11-07 05:49:35: ERROR running train/test for predictor 'XGB' and group 'ClCoMS': 
 length(res) == sum(foldIdx == i) is not TRUE
TRACEBACK:
1: run(X, Y, pred, FIs)
2: stopifnot(length(res) == sum(foldIdx == i)) at Code/Helpers/CVer.R:151
3: stop(sprintf(ngettext(length(r), "%s is not TRUE", "%s are not all TRUE"), ch), call. = FALSE, 
     domain = NA)
Error : length(res) == sum(foldIdx == i) is not TRUE
2022-11-07 05:49:35: ## Ran group 'ClCoMS' in 50.30 minutes.

2022-11-07 05:49:35: ###### Treating group of Categories: ClCoQO
2022-11-07 05:49:35: Selected columns:
Clinical.ATM, Clinical.OpticNeuritis, Clinical.INO, Clinical.MotorWeakness, Clinical.SensoryDisturbance, Clinical.Ataxia, Clinical.BladderDisturbance, Clinical.BowelDisturbance, Clinical.Myelopathy, Clinical.CogDisturbance, Clinical.VisualLoss, Core.AgeAtExam, Core.EDSS, Core.DiseaseDuration, Core.DiseaseCourse, Core.MSSS, QOL.LackFocus, QOL.LackEnergy, QOL.PsychoDown, QOL.RelativePain, QOL.NotEnjoyLife
2022-11-07 05:49:35: Already run predictor 'GLM' on group 'ClCoQO', skipping...
2022-11-07 05:49:35: Already run predictor 'RF' on group 'ClCoQO', skipping...
2022-11-07 05:49:35: Already run predictor 'RF2' on group 'ClCoQO', skipping...
2022-11-07 05:49:35: Already run predictor 'RF3' on group 'ClCoQO', skipping...
2022-11-07 05:49:35: Already run predictor 'RFO' on group 'ClCoQO', skipping...
2022-11-07 05:49:35: Already run predictor 'RP' on group 'ClCoQO', skipping...
2022-11-07 05:49:35: Already run predictor 'SVM' on group 'ClCoQO', skipping...
2022-11-07 05:49:35: Already run predictor 'NB' on group 'ClCoQO', skipping...
2022-11-07 05:49:35: Already run predictor 'KNN' on group 'ClCoQO', skipping...
2022-11-07 05:49:35: Already run predictor 'KNNC' on group 'ClCoQO', skipping...
2022-11-07 05:49:35: Running predictor 'XGB' for group 'ClCoQO'.
2022-11-07 05:49:35: CV num 1:
Warning: closing unused connection 5 (RunData/Subj-3-2-1914_2022-08-22_10-53/logs/run_2022-11-06_23-17_216.log)

2022-11-07 06:52:11: XGB for groups Clinical - Core - QOL               ( 21 features) -> best nrounds: 250  / eta 0.10 / max_depth 1 [perf: 0.726]
2022-11-07 06:52:11: ERROR running train/test for predictor 'XGB' and group 'ClCoQO': 
 length(res) == sum(foldIdx == i) is not TRUE
TRACEBACK:
1: run(X, Y, pred, FIs)
2: stopifnot(length(res) == sum(foldIdx == i)) at Code/Helpers/CVer.R:151
3: stop(sprintf(ngettext(length(r), "%s is not TRUE", "%s are not all TRUE"), ch), call. = FALSE, 
     domain = NA)
Error : length(res) == sum(foldIdx == i) is not TRUE
2022-11-07 06:52:11: ## Ran group 'ClCoQO' in 62.60 minutes.

2022-11-07 06:52:11: ###### Treating group of Categories: Co
2022-11-07 06:52:11: Selected columns:
Core.AgeAtExam, Core.EDSS, Core.DiseaseDuration, Core.DiseaseCourse, Core.MSSS
2022-11-07 06:52:11: Already run predictor 'GLM' on group 'Co', skipping...
2022-11-07 06:52:11: Already run predictor 'RF' on group 'Co', skipping...
2022-11-07 06:52:11: Already run predictor 'RF2' on group 'Co', skipping...
2022-11-07 06:52:11: Already run predictor 'RF3' on group 'Co', skipping...
2022-11-07 06:52:11: Already run predictor 'RFO' on group 'Co', skipping...
2022-11-07 06:52:11: Already run predictor 'RP' on group 'Co', skipping...
2022-11-07 06:52:11: Already run predictor 'SVM' on group 'Co', skipping...
2022-11-07 06:52:11: Already run predictor 'NB' on group 'Co', skipping...
2022-11-07 06:52:11: Already run predictor 'KNN' on group 'Co', skipping...
2022-11-07 06:52:12: Already run predictor 'KNNC' on group 'Co', skipping...
2022-11-07 06:52:12: Running predictor 'XGB' for group 'Co'.
2022-11-07 06:52:12: CV num 1:
Warning: closing unused connection 7 (RunData/Subj-3-2-1914_2022-08-22_10-53/logs/run_2022-11-06_23-17_216.log)

2022-11-07 08:50:05: XGB for groups Core                                (  5 features) -> best nrounds: 100  / eta 0.10 / max_depth 1 [perf: 0.701]
2022-11-07 08:50:05: ERROR running train/test for predictor 'XGB' and group 'Co': 
 length(res) == sum(foldIdx == i) is not TRUE
TRACEBACK:
1: run(X, Y, pred, FIs)
2: stopifnot(length(res) == sum(foldIdx == i)) at Code/Helpers/CVer.R:151
3: stop(sprintf(ngettext(length(r), "%s is not TRUE", "%s are not all TRUE"), ch), call. = FALSE, 
     domain = NA)
Error : length(res) == sum(foldIdx == i) is not TRUE
2022-11-07 08:50:05: ## Ran group 'Co' in 117.89 minutes.

2022-11-07 08:50:05: ###### Treating group of Categories: CoMS
2022-11-07 08:50:05: Selected columns:
Core.AgeAtExam, Core.EDSS, Core.DiseaseDuration, Core.DiseaseCourse, Core.MSSS, MSFC.T25FW, MSFC.NHPT
2022-11-07 08:50:05: Already run predictor 'GLM' on group 'CoMS', skipping...
2022-11-07 08:50:05: Already run predictor 'RF' on group 'CoMS', skipping...
2022-11-07 08:50:05: Already run predictor 'RF2' on group 'CoMS', skipping...
2022-11-07 08:50:05: Already run predictor 'RF3' on group 'CoMS', skipping...
2022-11-07 08:50:05: Already run predictor 'RFO' on group 'CoMS', skipping...
2022-11-07 08:50:05: Already run predictor 'RP' on group 'CoMS', skipping...
2022-11-07 08:50:05: Already run predictor 'SVM' on group 'CoMS', skipping...
2022-11-07 08:50:05: Already run predictor 'NB' on group 'CoMS', skipping...
2022-11-07 08:50:05: Already run predictor 'KNN' on group 'CoMS', skipping...
2022-11-07 08:50:05: Already run predictor 'KNNC' on group 'CoMS', skipping...
2022-11-07 08:50:05: Running predictor 'XGB' for group 'CoMS'.
2022-11-07 08:50:05: CV num 1:
