2022-10-17 23:28:54: ###### Treating group of Categories: ClMS
2022-10-17 23:28:54: Selected columns:
Clinical.ATM, Clinical.OpticNeuritis, Clinical.INO, Clinical.MotorWeakness, Clinical.SensoryDisturbance, Clinical.Ataxia, Clinical.BladderDisturbance, Clinical.BowelDisturbance, Clinical.Myelopathy, Clinical.CogDisturbance, Clinical.VisualLoss, MSFC.T25FW, MSFC.NHPT
2022-10-17 23:28:54: Already run predictor 'GLM' on group 'ClMS', skipping...
2022-10-17 23:28:54: Already run predictor 'RF' on group 'ClMS', skipping...
2022-10-17 23:28:54: Already run predictor 'RF2' on group 'ClMS', skipping...
2022-10-17 23:28:54: Already run predictor 'RF3' on group 'ClMS', skipping...
2022-10-17 23:28:54: Already run predictor 'RFO' on group 'ClMS', skipping...
2022-10-17 23:28:54: Already run predictor 'RP' on group 'ClMS', skipping...
2022-10-17 23:28:54: Already run predictor 'SVM' on group 'ClMS', skipping...
2022-10-17 23:28:54: Already run predictor 'NB' on group 'ClMS', skipping...
2022-10-17 23:28:54: Already run predictor 'KNN' on group 'ClMS', skipping...
2022-10-17 23:28:54: Already run predictor 'KNNC' on group 'ClMS', skipping...
2022-10-17 23:28:54: Running predictor 'XGB' for group 'ClMS'.
2022-10-17 23:28:54: CV num 1:
Loading required package: xgboost

Attaching package: ‘xgboost’

The following object is masked from ‘package:dplyr’:

    slice

Loading required package: plyr
------------------------------------------------------------------------------
You have loaded plyr after dplyr - this is likely to cause problems.
If you need functions from both plyr and dplyr, please load plyr first, then dplyr:
library(plyr); library(dplyr)
------------------------------------------------------------------------------

Attaching package: ‘plyr’

The following objects are masked from ‘package:dplyr’:

    arrange, count, desc, failwith, id, mutate, rename, summarise,
    summarize

Error : nrow(x) == n is not TRUE
2022-10-17 23:28:59: ## Ran group 'ClMS' in 0.08 minutes.

2022-10-17 23:28:59: ###### Treating group of Categories: CoPa
2022-10-17 23:28:59: Selected columns:
Core.AgeAtExam, Core.EDSS, Core.DiseaseDuration, Core.DiseaseCourse, Core.MSSS, Patient.AgeOfOnset, Patient.Gender
2022-10-17 23:28:59: Already run predictor 'GLM' on group 'CoPa', skipping...
2022-10-17 23:28:59: Already run predictor 'RF' on group 'CoPa', skipping...
2022-10-17 23:28:59: Already run predictor 'RF2' on group 'CoPa', skipping...
2022-10-17 23:28:59: Already run predictor 'RF3' on group 'CoPa', skipping...
2022-10-17 23:28:59: Already run predictor 'RFO' on group 'CoPa', skipping...
2022-10-17 23:28:59: Already run predictor 'RP' on group 'CoPa', skipping...
2022-10-17 23:28:59: Already run predictor 'SVM' on group 'CoPa', skipping...
2022-10-17 23:28:59: Already run predictor 'NB' on group 'CoPa', skipping...
2022-10-17 23:28:59: Already run predictor 'KNN' on group 'CoPa', skipping...
2022-10-17 23:28:59: Already run predictor 'KNNC' on group 'CoPa', skipping...
2022-10-17 23:28:59: Running predictor 'XGB' for group 'CoPa'.
2022-10-17 23:28:59: CV num 1:
Error : nrow(x) == n is not TRUE
2022-10-17 23:28:59: ## Ran group 'CoPa' in 0.00 minutes.

2022-10-17 23:28:59: ###### Treating group of Categories: CoLiMR
2022-10-17 23:28:59: Selected columns:
Core.AgeAtExam, Core.EDSS, Core.DiseaseDuration, Core.DiseaseCourse, Core.MSSS, Life.CaffeineFreq, Life.MemoryConcerns, Life.Smoking, MRI.CE_Lesion, MRI.GM_Volume, MRI.Siena_PBVC
2022-10-17 23:28:59: Already run predictor 'GLM' on group 'CoLiMR', skipping...
2022-10-17 23:28:59: Already run predictor 'RF' on group 'CoLiMR', skipping...
2022-10-17 23:28:59: Already run predictor 'RF2' on group 'CoLiMR', skipping...
2022-10-17 23:28:59: Already run predictor 'RF3' on group 'CoLiMR', skipping...
2022-10-17 23:28:59: Already run predictor 'RFO' on group 'CoLiMR', skipping...
2022-10-17 23:28:59: Already run predictor 'RP' on group 'CoLiMR', skipping...
2022-10-17 23:28:59: Already run predictor 'SVM' on group 'CoLiMR', skipping...
2022-10-17 23:28:59: Already run predictor 'NB' on group 'CoLiMR', skipping...
2022-10-17 23:28:59: Already run predictor 'KNN' on group 'CoLiMR', skipping...
2022-10-17 23:28:59: Already run predictor 'KNNC' on group 'CoLiMR', skipping...
2022-10-17 23:28:59: Running predictor 'XGB' for group 'CoLiMR'.
2022-10-17 23:28:59: CV num 1:
Error : nrow(x) == n is not TRUE
2022-10-17 23:28:59: ## Ran group 'CoLiMR' in 0.00 minutes.

2022-10-17 23:28:59: ###### Treating group of Categories: CoMRQO
2022-10-17 23:28:59: Selected columns:
Core.AgeAtExam, Core.EDSS, Core.DiseaseDuration, Core.DiseaseCourse, Core.MSSS, MRI.CE_Lesion, MRI.GM_Volume, MRI.Siena_PBVC, QOL.LackFocus, QOL.LackEnergy, QOL.PsychoDown, QOL.RelativePain, QOL.NotEnjoyLife
2022-10-17 23:28:59: Already run predictor 'GLM' on group 'CoMRQO', skipping...
2022-10-17 23:28:59: Already run predictor 'RF' on group 'CoMRQO', skipping...
2022-10-17 23:28:59: Already run predictor 'RF2' on group 'CoMRQO', skipping...
2022-10-17 23:28:59: Already run predictor 'RF3' on group 'CoMRQO', skipping...
2022-10-17 23:28:59: Already run predictor 'RFO' on group 'CoMRQO', skipping...
2022-10-17 23:28:59: Already run predictor 'RP' on group 'CoMRQO', skipping...
2022-10-17 23:28:59: Already run predictor 'SVM' on group 'CoMRQO', skipping...
2022-10-17 23:28:59: Already run predictor 'NB' on group 'CoMRQO', skipping...
2022-10-17 23:28:59: Already run predictor 'KNN' on group 'CoMRQO', skipping...
2022-10-17 23:28:59: Already run predictor 'KNNC' on group 'CoMRQO', skipping...
2022-10-17 23:28:59: Running predictor 'XGB' for group 'CoMRQO'.
2022-10-17 23:28:59: CV num 1:
Error : nrow(x) == n is not TRUE
2022-10-17 23:28:59: ## Ran group 'CoMRQO' in 0.00 minutes.

2022-10-17 23:28:59: ###### Treating group of Categories: FSPa
2022-10-17 23:28:59: Selected columns:
FSSs.Visual, FSSs.Brainstem, FSSs.Pyramidal, FSSs.Cerebellar, FSSs.Sensory, FSSs.Bowel, FSSs.Mental, Patient.AgeOfOnset, Patient.Gender
2022-10-17 23:28:59: Already run predictor 'GLM' on group 'FSPa', skipping...
2022-10-17 23:28:59: Already run predictor 'RF' on group 'FSPa', skipping...
2022-10-17 23:28:59: Already run predictor 'RF2' on group 'FSPa', skipping...
2022-10-17 23:28:59: Already run predictor 'RF3' on group 'FSPa', skipping...
2022-10-17 23:28:59: Already run predictor 'RFO' on group 'FSPa', skipping...
2022-10-17 23:28:59: Already run predictor 'RP' on group 'FSPa', skipping...
2022-10-17 23:28:59: Already run predictor 'SVM' on group 'FSPa', skipping...
2022-10-17 23:28:59: Already run predictor 'NB' on group 'FSPa', skipping...
2022-10-17 23:28:59: Already run predictor 'KNN' on group 'FSPa', skipping...
2022-10-17 23:28:59: Already run predictor 'KNNC' on group 'FSPa', skipping...
2022-10-17 23:28:59: Running predictor 'XGB' for group 'FSPa'.
2022-10-17 23:28:59: CV num 1:
Warning: closing unused connection 11 (RunData/Subj-3-2-1914_2022-08-22_10-53/logs/run_2022-10-17_23-28_7949.log)
Warning: closing unused connection 9 (RunData/Subj-3-2-1914_2022-08-22_10-53/logs/run_2022-10-17_23-28_7949.log)
Warning: closing unused connection 7 (RunData/Subj-3-2-1914_2022-08-22_10-53/logs/run_2022-10-17_23-28_7949.log)
Error : nrow(x) == n is not TRUE
2022-10-17 23:29:00: ## Ran group 'FSPa' in 0.00 minutes.

2022-10-17 23:29:00: ###### Treating group of Categories: LiQO
2022-10-17 23:29:00: Selected columns:
Life.CaffeineFreq, Life.MemoryConcerns, Life.Smoking, QOL.LackFocus, QOL.LackEnergy, QOL.PsychoDown, QOL.RelativePain, QOL.NotEnjoyLife
2022-10-17 23:29:00: Already run predictor 'GLM' on group 'LiQO', skipping...
2022-10-17 23:29:00: Already run predictor 'RF' on group 'LiQO', skipping...
2022-10-17 23:29:00: Already run predictor 'RF2' on group 'LiQO', skipping...
2022-10-17 23:29:00: Already run predictor 'RF3' on group 'LiQO', skipping...
2022-10-17 23:29:00: Already run predictor 'RFO' on group 'LiQO', skipping...
2022-10-17 23:29:00: Already run predictor 'RP' on group 'LiQO', skipping...
2022-10-17 23:29:00: Already run predictor 'SVM' on group 'LiQO', skipping...
2022-10-17 23:29:00: Already run predictor 'NB' on group 'LiQO', skipping...
2022-10-17 23:29:00: Already run predictor 'KNN' on group 'LiQO', skipping...
2022-10-17 23:29:00: Already run predictor 'KNNC' on group 'LiQO', skipping...
2022-10-17 23:29:00: Running predictor 'XGB' for group 'LiQO'.
2022-10-17 23:29:00: CV num 1:
Error : nrow(x) == n is not TRUE
2022-10-17 23:29:00: ## Ran group 'LiQO' in 0.00 minutes.

2022-10-17 23:29:00: ###### Treating group of Categories: MSTr
2022-10-17 23:29:00: Selected columns:
MSFC.T25FW, MSFC.NHPT, Treatments.nDMT, Treatments.hasIM, Treatments.hasIS, Treatments.hasMA, Treatments.DMTcategory
2022-10-17 23:29:00: Already run predictor 'GLM' on group 'MSTr', skipping...
2022-10-17 23:29:00: Already run predictor 'RF' on group 'MSTr', skipping...
2022-10-17 23:29:00: Already run predictor 'RF2' on group 'MSTr', skipping...
2022-10-17 23:29:00: Already run predictor 'RF3' on group 'MSTr', skipping...
2022-10-17 23:29:00: Already run predictor 'RFO' on group 'MSTr', skipping...
2022-10-17 23:29:00: Already run predictor 'RP' on group 'MSTr', skipping...
2022-10-17 23:29:00: Already run predictor 'SVM' on group 'MSTr', skipping...
2022-10-17 23:29:00: Already run predictor 'NB' on group 'MSTr', skipping...
2022-10-17 23:29:00: Already run predictor 'KNN' on group 'MSTr', skipping...
2022-10-17 23:29:00: Already run predictor 'KNNC' on group 'MSTr', skipping...
2022-10-17 23:29:00: Running predictor 'XGB' for group 'MSTr'.
2022-10-17 23:29:00: CV num 1:
Error : nrow(x) == n is not TRUE
2022-10-17 23:29:00: ## Ran group 'MSTr' in 0.00 minutes.

