2022-10-17 23:27:29: ###### Treating group of Categories: ClFS
2022-10-17 23:27:29: Selected columns:
Clinical.ATM, Clinical.OpticNeuritis, Clinical.INO, Clinical.MotorWeakness, Clinical.SensoryDisturbance, Clinical.Ataxia, Clinical.BladderDisturbance, Clinical.BowelDisturbance, Clinical.Myelopathy, Clinical.CogDisturbance, Clinical.VisualLoss, FSSs.Visual, FSSs.Brainstem, FSSs.Pyramidal, FSSs.Cerebellar, FSSs.Sensory, FSSs.Bowel, FSSs.Mental
2022-10-17 23:27:29: Already run predictor 'GLM' on group 'ClFS', skipping...
2022-10-17 23:27:29: Already run predictor 'RF' on group 'ClFS', skipping...
2022-10-17 23:27:29: Already run predictor 'RF2' on group 'ClFS', skipping...
2022-10-17 23:27:29: Already run predictor 'RF3' on group 'ClFS', skipping...
2022-10-17 23:27:29: Already run predictor 'RFO' on group 'ClFS', skipping...
2022-10-17 23:27:29: Already run predictor 'RP' on group 'ClFS', skipping...
2022-10-17 23:27:29: Already run predictor 'SVM' on group 'ClFS', skipping...
2022-10-17 23:27:29: Already run predictor 'NB' on group 'ClFS', skipping...
2022-10-17 23:27:29: Already run predictor 'KNN' on group 'ClFS', skipping...
2022-10-17 23:27:29: Already run predictor 'KNNC' on group 'ClFS', skipping...
2022-10-17 23:27:29: Running predictor 'XGB' for group 'ClFS'.
2022-10-17 23:27:29: CV num 1:
Loading required package: xgboost

Attaching package: ‘xgboost’

The following object is masked from ‘package:dplyr’:

    slice

Loading required package: plyr
------------------------------------------------------------------------------
You have loaded plyr after dplyr - this is likely to cause problems.
If you need functions from both plyr and dplyr, please load plyr first, then dplyr:
library(plyr); library(dplyr)
------------------------------------------------------------------------------

Attaching package: ‘plyr’

The following objects are masked from ‘package:dplyr’:

    arrange, count, desc, failwith, id, mutate, rename, summarise,
    summarize

Error : At least one of the class levels is not a valid R variable name; This will cause errors when class probabilities are generated because the variables names will be converted to  FALSE., TRUE. . Please use factor levels that can be used as valid R variable names  (see ?make.names for help).
2022-10-17 23:27:33: ## Ran group 'ClFS' in 0.08 minutes.

2022-10-17 23:27:33: ###### Treating group of Categories: CoFSMR
2022-10-17 23:27:33: Selected columns:
Core.AgeAtExam, Core.EDSS, Core.DiseaseDuration, Core.DiseaseCourse, Core.MSSS, FSSs.Visual, FSSs.Brainstem, FSSs.Pyramidal, FSSs.Cerebellar, FSSs.Sensory, FSSs.Bowel, FSSs.Mental, MRI.CE_Lesion, MRI.GM_Volume, MRI.Siena_PBVC
2022-10-17 23:27:33: Already run predictor 'GLM' on group 'CoFSMR', skipping...
2022-10-17 23:27:33: Already run predictor 'RF' on group 'CoFSMR', skipping...
2022-10-17 23:27:33: Already run predictor 'RF2' on group 'CoFSMR', skipping...
2022-10-17 23:27:34: Already run predictor 'RF3' on group 'CoFSMR', skipping...
2022-10-17 23:27:34: Already run predictor 'RFO' on group 'CoFSMR', skipping...
2022-10-17 23:27:34: Already run predictor 'RP' on group 'CoFSMR', skipping...
2022-10-17 23:27:34: Already run predictor 'SVM' on group 'CoFSMR', skipping...
2022-10-17 23:27:34: Already run predictor 'NB' on group 'CoFSMR', skipping...
2022-10-17 23:27:34: Already run predictor 'KNN' on group 'CoFSMR', skipping...
2022-10-17 23:27:34: Already run predictor 'KNNC' on group 'CoFSMR', skipping...
2022-10-17 23:27:34: Running predictor 'XGB' for group 'CoFSMR'.
2022-10-17 23:27:34: CV num 1:
Error : At least one of the class levels is not a valid R variable name; This will cause errors when class probabilities are generated because the variables names will be converted to  FALSE., TRUE. . Please use factor levels that can be used as valid R variable names  (see ?make.names for help).
2022-10-17 23:27:34: ## Ran group 'CoFSMR' in 0.00 minutes.

2022-10-17 23:27:34: ###### Treating group of Categories: CoMRMS
2022-10-17 23:27:34: Selected columns:
Core.AgeAtExam, Core.EDSS, Core.DiseaseDuration, Core.DiseaseCourse, Core.MSSS, MRI.CE_Lesion, MRI.GM_Volume, MRI.Siena_PBVC, MSFC.T25FW, MSFC.NHPT
2022-10-17 23:27:34: Already run predictor 'GLM' on group 'CoMRMS', skipping...
2022-10-17 23:27:34: Already run predictor 'RF' on group 'CoMRMS', skipping...
2022-10-17 23:27:34: Already run predictor 'RF2' on group 'CoMRMS', skipping...
2022-10-17 23:27:34: Already run predictor 'RF3' on group 'CoMRMS', skipping...
2022-10-17 23:27:34: Already run predictor 'RFO' on group 'CoMRMS', skipping...
2022-10-17 23:27:34: Already run predictor 'RP' on group 'CoMRMS', skipping...
2022-10-17 23:27:34: Already run predictor 'SVM' on group 'CoMRMS', skipping...
2022-10-17 23:27:34: Already run predictor 'NB' on group 'CoMRMS', skipping...
2022-10-17 23:27:34: Already run predictor 'KNN' on group 'CoMRMS', skipping...
2022-10-17 23:27:34: Already run predictor 'KNNC' on group 'CoMRMS', skipping...
2022-10-17 23:27:34: Running predictor 'XGB' for group 'CoMRMS'.
2022-10-17 23:27:34: CV num 1:
Error : At least one of the class levels is not a valid R variable name; This will cause errors when class probabilities are generated because the variables names will be converted to  FALSE., TRUE. . Please use factor levels that can be used as valid R variable names  (see ?make.names for help).
2022-10-17 23:27:34: ## Ran group 'CoMRMS' in 0.00 minutes.

2022-10-17 23:27:34: ###### Treating group of Categories: CoPaTr
2022-10-17 23:27:34: Selected columns:
Core.AgeAtExam, Core.EDSS, Core.DiseaseDuration, Core.DiseaseCourse, Core.MSSS, Patient.AgeOfOnset, Patient.Gender, Treatments.nDMT, Treatments.hasIM, Treatments.hasIS, Treatments.hasMA, Treatments.DMTcategory
2022-10-17 23:27:34: Already run predictor 'GLM' on group 'CoPaTr', skipping...
2022-10-17 23:27:34: Already run predictor 'RF' on group 'CoPaTr', skipping...
2022-10-17 23:27:34: Already run predictor 'RF2' on group 'CoPaTr', skipping...
2022-10-17 23:27:34: Already run predictor 'RF3' on group 'CoPaTr', skipping...
2022-10-17 23:27:34: Already run predictor 'RFO' on group 'CoPaTr', skipping...
2022-10-17 23:27:34: Already run predictor 'RP' on group 'CoPaTr', skipping...
2022-10-17 23:27:34: Already run predictor 'SVM' on group 'CoPaTr', skipping...
2022-10-17 23:27:34: Already run predictor 'NB' on group 'CoPaTr', skipping...
2022-10-17 23:27:34: Already run predictor 'KNN' on group 'CoPaTr', skipping...
2022-10-17 23:27:34: Already run predictor 'KNNC' on group 'CoPaTr', skipping...
2022-10-17 23:27:34: Running predictor 'XGB' for group 'CoPaTr'.
2022-10-17 23:27:34: CV num 1:
Error : At least one of the class levels is not a valid R variable name; This will cause errors when class probabilities are generated because the variables names will be converted to  FALSE., TRUE. . Please use factor levels that can be used as valid R variable names  (see ?make.names for help).
2022-10-17 23:27:34: ## Ran group 'CoPaTr' in 0.00 minutes.

2022-10-17 23:27:34: ###### Treating group of Categories: FSPa
2022-10-17 23:27:34: Selected columns:
FSSs.Visual, FSSs.Brainstem, FSSs.Pyramidal, FSSs.Cerebellar, FSSs.Sensory, FSSs.Bowel, FSSs.Mental, Patient.AgeOfOnset, Patient.Gender
2022-10-17 23:27:34: Already run predictor 'GLM' on group 'FSPa', skipping...
2022-10-17 23:27:34: Already run predictor 'RF' on group 'FSPa', skipping...
2022-10-17 23:27:34: Already run predictor 'RF2' on group 'FSPa', skipping...
2022-10-17 23:27:34: Already run predictor 'RF3' on group 'FSPa', skipping...
2022-10-17 23:27:34: Already run predictor 'RFO' on group 'FSPa', skipping...
2022-10-17 23:27:34: Already run predictor 'RP' on group 'FSPa', skipping...
2022-10-17 23:27:34: Already run predictor 'SVM' on group 'FSPa', skipping...
2022-10-17 23:27:34: Already run predictor 'NB' on group 'FSPa', skipping...
2022-10-17 23:27:34: Already run predictor 'KNN' on group 'FSPa', skipping...
2022-10-17 23:27:34: Already run predictor 'KNNC' on group 'FSPa', skipping...
2022-10-17 23:27:34: Running predictor 'XGB' for group 'FSPa'.
2022-10-17 23:27:34: CV num 1:
Warning: closing unused connection 11 (RunData/Subj-3-2-1914_2022-08-22_10-53/logs/run_2022-10-17_23-27_7760.log)
Warning: closing unused connection 9 (RunData/Subj-3-2-1914_2022-08-22_10-53/logs/run_2022-10-17_23-27_7760.log)
Warning: closing unused connection 7 (RunData/Subj-3-2-1914_2022-08-22_10-53/logs/run_2022-10-17_23-27_7760.log)
Error : At least one of the class levels is not a valid R variable name; This will cause errors when class probabilities are generated because the variables names will be converted to  FALSE., TRUE. . Please use factor levels that can be used as valid R variable names  (see ?make.names for help).
2022-10-17 23:27:34: ## Ran group 'FSPa' in 0.00 minutes.

2022-10-17 23:27:34: ###### Treating group of Categories: LiQO
2022-10-17 23:27:34: Selected columns:
Life.CaffeineFreq, Life.MemoryConcerns, Life.Smoking, QOL.LackFocus, QOL.LackEnergy, QOL.PsychoDown, QOL.RelativePain, QOL.NotEnjoyLife
2022-10-17 23:27:34: Already run predictor 'GLM' on group 'LiQO', skipping...
2022-10-17 23:27:34: Already run predictor 'RF' on group 'LiQO', skipping...
2022-10-17 23:27:34: Already run predictor 'RF2' on group 'LiQO', skipping...
2022-10-17 23:27:34: Already run predictor 'RF3' on group 'LiQO', skipping...
2022-10-17 23:27:34: Already run predictor 'RFO' on group 'LiQO', skipping...
2022-10-17 23:27:34: Already run predictor 'RP' on group 'LiQO', skipping...
2022-10-17 23:27:34: Already run predictor 'SVM' on group 'LiQO', skipping...
2022-10-17 23:27:34: Already run predictor 'NB' on group 'LiQO', skipping...
2022-10-17 23:27:34: Already run predictor 'KNN' on group 'LiQO', skipping...
2022-10-17 23:27:34: Already run predictor 'KNNC' on group 'LiQO', skipping...
2022-10-17 23:27:34: Running predictor 'XGB' for group 'LiQO'.
2022-10-17 23:27:34: CV num 1:
Error : At least one of the class levels is not a valid R variable name; This will cause errors when class probabilities are generated because the variables names will be converted to  FALSE., TRUE. . Please use factor levels that can be used as valid R variable names  (see ?make.names for help).
2022-10-17 23:27:34: ## Ran group 'LiQO' in 0.00 minutes.

2022-10-17 23:27:34: ###### Treating group of Categories: MSTr
2022-10-17 23:27:34: Selected columns:
MSFC.T25FW, MSFC.NHPT, Treatments.nDMT, Treatments.hasIM, Treatments.hasIS, Treatments.hasMA, Treatments.DMTcategory
2022-10-17 23:27:34: Already run predictor 'GLM' on group 'MSTr', skipping...
2022-10-17 23:27:34: Already run predictor 'RF' on group 'MSTr', skipping...
2022-10-17 23:27:34: Already run predictor 'RF2' on group 'MSTr', skipping...
2022-10-17 23:27:34: Already run predictor 'RF3' on group 'MSTr', skipping...
2022-10-17 23:27:34: Already run predictor 'RFO' on group 'MSTr', skipping...
2022-10-17 23:27:34: Already run predictor 'RP' on group 'MSTr', skipping...
2022-10-17 23:27:34: Already run predictor 'SVM' on group 'MSTr', skipping...
2022-10-17 23:27:34: Already run predictor 'NB' on group 'MSTr', skipping...
2022-10-17 23:27:34: Already run predictor 'KNN' on group 'MSTr', skipping...
2022-10-17 23:27:34: Already run predictor 'KNNC' on group 'MSTr', skipping...
2022-10-17 23:27:34: Running predictor 'XGB' for group 'MSTr'.
2022-10-17 23:27:34: CV num 1:
Error : At least one of the class levels is not a valid R variable name; This will cause errors when class probabilities are generated because the variables names will be converted to  FALSE., TRUE. . Please use factor levels that can be used as valid R variable names  (see ?make.names for help).
2022-10-17 23:27:34: ## Ran group 'MSTr' in 0.00 minutes.

