2022-09-05 16:06:34: ###### Treating group of Categories: ClPa
2022-09-05 16:06:34: Selected columns:
Clinical.ATM, Clinical.OpticNeuritis, Clinical.INO, Clinical.MotorWeakness, Clinical.SensoryDisturbance, Clinical.Ataxia, Clinical.BladderDisturbance, Clinical.BowelDisturbance, Clinical.Myelopathy, Clinical.CogDisturbance, Clinical.VisualLoss, Patient.AgeOfOnset, Patient.Gender
2022-09-05 16:06:34: Already run predictor 'GLM' on group 'ClPa', skipping...
2022-09-05 16:06:34: Already run predictor 'RF' on group 'ClPa', skipping...
2022-09-05 16:06:34: Already run predictor 'RF2' on group 'ClPa', skipping...
2022-09-05 16:06:34: Already run predictor 'RF3' on group 'ClPa', skipping...
2022-09-05 16:06:34: Already run predictor 'RFO' on group 'ClPa', skipping...
2022-09-05 16:06:34: Already run predictor 'RP' on group 'ClPa', skipping...
2022-09-05 16:06:34: Already run predictor 'SVM' on group 'ClPa', skipping...
2022-09-05 16:06:34: Already run predictor 'NB' on group 'ClPa', skipping...
2022-09-05 16:06:34: Already run predictor 'KNN' on group 'ClPa', skipping...
2022-09-05 16:06:34: Already run predictor 'KNNC' on group 'ClPa', skipping...
2022-09-05 16:06:34: ## Ran group 'ClPa' in 0.00 minutes.

2022-09-05 16:06:34: ###### Treating group of Categories: Co
2022-09-05 16:06:34: Selected columns:
Core.AgeAtExam, Core.EDSS, Core.DiseaseDuration, Core.DiseaseCourse, Core.MSSS
2022-09-05 16:06:34: Already run predictor 'GLM' on group 'Co', skipping...
2022-09-05 16:06:34: Already run predictor 'RF' on group 'Co', skipping...
2022-09-05 16:06:34: Already run predictor 'RF2' on group 'Co', skipping...
2022-09-05 16:06:34: Already run predictor 'RF3' on group 'Co', skipping...
2022-09-05 16:06:34: Already run predictor 'RFO' on group 'Co', skipping...
2022-09-05 16:06:34: Already run predictor 'RP' on group 'Co', skipping...
2022-09-05 16:06:34: Already run predictor 'SVM' on group 'Co', skipping...
2022-09-05 16:06:34: Already run predictor 'NB' on group 'Co', skipping...
2022-09-05 16:06:34: Already run predictor 'KNN' on group 'Co', skipping...
2022-09-05 16:06:34: Already run predictor 'KNNC' on group 'Co', skipping...
2022-09-05 16:06:34: ## Ran group 'Co' in 0.00 minutes.

2022-09-05 16:06:34: ###### Treating group of Categories: CoFSLi
2022-09-05 16:06:34: Selected columns:
Core.AgeAtExam, Core.EDSS, Core.DiseaseDuration, Core.DiseaseCourse, Core.MSSS, FSSs.Visual, FSSs.Brainstem, FSSs.Pyramidal, FSSs.Cerebellar, FSSs.Sensory, FSSs.Bowel, FSSs.Mental, Life.CaffeineFreq, Life.MemoryConcerns, Life.Smoking
2022-09-05 16:06:34: Already run predictor 'GLM' on group 'CoFSLi', skipping...
2022-09-05 16:06:34: Already run predictor 'RF' on group 'CoFSLi', skipping...
2022-09-05 16:06:34: Already run predictor 'RF2' on group 'CoFSLi', skipping...
2022-09-05 16:06:34: Already run predictor 'RF3' on group 'CoFSLi', skipping...
2022-09-05 16:06:34: Already run predictor 'RFO' on group 'CoFSLi', skipping...
2022-09-05 16:06:34: Already run predictor 'RP' on group 'CoFSLi', skipping...
2022-09-05 16:06:34: Already run predictor 'SVM' on group 'CoFSLi', skipping...
2022-09-05 16:06:34: Already run predictor 'NB' on group 'CoFSLi', skipping...
2022-09-05 16:06:34: Already run predictor 'KNN' on group 'CoFSLi', skipping...
2022-09-05 16:06:34: Already run predictor 'KNNC' on group 'CoFSLi', skipping...
2022-09-05 16:06:34: ## Ran group 'CoFSLi' in 0.00 minutes.

2022-09-05 16:06:34: ###### Treating group of Categories: CoLiPa
2022-09-05 16:06:34: Selected columns:
Core.AgeAtExam, Core.EDSS, Core.DiseaseDuration, Core.DiseaseCourse, Core.MSSS, Life.CaffeineFreq, Life.MemoryConcerns, Life.Smoking, Patient.AgeOfOnset, Patient.Gender
2022-09-05 16:06:34: Already run predictor 'GLM' on group 'CoLiPa', skipping...
2022-09-05 16:06:34: Already run predictor 'RF' on group 'CoLiPa', skipping...
2022-09-05 16:06:34: Already run predictor 'RF2' on group 'CoLiPa', skipping...
2022-09-05 16:06:34: Already run predictor 'RF3' on group 'CoLiPa', skipping...
2022-09-05 16:06:34: Already run predictor 'RFO' on group 'CoLiPa', skipping...
2022-09-05 16:06:34: Already run predictor 'RP' on group 'CoLiPa', skipping...
2022-09-05 16:06:35: Already run predictor 'SVM' on group 'CoLiPa', skipping...
2022-09-05 16:06:35: Already run predictor 'NB' on group 'CoLiPa', skipping...
2022-09-05 16:06:35: Already run predictor 'KNN' on group 'CoLiPa', skipping...
2022-09-05 16:06:35: Already run predictor 'KNNC' on group 'CoLiPa', skipping...
2022-09-05 16:06:35: ## Ran group 'CoLiPa' in 0.00 minutes.

2022-09-05 16:06:35: ###### Treating group of Categories: CoMRTr
2022-09-05 16:06:35: Selected columns:
Core.AgeAtExam, Core.EDSS, Core.DiseaseDuration, Core.DiseaseCourse, Core.MSSS, MRI.CE_Lesion, MRI.GM_Volume, MRI.Siena_PBVC, Treatments.nDMT, Treatments.hasIM, Treatments.hasIS, Treatments.hasMA, Treatments.DMTcategory
2022-09-05 16:06:35: Running predictor 'GLM' for group 'CoMRTr'.
2022-09-05 16:06:35: CV num 1:
Loading required package: Matrix
Loading required package: foreach
Loaded glmnet 2.0-5

2022-09-05 16:06:44: CV num 2:
2022-09-05 16:06:49: Ran predictor 'GLM' for group 'CoMRTr' in 0.23 minutes.
2022-09-05 16:06:49: Running predictor 'RF' for group 'CoMRTr'.
2022-09-05 16:06:49: CV num 1:
randomForest 4.6-12
Type rfNews() to see new features/changes/bug fixes.

Attaching package: ‘randomForest’

The following object is masked from ‘package:dplyr’:

    combine

Warning in randomForest.default(Xtrain, Ytrain, Xtest) :
  The response has five or fewer unique values.  Are you sure you want to do regression?
Warning in randomForest.default(Xtrain, Ytrain, Xtest) :
  The response has five or fewer unique values.  Are you sure you want to do regression?
Warning in randomForest.default(Xtrain, Ytrain, Xtest) :
  The response has five or fewer unique values.  Are you sure you want to do regression?
2022-09-05 16:07:01: CV num 2:
Warning in randomForest.default(Xtrain, Ytrain, Xtest) :
  The response has five or fewer unique values.  Are you sure you want to do regression?
Warning in randomForest.default(Xtrain, Ytrain, Xtest) :
  The response has five or fewer unique values.  Are you sure you want to do regression?
Warning in randomForest.default(Xtrain, Ytrain, Xtest) :
  The response has five or fewer unique values.  Are you sure you want to do regression?
2022-09-05 16:07:16: Ran predictor 'RF' for group 'CoMRTr' in 0.47 minutes.
2022-09-05 16:07:16: Running predictor 'RF2' for group 'CoMRTr'.
2022-09-05 16:07:16: CV num 1:
Warning in randomForest.default(Xtrain, Ytrain, Xtest, mtry = floor(sqrt(ncol(Xtest)))) :
  The response has five or fewer unique values.  Are you sure you want to do regression?
Warning in randomForest.default(Xtrain, Ytrain, Xtest, mtry = floor(sqrt(ncol(Xtest)))) :
  The response has five or fewer unique values.  Are you sure you want to do regression?
Warning in randomForest.default(Xtrain, Ytrain, Xtest, mtry = floor(sqrt(ncol(Xtest)))) :
  The response has five or fewer unique values.  Are you sure you want to do regression?
2022-09-05 16:07:27: CV num 2:
Warning in randomForest.default(Xtrain, Ytrain, Xtest, mtry = floor(sqrt(ncol(Xtest)))) :
  The response has five or fewer unique values.  Are you sure you want to do regression?
Warning in randomForest.default(Xtrain, Ytrain, Xtest, mtry = floor(sqrt(ncol(Xtest)))) :
  The response has five or fewer unique values.  Are you sure you want to do regression?
Warning in randomForest.default(Xtrain, Ytrain, Xtest, mtry = floor(sqrt(ncol(Xtest)))) :
  The response has five or fewer unique values.  Are you sure you want to do regression?
2022-09-05 16:07:38: Ran predictor 'RF2' for group 'CoMRTr' in 0.36 minutes.
2022-09-05 16:07:38: Running predictor 'RF3' for group 'CoMRTr'.
2022-09-05 16:07:38: CV num 1:
2022-09-05 16:07:44: CV num 2:
2022-09-05 16:07:51: Ran predictor 'RF3' for group 'CoMRTr' in 0.21 minutes.
2022-09-05 16:07:51: Running predictor 'RFO' for group 'CoMRTr'.
2022-09-05 16:07:51: CV num 1:
2022-09-05 16:08:27: RFO for groups Core - MRI - Treatments             ( 13 features) -> best mtry:  2 [perf: 0.678]
2022-09-05 16:09:05: RFO for groups Core - MRI - Treatments             ( 13 features) -> best mtry:  2 [perf: 0.689]
2022-09-05 16:09:36: RFO for groups Core - MRI - Treatments             ( 13 features) -> best mtry:  2 [perf: 0.665]
2022-09-05 16:09:36: CV num 2:
2022-09-05 16:10:06: RFO for groups Core - MRI - Treatments             ( 13 features) -> best mtry:  2 [perf: 0.662]
2022-09-05 16:10:34: RFO for groups Core - MRI - Treatments             ( 13 features) -> best mtry:  2 [perf: 0.677]
2022-09-05 16:11:06: RFO for groups Core - MRI - Treatments             ( 13 features) -> best mtry:  2 [perf: 0.687]
2022-09-05 16:11:06: Ran predictor 'RFO' for group 'CoMRTr' in 3.26 minutes.
2022-09-05 16:11:06: Running predictor 'RP' for group 'CoMRTr'.
2022-09-05 16:11:06: CV num 1:
2022-09-05 16:11:28: RPart for groups Core - MRI - Treatments             ( 13 features) -> best min split: 90 / best cp: 0.005  [perf: 0.692]
2022-09-05 16:11:51: RPart for groups Core - MRI - Treatments             ( 13 features) -> best min split: 30 / best cp: 0.005  [perf: 0.674]
2022-09-05 16:12:14: RPart for groups Core - MRI - Treatments             ( 13 features) -> best min split: 90 / best cp: 0.002  [perf: 0.649]
2022-09-05 16:12:14: CV num 2:
2022-09-05 16:12:39: RPart for groups Core - MRI - Treatments             ( 13 features) -> best min split: 20 / best cp: 0.005  [perf: 0.646]
2022-09-05 16:13:02: RPart for groups Core - MRI - Treatments             ( 13 features) -> best min split: 100 / best cp: 0.005  [perf: 0.656]
2022-09-05 16:13:23: RPart for groups Core - MRI - Treatments             ( 13 features) -> best min split: 100 / best cp: 0.0001 [perf: 0.679]
2022-09-05 16:13:23: Ran predictor 'RP' for group 'CoMRTr' in 2.28 minutes.
2022-09-05 16:13:23: Running predictor 'SVM' for group 'CoMRTr'.
2022-09-05 16:13:23: CV num 1:
2022-09-05 16:17:27: SVM for groups Core - MRI - Treatments             ( 13 features) -> best gamma:  0.000977 / best cost:      1 [perf: 0.699]
2022-09-05 19:13:41: SVM for groups Core - MRI - Treatments             ( 13 features) -> best gamma:   0.00391 / best cost:     10 [perf: 0.688]
2022-09-05 19:56:47: SVM for groups Core - MRI - Treatments             ( 13 features) -> best gamma:   0.00391 / best cost:    0.1 [perf: 0.660]
2022-09-05 19:56:47: CV num 2:
2022-09-05 20:00:22: SVM for groups Core - MRI - Treatments             ( 13 features) -> best gamma:    0.0312 / best cost:    0.1 [perf: 0.663]
2022-09-05 20:03:47: SVM for groups Core - MRI - Treatments             ( 13 features) -> best gamma:   0.00391 / best cost:   31.6 [perf: 0.679]
2022-09-05 21:06:24: SVM for groups Core - MRI - Treatments             ( 13 features) -> best gamma:   0.00781 / best cost:      1 [perf: 0.701]
2022-09-05 21:06:25: Ran predictor 'SVM' for group 'CoMRTr' in 293.03 minutes.
2022-09-05 21:06:25: Already run predictor 'NB' on group 'CoMRTr', skipping...
2022-09-05 21:06:25: Running predictor 'KNN' for group 'CoMRTr'.
2022-09-05 21:06:25: CV num 1:
2022-09-05 21:06:46: KNN for groups Core - MRI - Treatments             ( 13 features) ->  best k: 200 / kernel: optimal    [perf: 0.679]
2022-09-05 21:11:52: KNN for groups Core - MRI - Treatments             ( 13 features) ->  best k: 140 / kernel: optimal    [perf: 0.663]
2022-09-05 21:11:54: KNN for groups Core - MRI - Treatments             ( 13 features) ->  best k: 190 / kernel: optimal    [perf: 0.644]
2022-09-05 21:11:55: CV num 2:
2022-09-05 21:11:57: KNN for groups Core - MRI - Treatments             ( 13 features) ->  best k: 200 / kernel: optimal    [perf: 0.650]
2022-09-05 21:11:59: KNN for groups Core - MRI - Treatments             ( 13 features) ->  best k: 170 / kernel: optimal    [perf: 0.657]
2022-09-05 21:12:03: KNN for groups Core - MRI - Treatments             ( 13 features) ->  best k: 200 / kernel: optimal    [perf: 0.689]
2022-09-05 21:12:05: Ran predictor 'KNN' for group 'CoMRTr' in 5.67 minutes.
2022-09-05 21:12:05: Running predictor 'KNNC' for group 'CoMRTr'.
2022-09-05 21:12:05: CV num 1:
2022-09-05 21:12:21: KNNC for groups Core - MRI - Treatments             ( 13 features) ->  best k: 40 / kernel: optimal
2022-09-05 21:12:34: KNNC for groups Core - MRI - Treatments             ( 13 features) ->  best k: 80 / kernel: optimal
2022-09-05 21:18:09: KNNC for groups Core - MRI - Treatments             ( 13 features) ->  best k: 50 / kernel: optimal
2022-09-05 21:18:10: CV num 2:
2022-09-05 21:18:33: KNNC for groups Core - MRI - Treatments             ( 13 features) ->  best k: 40 / kernel: optimal
2022-09-05 21:18:49: KNNC for groups Core - MRI - Treatments             ( 13 features) ->  best k: 40 / kernel: optimal
2022-09-05 21:19:06: KNNC for groups Core - MRI - Treatments             ( 13 features) ->  best k: 120 / kernel: optimal
2022-09-05 21:19:08: Ran predictor 'KNNC' for group 'CoMRTr' in 7.05 minutes.
2022-09-05 21:19:08: ## Ran group 'CoMRTr' in 312.55 minutes.

2022-09-05 21:19:10: ###### Treating group of Categories: QO
2022-09-05 21:19:10: Selected columns:
QOL.LackFocus, QOL.LackEnergy, QOL.PsychoDown, QOL.RelativePain, QOL.NotEnjoyLife
2022-09-05 21:19:10: Already run predictor 'GLM' on group 'QO', skipping...
2022-09-05 21:19:10: Already run predictor 'RF' on group 'QO', skipping...
2022-09-05 21:19:10: Already run predictor 'RF2' on group 'QO', skipping...
2022-09-05 21:19:10: Already run predictor 'RF3' on group 'QO', skipping...
2022-09-05 21:19:10: Already run predictor 'RFO' on group 'QO', skipping...
2022-09-05 21:19:10: Already run predictor 'RP' on group 'QO', skipping...
2022-09-05 21:19:10: Already run predictor 'SVM' on group 'QO', skipping...
2022-09-05 21:19:10: Already run predictor 'NB' on group 'QO', skipping...
2022-09-05 21:19:10: Already run predictor 'KNN' on group 'QO', skipping...
2022-09-05 21:19:10: Already run predictor 'KNNC' on group 'QO', skipping...
2022-09-05 21:19:10: ## Ran group 'QO' in 0.00 minutes.

2022-09-05 21:19:10: ###### Treating group of Categories: QOTr
2022-09-05 21:19:10: Selected columns:
QOL.LackFocus, QOL.LackEnergy, QOL.PsychoDown, QOL.RelativePain, QOL.NotEnjoyLife, Treatments.nDMT, Treatments.hasIM, Treatments.hasIS, Treatments.hasMA, Treatments.DMTcategory
2022-09-05 21:19:10: Running predictor 'GLM' for group 'QOTr'.
2022-09-05 21:19:10: CV num 1:
2022-09-05 21:19:27: CV num 2:
2022-09-05 21:19:41: Ran predictor 'GLM' for group 'QOTr' in 0.51 minutes.
2022-09-05 21:19:41: Running predictor 'RF' for group 'QOTr'.
2022-09-05 21:19:41: CV num 1:
Warning in randomForest.default(Xtrain, Ytrain, Xtest) :
  The response has five or fewer unique values.  Are you sure you want to do regression?
Warning in randomForest.default(Xtrain, Ytrain, Xtest) :
  The response has five or fewer unique values.  Are you sure you want to do regression?
Warning in randomForest.default(Xtrain, Ytrain, Xtest) :
  The response has five or fewer unique values.  Are you sure you want to do regression?
2022-09-05 21:20:33: CV num 2:
Warning in randomForest.default(Xtrain, Ytrain, Xtest) :
  The response has five or fewer unique values.  Are you sure you want to do regression?
Warning in randomForest.default(Xtrain, Ytrain, Xtest) :
  The response has five or fewer unique values.  Are you sure you want to do regression?
Warning in randomForest.default(Xtrain, Ytrain, Xtest) :
  The response has five or fewer unique values.  Are you sure you want to do regression?
2022-09-05 21:21:16: Ran predictor 'RF' for group 'QOTr' in 1.59 minutes.
2022-09-05 21:21:17: Running predictor 'RF2' for group 'QOTr'.
2022-09-05 21:21:17: CV num 1:
Warning in randomForest.default(Xtrain, Ytrain, Xtest, mtry = floor(sqrt(ncol(Xtest)))) :
  The response has five or fewer unique values.  Are you sure you want to do regression?
Warning in randomForest.default(Xtrain, Ytrain, Xtest, mtry = floor(sqrt(ncol(Xtest)))) :
  The response has five or fewer unique values.  Are you sure you want to do regression?
Warning in randomForest.default(Xtrain, Ytrain, Xtest, mtry = floor(sqrt(ncol(Xtest)))) :
  The response has five or fewer unique values.  Are you sure you want to do regression?
2022-09-05 21:21:49: CV num 2:
Warning in randomForest.default(Xtrain, Ytrain, Xtest, mtry = floor(sqrt(ncol(Xtest)))) :
  The response has five or fewer unique values.  Are you sure you want to do regression?
Warning in randomForest.default(Xtrain, Ytrain, Xtest, mtry = floor(sqrt(ncol(Xtest)))) :
  The response has five or fewer unique values.  Are you sure you want to do regression?
Warning in randomForest.default(Xtrain, Ytrain, Xtest, mtry = floor(sqrt(ncol(Xtest)))) :
  The response has five or fewer unique values.  Are you sure you want to do regression?
2022-09-05 21:21:59: Ran predictor 'RF2' for group 'QOTr' in 0.70 minutes.
2022-09-05 21:21:59: Running predictor 'RF3' for group 'QOTr'.
2022-09-05 21:21:59: CV num 1:
2022-09-05 21:22:03: CV num 2:
2022-09-05 21:22:08: Ran predictor 'RF3' for group 'QOTr' in 0.16 minutes.
2022-09-05 21:22:08: Running predictor 'RFO' for group 'QOTr'.
2022-09-05 21:22:08: CV num 1:
2022-09-05 21:22:36: RFO for groups QOL - Treatments                    ( 10 features) -> best mtry:  5 [perf: 0.512]
2022-09-05 21:23:04: RFO for groups QOL - Treatments                    ( 10 features) -> best mtry:  5 [perf: 0.528]
2022-09-05 21:23:31: RFO for groups QOL - Treatments                    ( 10 features) -> best mtry:  3 [perf: 0.502]
2022-09-05 21:23:31: CV num 2:
2022-09-05 21:23:58: RFO for groups QOL - Treatments                    ( 10 features) -> best mtry:  3 [perf: 0.547]
2022-09-05 21:24:25: RFO for groups QOL - Treatments                    ( 10 features) -> best mtry:  3 [perf: 0.475]
2022-09-05 21:24:48: RFO for groups QOL - Treatments                    ( 10 features) -> best mtry:  5 [perf: 0.491]
2022-09-05 21:24:49: Ran predictor 'RFO' for group 'QOTr' in 2.67 minutes.
2022-09-05 21:24:49: Running predictor 'RP' for group 'QOTr'.
2022-09-05 21:24:49: CV num 1:
2022-09-05 21:25:02: RPart for groups QOL - Treatments                    ( 10 features) -> best min split: 80 / best cp: 0.0001 [perf: 0.532]
2022-09-05 21:25:17: RPart for groups QOL - Treatments                    ( 10 features) -> best min split: 100 / best cp: 0.005  [perf: 0.513]
2022-09-05 21:25:30: RPart for groups QOL - Treatments                    ( 10 features) -> best min split: 20 / best cp: 0.01   [perf: 0.500]
2022-09-05 21:25:30: CV num 2:
2022-09-05 21:25:44: RPart for groups QOL - Treatments                    ( 10 features) -> best min split: 110 / best cp: 0.002  [perf: 0.534]
2022-09-05 21:25:56: RPart for groups QOL - Treatments                    ( 10 features) -> best min split: 60 / best cp: 0.005  [perf: 0.503]
2022-09-05 21:26:08: RPart for groups QOL - Treatments                    ( 10 features) -> best min split: 60 / best cp: 0.002  [perf: 0.502]
2022-09-05 21:26:08: Ran predictor 'RP' for group 'QOTr' in 1.32 minutes.
2022-09-05 21:26:08: Running predictor 'SVM' for group 'QOTr'.
2022-09-05 21:26:08: CV num 1:
2022-09-05 21:29:14: SVM for groups QOL - Treatments                    ( 10 features) -> best gamma:    0.0156 / best cost:  0.316 [perf: 0.554]
2022-09-05 21:33:33: SVM for groups QOL - Treatments                    ( 10 features) -> best gamma:   0.00195 / best cost:  0.316 [perf: 0.548]
2022-09-05 21:36:12: SVM for groups QOL - Treatments                    ( 10 features) -> best gamma:      0.25 / best cost:   31.6 [perf: 0.541]
2022-09-05 21:36:12: CV num 2:
2022-09-05 21:38:33: SVM for groups QOL - Treatments                    ( 10 features) -> best gamma:   0.00391 / best cost:      1 [perf: 0.538]
2022-09-05 21:40:29: SVM for groups QOL - Treatments                    ( 10 features) -> best gamma:  0.000977 / best cost:   3.16 [perf: 0.540]
2022-09-05 21:43:15: SVM for groups QOL - Treatments                    ( 10 features) -> best gamma:   0.00781 / best cost:      1 [perf: 0.543]
2022-09-05 21:43:15: Ran predictor 'SVM' for group 'QOTr' in 17.13 minutes.
2022-09-05 21:43:15: Already run predictor 'NB' on group 'QOTr', skipping...
2022-09-05 21:43:16: Running predictor 'KNN' for group 'QOTr'.
2022-09-05 21:43:16: CV num 1:
2022-09-05 21:43:18: KNN for groups QOL - Treatments                    ( 10 features) ->  best k: 20  / kernel: optimal    [perf: 0.523]
2022-09-05 21:43:19: KNN for groups QOL - Treatments                    ( 10 features) ->  best k: 18  / kernel: optimal    [perf: 0.495]
2022-09-05 21:43:20: KNN for groups QOL - Treatments                    ( 10 features) ->  best k: 6   / kernel: optimal    [perf: 0.498]
2022-09-05 21:43:20: CV num 2:
2022-09-05 21:43:21: KNN for groups QOL - Treatments                    ( 10 features) ->  best k: 50  / kernel: optimal    [perf: 0.537]
2022-09-05 21:43:22: KNN for groups QOL - Treatments                    ( 10 features) ->  best k: 200 / kernel: optimal    [perf: 0.472]
2022-09-05 21:43:23: KNN for groups QOL - Treatments                    ( 10 features) ->  best k: 6   / kernel: optimal    [perf: 0.509]
2022-09-05 21:43:23: Ran predictor 'KNN' for group 'QOTr' in 0.12 minutes.
2022-09-05 21:43:23: Running predictor 'KNNC' for group 'QOTr'.
2022-09-05 21:43:23: CV num 1:
2022-09-05 21:43:24: KNNC for groups QOL - Treatments                    ( 10 features) ->  best k: 120 / kernel: optimal
2022-09-05 21:43:26: KNNC for groups QOL - Treatments                    ( 10 features) ->  best k: 80 / kernel: optimal
2022-09-05 21:43:27: KNNC for groups QOL - Treatments                    ( 10 features) ->  best k: 90 / kernel: optimal
2022-09-05 21:43:28: CV num 2:
2022-09-05 21:43:29: KNNC for groups QOL - Treatments                    ( 10 features) ->  best k: 130 / kernel: optimal
2022-09-05 21:43:31: KNNC for groups QOL - Treatments                    ( 10 features) ->  best k: 90 / kernel: optimal
2022-09-05 21:43:32: KNNC for groups QOL - Treatments                    ( 10 features) ->  best k: 100 / kernel: optimal
2022-09-05 21:43:33: Ran predictor 'KNNC' for group 'QOTr' in 0.16 minutes.
2022-09-05 21:43:33: ## Ran group 'QOTr' in 24.37 minutes.

