2022-10-17 23:27:29: ###### Treating group of Categories: ClLi
2022-10-17 23:27:29: Selected columns:
Clinical.ATM, Clinical.OpticNeuritis, Clinical.INO, Clinical.MotorWeakness, Clinical.SensoryDisturbance, Clinical.Ataxia, Clinical.BladderDisturbance, Clinical.BowelDisturbance, Clinical.Myelopathy, Clinical.CogDisturbance, Clinical.VisualLoss, Life.CaffeineFreq, Life.MemoryConcerns, Life.Smoking
2022-10-17 23:27:29: Already run predictor 'GLM' on group 'ClLi', skipping...
2022-10-17 23:27:29: Already run predictor 'RF' on group 'ClLi', skipping...
2022-10-17 23:27:29: Already run predictor 'RF2' on group 'ClLi', skipping...
2022-10-17 23:27:29: Already run predictor 'RF3' on group 'ClLi', skipping...
2022-10-17 23:27:29: Already run predictor 'RFO' on group 'ClLi', skipping...
2022-10-17 23:27:29: Already run predictor 'RP' on group 'ClLi', skipping...
2022-10-17 23:27:29: Already run predictor 'SVM' on group 'ClLi', skipping...
2022-10-17 23:27:29: Already run predictor 'NB' on group 'ClLi', skipping...
2022-10-17 23:27:29: Already run predictor 'KNN' on group 'ClLi', skipping...
2022-10-17 23:27:29: Already run predictor 'KNNC' on group 'ClLi', skipping...
2022-10-17 23:27:29: Running predictor 'XGB' for group 'ClLi'.
2022-10-17 23:27:29: CV num 1:
Loading required package: xgboost

Attaching package: ‘xgboost’

The following object is masked from ‘package:dplyr’:

    slice

Loading required package: plyr
------------------------------------------------------------------------------
You have loaded plyr after dplyr - this is likely to cause problems.
If you need functions from both plyr and dplyr, please load plyr first, then dplyr:
library(plyr); library(dplyr)
------------------------------------------------------------------------------

Attaching package: ‘plyr’

The following objects are masked from ‘package:dplyr’:

    arrange, count, desc, failwith, id, mutate, rename, summarise,
    summarize

Error : At least one of the class levels is not a valid R variable name; This will cause errors when class probabilities are generated because the variables names will be converted to  FALSE., TRUE. . Please use factor levels that can be used as valid R variable names  (see ?make.names for help).
2022-10-17 23:27:33: ## Ran group 'ClLi' in 0.07 minutes.

2022-10-17 23:27:33: ###### Treating group of Categories: ClCoLi
2022-10-17 23:27:33: Selected columns:
Clinical.ATM, Clinical.OpticNeuritis, Clinical.INO, Clinical.MotorWeakness, Clinical.SensoryDisturbance, Clinical.Ataxia, Clinical.BladderDisturbance, Clinical.BowelDisturbance, Clinical.Myelopathy, Clinical.CogDisturbance, Clinical.VisualLoss, Core.AgeAtExam, Core.EDSS, Core.DiseaseDuration, Core.DiseaseCourse, Core.MSSS, Life.CaffeineFreq, Life.MemoryConcerns, Life.Smoking
2022-10-17 23:27:33: Already run predictor 'GLM' on group 'ClCoLi', skipping...
2022-10-17 23:27:33: Already run predictor 'RF' on group 'ClCoLi', skipping...
2022-10-17 23:27:33: Already run predictor 'RF2' on group 'ClCoLi', skipping...
2022-10-17 23:27:33: Already run predictor 'RF3' on group 'ClCoLi', skipping...
2022-10-17 23:27:33: Already run predictor 'RFO' on group 'ClCoLi', skipping...
2022-10-17 23:27:33: Already run predictor 'RP' on group 'ClCoLi', skipping...
2022-10-17 23:27:33: Already run predictor 'SVM' on group 'ClCoLi', skipping...
2022-10-17 23:27:33: Already run predictor 'NB' on group 'ClCoLi', skipping...
2022-10-17 23:27:33: Already run predictor 'KNN' on group 'ClCoLi', skipping...
2022-10-17 23:27:33: Already run predictor 'KNNC' on group 'ClCoLi', skipping...
2022-10-17 23:27:33: Running predictor 'XGB' for group 'ClCoLi'.
2022-10-17 23:27:33: CV num 1:
Error : At least one of the class levels is not a valid R variable name; This will cause errors when class probabilities are generated because the variables names will be converted to  FALSE., TRUE. . Please use factor levels that can be used as valid R variable names  (see ?make.names for help).
2022-10-17 23:27:33: ## Ran group 'ClCoLi' in 0.00 minutes.

2022-10-17 23:27:33: ###### Treating group of Categories: ClCoMR
2022-10-17 23:27:33: Selected columns:
Clinical.ATM, Clinical.OpticNeuritis, Clinical.INO, Clinical.MotorWeakness, Clinical.SensoryDisturbance, Clinical.Ataxia, Clinical.BladderDisturbance, Clinical.BowelDisturbance, Clinical.Myelopathy, Clinical.CogDisturbance, Clinical.VisualLoss, Core.AgeAtExam, Core.EDSS, Core.DiseaseDuration, Core.DiseaseCourse, Core.MSSS, MRI.CE_Lesion, MRI.GM_Volume, MRI.Siena_PBVC
2022-10-17 23:27:33: Already run predictor 'GLM' on group 'ClCoMR', skipping...
2022-10-17 23:27:33: Already run predictor 'RF' on group 'ClCoMR', skipping...
2022-10-17 23:27:33: Already run predictor 'RF2' on group 'ClCoMR', skipping...
2022-10-17 23:27:33: Already run predictor 'RF3' on group 'ClCoMR', skipping...
2022-10-17 23:27:33: Already run predictor 'RFO' on group 'ClCoMR', skipping...
2022-10-17 23:27:33: Already run predictor 'RP' on group 'ClCoMR', skipping...
2022-10-17 23:27:33: Already run predictor 'SVM' on group 'ClCoMR', skipping...
2022-10-17 23:27:33: Already run predictor 'NB' on group 'ClCoMR', skipping...
2022-10-17 23:27:33: Already run predictor 'KNN' on group 'ClCoMR', skipping...
2022-10-17 23:27:33: Already run predictor 'KNNC' on group 'ClCoMR', skipping...
2022-10-17 23:27:33: Running predictor 'XGB' for group 'ClCoMR'.
2022-10-17 23:27:33: CV num 1:
Error : At least one of the class levels is not a valid R variable name; This will cause errors when class probabilities are generated because the variables names will be converted to  FALSE., TRUE. . Please use factor levels that can be used as valid R variable names  (see ?make.names for help).
2022-10-17 23:27:33: ## Ran group 'ClCoMR' in 0.00 minutes.

2022-10-17 23:27:33: ###### Treating group of Categories: ClCoMS
2022-10-17 23:27:33: Selected columns:
Clinical.ATM, Clinical.OpticNeuritis, Clinical.INO, Clinical.MotorWeakness, Clinical.SensoryDisturbance, Clinical.Ataxia, Clinical.BladderDisturbance, Clinical.BowelDisturbance, Clinical.Myelopathy, Clinical.CogDisturbance, Clinical.VisualLoss, Core.AgeAtExam, Core.EDSS, Core.DiseaseDuration, Core.DiseaseCourse, Core.MSSS, MSFC.T25FW, MSFC.NHPT
2022-10-17 23:27:33: Already run predictor 'GLM' on group 'ClCoMS', skipping...
2022-10-17 23:27:33: Already run predictor 'RF' on group 'ClCoMS', skipping...
2022-10-17 23:27:33: Already run predictor 'RF2' on group 'ClCoMS', skipping...
2022-10-17 23:27:33: Already run predictor 'RF3' on group 'ClCoMS', skipping...
2022-10-17 23:27:33: Already run predictor 'RFO' on group 'ClCoMS', skipping...
2022-10-17 23:27:33: Already run predictor 'RP' on group 'ClCoMS', skipping...
2022-10-17 23:27:33: Already run predictor 'SVM' on group 'ClCoMS', skipping...
2022-10-17 23:27:33: Already run predictor 'NB' on group 'ClCoMS', skipping...
2022-10-17 23:27:33: Already run predictor 'KNN' on group 'ClCoMS', skipping...
2022-10-17 23:27:33: Already run predictor 'KNNC' on group 'ClCoMS', skipping...
2022-10-17 23:27:33: Running predictor 'XGB' for group 'ClCoMS'.
2022-10-17 23:27:33: CV num 1:
Error : At least one of the class levels is not a valid R variable name; This will cause errors when class probabilities are generated because the variables names will be converted to  FALSE., TRUE. . Please use factor levels that can be used as valid R variable names  (see ?make.names for help).
2022-10-17 23:27:33: ## Ran group 'ClCoMS' in 0.00 minutes.

2022-10-17 23:27:33: ###### Treating group of Categories: ClCoQO
2022-10-17 23:27:33: Selected columns:
Clinical.ATM, Clinical.OpticNeuritis, Clinical.INO, Clinical.MotorWeakness, Clinical.SensoryDisturbance, Clinical.Ataxia, Clinical.BladderDisturbance, Clinical.BowelDisturbance, Clinical.Myelopathy, Clinical.CogDisturbance, Clinical.VisualLoss, Core.AgeAtExam, Core.EDSS, Core.DiseaseDuration, Core.DiseaseCourse, Core.MSSS, QOL.LackFocus, QOL.LackEnergy, QOL.PsychoDown, QOL.RelativePain, QOL.NotEnjoyLife
2022-10-17 23:27:33: Already run predictor 'GLM' on group 'ClCoQO', skipping...
2022-10-17 23:27:33: Already run predictor 'RF' on group 'ClCoQO', skipping...
2022-10-17 23:27:33: Already run predictor 'RF2' on group 'ClCoQO', skipping...
2022-10-17 23:27:33: Already run predictor 'RF3' on group 'ClCoQO', skipping...
2022-10-17 23:27:33: Already run predictor 'RFO' on group 'ClCoQO', skipping...
2022-10-17 23:27:33: Already run predictor 'RP' on group 'ClCoQO', skipping...
2022-10-17 23:27:33: Already run predictor 'SVM' on group 'ClCoQO', skipping...
2022-10-17 23:27:33: Already run predictor 'NB' on group 'ClCoQO', skipping...
2022-10-17 23:27:33: Already run predictor 'KNN' on group 'ClCoQO', skipping...
2022-10-17 23:27:33: Already run predictor 'KNNC' on group 'ClCoQO', skipping...
2022-10-17 23:27:33: Running predictor 'XGB' for group 'ClCoQO'.
Warning: closing unused connection 11 (RunData/Subj-3-2-1914_2022-08-22_10-53/logs/run_2022-10-17_23-27_7773.log)
Warning: closing unused connection 9 (RunData/Subj-3-2-1914_2022-08-22_10-53/logs/run_2022-10-17_23-27_7773.log)
Warning: closing unused connection 7 (RunData/Subj-3-2-1914_2022-08-22_10-53/logs/run_2022-10-17_23-27_7773.log)
2022-10-17 23:27:33: CV num 1:
Error : At least one of the class levels is not a valid R variable name; This will cause errors when class probabilities are generated because the variables names will be converted to  FALSE., TRUE. . Please use factor levels that can be used as valid R variable names  (see ?make.names for help).
2022-10-17 23:27:33: ## Ran group 'ClCoQO' in 0.00 minutes.

2022-10-17 23:27:33: ###### Treating group of Categories: CoMR
2022-10-17 23:27:33: Selected columns:
Core.AgeAtExam, Core.EDSS, Core.DiseaseDuration, Core.DiseaseCourse, Core.MSSS, MRI.CE_Lesion, MRI.GM_Volume, MRI.Siena_PBVC
2022-10-17 23:27:33: Already run predictor 'GLM' on group 'CoMR', skipping...
2022-10-17 23:27:33: Already run predictor 'RF' on group 'CoMR', skipping...
2022-10-17 23:27:33: Already run predictor 'RF2' on group 'CoMR', skipping...
2022-10-17 23:27:33: Already run predictor 'RF3' on group 'CoMR', skipping...
2022-10-17 23:27:33: Already run predictor 'RFO' on group 'CoMR', skipping...
2022-10-17 23:27:33: Already run predictor 'RP' on group 'CoMR', skipping...
2022-10-17 23:27:33: Already run predictor 'SVM' on group 'CoMR', skipping...
2022-10-17 23:27:33: Already run predictor 'NB' on group 'CoMR', skipping...
2022-10-17 23:27:33: Already run predictor 'KNN' on group 'CoMR', skipping...
2022-10-17 23:27:33: Already run predictor 'KNNC' on group 'CoMR', skipping...
2022-10-17 23:27:33: Running predictor 'XGB' for group 'CoMR'.
2022-10-17 23:27:33: CV num 1:
Error : At least one of the class levels is not a valid R variable name; This will cause errors when class probabilities are generated because the variables names will be converted to  FALSE., TRUE. . Please use factor levels that can be used as valid R variable names  (see ?make.names for help).
2022-10-17 23:27:34: ## Ran group 'CoMR' in 0.00 minutes.

2022-10-17 23:27:34: ###### Treating group of Categories: CoFSPa
2022-10-17 23:27:34: Selected columns:
Core.AgeAtExam, Core.EDSS, Core.DiseaseDuration, Core.DiseaseCourse, Core.MSSS, FSSs.Visual, FSSs.Brainstem, FSSs.Pyramidal, FSSs.Cerebellar, FSSs.Sensory, FSSs.Bowel, FSSs.Mental, Patient.AgeOfOnset, Patient.Gender
2022-10-17 23:27:34: Already run predictor 'GLM' on group 'CoFSPa', skipping...
2022-10-17 23:27:34: Already run predictor 'RF' on group 'CoFSPa', skipping...
2022-10-17 23:27:34: Already run predictor 'RF2' on group 'CoFSPa', skipping...
2022-10-17 23:27:34: Already run predictor 'RF3' on group 'CoFSPa', skipping...
2022-10-17 23:27:34: Already run predictor 'RFO' on group 'CoFSPa', skipping...
2022-10-17 23:27:34: Already run predictor 'RP' on group 'CoFSPa', skipping...
2022-10-17 23:27:34: Already run predictor 'SVM' on group 'CoFSPa', skipping...
2022-10-17 23:27:34: Already run predictor 'NB' on group 'CoFSPa', skipping...
2022-10-17 23:27:34: Already run predictor 'KNN' on group 'CoFSPa', skipping...
2022-10-17 23:27:34: Already run predictor 'KNNC' on group 'CoFSPa', skipping...
2022-10-17 23:27:34: Running predictor 'XGB' for group 'CoFSPa'.
2022-10-17 23:27:34: CV num 1:
Error : At least one of the class levels is not a valid R variable name; This will cause errors when class probabilities are generated because the variables names will be converted to  FALSE., TRUE. . Please use factor levels that can be used as valid R variable names  (see ?make.names for help).
2022-10-17 23:27:34: ## Ran group 'CoFSPa' in 0.00 minutes.

2022-10-17 23:27:34: ###### Treating group of Categories: CoMRTr
2022-10-17 23:27:34: Selected columns:
Core.AgeAtExam, Core.EDSS, Core.DiseaseDuration, Core.DiseaseCourse, Core.MSSS, MRI.CE_Lesion, MRI.GM_Volume, MRI.Siena_PBVC, Treatments.nDMT, Treatments.hasIM, Treatments.hasIS, Treatments.hasMA, Treatments.DMTcategory
2022-10-17 23:27:34: Already run predictor 'GLM' on group 'CoMRTr', skipping...
2022-10-17 23:27:34: Already run predictor 'RF' on group 'CoMRTr', skipping...
2022-10-17 23:27:34: Already run predictor 'RF2' on group 'CoMRTr', skipping...
2022-10-17 23:27:34: Already run predictor 'RF3' on group 'CoMRTr', skipping...
2022-10-17 23:27:34: Already run predictor 'RFO' on group 'CoMRTr', skipping...
2022-10-17 23:27:34: Already run predictor 'RP' on group 'CoMRTr', skipping...
2022-10-17 23:27:34: Already run predictor 'SVM' on group 'CoMRTr', skipping...
2022-10-17 23:27:34: Already run predictor 'NB' on group 'CoMRTr', skipping...
2022-10-17 23:27:34: Already run predictor 'KNN' on group 'CoMRTr', skipping...
2022-10-17 23:27:34: Already run predictor 'KNNC' on group 'CoMRTr', skipping...
2022-10-17 23:27:34: Running predictor 'XGB' for group 'CoMRTr'.
2022-10-17 23:27:34: CV num 1:
Warning: closing unused connection 11 (RunData/Subj-3-2-1914_2022-08-22_10-53/logs/run_2022-10-17_23-27_7773.log)
Warning: closing unused connection 7 (RunData/Subj-3-2-1914_2022-08-22_10-53/logs/run_2022-10-17_23-27_7773.log)
Error : At least one of the class levels is not a valid R variable name; This will cause errors when class probabilities are generated because the variables names will be converted to  FALSE., TRUE. . Please use factor levels that can be used as valid R variable names  (see ?make.names for help).
2022-10-17 23:27:34: ## Ran group 'CoMRTr' in 0.00 minutes.

2022-10-17 23:27:34: ###### Treating group of Categories: FSQO
2022-10-17 23:27:34: Selected columns:
FSSs.Visual, FSSs.Brainstem, FSSs.Pyramidal, FSSs.Cerebellar, FSSs.Sensory, FSSs.Bowel, FSSs.Mental, QOL.LackFocus, QOL.LackEnergy, QOL.PsychoDown, QOL.RelativePain, QOL.NotEnjoyLife
2022-10-17 23:27:34: Already run predictor 'GLM' on group 'FSQO', skipping...
2022-10-17 23:27:34: Already run predictor 'RF' on group 'FSQO', skipping...
2022-10-17 23:27:34: Already run predictor 'RF2' on group 'FSQO', skipping...
2022-10-17 23:27:34: Already run predictor 'RF3' on group 'FSQO', skipping...
2022-10-17 23:27:34: Already run predictor 'RFO' on group 'FSQO', skipping...
2022-10-17 23:27:34: Already run predictor 'RP' on group 'FSQO', skipping...
2022-10-17 23:27:34: Already run predictor 'SVM' on group 'FSQO', skipping...
2022-10-17 23:27:34: Already run predictor 'NB' on group 'FSQO', skipping...
2022-10-17 23:27:34: Already run predictor 'KNN' on group 'FSQO', skipping...
2022-10-17 23:27:34: Already run predictor 'KNNC' on group 'FSQO', skipping...
2022-10-17 23:27:34: Running predictor 'XGB' for group 'FSQO'.
2022-10-17 23:27:34: CV num 1:
Error : At least one of the class levels is not a valid R variable name; This will cause errors when class probabilities are generated because the variables names will be converted to  FALSE., TRUE. . Please use factor levels that can be used as valid R variable names  (see ?make.names for help).
2022-10-17 23:27:34: ## Ran group 'FSQO' in 0.00 minutes.

2022-10-17 23:27:34: ###### Treating group of Categories: MRPa
2022-10-17 23:27:34: Selected columns:
MRI.CE_Lesion, MRI.GM_Volume, MRI.Siena_PBVC, Patient.AgeOfOnset, Patient.Gender
2022-10-17 23:27:34: Already run predictor 'GLM' on group 'MRPa', skipping...
2022-10-17 23:27:34: Already run predictor 'RF' on group 'MRPa', skipping...
2022-10-17 23:27:34: Already run predictor 'RF2' on group 'MRPa', skipping...
2022-10-17 23:27:34: Already run predictor 'RF3' on group 'MRPa', skipping...
2022-10-17 23:27:34: Already run predictor 'RFO' on group 'MRPa', skipping...
2022-10-17 23:27:34: Already run predictor 'RP' on group 'MRPa', skipping...
2022-10-17 23:27:34: Already run predictor 'SVM' on group 'MRPa', skipping...
2022-10-17 23:27:34: Already run predictor 'NB' on group 'MRPa', skipping...
2022-10-17 23:27:34: Already run predictor 'KNN' on group 'MRPa', skipping...
2022-10-17 23:27:34: Already run predictor 'KNNC' on group 'MRPa', skipping...
2022-10-17 23:27:34: Running predictor 'XGB' for group 'MRPa'.
2022-10-17 23:27:34: CV num 1:
Error : At least one of the class levels is not a valid R variable name; This will cause errors when class probabilities are generated because the variables names will be converted to  FALSE., TRUE. . Please use factor levels that can be used as valid R variable names  (see ?make.names for help).
2022-10-17 23:27:34: ## Ran group 'MRPa' in 0.00 minutes.

2022-10-17 23:27:34: ###### Treating group of Categories: QOTr
2022-10-17 23:27:34: Selected columns:
QOL.LackFocus, QOL.LackEnergy, QOL.PsychoDown, QOL.RelativePain, QOL.NotEnjoyLife, Treatments.nDMT, Treatments.hasIM, Treatments.hasIS, Treatments.hasMA, Treatments.DMTcategory
2022-10-17 23:27:34: Already run predictor 'GLM' on group 'QOTr', skipping...
2022-10-17 23:27:34: Already run predictor 'RF' on group 'QOTr', skipping...
2022-10-17 23:27:34: Already run predictor 'RF2' on group 'QOTr', skipping...
2022-10-17 23:27:34: Already run predictor 'RF3' on group 'QOTr', skipping...
2022-10-17 23:27:34: Already run predictor 'RFO' on group 'QOTr', skipping...
2022-10-17 23:27:34: Already run predictor 'RP' on group 'QOTr', skipping...
2022-10-17 23:27:34: Already run predictor 'SVM' on group 'QOTr', skipping...
2022-10-17 23:27:34: Already run predictor 'NB' on group 'QOTr', skipping...
2022-10-17 23:27:34: Already run predictor 'KNN' on group 'QOTr', skipping...
2022-10-17 23:27:34: Already run predictor 'KNNC' on group 'QOTr', skipping...
2022-10-17 23:27:34: Running predictor 'XGB' for group 'QOTr'.
2022-10-17 23:27:34: CV num 1:
Error : At least one of the class levels is not a valid R variable name; This will cause errors when class probabilities are generated because the variables names will be converted to  FALSE., TRUE. . Please use factor levels that can be used as valid R variable names  (see ?make.names for help).
2022-10-17 23:27:34: ## Ran group 'QOTr' in 0.00 minutes.

