2022-10-17 23:28:54: ###### Treating group of Categories: ClFS
2022-10-17 23:28:54: Selected columns:
Clinical.ATM, Clinical.OpticNeuritis, Clinical.INO, Clinical.MotorWeakness, Clinical.SensoryDisturbance, Clinical.Ataxia, Clinical.BladderDisturbance, Clinical.BowelDisturbance, Clinical.Myelopathy, Clinical.CogDisturbance, Clinical.VisualLoss, FSSs.Visual, FSSs.Brainstem, FSSs.Pyramidal, FSSs.Cerebellar, FSSs.Sensory, FSSs.Bowel, FSSs.Mental
2022-10-17 23:28:54: Already run predictor 'GLM' on group 'ClFS', skipping...
2022-10-17 23:28:54: Already run predictor 'RF' on group 'ClFS', skipping...
2022-10-17 23:28:54: Already run predictor 'RF2' on group 'ClFS', skipping...
2022-10-17 23:28:54: Already run predictor 'RF3' on group 'ClFS', skipping...
2022-10-17 23:28:54: Already run predictor 'RFO' on group 'ClFS', skipping...
2022-10-17 23:28:54: Already run predictor 'RP' on group 'ClFS', skipping...
2022-10-17 23:28:54: Already run predictor 'SVM' on group 'ClFS', skipping...
2022-10-17 23:28:54: Already run predictor 'NB' on group 'ClFS', skipping...
2022-10-17 23:28:54: Already run predictor 'KNN' on group 'ClFS', skipping...
2022-10-17 23:28:54: Already run predictor 'KNNC' on group 'ClFS', skipping...
2022-10-17 23:28:54: Running predictor 'XGB' for group 'ClFS'.
2022-10-17 23:28:54: CV num 1:
Loading required package: xgboost

Attaching package: ‘xgboost’

The following object is masked from ‘package:dplyr’:

    slice

Loading required package: plyr
------------------------------------------------------------------------------
You have loaded plyr after dplyr - this is likely to cause problems.
If you need functions from both plyr and dplyr, please load plyr first, then dplyr:
library(plyr); library(dplyr)
------------------------------------------------------------------------------

Attaching package: ‘plyr’

The following objects are masked from ‘package:dplyr’:

    arrange, count, desc, failwith, id, mutate, rename, summarise,
    summarize

Error : nrow(x) == n is not TRUE
2022-10-17 23:28:59: ## Ran group 'ClFS' in 0.08 minutes.

2022-10-17 23:28:59: ###### Treating group of Categories: ClCoMR
2022-10-17 23:28:59: Selected columns:
Clinical.ATM, Clinical.OpticNeuritis, Clinical.INO, Clinical.MotorWeakness, Clinical.SensoryDisturbance, Clinical.Ataxia, Clinical.BladderDisturbance, Clinical.BowelDisturbance, Clinical.Myelopathy, Clinical.CogDisturbance, Clinical.VisualLoss, Core.AgeAtExam, Core.EDSS, Core.DiseaseDuration, Core.DiseaseCourse, Core.MSSS, MRI.CE_Lesion, MRI.GM_Volume, MRI.Siena_PBVC
2022-10-17 23:28:59: Already run predictor 'GLM' on group 'ClCoMR', skipping...
2022-10-17 23:28:59: Already run predictor 'RF' on group 'ClCoMR', skipping...
2022-10-17 23:28:59: Already run predictor 'RF2' on group 'ClCoMR', skipping...
2022-10-17 23:28:59: Already run predictor 'RF3' on group 'ClCoMR', skipping...
2022-10-17 23:28:59: Already run predictor 'RFO' on group 'ClCoMR', skipping...
2022-10-17 23:28:59: Already run predictor 'RP' on group 'ClCoMR', skipping...
2022-10-17 23:28:59: Already run predictor 'SVM' on group 'ClCoMR', skipping...
2022-10-17 23:28:59: Already run predictor 'NB' on group 'ClCoMR', skipping...
2022-10-17 23:28:59: Already run predictor 'KNN' on group 'ClCoMR', skipping...
2022-10-17 23:28:59: Already run predictor 'KNNC' on group 'ClCoMR', skipping...
2022-10-17 23:28:59: Running predictor 'XGB' for group 'ClCoMR'.
2022-10-17 23:28:59: CV num 1:
Error : nrow(x) == n is not TRUE
2022-10-17 23:28:59: ## Ran group 'ClCoMR' in 0.00 minutes.

2022-10-17 23:28:59: ###### Treating group of Categories: CoQO
2022-10-17 23:28:59: Selected columns:
Core.AgeAtExam, Core.EDSS, Core.DiseaseDuration, Core.DiseaseCourse, Core.MSSS, QOL.LackFocus, QOL.LackEnergy, QOL.PsychoDown, QOL.RelativePain, QOL.NotEnjoyLife
2022-10-17 23:28:59: Already run predictor 'GLM' on group 'CoQO', skipping...
2022-10-17 23:28:59: Already run predictor 'RF' on group 'CoQO', skipping...
2022-10-17 23:28:59: Already run predictor 'RF2' on group 'CoQO', skipping...
2022-10-17 23:28:59: Already run predictor 'RF3' on group 'CoQO', skipping...
2022-10-17 23:28:59: Already run predictor 'RFO' on group 'CoQO', skipping...
2022-10-17 23:28:59: Already run predictor 'RP' on group 'CoQO', skipping...
2022-10-17 23:28:59: Already run predictor 'SVM' on group 'CoQO', skipping...
2022-10-17 23:28:59: Already run predictor 'NB' on group 'CoQO', skipping...
2022-10-17 23:28:59: Already run predictor 'KNN' on group 'CoQO', skipping...
2022-10-17 23:28:59: Already run predictor 'KNNC' on group 'CoQO', skipping...
2022-10-17 23:28:59: Running predictor 'XGB' for group 'CoQO'.
2022-10-17 23:28:59: CV num 1:
Error : nrow(x) == n is not TRUE
2022-10-17 23:28:59: ## Ran group 'CoQO' in 0.00 minutes.

2022-10-17 23:28:59: ###### Treating group of Categories: CoFSTr
2022-10-17 23:28:59: Selected columns:
Core.AgeAtExam, Core.EDSS, Core.DiseaseDuration, Core.DiseaseCourse, Core.MSSS, FSSs.Visual, FSSs.Brainstem, FSSs.Pyramidal, FSSs.Cerebellar, FSSs.Sensory, FSSs.Bowel, FSSs.Mental, Treatments.nDMT, Treatments.hasIM, Treatments.hasIS, Treatments.hasMA, Treatments.DMTcategory
2022-10-17 23:28:59: Already run predictor 'GLM' on group 'CoFSTr', skipping...
2022-10-17 23:28:59: Already run predictor 'RF' on group 'CoFSTr', skipping...
2022-10-17 23:28:59: Already run predictor 'RF2' on group 'CoFSTr', skipping...
2022-10-17 23:28:59: Already run predictor 'RF3' on group 'CoFSTr', skipping...
2022-10-17 23:28:59: Already run predictor 'RFO' on group 'CoFSTr', skipping...
2022-10-17 23:28:59: Already run predictor 'RP' on group 'CoFSTr', skipping...
2022-10-17 23:28:59: Already run predictor 'SVM' on group 'CoFSTr', skipping...
2022-10-17 23:28:59: Already run predictor 'NB' on group 'CoFSTr', skipping...
2022-10-17 23:28:59: Already run predictor 'KNN' on group 'CoFSTr', skipping...
2022-10-17 23:28:59: Already run predictor 'KNNC' on group 'CoFSTr', skipping...
2022-10-17 23:28:59: Running predictor 'XGB' for group 'CoFSTr'.
2022-10-17 23:28:59: CV num 1:
Error : nrow(x) == n is not TRUE
2022-10-17 23:28:59: ## Ran group 'CoFSTr' in 0.00 minutes.

2022-10-17 23:28:59: ###### Treating group of Categories: CoMSQO
2022-10-17 23:28:59: Selected columns:
Core.AgeAtExam, Core.EDSS, Core.DiseaseDuration, Core.DiseaseCourse, Core.MSSS, MSFC.T25FW, MSFC.NHPT, QOL.LackFocus, QOL.LackEnergy, QOL.PsychoDown, QOL.RelativePain, QOL.NotEnjoyLife
2022-10-17 23:28:59: Already run predictor 'GLM' on group 'CoMSQO', skipping...
2022-10-17 23:28:59: Already run predictor 'RF' on group 'CoMSQO', skipping...
2022-10-17 23:28:59: Already run predictor 'RF2' on group 'CoMSQO', skipping...
2022-10-17 23:28:59: Already run predictor 'RF3' on group 'CoMSQO', skipping...
2022-10-17 23:28:59: Already run predictor 'RFO' on group 'CoMSQO', skipping...
2022-10-17 23:28:59: Already run predictor 'RP' on group 'CoMSQO', skipping...
2022-10-17 23:28:59: Already run predictor 'SVM' on group 'CoMSQO', skipping...
2022-10-17 23:28:59: Already run predictor 'NB' on group 'CoMSQO', skipping...
2022-10-17 23:28:59: Already run predictor 'KNN' on group 'CoMSQO', skipping...
Warning: closing unused connection 11 (RunData/Subj-3-2-1914_2022-08-22_10-53/logs/run_2022-10-17_23-28_7910.log)
Warning: closing unused connection 9 (RunData/Subj-3-2-1914_2022-08-22_10-53/logs/run_2022-10-17_23-28_7910.log)
Warning: closing unused connection 7 (RunData/Subj-3-2-1914_2022-08-22_10-53/logs/run_2022-10-17_23-28_7910.log)
2022-10-17 23:28:59: Already run predictor 'KNNC' on group 'CoMSQO', skipping...
2022-10-17 23:28:59: Running predictor 'XGB' for group 'CoMSQO'.
2022-10-17 23:28:59: CV num 1:
Error : nrow(x) == n is not TRUE
2022-10-17 23:28:59: ## Ran group 'CoMSQO' in 0.00 minutes.

2022-10-17 23:28:59: ###### Treating group of Categories: FSMR
2022-10-17 23:28:59: Selected columns:
FSSs.Visual, FSSs.Brainstem, FSSs.Pyramidal, FSSs.Cerebellar, FSSs.Sensory, FSSs.Bowel, FSSs.Mental, MRI.CE_Lesion, MRI.GM_Volume, MRI.Siena_PBVC
2022-10-17 23:28:59: Already run predictor 'GLM' on group 'FSMR', skipping...
2022-10-17 23:28:59: Already run predictor 'RF' on group 'FSMR', skipping...
2022-10-17 23:28:59: Already run predictor 'RF2' on group 'FSMR', skipping...
2022-10-17 23:28:59: Already run predictor 'RF3' on group 'FSMR', skipping...
2022-10-17 23:28:59: Already run predictor 'RFO' on group 'FSMR', skipping...
2022-10-17 23:28:59: Already run predictor 'RP' on group 'FSMR', skipping...
2022-10-17 23:28:59: Already run predictor 'SVM' on group 'FSMR', skipping...
2022-10-17 23:28:59: Already run predictor 'NB' on group 'FSMR', skipping...
2022-10-17 23:28:59: Already run predictor 'KNN' on group 'FSMR', skipping...
2022-10-17 23:28:59: Already run predictor 'KNNC' on group 'FSMR', skipping...
2022-10-17 23:28:59: Running predictor 'XGB' for group 'FSMR'.
2022-10-17 23:28:59: CV num 1:
Error : nrow(x) == n is not TRUE
2022-10-17 23:29:00: ## Ran group 'FSMR' in 0.00 minutes.

2022-10-17 23:29:00: ###### Treating group of Categories: MR
2022-10-17 23:29:00: Selected columns:
MRI.CE_Lesion, MRI.GM_Volume, MRI.Siena_PBVC
2022-10-17 23:29:00: Already run predictor 'GLM' on group 'MR', skipping...
2022-10-17 23:29:00: Already run predictor 'RF' on group 'MR', skipping...
2022-10-17 23:29:00: Already run predictor 'RF2' on group 'MR', skipping...
2022-10-17 23:29:00: Already run predictor 'RF3' on group 'MR', skipping...
2022-10-17 23:29:00: Already run predictor 'RFO' on group 'MR', skipping...
2022-10-17 23:29:00: Already run predictor 'RP' on group 'MR', skipping...
2022-10-17 23:29:00: Already run predictor 'SVM' on group 'MR', skipping...
2022-10-17 23:29:00: Already run predictor 'NB' on group 'MR', skipping...
2022-10-17 23:29:00: Already run predictor 'KNN' on group 'MR', skipping...
2022-10-17 23:29:00: Already run predictor 'KNNC' on group 'MR', skipping...
2022-10-17 23:29:00: Running predictor 'XGB' for group 'MR'.
2022-10-17 23:29:00: CV num 1:
Error : nrow(x) == n is not TRUE
2022-10-17 23:29:00: ## Ran group 'MR' in 0.00 minutes.

2022-10-17 23:29:00: ###### Treating group of Categories: PaQO
2022-10-17 23:29:00: Selected columns:
Patient.AgeOfOnset, Patient.Gender, QOL.LackFocus, QOL.LackEnergy, QOL.PsychoDown, QOL.RelativePain, QOL.NotEnjoyLife
2022-10-17 23:29:00: Already run predictor 'GLM' on group 'PaQO', skipping...
2022-10-17 23:29:00: Already run predictor 'RF' on group 'PaQO', skipping...
2022-10-17 23:29:00: Already run predictor 'RF2' on group 'PaQO', skipping...
2022-10-17 23:29:00: Already run predictor 'RF3' on group 'PaQO', skipping...
2022-10-17 23:29:00: Already run predictor 'RFO' on group 'PaQO', skipping...
2022-10-17 23:29:00: Already run predictor 'RP' on group 'PaQO', skipping...
2022-10-17 23:29:00: Already run predictor 'SVM' on group 'PaQO', skipping...
2022-10-17 23:29:00: Already run predictor 'NB' on group 'PaQO', skipping...
2022-10-17 23:29:00: Already run predictor 'KNN' on group 'PaQO', skipping...
2022-10-17 23:29:00: Already run predictor 'KNNC' on group 'PaQO', skipping...
2022-10-17 23:29:00: Running predictor 'XGB' for group 'PaQO'.
2022-10-17 23:29:00: CV num 1:
Warning: closing unused connection 11 (RunData/Subj-3-2-1914_2022-08-22_10-53/logs/run_2022-10-17_23-28_7910.log)
Warning: closing unused connection 7 (RunData/Subj-3-2-1914_2022-08-22_10-53/logs/run_2022-10-17_23-28_7910.log)
Error : nrow(x) == n is not TRUE
2022-10-17 23:29:00: ## Ran group 'PaQO' in 0.00 minutes.

