Starting up cluster...
Treating group of Categories: ClCo
Treating group of Categories: Cl
Treating group of Categories: ClFS
Treating group of Categories: ClMR
Treating group of Categories: ClLi
Treating group of Categories: ClMS
Treating group of Categories: Co
Treating group of Categories: ClPa
Selected columns:
Clinical.ATM, Clinical.OpticNeuritis, Clinical.INO, Clinical.MotorWeakness, Clinical.SensoryDisturbance, Clinical.Ataxia, Clinical.BladderDisturbance, Clinical.BowelDisturbance, Clinical.Myelopathy, Clinical.CogDisturbance, Clinical.VisualLoss, MRI.CE_Lesion, MRI.GM_Volume, MRI.Siena_PBVC
Already run predictor 'GLM' on group 'ClMR', skipping...
Already run predictor 'RF' on group 'ClMR', skipping...
Already run predictor 'RF2' on group 'ClMR', skipping...
Already run predictor 'RF3' on group 'ClMR', skipping...
Already run predictor 'RFO' on group 'ClMR', skipping...
Running predictor 'SVM' for group 'ClMR'.
Selected columns:
Clinical.ATM, Clinical.OpticNeuritis, Clinical.INO, Clinical.MotorWeakness, Clinical.SensoryDisturbance, Clinical.Ataxia, Clinical.BladderDisturbance, Clinical.BowelDisturbance, Clinical.Myelopathy, Clinical.CogDisturbance, Clinical.VisualLoss, Life.CaffeineFreq, Life.Overweight, Life.MemoryConcerns, Life.Smoking
Selected columns:
Clinical.ATM, Clinical.OpticNeuritis, Clinical.INO, Clinical.MotorWeakness, Clinical.SensoryDisturbance, Clinical.Ataxia, Clinical.BladderDisturbance, Clinical.BowelDisturbance, Clinical.Myelopathy, Clinical.CogDisturbance, Clinical.VisualLoss, FSSCs.T25FW, FSSCs.NHPT
Selected columns:
Clinical.ATM, Clinical.OpticNeuritis, Clinical.INO, Clinical.MotorWeakness, Clinical.SensoryDisturbance, Clinical.Ataxia, Clinical.BladderDisturbance, Clinical.BowelDisturbance, Clinical.Myelopathy, Clinical.CogDisturbance, Clinical.VisualLoss, Core.AgeAtExam, Core.EDSS, Core.DiseaseDuration, Core.DiseaseCourse, Core.MSSS
Selected columns:
Clinical.ATM, Clinical.OpticNeuritis, Clinical.INO, Clinical.MotorWeakness, Clinical.SensoryDisturbance, Clinical.Ataxia, Clinical.BladderDisturbance, Clinical.BowelDisturbance, Clinical.Myelopathy, Clinical.CogDisturbance, Clinical.VisualLoss
Already run predictor 'GLM' on group 'ClLi', skipping...
Already run predictor 'GLM' on group 'ClFS', skipping...
Already run predictor 'GLM' on group 'ClCo', skipping...
Selected columns:
Clinical.ATM, Clinical.OpticNeuritis, Clinical.INO, Clinical.MotorWeakness, Clinical.SensoryDisturbance, Clinical.Ataxia, Clinical.BladderDisturbance, Clinical.BowelDisturbance, Clinical.Myelopathy, Clinical.CogDisturbance, Clinical.VisualLoss, MSFC.Visual, MSFC.Brainstem, MSFC.Pyramidal, MSFC.Cerebellar, MSFC.Sensory, MSFC.Bowel, MSFC.Mental
Already run predictor 'GLM' on group 'Cl', skipping...
Already run predictor 'RF' on group 'ClLi', skipping...
Already run predictor 'RF' on group 'ClFS', skipping...
Already run predictor 'RF' on group 'ClCo', skipping...
Already run predictor 'RF' on group 'Cl', skipping...
Already run predictor 'RF2' on group 'ClFS', skipping...
Already run predictor 'RF2' on group 'ClLi', skipping...
Selected columns:
Core.AgeAtExam, Core.EDSS, Core.DiseaseDuration, Core.DiseaseCourse, Core.MSSS
Already run predictor 'GLM' on group 'ClMS', skipping...
Already run predictor 'RF2' on group 'ClCo', skipping...
Already run predictor 'RF3' on group 'ClLi', skipping...
Already run predictor 'RF2' on group 'Cl', skipping...
Already run predictor 'RF3' on group 'ClFS', skipping...
Already run predictor 'RF3' on group 'ClCo', skipping...
Already run predictor 'RF' on group 'ClMS', skipping...
Already run predictor 'RFO' on group 'ClLi', skipping...
Already run predictor 'GLM' on group 'Co', skipping...
Already run predictor 'RF3' on group 'Cl', skipping...
Already run predictor 'RFO' on group 'ClFS', skipping...
Already run predictor 'RFO' on group 'ClCo', skipping...
Running predictor 'SVM' for group 'ClLi'.
Already run predictor 'RF2' on group 'ClMS', skipping...
Already run predictor 'RF' on group 'Co', skipping...
Already run predictor 'RFO' on group 'Cl', skipping...
Running predictor 'SVM' for group 'ClFS'.
Selected columns:
Clinical.ATM, Clinical.OpticNeuritis, Clinical.INO, Clinical.MotorWeakness, Clinical.SensoryDisturbance, Clinical.Ataxia, Clinical.BladderDisturbance, Clinical.BowelDisturbance, Clinical.Myelopathy, Clinical.CogDisturbance, Clinical.VisualLoss, Patient.AgeOfOnset, Patient.Gender
Running predictor 'SVM' for group 'ClCo'.
Already run predictor 'RF3' on group 'ClMS', skipping...
Already run predictor 'RF2' on group 'Co', skipping...
Running predictor 'SVM' for group 'Cl'.
Already run predictor 'RFO' on group 'ClMS', skipping...
Already run predictor 'RF3' on group 'Co', skipping...
Already run predictor 'GLM' on group 'ClPa', skipping...
Running predictor 'SVM' for group 'ClMS'.
Already run predictor 'RFO' on group 'Co', skipping...
Already run predictor 'RF' on group 'ClPa', skipping...
Running predictor 'SVM' for group 'Co'.
Already run predictor 'RF2' on group 'ClPa', skipping...
Already run predictor 'RF3' on group 'ClPa', skipping...
Already run predictor 'RFO' on group 'ClPa', skipping...
Running predictor 'SVM' for group 'ClPa'.
Treating group of Categories: CoFS
Selected columns:
Core.AgeAtExam, Core.EDSS, Core.DiseaseDuration, Core.DiseaseCourse, Core.MSSS, FSSCs.T25FW, FSSCs.NHPT
Already run predictor 'GLM' on group 'CoFS', skipping...
Already run predictor 'RF' on group 'CoFS', skipping...
Already run predictor 'RF2' on group 'CoFS', skipping...
Already run predictor 'RF3' on group 'CoFS', skipping...
Already run predictor 'RFO' on group 'CoFS', skipping...
Running predictor 'SVM' for group 'CoFS'.
Treating group of Categories: ClQO
Selected columns:
Clinical.ATM, Clinical.OpticNeuritis, Clinical.INO, Clinical.MotorWeakness, Clinical.SensoryDisturbance, Clinical.Ataxia, Clinical.BladderDisturbance, Clinical.BowelDisturbance, Clinical.Myelopathy, Clinical.CogDisturbance, Clinical.VisualLoss, QOL.LackFocus, QOL.LackEnergy, QOL.PsychoDown, QOL.RelativePain, QOL.NotEnjoyLife
Already run predictor 'GLM' on group 'ClQO', skipping...
Already run predictor 'RF' on group 'ClQO', skipping...
Already run predictor 'RF2' on group 'ClQO', skipping...
Already run predictor 'RF3' on group 'ClQO', skipping...
Already run predictor 'RFO' on group 'ClQO', skipping...
Running predictor 'SVM' for group 'ClQO'.
SVM for groups Core - FSSCs (7 features) ->  best gamma: 0.00391, best cost: 31.6 [perf: 0.772]
SVM for groups Core (5 features) ->  best gamma: 0.000977, best cost: 1 [perf: 0.713]
SVM for groups Clinical (11 features) ->  best gamma: 0.00781, best cost: 0.1 [perf: 0.535]
SVM for groups Clinical - Core (16 features) ->  best gamma: 0.00391, best cost: 10 [perf: 0.728]
SVM for groups Clinical - FSSCs (13 features) ->  best gamma: 0.00195, best cost: 0.1 [perf: 0.517]
SVM for groups Clinical - Patient (13 features) ->  best gamma: 0.00781, best cost: 31.6 [perf: 0.541]
SVM for groups Clinical - Life (15 features) ->  best gamma: 1, best cost: 10 [perf: 0.547]
SVM for groups Clinical - MRI (14 features) ->  best gamma: 0.00391, best cost: 0.1 [perf: 0.535]
SVM for groups Clinical - MSFC (18 features) ->  best gamma: 0.125, best cost: 0.1 [perf: 0.620]
Stopping cluster...
Time elapsed for the run:
6.5139 minsRemoving error log file... 
