Loading required package: Matrix

Attaching package: ‘Matrix’

The following objects are masked from ‘package:base’:

    crossprod, tcrossprod

Loading required package: foreach
Loaded glmnet 2.0-2

randomForest 4.6-10
Type rfNews() to see new features/changes/bug fixes.

Attaching package: ‘randomForest’

The following object is masked from ‘package:dplyr’:

    combine

The following object is masked from ‘package:ggplot2’:

    margin

Warning in randomForest.default(Xtrain, Ytrain, Xtest) :
  The response has five or fewer unique values.  Are you sure you want to do regression?
Warning in randomForest.default(Xtrain, Ytrain, Xtest) :
  The response has five or fewer unique values.  Are you sure you want to do regression?
Warning in randomForest.default(Xtrain, Ytrain, Xtest) :
  The response has five or fewer unique values.  Are you sure you want to do regression?
Warning in randomForest.default(Xtrain, Ytrain, Xtest) :
  The response has five or fewer unique values.  Are you sure you want to do regression?
Warning in randomForest.default(Xtrain, Ytrain, Xtest) :
  The response has five or fewer unique values.  Are you sure you want to do regression?
Warning in randomForest.default(Xtrain, Ytrain, Xtest) :
  The response has five or fewer unique values.  Are you sure you want to do regression?
Warning in randomForest.default(Xtrain, Ytrain, Xtest) :
  The response has five or fewer unique values.  Are you sure you want to do regression?
Warning in randomForest.default(Xtrain, Ytrain, Xtest) :
  The response has five or fewer unique values.  Are you sure you want to do regression?
Warning in randomForest.default(Xtrain, Ytrain, Xtest) :
  The response has five or fewer unique values.  Are you sure you want to do regression?
Warning in randomForest.default(Xtrain, Ytrain, Xtest) :
  The response has five or fewer unique values.  Are you sure you want to do regression?
Warning in randomForest.default(Xtrain, Ytrain, Xtest) :
  The response has five or fewer unique values.  Are you sure you want to do regression?
Warning in randomForest.default(Xtrain, Ytrain, Xtest) :
  The response has five or fewer unique values.  Are you sure you want to do regression?
Warning in randomForest.default(Xtrain, Ytrain, Xtest) :
  The response has five or fewer unique values.  Are you sure you want to do regression?
Warning in randomForest.default(Xtrain, Ytrain, Xtest) :
  The response has five or fewer unique values.  Are you sure you want to do regression?
Warning in randomForest.default(Xtrain, Ytrain, Xtest) :
  The response has five or fewer unique values.  Are you sure you want to do regression?
Warning in randomForest.default(Xtrain, Ytrain, Xtest) :
  The response has five or fewer unique values.  Are you sure you want to do regression?
Warning in randomForest.default(Xtrain, Ytrain, Xtest) :
  The response has five or fewer unique values.  Are you sure you want to do regression?
Warning in randomForest.default(Xtrain, Ytrain, Xtest) :
  The response has five or fewer unique values.  Are you sure you want to do regression?
Warning in randomForest.default(Xtrain, Ytrain, Xtest) :
  The response has five or fewer unique values.  Are you sure you want to do regression?
Warning in randomForest.default(Xtrain, Ytrain, Xtest) :
  The response has five or fewer unique values.  Are you sure you want to do regression?
Warning in randomForest.default(Xtrain, Ytrain, Xtest) :
  The response has five or fewer unique values.  Are you sure you want to do regression?
Warning in randomForest.default(Xtrain, Ytrain, Xtest) :
  The response has five or fewer unique values.  Are you sure you want to do regression?
Warning in randomForest.default(Xtrain, Ytrain, Xtest) :
  The response has five or fewer unique values.  Are you sure you want to do regression?
Warning in randomForest.default(Xtrain, Ytrain, Xtest) :
  The response has five or fewer unique values.  Are you sure you want to do regression?
Warning in randomForest.default(Xtrain, Ytrain, Xtest) :
  The response has five or fewer unique values.  Are you sure you want to do regression?
Warning in randomForest.default(Xtrain, Ytrain, Xtest, mtry = floor(sqrt(ncol(Xtest)))) :
  The response has five or fewer unique values.  Are you sure you want to do regression?
Warning in randomForest.default(Xtrain, Ytrain, Xtest, mtry = floor(sqrt(ncol(Xtest)))) :
  The response has five or fewer unique values.  Are you sure you want to do regression?
Warning in randomForest.default(Xtrain, Ytrain, Xtest, mtry = floor(sqrt(ncol(Xtest)))) :
  The response has five or fewer unique values.  Are you sure you want to do regression?
Warning in randomForest.default(Xtrain, Ytrain, Xtest, mtry = floor(sqrt(ncol(Xtest)))) :
  The response has five or fewer unique values.  Are you sure you want to do regression?
Warning in randomForest.default(Xtrain, Ytrain, Xtest, mtry = floor(sqrt(ncol(Xtest)))) :
  The response has five or fewer unique values.  Are you sure you want to do regression?
Warning in randomForest.default(Xtrain, Ytrain, Xtest, mtry = floor(sqrt(ncol(Xtest)))) :
  The response has five or fewer unique values.  Are you sure you want to do regression?
Warning in randomForest.default(Xtrain, Ytrain, Xtest, mtry = floor(sqrt(ncol(Xtest)))) :
  The response has five or fewer unique values.  Are you sure you want to do regression?
Warning in randomForest.default(Xtrain, Ytrain, Xtest, mtry = floor(sqrt(ncol(Xtest)))) :
  The response has five or fewer unique values.  Are you sure you want to do regression?
Warning in randomForest.default(Xtrain, Ytrain, Xtest, mtry = floor(sqrt(ncol(Xtest)))) :
  The response has five or fewer unique values.  Are you sure you want to do regression?
Warning in randomForest.default(Xtrain, Ytrain, Xtest, mtry = floor(sqrt(ncol(Xtest)))) :
  The response has five or fewer unique values.  Are you sure you want to do regression?
Warning in randomForest.default(Xtrain, Ytrain, Xtest, mtry = floor(sqrt(ncol(Xtest)))) :
  The response has five or fewer unique values.  Are you sure you want to do regression?
Warning in randomForest.default(Xtrain, Ytrain, Xtest, mtry = floor(sqrt(ncol(Xtest)))) :
  The response has five or fewer unique values.  Are you sure you want to do regression?
Warning in randomForest.default(Xtrain, Ytrain, Xtest, mtry = floor(sqrt(ncol(Xtest)))) :
  The response has five or fewer unique values.  Are you sure you want to do regression?
Warning in randomForest.default(Xtrain, Ytrain, Xtest, mtry = floor(sqrt(ncol(Xtest)))) :
  The response has five or fewer unique values.  Are you sure you want to do regression?
Warning in randomForest.default(Xtrain, Ytrain, Xtest, mtry = floor(sqrt(ncol(Xtest)))) :
  The response has five or fewer unique values.  Are you sure you want to do regression?
Warning in randomForest.default(Xtrain, Ytrain, Xtest, mtry = floor(sqrt(ncol(Xtest)))) :
  The response has five or fewer unique values.  Are you sure you want to do regression?
Warning in randomForest.default(Xtrain, Ytrain, Xtest, mtry = floor(sqrt(ncol(Xtest)))) :
  The response has five or fewer unique values.  Are you sure you want to do regression?
Warning in randomForest.default(Xtrain, Ytrain, Xtest, mtry = floor(sqrt(ncol(Xtest)))) :
  The response has five or fewer unique values.  Are you sure you want to do regression?
Warning in randomForest.default(Xtrain, Ytrain, Xtest, mtry = floor(sqrt(ncol(Xtest)))) :
  The response has five or fewer unique values.  Are you sure you want to do regression?
Warning in randomForest.default(Xtrain, Ytrain, Xtest, mtry = floor(sqrt(ncol(Xtest)))) :
  The response has five or fewer unique values.  Are you sure you want to do regression?
Warning in randomForest.default(Xtrain, Ytrain, Xtest, mtry = floor(sqrt(ncol(Xtest)))) :
  The response has five or fewer unique values.  Are you sure you want to do regression?
Warning in randomForest.default(Xtrain, Ytrain, Xtest, mtry = floor(sqrt(ncol(Xtest)))) :
  The response has five or fewer unique values.  Are you sure you want to do regression?
Warning in randomForest.default(Xtrain, Ytrain, Xtest, mtry = floor(sqrt(ncol(Xtest)))) :
  The response has five or fewer unique values.  Are you sure you want to do regression?
Warning in randomForest.default(Xtrain, Ytrain, Xtest, mtry = floor(sqrt(ncol(Xtest)))) :
  The response has five or fewer unique values.  Are you sure you want to do regression?
Warning in randomForest.default(Xtrain, Ytrain, Xtest, mtry = floor(sqrt(ncol(Xtest)))) :
  The response has five or fewer unique values.  Are you sure you want to do regression?
