randomForest 4.6-10
Type rfNews() to see new features/changes/bug fixes.

Attaching package: ‘randomForest’

The following object is masked from ‘package:dplyr’:

    combine

randomForest 4.6-10
Type rfNews() to see new features/changes/bug fixes.

Attaching package: ‘randomForest’

randomForest 4.6-10
The following object is masked from ‘package:dplyr’:

    combine

Type rfNews() to see new features/changes/bug fixes.

Attaching package: ‘randomForest’

The following object is masked from ‘package:dplyr’:

    combine

randomForest 4.6-10
Type rfNews() to see new features/changes/bug fixes.
randomForest 4.6-10
randomForest 4.6-10
Type rfNews() to see new features/changes/bug fixes.
Type rfNews() to see new features/changes/bug fixes.

Attaching package: ‘randomForest’

The following object is masked from ‘package:dplyr’:

    combine


Attaching package: ‘randomForest’


Attaching package: ‘randomForest’

The following object is masked from ‘package:dplyr’:

    combine

The following object is masked from ‘package:dplyr’:

    combine

randomForest 4.6-10
Type rfNews() to see new features/changes/bug fixes.
randomForest 4.6-10
Type rfNews() to see new features/changes/bug fixes.

Attaching package: ‘randomForest’

The following object is masked from ‘package:dplyr’:

    combine


Attaching package: ‘randomForest’

The following object is masked from ‘package:dplyr’:

    combine

randomForest 4.6-10
Type rfNews() to see new features/changes/bug fixes.

Attaching package: ‘randomForest’

The following object is masked from ‘package:dplyr’:

    combine

randomForest 4.6-10
Type rfNews() to see new features/changes/bug fixes.

Attaching package: ‘randomForest’

The following object is masked from ‘package:dplyr’:

    combine

